[ 2019-08-28T13:14:43+08:00 ] ::1 /xunmi/index.php/Home/Index/index
INFO: [ app_init ] --START--
INFO: Run Behavior\BuildLiteBehavior [ RunTime:0.000469s ]
INFO: [ app_init ] --END-- [ RunTime:0.007627s ]
INFO: [ app_begin ] --START--
INFO: Run Behavior\ReadHtmlCacheBehavior [ RunTime:0.032660s ]
INFO: [ app_begin ] --END-- [ RunTime:0.033270s ]
SQL: SHOW COLUMNS FROM `xm_hot` [ RunTime:0.6930s ]
SQL: SELECT COUNT(*) AS tp_count FROM `xm_hot` LIMIT 1   [ RunTime:0.0014s ]
SQL: SELECT * FROM `xm_hot` LIMIT 0,8   [ RunTime:0.0022s ]
INFO: [ view_parse ] --START--
INFO: [ template_filter ] --START--
INFO: Run Behavior\ContentReplaceBehavior [ RunTime:0.000661s ]
INFO: [ template_filter ] --END-- [ RunTime:0.001395s ]
NOTIC: [8] Undefined index: user_name D:\wamp\wamp\www\xunmi\Application\Runtime\Cache\Home\2a94b8bda04ff446dcedd42276fc99ee.php 第 180 行.
NOTIC: [8] Undefined index: sou D:\wamp\wamp\www\xunmi\Application\Runtime\Cache\Home\2a94b8bda04ff446dcedd42276fc99ee.php 第 188 行.
NOTIC: [8] Undefined index: sou D:\wamp\wamp\www\xunmi\Application\Runtime\Cache\Home\2a94b8bda04ff446dcedd42276fc99ee.php 第 224 行.
INFO: Run Behavior\ParseTemplateBehavior [ RunTime:0.542082s ]
INFO: [ view_parse ] --END-- [ RunTime:0.542569s ]
INFO: [ view_filter ] --START--
INFO: Run Behavior\WriteHtmlCacheBehavior [ RunTime:0.002904s ]
INFO: [ view_filter ] --END-- [ RunTime:0.003416s ]
INFO: [ app_end ] --START--
INFO: Run Behavior\ShowPageTraceBehavior [ RunTime:0.015066s ]
INFO: [ app_end ] --END-- [ RunTime:0.016105s ]

[ 2019-08-28T13:17:36+08:00 ] ::1 /xunmi/index.php/Home/Index/index
INFO: [ app_init ] --START--
INFO: Run Behavior\BuildLiteBehavior [ RunTime:0.000087s ]
INFO: [ app_init ] --END-- [ RunTime:0.002197s ]
INFO: [ app_begin ] --START--
INFO: Run Behavior\ReadHtmlCacheBehavior [ RunTime:0.003350s ]
INFO: [ app_begin ] --END-- [ RunTime:0.003823s ]
SQL: SHOW COLUMNS FROM `xm_hot` [ RunTime:0.0553s ]
SQL: SELECT COUNT(*) AS tp_count FROM `xm_hot` LIMIT 1   [ RunTime:0.0013s ]
SQL: SELECT * FROM `xm_hot` LIMIT 0,8   [ RunTime:0.0023s ]
INFO: [ view_parse ] --START--
INFO: [ template_filter ] --START--
INFO: Run Behavior\ContentReplaceBehavior [ RunTime:0.000624s ]
INFO: [ template_filter ] --END-- [ RunTime:0.001353s ]
NOTIC: [8] Undefined index: user_name D:\wamp\wamp\www\xunmi\Application\Runtime\Cache\Home\2a94b8bda04ff446dcedd42276fc99ee.php 第 180 行.
NOTIC: [8] Undefined index: sou D:\wamp\wamp\www\xunmi\Application\Runtime\Cache\Home\2a94b8bda04ff446dcedd42276fc99ee.php 第 188 行.
NOTIC: [8] Undefined index: sou D:\wamp\wamp\www\xunmi\Application\Runtime\Cache\Home\2a94b8bda04ff446dcedd42276fc99ee.php 第 224 行.
INFO: Run Behavior\ParseTemplateBehavior [ RunTime:0.170126s ]
INFO: [ view_parse ] --END-- [ RunTime:0.170533s ]
INFO: [ view_filter ] --START--
INFO: Run Behavior\WriteHtmlCacheBehavior [ RunTime:0.002083s ]
INFO: [ view_filter ] --END-- [ RunTime:0.002497s ]
INFO: [ app_end ] --START--
INFO: Run Behavior\ShowPageTraceBehavior [ RunTime:0.010093s ]
INFO: [ app_end ] --END-- [ RunTime:0.011524s ]

[ 2019-08-28T13:20:05+08:00 ] ::1 /xunmi/index.php/Home/Index/index
INFO: [ app_init ] --START--
INFO: Run Behavior\BuildLiteBehavior [ RunTime:0.000087s ]
INFO: [ app_init ] --END-- [ RunTime:0.002175s ]
INFO: [ app_begin ] --START--
INFO: Run Behavior\ReadHtmlCacheBehavior [ RunTime:0.003348s ]
INFO: [ app_begin ] --END-- [ RunTime:0.003822s ]
SQL: SHOW COLUMNS FROM `xm_hot` [ RunTime:0.0500s ]
SQL: SELECT COUNT(*) AS tp_count FROM `xm_hot` LIMIT 1   [ RunTime:0.0011s ]
SQL: SELECT * FROM `xm_hot` LIMIT 0,8   [ RunTime:0.0028s ]
INFO: [ view_parse ] --START--
INFO: [ template_filter ] --START--
INFO: Run Behavior\ContentReplaceBehavior [ RunTime:0.000683s ]
INFO: [ template_filter ] --END-- [ RunTime:0.001314s ]
NOTIC: [8] Undefined index: user_name D:\wamp\wamp\www\xunmi\Application\Runtime\Cache\Home\2a94b8bda04ff446dcedd42276fc99ee.php 第 180 行.
NOTIC: [8] Undefined index: sou D:\wamp\wamp\www\xunmi\Application\Runtime\Cache\Home\2a94b8bda04ff446dcedd42276fc99ee.php 第 188 行.
NOTIC: [8] Undefined index: sou D:\wamp\wamp\www\xunmi\Application\Runtime\Cache\Home\2a94b8bda04ff446dcedd42276fc99ee.php 第 224 行.
INFO: Run Behavior\ParseTemplateBehavior [ RunTime:0.188048s ]
INFO: [ view_parse ] --END-- [ RunTime:0.188781s ]
INFO: [ view_filter ] --START--
INFO: Run Behavior\WriteHtmlCacheBehavior [ RunTime:0.003621s ]
INFO: [ view_filter ] --END-- [ RunTime:0.004146s ]
INFO: [ app_end ] --START--
INFO: Run Behavior\ShowPageTraceBehavior [ RunTime:0.013387s ]
INFO: [ app_end ] --END-- [ RunTime:0.014399s ]

[ 2019-08-28T13:20:25+08:00 ] ::1 /xunmi/index.php/Home/Index/index
INFO: [ app_init ] --START--
INFO: Run Behavior\BuildLiteBehavior [ RunTime:0.000090s ]
INFO: [ app_init ] --END-- [ RunTime:0.002302s ]
INFO: [ app_begin ] --START--
INFO: Run Behavior\ReadHtmlCacheBehavior [ RunTime:0.003574s ]
INFO: [ app_begin ] --END-- [ RunTime:0.004283s ]
SQL: SHOW COLUMNS FROM `xm_hot` [ RunTime:0.1042s ]
SQL: SELECT COUNT(*) AS tp_count FROM `xm_hot` LIMIT 1   [ RunTime:0.0011s ]
SQL: SELECT * FROM `xm_hot` LIMIT 0,8   [ RunTime:0.0038s ]
INFO: [ view_parse ] --START--
INFO: [ template_filter ] --START--
INFO: Run Behavior\ContentReplaceBehavior [ RunTime:0.000667s ]
INFO: [ template_filter ] --END-- [ RunTime:0.001389s ]
NOTIC: [8] Undefined index: user_name D:\wamp\wamp\www\xunmi\Application\Runtime\Cache\Home\2a94b8bda04ff446dcedd42276fc99ee.php 第 180 行.
NOTIC: [8] Undefined index: sou D:\wamp\wamp\www\xunmi\Application\Runtime\Cache\Home\2a94b8bda04ff446dcedd42276fc99ee.php 第 188 行.
NOTIC: [8] Undefined index: sou D:\wamp\wamp\www\xunmi\Application\Runtime\Cache\Home\2a94b8bda04ff446dcedd42276fc99ee.php 第 224 行.
INFO: Run Behavior\ParseTemplateBehavior [ RunTime:0.201945s ]
INFO: [ view_parse ] --END-- [ RunTime:0.202730s ]
INFO: [ view_filter ] --START--
INFO: Run Behavior\WriteHtmlCacheBehavior [ RunTime:0.003065s ]
INFO: [ view_filter ] --END-- [ RunTime:0.003564s ]
INFO: [ app_end ] --START--
INFO: Run Behavior\ShowPageTraceBehavior [ RunTime:0.008688s ]
INFO: [ app_end ] --END-- [ RunTime:0.010073s ]

[ 2019-08-28T13:21:07+08:00 ] ::1 /xunmi/index.php/Home/Index/index
INFO: [ app_init ] --START--
INFO: Run Behavior\BuildLiteBehavior [ RunTime:0.000153s ]
INFO: [ app_init ] --END-- [ RunTime:0.003208s ]
INFO: [ app_begin ] --START--
INFO: Run Behavior\ReadHtmlCacheBehavior [ RunTime:0.002405s ]
INFO: [ app_begin ] --END-- [ RunTime:0.002844s ]
SQL: SHOW COLUMNS FROM `xm_hot` [ RunTime:0.0515s ]
SQL: SELECT COUNT(*) AS tp_count FROM `xm_hot` LIMIT 1   [ RunTime:0.0012s ]
SQL: SELECT * FROM `xm_hot` LIMIT 0,8   [ RunTime:0.0038s ]
INFO: [ view_parse ] --START--
INFO: [ template_filter ] --START--
INFO: Run Behavior\ContentReplaceBehavior [ RunTime:0.000625s ]
INFO: [ template_filter ] --END-- [ RunTime:0.001223s ]
NOTIC: [8] Undefined index: user_name D:\wamp\wamp\www\xunmi\Application\Runtime\Cache\Home\2a94b8bda04ff446dcedd42276fc99ee.php 第 180 行.
NOTIC: [8] Undefined index: sou D:\wamp\wamp\www\xunmi\Application\Runtime\Cache\Home\2a94b8bda04ff446dcedd42276fc99ee.php 第 188 行.
NOTIC: [8] Undefined index: sou D:\wamp\wamp\www\xunmi\Application\Runtime\Cache\Home\2a94b8bda04ff446dcedd42276fc99ee.php 第 224 行.
INFO: Run Behavior\ParseTemplateBehavior [ RunTime:0.205219s ]
INFO: [ view_parse ] --END-- [ RunTime:0.205626s ]
INFO: [ view_filter ] --START--
INFO: Run Behavior\WriteHtmlCacheBehavior [ RunTime:0.003111s ]
INFO: [ view_filter ] --END-- [ RunTime:0.003907s ]
INFO: [ app_end ] --START--
INFO: Run Behavior\ShowPageTraceBehavior [ RunTime:0.004618s ]
INFO: [ app_end ] --END-- [ RunTime:0.005676s ]

[ 2019-08-28T13:22:59+08:00 ] ::1 /xunmi/index.php/Home/Index/index
INFO: [ app_init ] --START--
INFO: Run Behavior\BuildLiteBehavior [ RunTime:0.000091s ]
INFO: [ app_init ] --END-- [ RunTime:0.002269s ]
INFO: [ app_begin ] --START--
INFO: Run Behavior\ReadHtmlCacheBehavior [ RunTime:0.003420s ]
INFO: [ app_begin ] --END-- [ RunTime:0.003873s ]
SQL: SHOW COLUMNS FROM `xm_hot` [ RunTime:0.0685s ]
SQL: SELECT COUNT(*) AS tp_count FROM `xm_hot` LIMIT 1   [ RunTime:0.0014s ]
SQL: SELECT * FROM `xm_hot` LIMIT 0,8   [ RunTime:0.0027s ]
INFO: [ view_parse ] --START--
INFO: [ template_filter ] --START--
INFO: Run Behavior\ContentReplaceBehavior [ RunTime:0.000670s ]
INFO: [ template_filter ] --END-- [ RunTime:0.001477s ]
NOTIC: [8] Undefined index: user_name D:\wamp\wamp\www\xunmi\Application\Runtime\Cache\Home\2a94b8bda04ff446dcedd42276fc99ee.php 第 180 行.
NOTIC: [8] Undefined index: sou D:\wamp\wamp\www\xunmi\Application\Runtime\Cache\Home\2a94b8bda04ff446dcedd42276fc99ee.php 第 188 行.
NOTIC: [8] Undefined index: sou D:\wamp\wamp\www\xunmi\Application\Runtime\Cache\Home\2a94b8bda04ff446dcedd42276fc99ee.php 第 224 行.
INFO: Run Behavior\ParseTemplateBehavior [ RunTime:0.209507s ]
INFO: [ view_parse ] --END-- [ RunTime:0.209941s ]
INFO: [ view_filter ] --START--
INFO: Run Behavior\WriteHtmlCacheBehavior [ RunTime:0.002260s ]
INFO: [ view_filter ] --END-- [ RunTime:0.002646s ]
INFO: [ app_end ] --START--
INFO: Run Behavior\ShowPageTraceBehavior [ RunTime:0.016834s ]
INFO: [ app_end ] --END-- [ RunTime:0.017889s ]

[ 2019-08-28T13:24:21+08:00 ] ::1 /xunmi/index.php/Home/Index/index
INFO: [ app_init ] --START--
INFO: Run Behavior\BuildLiteBehavior [ RunTime:0.000100s ]
INFO: [ app_init ] --END-- [ RunTime:0.002520s ]
INFO: [ app_begin ] --START--
INFO: Run Behavior\ReadHtmlCacheBehavior [ RunTime:0.002808s ]
INFO: [ app_begin ] --END-- [ RunTime:0.003239s ]
SQL: SHOW COLUMNS FROM `xm_hot` [ RunTime:0.0529s ]
SQL: SELECT COUNT(*) AS tp_count FROM `xm_hot` LIMIT 1   [ RunTime:0.0011s ]
SQL: SELECT * FROM `xm_hot` LIMIT 0,8   [ RunTime:0.0028s ]
INFO: [ view_parse ] --START--
INFO: [ template_filter ] --START--
INFO: Run Behavior\ContentReplaceBehavior [ RunTime:0.000397s ]
INFO: [ template_filter ] --END-- [ RunTime:0.000943s ]
NOTIC: [8] Undefined index: user_name D:\wamp\wamp\www\xunmi\Application\Runtime\Cache\Home\2a94b8bda04ff446dcedd42276fc99ee.php 第 180 行.
NOTIC: [8] Undefined index: sou D:\wamp\wamp\www\xunmi\Application\Runtime\Cache\Home\2a94b8bda04ff446dcedd42276fc99ee.php 第 188 行.
NOTIC: [8] Undefined index: sou D:\wamp\wamp\www\xunmi\Application\Runtime\Cache\Home\2a94b8bda04ff446dcedd42276fc99ee.php 第 224 行.
INFO: Run Behavior\ParseTemplateBehavior [ RunTime:0.192000s ]
INFO: [ view_parse ] --END-- [ RunTime:0.192481s ]
INFO: [ view_filter ] --START--
INFO: Run Behavior\WriteHtmlCacheBehavior [ RunTime:0.002441s ]
INFO: [ view_filter ] --END-- [ RunTime:0.002879s ]
INFO: [ app_end ] --START--
INFO: Run Behavior\ShowPageTraceBehavior [ RunTime:0.015875s ]
INFO: [ app_end ] --END-- [ RunTime:0.017974s ]

[ 2019-08-28T13:24:25+08:00 ] ::1 /xunmi/index.php/Home/Index/index
INFO: [ app_init ] --START--
INFO: Run Behavior\BuildLiteBehavior [ RunTime:0.000149s ]
INFO: [ app_init ] --END-- [ RunTime:0.002590s ]
INFO: [ app_begin ] --START--
INFO: Run Behavior\ReadHtmlCacheBehavior [ RunTime:0.003924s ]
INFO: [ app_begin ] --END-- [ RunTime:0.004357s ]
SQL: SHOW COLUMNS FROM `xm_hot` [ RunTime:0.0525s ]
SQL: SELECT COUNT(*) AS tp_count FROM `xm_hot` LIMIT 1   [ RunTime:0.0010s ]
SQL: SELECT * FROM `xm_hot` LIMIT 0,8   [ RunTime:0.0028s ]
INFO: [ view_parse ] --START--
INFO: [ template_filter ] --START--
INFO: Run Behavior\ContentReplaceBehavior [ RunTime:0.000871s ]
INFO: [ template_filter ] --END-- [ RunTime:0.001756s ]
NOTIC: [8] Undefined index: user_name D:\wamp\wamp\www\xunmi\Application\Runtime\Cache\Home\2a94b8bda04ff446dcedd42276fc99ee.php 第 180 行.
NOTIC: [8] Undefined index: sou D:\wamp\wamp\www\xunmi\Application\Runtime\Cache\Home\2a94b8bda04ff446dcedd42276fc99ee.php 第 188 行.
NOTIC: [8] Undefined index: sou D:\wamp\wamp\www\xunmi\Application\Runtime\Cache\Home\2a94b8bda04ff446dcedd42276fc99ee.php 第 224 行.
INFO: Run Behavior\ParseTemplateBehavior [ RunTime:0.178640s ]
INFO: [ view_parse ] --END-- [ RunTime:0.179394s ]
INFO: [ view_filter ] --START--
INFO: Run Behavior\WriteHtmlCacheBehavior [ RunTime:0.002788s ]
INFO: [ view_filter ] --END-- [ RunTime:0.003184s ]
INFO: [ app_end ] --START--
INFO: Run Behavior\ShowPageTraceBehavior [ RunTime:0.005615s ]
INFO: [ app_end ] --END-- [ RunTime:0.007004s ]

[ 2019-08-28T13:24:44+08:00 ] ::1 /xunmi/index.php/Home/Index/index
INFO: [ app_init ] --START--
INFO: Run Behavior\BuildLiteBehavior [ RunTime:0.000088s ]
INFO: [ app_init ] --END-- [ RunTime:0.002133s ]
INFO: [ app_begin ] --START--
INFO: Run Behavior\ReadHtmlCacheBehavior [ RunTime:0.006025s ]
INFO: [ app_begin ] --END-- [ RunTime:0.006917s ]
SQL: SHOW COLUMNS FROM `xm_hot` [ RunTime:0.0589s ]
SQL: SELECT COUNT(*) AS tp_count FROM `xm_hot` LIMIT 1   [ RunTime:0.0018s ]
SQL: SELECT * FROM `xm_hot` LIMIT 0,8   [ RunTime:0.0021s ]
INFO: [ view_parse ] --START--
INFO: [ template_filter ] --START--
INFO: Run Behavior\ContentReplaceBehavior [ RunTime:0.000633s ]
INFO: [ template_filter ] --END-- [ RunTime:0.001318s ]
NOTIC: [8] Undefined index: user_name D:\wamp\wamp\www\xunmi\Application\Runtime\Cache\Home\2a94b8bda04ff446dcedd42276fc99ee.php 第 180 行.
NOTIC: [8] Undefined index: sou D:\wamp\wamp\www\xunmi\Application\Runtime\Cache\Home\2a94b8bda04ff446dcedd42276fc99ee.php 第 184 行.
NOTIC: [8] Undefined index: sou D:\wamp\wamp\www\xunmi\Application\Runtime\Cache\Home\2a94b8bda04ff446dcedd42276fc99ee.php 第 195 行.
INFO: Run Behavior\ParseTemplateBehavior [ RunTime:0.204649s ]
INFO: [ view_parse ] --END-- [ RunTime:0.205100s ]
INFO: [ view_filter ] --START--
INFO: Run Behavior\WriteHtmlCacheBehavior [ RunTime:0.003563s ]
INFO: [ view_filter ] --END-- [ RunTime:0.005670s ]
INFO: [ app_end ] --START--
INFO: Run Behavior\ShowPageTraceBehavior [ RunTime:0.007407s ]
INFO: [ app_end ] --END-- [ RunTime:0.008566s ]

[ 2019-08-28T13:30:10+08:00 ] ::1 /xunmi/index.php/Home/Index/index
INFO: [ app_init ] --START--
INFO: Run Behavior\BuildLiteBehavior [ RunTime:0.000095s ]
INFO: [ app_init ] --END-- [ RunTime:0.002396s ]
INFO: [ app_begin ] --START--
INFO: Run Behavior\ReadHtmlCacheBehavior [ RunTime:0.002887s ]
INFO: [ app_begin ] --END-- [ RunTime:0.003319s ]
SQL: SHOW COLUMNS FROM `xm_hot` [ RunTime:0.0604s ]
SQL: SELECT COUNT(*) AS tp_count FROM `xm_hot` LIMIT 1   [ RunTime:0.0014s ]
SQL: SELECT * FROM `xm_hot` LIMIT 0,8   [ RunTime:0.0021s ]
INFO: [ view_parse ] --START--
INFO: [ template_filter ] --START--
INFO: Run Behavior\ContentReplaceBehavior [ RunTime:0.000466s ]
INFO: [ template_filter ] --END-- [ RunTime:0.000883s ]
NOTIC: [8] Undefined index: user_name D:\wamp\wamp\www\xunmi\Application\Runtime\Cache\Home\2a94b8bda04ff446dcedd42276fc99ee.php 第 180 行.
NOTIC: [8] Undefined index: sou D:\wamp\wamp\www\xunmi\Application\Runtime\Cache\Home\2a94b8bda04ff446dcedd42276fc99ee.php 第 184 行.
NOTIC: [8] Undefined index: sou D:\wamp\wamp\www\xunmi\Application\Runtime\Cache\Home\2a94b8bda04ff446dcedd42276fc99ee.php 第 195 行.
INFO: Run Behavior\ParseTemplateBehavior [ RunTime:0.171994s ]
INFO: [ view_parse ] --END-- [ RunTime:0.172431s ]
INFO: [ view_filter ] --START--
INFO: Run Behavior\WriteHtmlCacheBehavior [ RunTime:0.003676s ]
INFO: [ view_filter ] --END-- [ RunTime:0.004239s ]
INFO: [ app_end ] --START--
INFO: Run Behavior\ShowPageTraceBehavior [ RunTime:0.011110s ]
INFO: [ app_end ] --END-- [ RunTime:0.012333s ]

[ 2019-08-28T13:31:03+08:00 ] ::1 /xunmi/index.php/Home/Index/index
INFO: [ app_init ] --START--
INFO: Run Behavior\BuildLiteBehavior [ RunTime:0.000092s ]
INFO: [ app_init ] --END-- [ RunTime:0.002378s ]
INFO: [ app_begin ] --START--
INFO: Run Behavior\ReadHtmlCacheBehavior [ RunTime:0.003192s ]
INFO: [ app_begin ] --END-- [ RunTime:0.003632s ]
SQL: SHOW COLUMNS FROM `xm_hot` [ RunTime:0.0624s ]
SQL: SELECT COUNT(*) AS tp_count FROM `xm_hot` LIMIT 1   [ RunTime:0.0021s ]
SQL: SELECT * FROM `xm_hot` LIMIT 0,8   [ RunTime:0.0023s ]
INFO: [ view_parse ] --START--
INFO: [ template_filter ] --START--
INFO: Run Behavior\ContentReplaceBehavior [ RunTime:0.000632s ]
INFO: [ template_filter ] --END-- [ RunTime:0.001320s ]
NOTIC: [8] Undefined index: user_name D:\wamp\wamp\www\xunmi\Application\Runtime\Cache\Home\2a94b8bda04ff446dcedd42276fc99ee.php 第 180 行.
NOTIC: [8] Undefined index: sou D:\wamp\wamp\www\xunmi\Application\Runtime\Cache\Home\2a94b8bda04ff446dcedd42276fc99ee.php 第 184 行.
NOTIC: [8] Undefined index: sou D:\wamp\wamp\www\xunmi\Application\Runtime\Cache\Home\2a94b8bda04ff446dcedd42276fc99ee.php 第 195 行.
INFO: Run Behavior\ParseTemplateBehavior [ RunTime:0.198101s ]
INFO: [ view_parse ] --END-- [ RunTime:0.198662s ]
INFO: [ view_filter ] --START--
INFO: Run Behavior\WriteHtmlCacheBehavior [ RunTime:0.003401s ]
INFO: [ view_filter ] --END-- [ RunTime:0.004277s ]
INFO: [ app_end ] --START--
INFO: Run Behavior\ShowPageTraceBehavior [ RunTime:0.005729s ]
INFO: [ app_end ] --END-- [ RunTime:0.006803s ]

[ 2019-08-28T13:31:07+08:00 ] ::1 /xunmi/index.php/Home/Index/index
INFO: [ app_init ] --START--
INFO: Run Behavior\BuildLiteBehavior [ RunTime:0.000115s ]
INFO: [ app_init ] --END-- [ RunTime:0.002096s ]
INFO: [ app_begin ] --START--
INFO: Run Behavior\ReadHtmlCacheBehavior [ RunTime:0.002439s ]
INFO: [ app_begin ] --END-- [ RunTime:0.002856s ]
SQL: SHOW COLUMNS FROM `xm_hot` [ RunTime:0.0560s ]
SQL: SELECT COUNT(*) AS tp_count FROM `xm_hot` LIMIT 1   [ RunTime:0.0010s ]
SQL: SELECT * FROM `xm_hot` LIMIT 0,8   [ RunTime:0.0029s ]
INFO: [ view_parse ] --START--
INFO: [ template_filter ] --START--
INFO: Run Behavior\ContentReplaceBehavior [ RunTime:0.000503s ]
INFO: [ template_filter ] --END-- [ RunTime:0.001176s ]
NOTIC: [8] Undefined index: user_name D:\wamp\wamp\www\xunmi\Application\Runtime\Cache\Home\2a94b8bda04ff446dcedd42276fc99ee.php 第 180 行.
NOTIC: [8] Undefined index: sou D:\wamp\wamp\www\xunmi\Application\Runtime\Cache\Home\2a94b8bda04ff446dcedd42276fc99ee.php 第 184 行.
NOTIC: [8] Undefined index: sou D:\wamp\wamp\www\xunmi\Application\Runtime\Cache\Home\2a94b8bda04ff446dcedd42276fc99ee.php 第 195 行.
INFO: Run Behavior\ParseTemplateBehavior [ RunTime:0.165605s ]
INFO: [ view_parse ] --END-- [ RunTime:0.166002s ]
INFO: [ view_filter ] --START--
INFO: Run Behavior\WriteHtmlCacheBehavior [ RunTime:0.001848s ]
INFO: [ view_filter ] --END-- [ RunTime:0.002276s ]
INFO: [ app_end ] --START--
INFO: Run Behavior\ShowPageTraceBehavior [ RunTime:0.004643s ]
INFO: [ app_end ] --END-- [ RunTime:0.005385s ]

[ 2019-08-28T13:31:25+08:00 ] ::1 /xunmi/index.php/Home/Index/search/
INFO: [ app_init ] --START--
INFO: Run Behavior\BuildLiteBehavior [ RunTime:0.000095s ]
INFO: [ app_init ] --END-- [ RunTime:0.002815s ]
INFO: [ app_begin ] --START--
INFO: Run Behavior\ReadHtmlCacheBehavior [ RunTime:0.005188s ]
INFO: [ app_begin ] --END-- [ RunTime:0.005995s ]
NOTIC: [8] A session had already been started - ignoring session_start() D:\wamp\wamp\www\xunmi\Application\Home\Controller\IndexController.class.php 第 25 行.
SQL: SHOW COLUMNS FROM `xm_hot` [ RunTime:0.0481s ]
SQL: SHOW COLUMNS FROM `xm_hot` [ RunTime:0.0289s ]
SQL: SELECT * FROM `xm_hot` WHERE ( h_title like '%%' )  [ RunTime:0.0247s ]
INFO: [ view_parse ] --START--
INFO: [ template_filter ] --START--
INFO: Run Behavior\ContentReplaceBehavior [ RunTime:0.000390s ]
INFO: [ template_filter ] --END-- [ RunTime:0.000866s ]
NOTIC: [8] Undefined index: user_name D:\wamp\wamp\www\xunmi\Application\Runtime\Cache\Home\bf3b4465296514de17e1f8dd92d84602.php 第 127 行.
INFO: Run Behavior\ParseTemplateBehavior [ RunTime:0.172176s ]
INFO: [ view_parse ] --END-- [ RunTime:0.173418s ]
INFO: [ view_filter ] --START--
INFO: Run Behavior\WriteHtmlCacheBehavior [ RunTime:0.003051s ]
INFO: [ view_filter ] --END-- [ RunTime:0.004835s ]
INFO: [ app_end ] --START--
INFO: Run Behavior\ShowPageTraceBehavior [ RunTime:0.026024s ]
INFO: [ app_end ] --END-- [ RunTime:0.027019s ]

[ 2019-08-28T13:31:25+08:00 ] ::1 /xunmi/index.php/Home/Index/index?sou=%E5%8C%96%E5%A6%86
INFO: [ app_init ] --START--
INFO: Run Behavior\BuildLiteBehavior [ RunTime:0.000160s ]
INFO: [ app_init ] --END-- [ RunTime:0.002813s ]
INFO: [ app_begin ] --START--
INFO: Run Behavior\ReadHtmlCacheBehavior [ RunTime:0.005342s ]
INFO: [ app_begin ] --END-- [ RunTime:0.007081s ]
SQL: SHOW COLUMNS FROM `xm_hot` [ RunTime:0.1734s ]
SQL: SELECT COUNT(*) AS tp_count FROM `xm_hot` LIMIT 1   [ RunTime:0.0013s ]
SQL: SELECT * FROM `xm_hot` LIMIT 0,8   [ RunTime:0.0036s ]
INFO: [ view_parse ] --START--
INFO: [ template_filter ] --START--
INFO: Run Behavior\ContentReplaceBehavior [ RunTime:0.000668s ]
INFO: [ template_filter ] --END-- [ RunTime:0.001450s ]
NOTIC: [8] Undefined index: user_name D:\wamp\wamp\www\xunmi\Application\Runtime\Cache\Home\2a94b8bda04ff446dcedd42276fc99ee.php 第 180 行.
INFO: Run Behavior\ParseTemplateBehavior [ RunTime:0.402540s ]
INFO: [ view_parse ] --END-- [ RunTime:0.403625s ]
INFO: [ view_filter ] --START--
INFO: Run Behavior\WriteHtmlCacheBehavior [ RunTime:0.002223s ]
INFO: [ view_filter ] --END-- [ RunTime:0.002686s ]
INFO: [ app_end ] --START--
INFO: Run Behavior\ShowPageTraceBehavior [ RunTime:0.005325s ]
INFO: [ app_end ] --END-- [ RunTime:0.006297s ]

[ 2019-08-28T13:31:26+08:00 ] ::1 /xunmi/
INFO: [ app_init ] --START--
INFO: Run Behavior\BuildLiteBehavior [ RunTime:0.000130s ]
INFO: [ app_init ] --END-- [ RunTime:0.003422s ]
INFO: [ app_begin ] --START--
INFO: Run Behavior\ReadHtmlCacheBehavior [ RunTime:0.010139s ]
INFO: [ app_begin ] --END-- [ RunTime:0.011650s ]
SQL: SHOW COLUMNS FROM `xm_hot` [ RunTime:0.0700s ]
SQL: SELECT COUNT(*) AS tp_count FROM `xm_hot` LIMIT 1   [ RunTime:0.0020s ]
SQL: SELECT * FROM `xm_hot` LIMIT 0,8   [ RunTime:0.0048s ]
INFO: [ view_parse ] --START--
INFO: [ template_filter ] --START--
INFO: Run Behavior\ContentReplaceBehavior [ RunTime:0.000752s ]
INFO: [ template_filter ] --END-- [ RunTime:0.001636s ]
NOTIC: [8] Undefined index: user_name D:\wamp\wamp\www\xunmi\Application\Runtime\Cache\Home\2a94b8bda04ff446dcedd42276fc99ee.php 第 180 行.
NOTIC: [8] Undefined index: sou D:\wamp\wamp\www\xunmi\Application\Runtime\Cache\Home\2a94b8bda04ff446dcedd42276fc99ee.php 第 184 行.
NOTIC: [8] Undefined index: sou D:\wamp\wamp\www\xunmi\Application\Runtime\Cache\Home\2a94b8bda04ff446dcedd42276fc99ee.php 第 195 行.
INFO: Run Behavior\ParseTemplateBehavior [ RunTime:0.372537s ]
INFO: [ view_parse ] --END-- [ RunTime:0.373419s ]
INFO: [ view_filter ] --START--
INFO: Run Behavior\WriteHtmlCacheBehavior [ RunTime:0.002304s ]
INFO: [ view_filter ] --END-- [ RunTime:0.002875s ]
INFO: [ app_end ] --START--
INFO: Run Behavior\ShowPageTraceBehavior [ RunTime:0.011855s ]
INFO: [ app_end ] --END-- [ RunTime:0.012735s ]

[ 2019-08-28T13:31:44+08:00 ] ::1 /xunmi/index.php/Home/Index/index
INFO: [ app_init ] --START--
INFO: Run Behavior\BuildLiteBehavior [ RunTime:0.000326s ]
INFO: [ app_init ] --END-- [ RunTime:0.004914s ]
INFO: [ app_begin ] --START--
INFO: Run Behavior\ReadHtmlCacheBehavior [ RunTime:0.003656s ]
INFO: [ app_begin ] --END-- [ RunTime:0.005801s ]
SQL: SHOW COLUMNS FROM `xm_hot` [ RunTime:0.0709s ]
SQL: SELECT COUNT(*) AS tp_count FROM `xm_hot` LIMIT 1   [ RunTime:0.0012s ]
SQL: SELECT * FROM `xm_hot` LIMIT 0,8   [ RunTime:0.0021s ]
INFO: [ view_parse ] --START--
INFO: [ template_filter ] --START--
INFO: Run Behavior\ContentReplaceBehavior [ RunTime:0.000434s ]
INFO: [ template_filter ] --END-- [ RunTime:0.000909s ]
NOTIC: [8] Undefined index: user_name D:\wamp\wamp\www\xunmi\Application\Runtime\Cache\Home\2a94b8bda04ff446dcedd42276fc99ee.php 第 180 行.
NOTIC: [8] Undefined index: sou D:\wamp\wamp\www\xunmi\Application\Runtime\Cache\Home\2a94b8bda04ff446dcedd42276fc99ee.php 第 188 行.
NOTIC: [8] Undefined index: sou D:\wamp\wamp\www\xunmi\Application\Runtime\Cache\Home\2a94b8bda04ff446dcedd42276fc99ee.php 第 224 行.
INFO: Run Behavior\ParseTemplateBehavior [ RunTime:0.192097s ]
INFO: [ view_parse ] --END-- [ RunTime:0.192550s ]
INFO: [ view_filter ] --START--
INFO: Run Behavior\WriteHtmlCacheBehavior [ RunTime:0.003529s ]
INFO: [ view_filter ] --END-- [ RunTime:0.004272s ]
INFO: [ app_end ] --START--
INFO: Run Behavior\ShowPageTraceBehavior [ RunTime:0.013011s ]
INFO: [ app_end ] --END-- [ RunTime:0.017341s ]

[ 2019-08-28T13:31:48+08:00 ] ::1 /xunmi/index.php/Home/Index/search/
INFO: [ app_init ] --START--
INFO: Run Behavior\BuildLiteBehavior [ RunTime:0.000185s ]
INFO: [ app_init ] --END-- [ RunTime:0.003056s ]
INFO: [ app_begin ] --START--
INFO: Run Behavior\ReadHtmlCacheBehavior [ RunTime:0.006439s ]
INFO: [ app_begin ] --END-- [ RunTime:0.007658s ]
NOTIC: [8] A session had already been started - ignoring session_start() D:\wamp\wamp\www\xunmi\Application\Home\Controller\IndexController.class.php 第 25 行.
SQL: SHOW COLUMNS FROM `xm_hot` [ RunTime:0.0925s ]
SQL: SHOW COLUMNS FROM `xm_hot` [ RunTime:0.0483s ]
SQL: SELECT * FROM `xm_hot` WHERE ( h_title like '%%' )  [ RunTime:0.0036s ]
INFO: [ view_parse ] --START--
INFO: [ template_filter ] --START--
INFO: Run Behavior\ContentReplaceBehavior [ RunTime:0.000606s ]
INFO: [ template_filter ] --END-- [ RunTime:0.001506s ]
NOTIC: [8] Undefined index: user_name D:\wamp\wamp\www\xunmi\Application\Runtime\Cache\Home\bf3b4465296514de17e1f8dd92d84602.php 第 127 行.
INFO: Run Behavior\ParseTemplateBehavior [ RunTime:0.058386s ]
INFO: [ view_parse ] --END-- [ RunTime:0.058855s ]
INFO: [ view_filter ] --START--
INFO: Run Behavior\WriteHtmlCacheBehavior [ RunTime:0.002868s ]
INFO: [ view_filter ] --END-- [ RunTime:0.003423s ]
INFO: [ app_end ] --START--
INFO: Run Behavior\ShowPageTraceBehavior [ RunTime:0.006442s ]
INFO: [ app_end ] --END-- [ RunTime:0.008062s ]

[ 2019-08-28T13:31:49+08:00 ] ::1 /xunmi/index.php/Home/Index/index?sou=%E5%8C%96%E5%A6%86
INFO: [ app_init ] --START--
INFO: Run Behavior\BuildLiteBehavior [ RunTime:0.000171s ]
INFO: [ app_init ] --END-- [ RunTime:0.004950s ]
INFO: [ app_begin ] --START--
INFO: Run Behavior\ReadHtmlCacheBehavior [ RunTime:0.006089s ]
INFO: [ app_begin ] --END-- [ RunTime:0.006943s ]
SQL: SHOW COLUMNS FROM `xm_hot` [ RunTime:0.0427s ]
SQL: SELECT COUNT(*) AS tp_count FROM `xm_hot` LIMIT 1   [ RunTime:0.0021s ]
SQL: SELECT * FROM `xm_hot` LIMIT 0,8   [ RunTime:0.0044s ]
INFO: [ view_parse ] --START--
INFO: [ template_filter ] --START--
INFO: Run Behavior\ContentReplaceBehavior [ RunTime:0.001045s ]
INFO: [ template_filter ] --END-- [ RunTime:0.001811s ]
NOTIC: [8] Undefined index: user_name D:\wamp\wamp\www\xunmi\Application\Runtime\Cache\Home\2a94b8bda04ff446dcedd42276fc99ee.php 第 180 行.
INFO: Run Behavior\ParseTemplateBehavior [ RunTime:0.444726s ]
INFO: [ view_parse ] --END-- [ RunTime:0.445466s ]
INFO: [ view_filter ] --START--
INFO: Run Behavior\WriteHtmlCacheBehavior [ RunTime:0.003096s ]
INFO: [ view_filter ] --END-- [ RunTime:0.003808s ]
INFO: [ app_end ] --START--
INFO: Run Behavior\ShowPageTraceBehavior [ RunTime:0.006170s ]
INFO: [ app_end ] --END-- [ RunTime:0.007076s ]

[ 2019-08-28T13:31:50+08:00 ] ::1 /xunmi/
INFO: [ app_init ] --START--
INFO: Run Behavior\BuildLiteBehavior [ RunTime:0.000210s ]
INFO: [ app_init ] --END-- [ RunTime:0.003353s ]
INFO: [ app_begin ] --START--
INFO: Run Behavior\ReadHtmlCacheBehavior [ RunTime:0.004840s ]
INFO: [ app_begin ] --END-- [ RunTime:0.005835s ]
SQL: SHOW COLUMNS FROM `xm_hot` [ RunTime:0.2324s ]
SQL: SELECT COUNT(*) AS tp_count FROM `xm_hot` LIMIT 1   [ RunTime:0.0020s ]
SQL: SELECT * FROM `xm_hot` LIMIT 0,8   [ RunTime:0.0035s ]
INFO: [ view_parse ] --START--
INFO: [ template_filter ] --START--
INFO: Run Behavior\ContentReplaceBehavior [ RunTime:0.000703s ]
INFO: [ template_filter ] --END-- [ RunTime:0.001570s ]
NOTIC: [8] Undefined index: user_name D:\wamp\wamp\www\xunmi\Application\Runtime\Cache\Home\2a94b8bda04ff446dcedd42276fc99ee.php 第 180 行.
NOTIC: [8] Undefined index: sou D:\wamp\wamp\www\xunmi\Application\Runtime\Cache\Home\2a94b8bda04ff446dcedd42276fc99ee.php 第 188 行.
NOTIC: [8] Undefined index: sou D:\wamp\wamp\www\xunmi\Application\Runtime\Cache\Home\2a94b8bda04ff446dcedd42276fc99ee.php 第 224 行.
INFO: Run Behavior\ParseTemplateBehavior [ RunTime:0.357215s ]
INFO: [ view_parse ] --END-- [ RunTime:0.357909s ]
INFO: [ view_filter ] --START--
INFO: Run Behavior\WriteHtmlCacheBehavior [ RunTime:0.003885s ]
INFO: [ view_filter ] --END-- [ RunTime:0.004642s ]
INFO: [ app_end ] --START--
INFO: Run Behavior\ShowPageTraceBehavior [ RunTime:0.007575s ]
INFO: [ app_end ] --END-- [ RunTime:0.008561s ]

[ 2019-08-28T13:32:20+08:00 ] ::1 /xunmi/index.php/Home/Index/index
INFO: [ app_init ] --START--
INFO: Run Behavior\BuildLiteBehavior [ RunTime:0.000682s ]
INFO: [ app_init ] --END-- [ RunTime:0.014578s ]
INFO: [ app_begin ] --START--
INFO: Run Behavior\ReadHtmlCacheBehavior [ RunTime:0.023793s ]
INFO: [ app_begin ] --END-- [ RunTime:0.024923s ]
SQL: SHOW COLUMNS FROM `xm_hot` [ RunTime:0.1851s ]
SQL: SELECT COUNT(*) AS tp_count FROM `xm_hot` LIMIT 1   [ RunTime:0.0025s ]
SQL: SELECT * FROM `xm_hot` LIMIT 0,8   [ RunTime:0.0063s ]
INFO: [ view_parse ] --START--
INFO: [ template_filter ] --START--
INFO: Run Behavior\ContentReplaceBehavior [ RunTime:0.000809s ]
INFO: [ template_filter ] --END-- [ RunTime:0.001564s ]
NOTIC: [8] Undefined index: user_name D:\wamp\wamp\www\xunmi\Application\Runtime\Cache\Home\2a94b8bda04ff446dcedd42276fc99ee.php 第 180 行.
NOTIC: [8] Undefined index: sou D:\wamp\wamp\www\xunmi\Application\Runtime\Cache\Home\2a94b8bda04ff446dcedd42276fc99ee.php 第 188 行.
NOTIC: [8] Undefined index: sou D:\wamp\wamp\www\xunmi\Application\Runtime\Cache\Home\2a94b8bda04ff446dcedd42276fc99ee.php 第 224 行.
INFO: Run Behavior\ParseTemplateBehavior [ RunTime:0.360263s ]
INFO: [ view_parse ] --END-- [ RunTime:0.360940s ]
INFO: [ view_filter ] --START--
INFO: Run Behavior\WriteHtmlCacheBehavior [ RunTime:0.005039s ]
INFO: [ view_filter ] --END-- [ RunTime:0.005923s ]
INFO: [ app_end ] --START--
INFO: Run Behavior\ShowPageTraceBehavior [ RunTime:0.012385s ]
INFO: [ app_end ] --END-- [ RunTime:0.013253s ]

[ 2019-08-28T13:32:25+08:00 ] ::1 /xunmi/index.php/Home/Index/index?sou=%E5%8C%96%E5%A6%86
INFO: [ app_init ] --START--
INFO: Run Behavior\BuildLiteBehavior [ RunTime:0.000085s ]
INFO: [ app_init ] --END-- [ RunTime:0.001616s ]
INFO: [ app_begin ] --START--
INFO: Run Behavior\ReadHtmlCacheBehavior [ RunTime:0.001745s ]
INFO: [ app_begin ] --END-- [ RunTime:0.002161s ]
SQL: SHOW COLUMNS FROM `xm_hot` [ RunTime:0.0454s ]
SQL: SELECT COUNT(*) AS tp_count FROM `xm_hot` LIMIT 1   [ RunTime:0.0013s ]
SQL: SELECT * FROM `xm_hot` LIMIT 0,8   [ RunTime:0.0025s ]
INFO: [ view_parse ] --START--
INFO: [ template_filter ] --START--
INFO: Run Behavior\ContentReplaceBehavior [ RunTime:0.000347s ]
INFO: [ template_filter ] --END-- [ RunTime:0.000714s ]
NOTIC: [8] Undefined index: user_name D:\wamp\wamp\www\xunmi\Application\Runtime\Cache\Home\2a94b8bda04ff446dcedd42276fc99ee.php 第 180 行.
INFO: Run Behavior\ParseTemplateBehavior [ RunTime:0.167994s ]
INFO: [ view_parse ] --END-- [ RunTime:0.168376s ]
INFO: [ view_filter ] --START--
INFO: Run Behavior\WriteHtmlCacheBehavior [ RunTime:0.001409s ]
INFO: [ view_filter ] --END-- [ RunTime:0.001811s ]
INFO: [ app_end ] --START--
INFO: Run Behavior\ShowPageTraceBehavior [ RunTime:0.008522s ]
INFO: [ app_end ] --END-- [ RunTime:0.008958s ]

[ 2019-08-28T13:32:26+08:00 ] ::1 /xunmi/index.php/Home/Index/search/
INFO: [ app_init ] --START--
INFO: Run Behavior\BuildLiteBehavior [ RunTime:0.000169s ]
INFO: [ app_init ] --END-- [ RunTime:0.002112s ]
INFO: [ app_begin ] --START--
INFO: Run Behavior\ReadHtmlCacheBehavior [ RunTime:0.002660s ]
INFO: [ app_begin ] --END-- [ RunTime:0.003439s ]
NOTIC: [8] A session had already been started - ignoring session_start() D:\wamp\wamp\www\xunmi\Application\Home\Controller\IndexController.class.php 第 25 行.
SQL: SHOW COLUMNS FROM `xm_hot` [ RunTime:0.0250s ]
SQL: SHOW COLUMNS FROM `xm_hot` [ RunTime:0.0357s ]
SQL: SELECT * FROM `xm_hot` WHERE ( h_title like '%化妆%' )  [ RunTime:0.0018s ]
INFO: [ view_parse ] --START--
INFO: [ template_filter ] --START--
INFO: Run Behavior\ContentReplaceBehavior [ RunTime:0.000298s ]
INFO: [ template_filter ] --END-- [ RunTime:0.000680s ]
NOTIC: [8] Undefined index: user_name D:\wamp\wamp\www\xunmi\Application\Runtime\Cache\Home\bf3b4465296514de17e1f8dd92d84602.php 第 127 行.
INFO: Run Behavior\ParseTemplateBehavior [ RunTime:0.028600s ]
INFO: [ view_parse ] --END-- [ RunTime:0.028981s ]
INFO: [ view_filter ] --START--
INFO: Run Behavior\WriteHtmlCacheBehavior [ RunTime:0.001448s ]
INFO: [ view_filter ] --END-- [ RunTime:0.001797s ]
INFO: [ app_end ] --START--
INFO: Run Behavior\ShowPageTraceBehavior [ RunTime:0.001858s ]
INFO: [ app_end ] --END-- [ RunTime:0.002296s ]

[ 2019-08-28T13:41:03+08:00 ] ::1 /xunmi/index.php/Home/Index/index?sou=%E5%8C%96%E5%A6%86
INFO: [ app_init ] --START--
INFO: Run Behavior\BuildLiteBehavior [ RunTime:0.000088s ]
INFO: [ app_init ] --END-- [ RunTime:0.002225s ]
INFO: [ app_begin ] --START--
INFO: Run Behavior\ReadHtmlCacheBehavior [ RunTime:0.004714s ]
INFO: [ app_begin ] --END-- [ RunTime:0.005182s ]
SQL: SHOW COLUMNS FROM `xm_hot` [ RunTime:0.0533s ]
SQL: SELECT COUNT(*) AS tp_count FROM `xm_hot` LIMIT 1   [ RunTime:0.0011s ]
SQL: SELECT * FROM `xm_hot` LIMIT 0,8   [ RunTime:0.0023s ]
INFO: [ view_parse ] --START--
INFO: [ template_filter ] --START--
INFO: Run Behavior\ContentReplaceBehavior [ RunTime:0.000523s ]
INFO: [ template_filter ] --END-- [ RunTime:0.000938s ]
NOTIC: [8] Undefined index: user_name D:\wamp\wamp\www\xunmi\Application\Runtime\Cache\Home\2a94b8bda04ff446dcedd42276fc99ee.php 第 180 行.
INFO: Run Behavior\ParseTemplateBehavior [ RunTime:0.175722s ]
INFO: [ view_parse ] --END-- [ RunTime:0.176302s ]
INFO: [ view_filter ] --START--
INFO: Run Behavior\WriteHtmlCacheBehavior [ RunTime:0.005858s ]
INFO: [ view_filter ] --END-- [ RunTime:0.006662s ]
INFO: [ app_end ] --START--
INFO: Run Behavior\ShowPageTraceBehavior [ RunTime:0.008310s ]
INFO: [ app_end ] --END-- [ RunTime:0.009392s ]

