[ 2019-10-18T22:40:19+08:00 ] ::1 /xunmi/index.php/Home/Userlogin/login.html
INFO: [ app_init ] --START--
INFO: Run Behavior\BuildLiteBehavior [ RunTime:0.000051s ]
INFO: [ app_init ] --END-- [ RunTime:0.289724s ]
INFO: [ app_begin ] --START--
INFO: Run Behavior\ReadHtmlCacheBehavior [ RunTime:0.140227s ]
INFO: [ app_begin ] --END-- [ RunTime:0.140367s ]
SQL: SHOW COLUMNS FROM `xm_hot` [ RunTime:0.9172s ]
SQL: SELECT COUNT(*) AS tp_count FROM `xm_hot` LIMIT 1   [ RunTime:0.0467s ]
SQL: SELECT * FROM `xm_hot` LIMIT 0,8   [ RunTime:0.0275s ]
INFO: [ view_parse ] --START--
INFO: [ template_filter ] --START--
INFO: Run Behavior\ContentReplaceBehavior [ RunTime:0.022753s ]
INFO: [ template_filter ] --END-- [ RunTime:0.022894s ]
NOTIC: [8] Undefined index: sou D:\wamp\wamp\www\xunmi\Application\Runtime\Cache\Home\b5299faaee9c703b824adad03d469372.php 第 149 行.
NOTIC: [8] Undefined index: zan D:\wamp\wamp\www\xunmi\Application\Runtime\Cache\Home\b5299faaee9c703b824adad03d469372.php 第 215 行.
NOTIC: [8] Undefined index: collection D:\wamp\wamp\www\xunmi\Application\Runtime\Cache\Home\b5299faaee9c703b824adad03d469372.php 第 217 行.
NOTIC: [8] Undefined index: zan D:\wamp\wamp\www\xunmi\Application\Runtime\Cache\Home\b5299faaee9c703b824adad03d469372.php 第 215 行.
NOTIC: [8] Undefined index: collection D:\wamp\wamp\www\xunmi\Application\Runtime\Cache\Home\b5299faaee9c703b824adad03d469372.php 第 217 行.
NOTIC: [8] Undefined index: zan D:\wamp\wamp\www\xunmi\Application\Runtime\Cache\Home\b5299faaee9c703b824adad03d469372.php 第 215 行.
NOTIC: [8] Undefined index: collection D:\wamp\wamp\www\xunmi\Application\Runtime\Cache\Home\b5299faaee9c703b824adad03d469372.php 第 217 行.
NOTIC: [8] Undefined index: zan D:\wamp\wamp\www\xunmi\Application\Runtime\Cache\Home\b5299faaee9c703b824adad03d469372.php 第 215 行.
NOTIC: [8] Undefined index: collection D:\wamp\wamp\www\xunmi\Application\Runtime\Cache\Home\b5299faaee9c703b824adad03d469372.php 第 217 行.
NOTIC: [8] Undefined index: zan D:\wamp\wamp\www\xunmi\Application\Runtime\Cache\Home\b5299faaee9c703b824adad03d469372.php 第 215 行.
NOTIC: [8] Undefined index: collection D:\wamp\wamp\www\xunmi\Application\Runtime\Cache\Home\b5299faaee9c703b824adad03d469372.php 第 217 行.
NOTIC: [8] Undefined index: zan D:\wamp\wamp\www\xunmi\Application\Runtime\Cache\Home\b5299faaee9c703b824adad03d469372.php 第 215 行.
NOTIC: [8] Undefined index: collection D:\wamp\wamp\www\xunmi\Application\Runtime\Cache\Home\b5299faaee9c703b824adad03d469372.php 第 217 行.
NOTIC: [8] Undefined index: zan D:\wamp\wamp\www\xunmi\Application\Runtime\Cache\Home\b5299faaee9c703b824adad03d469372.php 第 215 行.
NOTIC: [8] Undefined index: collection D:\wamp\wamp\www\xunmi\Application\Runtime\Cache\Home\b5299faaee9c703b824adad03d469372.php 第 217 行.
NOTIC: [8] Undefined index: zan D:\wamp\wamp\www\xunmi\Application\Runtime\Cache\Home\b5299faaee9c703b824adad03d469372.php 第 215 行.
NOTIC: [8] Undefined index: collection D:\wamp\wamp\www\xunmi\Application\Runtime\Cache\Home\b5299faaee9c703b824adad03d469372.php 第 217 行.
INFO: Run Behavior\ParseTemplateBehavior [ RunTime:0.930639s ]
INFO: [ view_parse ] --END-- [ RunTime:0.930761s ]
INFO: [ view_filter ] --START--
INFO: Run Behavior\WriteHtmlCacheBehavior [ RunTime:0.021135s ]
INFO: [ view_filter ] --END-- [ RunTime:0.021279s ]
INFO: [ app_end ] --START--
INFO: Run Behavior\ShowPageTraceBehavior [ RunTime:0.035116s ]
INFO: [ app_end ] --END-- [ RunTime:0.035441s ]

[ 2019-10-18T22:40:47+08:00 ] ::1 /xunmi/index.php/Home/Userlogin/login.html
INFO: [ app_init ] --START--
INFO: Run Behavior\BuildLiteBehavior [ RunTime:0.000058s ]
INFO: [ app_init ] --END-- [ RunTime:0.001695s ]
INFO: [ app_begin ] --START--
INFO: Run Behavior\ReadHtmlCacheBehavior [ RunTime:0.000854s ]
INFO: [ app_begin ] --END-- [ RunTime:0.001001s ]
SQL: SHOW COLUMNS FROM `xm_hot` [ RunTime:0.0173s ]
SQL: SELECT COUNT(*) AS tp_count FROM `xm_hot` LIMIT 1   [ RunTime:0.0005s ]
SQL: SELECT * FROM `xm_hot` LIMIT 0,8   [ RunTime:0.0010s ]
SQL: SHOW COLUMNS FROM `xm_user` [ RunTime:0.0783s ]
SQL: SELECT * FROM `xm_user` WHERE `username` = 'wang' AND `user_password` = '1' LIMIT 1   [ RunTime:0.0786s ]

[ 2019-10-18T22:40:47+08:00 ] ::1 /xunmi/index.php/Home/Index/index.html
INFO: [ app_init ] --START--
INFO: Run Behavior\BuildLiteBehavior [ RunTime:0.000038s ]
INFO: [ app_init ] --END-- [ RunTime:0.000670s ]
INFO: [ app_begin ] --START--
INFO: Run Behavior\ReadHtmlCacheBehavior [ RunTime:0.000774s ]
INFO: [ app_begin ] --END-- [ RunTime:0.000900s ]

[ 2019-10-18T22:42:12+08:00 ] ::1 /xunmi/index.php/Home/Index/index.html
INFO: [ app_init ] --START--
INFO: Run Behavior\BuildLiteBehavior [ RunTime:0.000032s ]
INFO: [ app_init ] --END-- [ RunTime:0.001436s ]
INFO: [ app_begin ] --START--
INFO: Run Behavior\ReadHtmlCacheBehavior [ RunTime:0.000805s ]
INFO: [ app_begin ] --END-- [ RunTime:0.000934s ]
SQL: SHOW COLUMNS FROM `xm_hot` [ RunTime:0.0164s ]
SQL: SELECT COUNT(*) AS tp_count FROM `xm_hot` LIMIT 1   [ RunTime:0.0005s ]
SQL: SELECT * FROM `xm_hot` LEFT JOIN xm_pros on xm_hot.h_id=xm_pros.ho_id and xm_pros.user_id='1' LEFT JOIN xm_collection ON xm_hot.h_id=xm_collection.ho_id and xm_collection.user_id='1'  ORDER BY h_id asc LIMIT 0,8   [ RunTime:0.2184s ]
SQL: SHOW COLUMNS FROM `xm_feedback` [ RunTime:0.0783s ]
INFO: [ view_parse ] --START--
INFO: [ template_filter ] --START--
INFO: Run Behavior\ContentReplaceBehavior [ RunTime:0.000171s ]
INFO: [ template_filter ] --END-- [ RunTime:0.000298s ]
INFO: Run Behavior\ParseTemplateBehavior [ RunTime:0.184412s ]
INFO: [ view_parse ] --END-- [ RunTime:0.184554s ]
INFO: [ view_filter ] --START--
INFO: Run Behavior\WriteHtmlCacheBehavior [ RunTime:0.000663s ]
INFO: [ view_filter ] --END-- [ RunTime:0.000780s ]
INFO: [ app_end ] --START--
INFO: Run Behavior\ShowPageTraceBehavior [ RunTime:0.002301s ]
INFO: [ app_end ] --END-- [ RunTime:0.002587s ]

[ 2019-10-18T22:42:16+08:00 ] ::1 /xunmi/index.php/Home/Question/index
INFO: [ app_init ] --START--
INFO: Run Behavior\BuildLiteBehavior [ RunTime:0.000028s ]
INFO: [ app_init ] --END-- [ RunTime:0.000715s ]
INFO: [ app_begin ] --START--
INFO: Run Behavior\ReadHtmlCacheBehavior [ RunTime:0.000717s ]
INFO: [ app_begin ] --END-- [ RunTime:0.000875s ]
SQL: SHOW COLUMNS FROM `xm_question` [ RunTime:0.1167s ]
SQL: SELECT * FROM `xm_question` WHERE ( user_id ='1' ) AND `q_que` is not null and q_que!=""  [ RunTime:0.0101s ]
SQL: SELECT * FROM `xm_question` WHERE `q_que` is not null and q_que!=""  [ RunTime:0.0004s ]
SQL: SELECT * FROM `xm_question` WHERE ( user_id ='1' ) AND `q_ans` is not null and q_ans!=""  [ RunTime:0.0003s ]
INFO: [ view_parse ] --START--
INFO: [ template_filter ] --START--
INFO: Run Behavior\ContentReplaceBehavior [ RunTime:0.000185s ]
INFO: [ template_filter ] --END-- [ RunTime:0.000429s ]
INFO: Run Behavior\ParseTemplateBehavior [ RunTime:0.094191s ]
INFO: [ view_parse ] --END-- [ RunTime:0.094332s ]
INFO: [ view_filter ] --START--
INFO: Run Behavior\WriteHtmlCacheBehavior [ RunTime:0.000622s ]
INFO: [ view_filter ] --END-- [ RunTime:0.000761s ]
INFO: [ app_end ] --START--
INFO: Run Behavior\ShowPageTraceBehavior [ RunTime:0.001114s ]
INFO: [ app_end ] --END-- [ RunTime:0.001305s ]

[ 2019-10-18T22:44:47+08:00 ] ::1 /xunmi/index.php/Home/Question/index
INFO: [ app_init ] --START--
INFO: Run Behavior\BuildLiteBehavior [ RunTime:0.000041s ]
INFO: [ app_init ] --END-- [ RunTime:0.001398s ]
INFO: [ app_begin ] --START--
INFO: Run Behavior\ReadHtmlCacheBehavior [ RunTime:0.001090s ]
INFO: [ app_begin ] --END-- [ RunTime:0.001283s ]
SQL: SHOW COLUMNS FROM `xm_question` [ RunTime:0.0557s ]
SQL: SELECT * FROM `xm_question` WHERE ( user_id ='1' ) AND `q_que` is not null and q_que!=""  [ RunTime:0.0006s ]
SQL: SELECT * FROM `xm_question` WHERE `q_que` is not null and q_que!=""  [ RunTime:0.0005s ]
SQL: SELECT * FROM `xm_question` WHERE ( user_id ='1' ) AND `q_ans` is not null and q_ans!=""  [ RunTime:0.0005s ]
INFO: [ view_parse ] --START--
INFO: [ template_filter ] --START--
INFO: Run Behavior\ContentReplaceBehavior [ RunTime:0.000149s ]
INFO: [ template_filter ] --END-- [ RunTime:0.000287s ]
INFO: Run Behavior\ParseTemplateBehavior [ RunTime:0.096883s ]
INFO: [ view_parse ] --END-- [ RunTime:0.097045s ]
INFO: [ view_filter ] --START--
INFO: Run Behavior\WriteHtmlCacheBehavior [ RunTime:0.000690s ]
INFO: [ view_filter ] --END-- [ RunTime:0.000823s ]
INFO: [ app_end ] --START--
INFO: Run Behavior\ShowPageTraceBehavior [ RunTime:0.001720s ]
INFO: [ app_end ] --END-- [ RunTime:0.002013s ]

[ 2019-10-18T22:48:09+08:00 ] ::1 /xunmi/index.php/Home/Question/index
INFO: [ app_init ] --START--
INFO: Run Behavior\BuildLiteBehavior [ RunTime:0.000032s ]
INFO: [ app_init ] --END-- [ RunTime:0.000707s ]
INFO: [ app_begin ] --START--
INFO: Run Behavior\ReadHtmlCacheBehavior [ RunTime:0.001178s ]
INFO: [ app_begin ] --END-- [ RunTime:0.001513s ]
SQL: SHOW COLUMNS FROM `xm_question` [ RunTime:0.0202s ]
SQL: SELECT * FROM `xm_question` WHERE ( user_id ='1' ) AND `q_que` is not null and q_que!=""  [ RunTime:0.0006s ]
SQL: SELECT * FROM `xm_question` WHERE `q_que` is not null and q_que!=""  [ RunTime:0.0005s ]
SQL: SELECT * FROM `xm_question` WHERE ( user_id ='1' ) AND `q_ans` is not null and q_ans!=""  [ RunTime:0.0005s ]
INFO: [ view_parse ] --START--
INFO: [ template_filter ] --START--
INFO: Run Behavior\ContentReplaceBehavior [ RunTime:0.000157s ]
INFO: [ template_filter ] --END-- [ RunTime:0.000361s ]
INFO: Run Behavior\ParseTemplateBehavior [ RunTime:0.126522s ]
INFO: [ view_parse ] --END-- [ RunTime:0.126734s ]
INFO: [ view_filter ] --START--
INFO: Run Behavior\WriteHtmlCacheBehavior [ RunTime:0.000962s ]
INFO: [ view_filter ] --END-- [ RunTime:0.001203s ]
INFO: [ app_end ] --START--
INFO: Run Behavior\ShowPageTraceBehavior [ RunTime:0.001429s ]
INFO: [ app_end ] --END-- [ RunTime:0.001716s ]

[ 2019-10-18T22:48:22+08:00 ] ::1 /xunmi/index.php/Home/Question/index
INFO: [ app_init ] --START--
INFO: Run Behavior\BuildLiteBehavior [ RunTime:0.000031s ]
INFO: [ app_init ] --END-- [ RunTime:0.000651s ]
INFO: [ app_begin ] --START--
INFO: Run Behavior\ReadHtmlCacheBehavior [ RunTime:0.000766s ]
INFO: [ app_begin ] --END-- [ RunTime:0.000913s ]
SQL: SHOW COLUMNS FROM `xm_question` [ RunTime:0.0221s ]
SQL: SELECT * FROM `xm_question` WHERE ( user_id ='1' ) AND `q_que` is not null and q_que!=""  [ RunTime:0.0006s ]
SQL: SELECT * FROM `xm_question` WHERE `q_que` is not null and q_que!=""  [ RunTime:0.0005s ]
SQL: SELECT * FROM `xm_question` WHERE ( user_id ='1' ) AND `q_ans` is not null and q_ans!=""  [ RunTime:0.0005s ]
INFO: [ view_parse ] --START--
INFO: [ template_filter ] --START--
INFO: Run Behavior\ContentReplaceBehavior [ RunTime:0.000143s ]
INFO: [ template_filter ] --END-- [ RunTime:0.000345s ]
INFO: Run Behavior\ParseTemplateBehavior [ RunTime:0.095212s ]
INFO: [ view_parse ] --END-- [ RunTime:0.095376s ]
INFO: [ view_filter ] --START--
INFO: Run Behavior\WriteHtmlCacheBehavior [ RunTime:0.000697s ]
INFO: [ view_filter ] --END-- [ RunTime:0.000836s ]
INFO: [ app_end ] --START--
INFO: Run Behavior\ShowPageTraceBehavior [ RunTime:0.001339s ]
INFO: [ app_end ] --END-- [ RunTime:0.001624s ]

[ 2019-10-18T22:50:40+08:00 ] ::1 /xunmi/index.php/Home/Question/index
INFO: [ app_init ] --START--
INFO: Run Behavior\BuildLiteBehavior [ RunTime:0.000052s ]
INFO: [ app_init ] --END-- [ RunTime:0.000988s ]
INFO: [ app_begin ] --START--
INFO: Run Behavior\ReadHtmlCacheBehavior [ RunTime:0.001299s ]
INFO: [ app_begin ] --END-- [ RunTime:0.001549s ]
SQL: SHOW COLUMNS FROM `xm_question` [ RunTime:0.0738s ]
SQL: SELECT * FROM `xm_question` WHERE ( user_id ='1' ) AND `q_que` is not null and q_que!=""  [ RunTime:0.0006s ]
SQL: SELECT * FROM `xm_question` WHERE `q_que` is not null and q_que!=""  [ RunTime:0.0005s ]
SQL: SELECT * FROM `xm_question` WHERE ( user_id ='1' ) AND `q_ans` is not null and q_ans!=""  [ RunTime:0.0005s ]
INFO: [ view_parse ] --START--
INFO: [ template_filter ] --START--
INFO: Run Behavior\ContentReplaceBehavior [ RunTime:0.000134s ]
INFO: [ template_filter ] --END-- [ RunTime:0.000258s ]
INFO: Run Behavior\ParseTemplateBehavior [ RunTime:0.080641s ]
INFO: [ view_parse ] --END-- [ RunTime:0.080780s ]
INFO: [ view_filter ] --START--
INFO: Run Behavior\WriteHtmlCacheBehavior [ RunTime:0.000760s ]
INFO: [ view_filter ] --END-- [ RunTime:0.000880s ]
INFO: [ app_end ] --START--
INFO: Run Behavior\ShowPageTraceBehavior [ RunTime:0.001653s ]
INFO: [ app_end ] --END-- [ RunTime:0.001929s ]

[ 2019-10-18T22:52:39+08:00 ] ::1 /xunmi/index.php/Home/Question/index
INFO: [ app_init ] --START--
INFO: Run Behavior\BuildLiteBehavior [ RunTime:0.000028s ]
INFO: [ app_init ] --END-- [ RunTime:0.000723s ]
INFO: [ app_begin ] --START--
INFO: Run Behavior\ReadHtmlCacheBehavior [ RunTime:0.000964s ]
INFO: [ app_begin ] --END-- [ RunTime:0.001105s ]
SQL: SHOW COLUMNS FROM `xm_question` [ RunTime:0.0174s ]
SQL: SELECT * FROM `xm_question` WHERE ( user_id ='1' ) AND `q_que` is not null and q_que!=""  [ RunTime:0.0005s ]
SQL: SELECT * FROM `xm_question` WHERE `q_que` is not null and q_que!=""  [ RunTime:0.0004s ]
SQL: SELECT * FROM `xm_question` WHERE ( user_id ='1' ) AND `q_ans` is not null and q_ans!=""  [ RunTime:0.0006s ]
INFO: [ view_parse ] --START--
INFO: [ template_filter ] --START--
INFO: Run Behavior\ContentReplaceBehavior [ RunTime:0.000151s ]
INFO: [ template_filter ] --END-- [ RunTime:0.000302s ]
INFO: Run Behavior\ParseTemplateBehavior [ RunTime:0.079514s ]
INFO: [ view_parse ] --END-- [ RunTime:0.079677s ]
INFO: [ view_filter ] --START--
INFO: Run Behavior\WriteHtmlCacheBehavior [ RunTime:0.000717s ]
INFO: [ view_filter ] --END-- [ RunTime:0.000837s ]
INFO: [ app_end ] --START--
INFO: Run Behavior\ShowPageTraceBehavior [ RunTime:0.001296s ]
INFO: [ app_end ] --END-- [ RunTime:0.001511s ]

[ 2019-10-18T22:53:40+08:00 ] ::1 /xunmi/index.php/Home/Question/index
INFO: [ app_init ] --START--
INFO: Run Behavior\BuildLiteBehavior [ RunTime:0.000037s ]
INFO: [ app_init ] --END-- [ RunTime:0.000986s ]
INFO: [ app_begin ] --START--
INFO: Run Behavior\ReadHtmlCacheBehavior [ RunTime:0.000964s ]
INFO: [ app_begin ] --END-- [ RunTime:0.001099s ]
SQL: SHOW COLUMNS FROM `xm_question` [ RunTime:0.0161s ]
SQL: SELECT * FROM `xm_question` WHERE ( user_id ='1' ) AND `q_que` is not null and q_que!=""  [ RunTime:0.0007s ]
SQL: SELECT * FROM `xm_question` WHERE `q_que` is not null and q_que!=""  [ RunTime:0.0005s ]
SQL: SELECT * FROM `xm_question` WHERE ( user_id ='1' ) AND `q_ans` is not null and q_ans!=""  [ RunTime:0.0004s ]
INFO: [ view_parse ] --START--
INFO: [ template_filter ] --START--
INFO: Run Behavior\ContentReplaceBehavior [ RunTime:0.000237s ]
INFO: [ template_filter ] --END-- [ RunTime:0.000501s ]
INFO: Run Behavior\ParseTemplateBehavior [ RunTime:0.181135s ]
INFO: [ view_parse ] --END-- [ RunTime:0.181360s ]
INFO: [ view_filter ] --START--
INFO: Run Behavior\WriteHtmlCacheBehavior [ RunTime:0.000859s ]
INFO: [ view_filter ] --END-- [ RunTime:0.000998s ]
INFO: [ app_end ] --START--
INFO: Run Behavior\ShowPageTraceBehavior [ RunTime:0.001550s ]
INFO: [ app_end ] --END-- [ RunTime:0.001905s ]

[ 2019-10-18T22:57:06+08:00 ] ::1 /xunmi/index.php/Home/Question/index
INFO: [ app_init ] --START--
INFO: Run Behavior\BuildLiteBehavior [ RunTime:0.000041s ]
INFO: [ app_init ] --END-- [ RunTime:0.000719s ]
INFO: [ app_begin ] --START--
INFO: Run Behavior\ReadHtmlCacheBehavior [ RunTime:0.001490s ]
INFO: [ app_begin ] --END-- [ RunTime:0.001729s ]
SQL: SHOW COLUMNS FROM `xm_question` [ RunTime:0.0185s ]
SQL: SELECT * FROM `xm_question` WHERE ( user_id ='1' ) AND `q_que` is not null and q_que!=""  [ RunTime:0.0004s ]
SQL: SELECT * FROM `xm_question` WHERE `q_que` is not null and q_que!=""  [ RunTime:0.0003s ]
SQL: SELECT * FROM `xm_question` WHERE ( user_id ='1' ) AND `q_ans` is not null and q_ans!=""  [ RunTime:0.0003s ]
INFO: [ view_parse ] --START--
INFO: [ template_filter ] --START--
INFO: Run Behavior\ContentReplaceBehavior [ RunTime:0.000135s ]
INFO: [ template_filter ] --END-- [ RunTime:0.000261s ]
INFO: Run Behavior\ParseTemplateBehavior [ RunTime:0.089362s ]
INFO: [ view_parse ] --END-- [ RunTime:0.089521s ]
INFO: [ view_filter ] --START--
INFO: Run Behavior\WriteHtmlCacheBehavior [ RunTime:0.000710s ]
INFO: [ view_filter ] --END-- [ RunTime:0.000829s ]
INFO: [ app_end ] --START--
INFO: Run Behavior\ShowPageTraceBehavior [ RunTime:0.002528s ]
INFO: [ app_end ] --END-- [ RunTime:0.002879s ]

[ 2019-10-18T22:59:24+08:00 ] ::1 /xunmi/index.php/Home/Question/index
INFO: [ app_init ] --START--
INFO: Run Behavior\BuildLiteBehavior [ RunTime:0.000055s ]
INFO: [ app_init ] --END-- [ RunTime:0.000880s ]
INFO: [ app_begin ] --START--
INFO: Run Behavior\ReadHtmlCacheBehavior [ RunTime:0.000889s ]
INFO: [ app_begin ] --END-- [ RunTime:0.001022s ]
SQL: SHOW COLUMNS FROM `xm_question` [ RunTime:0.0952s ]
SQL: SELECT * FROM `xm_question` WHERE ( user_id ='1' ) AND `q_que` is not null and q_que!=""  [ RunTime:0.0005s ]
SQL: SELECT * FROM `xm_question` WHERE `q_que` is not null and q_que!=""  [ RunTime:0.0004s ]
SQL: SELECT * FROM `xm_question` WHERE ( user_id ='1' ) AND `q_ans` is not null and q_ans!=""  [ RunTime:0.0004s ]
INFO: [ view_parse ] --START--
INFO: [ template_filter ] --START--
INFO: Run Behavior\ContentReplaceBehavior [ RunTime:0.000132s ]
INFO: [ template_filter ] --END-- [ RunTime:0.000273s ]
INFO: Run Behavior\ParseTemplateBehavior [ RunTime:0.067053s ]
INFO: [ view_parse ] --END-- [ RunTime:0.067193s ]
INFO: [ view_filter ] --START--
INFO: Run Behavior\WriteHtmlCacheBehavior [ RunTime:0.000718s ]
INFO: [ view_filter ] --END-- [ RunTime:0.000850s ]
INFO: [ app_end ] --START--
INFO: Run Behavior\ShowPageTraceBehavior [ RunTime:0.001517s ]
INFO: [ app_end ] --END-- [ RunTime:0.001769s ]

[ 2019-10-18T23:00:41+08:00 ] ::1 /xunmi/index.php/Home/Question/index
INFO: [ app_init ] --START--
INFO: Run Behavior\BuildLiteBehavior [ RunTime:0.000027s ]
INFO: [ app_init ] --END-- [ RunTime:0.000667s ]
INFO: [ app_begin ] --START--
INFO: Run Behavior\ReadHtmlCacheBehavior [ RunTime:0.000710s ]
INFO: [ app_begin ] --END-- [ RunTime:0.000836s ]
SQL: SHOW COLUMNS FROM `xm_question` [ RunTime:0.0162s ]
SQL: SELECT * FROM `xm_question` WHERE ( user_id ='1' ) AND `q_que` is not null and q_que!=""  [ RunTime:0.0007s ]
SQL: SELECT * FROM `xm_question` WHERE `q_que` is not null and q_que!=""  [ RunTime:0.0005s ]
SQL: SELECT * FROM `xm_question` WHERE ( user_id ='1' ) AND `q_ans` is not null and q_ans!=""  [ RunTime:0.0004s ]
INFO: [ view_parse ] --START--
INFO: [ template_filter ] --START--
INFO: Run Behavior\ContentReplaceBehavior [ RunTime:0.000146s ]
INFO: [ template_filter ] --END-- [ RunTime:0.000271s ]
INFO: Run Behavior\ParseTemplateBehavior [ RunTime:0.074237s ]
INFO: [ view_parse ] --END-- [ RunTime:0.074375s ]
INFO: [ view_filter ] --START--
INFO: Run Behavior\WriteHtmlCacheBehavior [ RunTime:0.000635s ]
INFO: [ view_filter ] --END-- [ RunTime:0.000754s ]
INFO: [ app_end ] --START--
INFO: Run Behavior\ShowPageTraceBehavior [ RunTime:0.001168s ]
INFO: [ app_end ] --END-- [ RunTime:0.001420s ]

[ 2019-10-18T23:01:44+08:00 ] ::1 /xunmi/index.php/Home/Question/index
INFO: [ app_init ] --START--
INFO: Run Behavior\BuildLiteBehavior [ RunTime:0.000028s ]
INFO: [ app_init ] --END-- [ RunTime:0.000779s ]
INFO: [ app_begin ] --START--
INFO: Run Behavior\ReadHtmlCacheBehavior [ RunTime:0.000910s ]
INFO: [ app_begin ] --END-- [ RunTime:0.001042s ]
SQL: SHOW COLUMNS FROM `xm_question` [ RunTime:0.0637s ]
SQL: SELECT * FROM `xm_question` WHERE ( user_id ='1' ) AND `q_que` is not null and q_que!=""  [ RunTime:0.0005s ]
SQL: SELECT * FROM `xm_question` WHERE `q_que` is not null and q_que!=""  [ RunTime:0.0004s ]
SQL: SELECT * FROM `xm_question` WHERE ( user_id ='1' ) AND `q_ans` is not null and q_ans!=""  [ RunTime:0.0004s ]
INFO: [ view_parse ] --START--
INFO: [ template_filter ] --START--
INFO: Run Behavior\ContentReplaceBehavior [ RunTime:0.000139s ]
INFO: [ template_filter ] --END-- [ RunTime:0.000295s ]
INFO: Run Behavior\ParseTemplateBehavior [ RunTime:0.126034s ]
INFO: [ view_parse ] --END-- [ RunTime:0.126174s ]
INFO: [ view_filter ] --START--
INFO: Run Behavior\WriteHtmlCacheBehavior [ RunTime:0.000637s ]
INFO: [ view_filter ] --END-- [ RunTime:0.000755s ]
INFO: [ app_end ] --START--
INFO: Run Behavior\ShowPageTraceBehavior [ RunTime:0.003574s ]
INFO: [ app_end ] --END-- [ RunTime:0.003937s ]

[ 2019-10-18T23:03:54+08:00 ] ::1 /xunmi/index.php/Home/Cook/index
INFO: [ app_init ] --START--
INFO: Run Behavior\BuildLiteBehavior [ RunTime:0.000031s ]
INFO: [ app_init ] --END-- [ RunTime:0.000809s ]
INFO: [ app_begin ] --START--
INFO: Run Behavior\ReadHtmlCacheBehavior [ RunTime:0.000945s ]
INFO: [ app_begin ] --END-- [ RunTime:0.001111s ]
SQL: SHOW COLUMNS FROM `xm_food` [ RunTime:0.1496s ]
SQL: SELECT * FROM `xm_food` LEFT JOIN xm_pros on xm_food.f_id=xm_pros.fo_id and xm_pros.user_id='1' LEFT JOIN xm_collection ON xm_food.f_id=xm_collection.fo_id and xm_collection.user_id='1'  ORDER BY f_id asc  [ RunTime:0.0426s ]
SQL: SHOW COLUMNS FROM `xm_feedback` [ RunTime:0.0405s ]
INFO: [ view_parse ] --START--
INFO: [ template_filter ] --START--
INFO: Run Behavior\ContentReplaceBehavior [ RunTime:0.000227s ]
INFO: [ template_filter ] --END-- [ RunTime:0.000457s ]
INFO: Run Behavior\ParseTemplateBehavior [ RunTime:0.071243s ]
INFO: [ view_parse ] --END-- [ RunTime:0.071430s ]
INFO: [ view_filter ] --START--
INFO: Run Behavior\WriteHtmlCacheBehavior [ RunTime:0.000798s ]
INFO: [ view_filter ] --END-- [ RunTime:0.000930s ]
INFO: [ app_end ] --START--
INFO: Run Behavior\ShowPageTraceBehavior [ RunTime:0.001428s ]
INFO: [ app_end ] --END-- [ RunTime:0.001690s ]

[ 2019-10-18T23:04:00+08:00 ] ::1 /xunmi/index.php/Home/Cook/index
INFO: [ app_init ] --START--
INFO: Run Behavior\BuildLiteBehavior [ RunTime:0.000029s ]
INFO: [ app_init ] --END-- [ RunTime:0.000773s ]
INFO: [ app_begin ] --START--
INFO: Run Behavior\ReadHtmlCacheBehavior [ RunTime:0.000876s ]
INFO: [ app_begin ] --END-- [ RunTime:0.001007s ]
SQL: SHOW COLUMNS FROM `xm_food` [ RunTime:0.0161s ]
SQL: SELECT * FROM `xm_food` LEFT JOIN xm_pros on xm_food.f_id=xm_pros.fo_id and xm_pros.user_id='1' LEFT JOIN xm_collection ON xm_food.f_id=xm_collection.fo_id and xm_collection.user_id='1'  ORDER BY f_id asc  [ RunTime:0.0455s ]
SQL: SHOW COLUMNS FROM `xm_feedback` [ RunTime:0.0126s ]
INFO: [ view_parse ] --START--
INFO: [ template_filter ] --START--
INFO: Run Behavior\ContentReplaceBehavior [ RunTime:0.000130s ]
INFO: [ template_filter ] --END-- [ RunTime:0.000273s ]
INFO: Run Behavior\ParseTemplateBehavior [ RunTime:0.048624s ]
INFO: [ view_parse ] --END-- [ RunTime:0.048825s ]
INFO: [ view_filter ] --START--
INFO: Run Behavior\WriteHtmlCacheBehavior [ RunTime:0.000703s ]
INFO: [ view_filter ] --END-- [ RunTime:0.000819s ]
INFO: [ app_end ] --START--
INFO: Run Behavior\ShowPageTraceBehavior [ RunTime:0.001371s ]
INFO: [ app_end ] --END-- [ RunTime:0.001664s ]

[ 2019-10-18T23:04:21+08:00 ] ::1 /xunmi/index.php/Home/Festival/index
INFO: [ app_init ] --START--
INFO: Run Behavior\BuildLiteBehavior [ RunTime:0.000029s ]
INFO: [ app_init ] --END-- [ RunTime:0.000754s ]
INFO: [ app_begin ] --START--
INFO: Run Behavior\ReadHtmlCacheBehavior [ RunTime:0.001438s ]
INFO: [ app_begin ] --END-- [ RunTime:0.001719s ]
SQL: SHOW COLUMNS FROM `xm_festival` [ RunTime:0.0862s ]
SQL: SELECT * FROM `xm_festival` LEFT JOIN xm_pros on xm_festival.f_id=xm_pros.fe_id and xm_pros.user_id='1' LEFT JOIN xm_collection ON xm_festival.f_id=xm_collection.fe_id and xm_collection.user_id='1'  ORDER BY f_id asc  [ RunTime:0.0221s ]
SQL: SHOW COLUMNS FROM `xm_feedback` [ RunTime:0.0138s ]
INFO: [ view_parse ] --START--
INFO: [ template_filter ] --START--
INFO: Run Behavior\ContentReplaceBehavior [ RunTime:0.000124s ]
INFO: [ template_filter ] --END-- [ RunTime:0.000248s ]
INFO: Run Behavior\ParseTemplateBehavior [ RunTime:0.066206s ]
INFO: [ view_parse ] --END-- [ RunTime:0.066366s ]
INFO: [ view_filter ] --START--
INFO: Run Behavior\WriteHtmlCacheBehavior [ RunTime:0.000633s ]
INFO: [ view_filter ] --END-- [ RunTime:0.000749s ]
INFO: [ app_end ] --START--
INFO: Run Behavior\ShowPageTraceBehavior [ RunTime:0.001905s ]
INFO: [ app_end ] --END-- [ RunTime:0.002144s ]

[ 2019-10-18T23:04:22+08:00 ] ::1 /xunmi/
INFO: [ app_init ] --START--
INFO: Run Behavior\BuildLiteBehavior [ RunTime:0.000064s ]
INFO: [ app_init ] --END-- [ RunTime:0.003104s ]
INFO: [ app_begin ] --START--
INFO: Run Behavior\ReadHtmlCacheBehavior [ RunTime:0.001033s ]
INFO: [ app_begin ] --END-- [ RunTime:0.001191s ]
SQL: SHOW COLUMNS FROM `xm_hot` [ RunTime:0.1593s ]
SQL: SELECT COUNT(*) AS tp_count FROM `xm_hot` LIMIT 1   [ RunTime:0.0005s ]
SQL: SELECT * FROM `xm_hot` LEFT JOIN xm_pros on xm_hot.h_id=xm_pros.ho_id and xm_pros.user_id='1' LEFT JOIN xm_collection ON xm_hot.h_id=xm_collection.ho_id and xm_collection.user_id='1'  ORDER BY h_id asc LIMIT 0,8   [ RunTime:0.0708s ]
SQL: SHOW COLUMNS FROM `xm_feedback` [ RunTime:0.0175s ]
INFO: [ view_parse ] --START--
INFO: [ template_filter ] --START--
INFO: Run Behavior\ContentReplaceBehavior [ RunTime:0.000134s ]
INFO: [ template_filter ] --END-- [ RunTime:0.000268s ]
INFO: Run Behavior\ParseTemplateBehavior [ RunTime:0.059652s ]
INFO: [ view_parse ] --END-- [ RunTime:0.059820s ]
INFO: [ view_filter ] --START--
INFO: Run Behavior\WriteHtmlCacheBehavior [ RunTime:0.000765s ]
INFO: [ view_filter ] --END-- [ RunTime:0.000891s ]
INFO: [ app_end ] --START--
INFO: Run Behavior\ShowPageTraceBehavior [ RunTime:0.001141s ]
INFO: [ app_end ] --END-- [ RunTime:0.001351s ]

[ 2019-10-18T23:04:45+08:00 ] ::1 /xunmi/index.php/Home/Festival/index
INFO: [ app_init ] --START--
INFO: Run Behavior\BuildLiteBehavior [ RunTime:0.000028s ]
INFO: [ app_init ] --END-- [ RunTime:0.000701s ]
INFO: [ app_begin ] --START--
INFO: Run Behavior\ReadHtmlCacheBehavior [ RunTime:0.001045s ]
INFO: [ app_begin ] --END-- [ RunTime:0.001254s ]
SQL: SHOW COLUMNS FROM `xm_festival` [ RunTime:0.0347s ]
SQL: SELECT * FROM `xm_festival` LEFT JOIN xm_pros on xm_festival.f_id=xm_pros.fe_id and xm_pros.user_id='1' LEFT JOIN xm_collection ON xm_festival.f_id=xm_collection.fe_id and xm_collection.user_id='1'  ORDER BY f_id asc  [ RunTime:0.0219s ]
SQL: SHOW COLUMNS FROM `xm_feedback` [ RunTime:0.0119s ]
INFO: [ view_parse ] --START--
INFO: [ template_filter ] --START--
INFO: Run Behavior\ContentReplaceBehavior [ RunTime:0.000127s ]
INFO: [ template_filter ] --END-- [ RunTime:0.000253s ]
INFO: Run Behavior\ParseTemplateBehavior [ RunTime:0.055669s ]
INFO: [ view_parse ] --END-- [ RunTime:0.055827s ]
INFO: [ view_filter ] --START--
INFO: Run Behavior\WriteHtmlCacheBehavior [ RunTime:0.000739s ]
INFO: [ view_filter ] --END-- [ RunTime:0.000921s ]
INFO: [ app_end ] --START--
INFO: Run Behavior\ShowPageTraceBehavior [ RunTime:0.001346s ]
INFO: [ app_end ] --END-- [ RunTime:0.001603s ]

[ 2019-10-18T23:04:45+08:00 ] ::1 /xunmi/
INFO: [ app_init ] --START--
INFO: Run Behavior\BuildLiteBehavior [ RunTime:0.000032s ]
INFO: [ app_init ] --END-- [ RunTime:0.000629s ]
INFO: [ app_begin ] --START--
INFO: Run Behavior\ReadHtmlCacheBehavior [ RunTime:0.001046s ]
INFO: [ app_begin ] --END-- [ RunTime:0.001246s ]
SQL: SHOW COLUMNS FROM `xm_hot` [ RunTime:0.0221s ]
SQL: SELECT COUNT(*) AS tp_count FROM `xm_hot` LIMIT 1   [ RunTime:0.0006s ]
SQL: SELECT * FROM `xm_hot` LEFT JOIN xm_pros on xm_hot.h_id=xm_pros.ho_id and xm_pros.user_id='1' LEFT JOIN xm_collection ON xm_hot.h_id=xm_collection.ho_id and xm_collection.user_id='1'  ORDER BY h_id asc LIMIT 0,8   [ RunTime:0.0241s ]
SQL: SHOW COLUMNS FROM `xm_feedback` [ RunTime:0.0083s ]
INFO: [ view_parse ] --START--
INFO: [ template_filter ] --START--
INFO: Run Behavior\ContentReplaceBehavior [ RunTime:0.000132s ]
INFO: [ template_filter ] --END-- [ RunTime:0.000262s ]
INFO: Run Behavior\ParseTemplateBehavior [ RunTime:0.037672s ]
INFO: [ view_parse ] --END-- [ RunTime:0.037822s ]
INFO: [ view_filter ] --START--
INFO: Run Behavior\WriteHtmlCacheBehavior [ RunTime:0.000585s ]
INFO: [ view_filter ] --END-- [ RunTime:0.000712s ]
INFO: [ app_end ] --START--
INFO: Run Behavior\ShowPageTraceBehavior [ RunTime:0.001103s ]
INFO: [ app_end ] --END-- [ RunTime:0.001295s ]

[ 2019-10-18T23:04:55+08:00 ] ::1 /xunmi/index.php/Home/Game/index
INFO: [ app_init ] --START--
INFO: Run Behavior\BuildLiteBehavior [ RunTime:0.000028s ]
INFO: [ app_init ] --END-- [ RunTime:0.000701s ]
INFO: [ app_begin ] --START--
INFO: Run Behavior\ReadHtmlCacheBehavior [ RunTime:0.000816s ]
INFO: [ app_begin ] --END-- [ RunTime:0.000948s ]
SQL: SHOW COLUMNS FROM `xm_game` [ RunTime:0.1055s ]
SQL: SELECT * FROM `xm_game` LEFT JOIN xm_pros on xm_game.g_id=xm_pros.ga_id and xm_pros.user_id='1' LEFT JOIN xm_collection ON xm_game.g_id=xm_collection.ga_id and xm_collection.user_id='1'  ORDER BY g_id asc  [ RunTime:0.0229s ]
NOTIC: [8] Undefined variable: show D:\wamp\wamp\www\xunmi\Application\Home\Controller\GameController.class.php 第 12 行.
SQL: SHOW COLUMNS FROM `xm_feedback` [ RunTime:0.0117s ]
INFO: [ view_parse ] --START--
INFO: [ template_filter ] --START--
INFO: Run Behavior\ContentReplaceBehavior [ RunTime:0.000198s ]
INFO: [ template_filter ] --END-- [ RunTime:0.000417s ]
INFO: Run Behavior\ParseTemplateBehavior [ RunTime:0.083800s ]
INFO: [ view_parse ] --END-- [ RunTime:0.083985s ]
INFO: [ view_filter ] --START--
INFO: Run Behavior\WriteHtmlCacheBehavior [ RunTime:0.000596s ]
INFO: [ view_filter ] --END-- [ RunTime:0.000744s ]
INFO: [ app_end ] --START--
INFO: Run Behavior\ShowPageTraceBehavior [ RunTime:0.001617s ]
INFO: [ app_end ] --END-- [ RunTime:0.001870s ]

[ 2019-10-18T23:05:03+08:00 ] ::1 /xunmi/index.php/Home/Sh/index
INFO: [ app_init ] --START--
INFO: Run Behavior\BuildLiteBehavior [ RunTime:0.000028s ]
INFO: [ app_init ] --END-- [ RunTime:0.000720s ]
INFO: [ app_begin ] --START--
INFO: Run Behavior\ReadHtmlCacheBehavior [ RunTime:0.001121s ]
INFO: [ app_begin ] --END-- [ RunTime:0.001312s ]
SQL: SHOW COLUMNS FROM `xm_sh` [ RunTime:0.1458s ]
SQL: SELECT * FROM `xm_sh` LEFT JOIN xm_pros on xm_sh.s_id=xm_pros.sh_id and xm_pros.user_id='1' LEFT JOIN xm_collection ON xm_sh.s_id=xm_collection.sh_id and xm_collection.user_id='1'  ORDER BY s_id asc  [ RunTime:0.0250s ]
SQL: SHOW COLUMNS FROM `xm_feedback` [ RunTime:0.0143s ]
INFO: [ view_parse ] --START--
INFO: [ template_filter ] --START--
INFO: Run Behavior\ContentReplaceBehavior [ RunTime:0.000120s ]
INFO: [ template_filter ] --END-- [ RunTime:0.000245s ]
INFO: Run Behavior\ParseTemplateBehavior [ RunTime:0.052173s ]
INFO: [ view_parse ] --END-- [ RunTime:0.052324s ]
INFO: [ view_filter ] --START--
INFO: Run Behavior\WriteHtmlCacheBehavior [ RunTime:0.000790s ]
INFO: [ view_filter ] --END-- [ RunTime:0.000929s ]
INFO: [ app_end ] --START--
INFO: Run Behavior\ShowPageTraceBehavior [ RunTime:0.004233s ]
INFO: [ app_end ] --END-- [ RunTime:0.004521s ]

[ 2019-10-18T23:07:15+08:00 ] ::1 /xunmi/index.php/Home/Userlogin/logout
INFO: [ app_init ] --START--
INFO: Run Behavior\BuildLiteBehavior [ RunTime:0.000029s ]
INFO: [ app_init ] --END-- [ RunTime:0.000698s ]
INFO: [ app_begin ] --START--
INFO: Run Behavior\ReadHtmlCacheBehavior [ RunTime:0.001096s ]
INFO: [ app_begin ] --END-- [ RunTime:0.001294s ]
INFO: [ view_parse ] --START--
INFO: [ template_filter ] --START--
INFO: Run Behavior\ContentReplaceBehavior [ RunTime:0.000110s ]
INFO: [ template_filter ] --END-- [ RunTime:0.000286s ]
INFO: Run Behavior\ParseTemplateBehavior [ RunTime:0.397692s ]
INFO: [ view_parse ] --END-- [ RunTime:0.397884s ]
INFO: [ view_filter ] --START--
INFO: Run Behavior\WriteHtmlCacheBehavior [ RunTime:0.001057s ]
INFO: [ view_filter ] --END-- [ RunTime:0.001267s ]
INFO: [ app_end ] --START--
INFO: Run Behavior\ShowPageTraceBehavior [ RunTime:0.001079s ]
INFO: [ app_end ] --END-- [ RunTime:0.001236s ]

[ 2019-10-18T23:07:16+08:00 ] ::1 /xunmi/index.php/Home/Userlogin/login.html
INFO: [ app_init ] --START--
INFO: Run Behavior\BuildLiteBehavior [ RunTime:0.000032s ]
INFO: [ app_init ] --END-- [ RunTime:0.000898s ]
INFO: [ app_begin ] --START--
INFO: Run Behavior\ReadHtmlCacheBehavior [ RunTime:0.003993s ]
INFO: [ app_begin ] --END-- [ RunTime:0.004365s ]
SQL: SHOW COLUMNS FROM `xm_hot` [ RunTime:0.0366s ]
SQL: SELECT COUNT(*) AS tp_count FROM `xm_hot` LIMIT 1   [ RunTime:0.0008s ]
SQL: SELECT * FROM `xm_hot` LIMIT 0,8   [ RunTime:0.0019s ]
INFO: [ view_parse ] --START--
INFO: [ template_filter ] --START--
INFO: Run Behavior\ContentReplaceBehavior [ RunTime:0.000239s ]
INFO: [ template_filter ] --END-- [ RunTime:0.000539s ]
NOTIC: [8] Undefined index: sou D:\wamp\wamp\www\xunmi\Application\Runtime\Cache\Home\b5299faaee9c703b824adad03d469372.php 第 149 行.
NOTIC: [8] Undefined index: zan D:\wamp\wamp\www\xunmi\Application\Runtime\Cache\Home\b5299faaee9c703b824adad03d469372.php 第 215 行.
NOTIC: [8] Undefined index: collection D:\wamp\wamp\www\xunmi\Application\Runtime\Cache\Home\b5299faaee9c703b824adad03d469372.php 第 217 行.
NOTIC: [8] Undefined index: zan D:\wamp\wamp\www\xunmi\Application\Runtime\Cache\Home\b5299faaee9c703b824adad03d469372.php 第 215 行.
NOTIC: [8] Undefined index: collection D:\wamp\wamp\www\xunmi\Application\Runtime\Cache\Home\b5299faaee9c703b824adad03d469372.php 第 217 行.
NOTIC: [8] Undefined index: zan D:\wamp\wamp\www\xunmi\Application\Runtime\Cache\Home\b5299faaee9c703b824adad03d469372.php 第 215 行.
NOTIC: [8] Undefined index: collection D:\wamp\wamp\www\xunmi\Application\Runtime\Cache\Home\b5299faaee9c703b824adad03d469372.php 第 217 行.
NOTIC: [8] Undefined index: zan D:\wamp\wamp\www\xunmi\Application\Runtime\Cache\Home\b5299faaee9c703b824adad03d469372.php 第 215 行.
NOTIC: [8] Undefined index: collection D:\wamp\wamp\www\xunmi\Application\Runtime\Cache\Home\b5299faaee9c703b824adad03d469372.php 第 217 行.
NOTIC: [8] Undefined index: zan D:\wamp\wamp\www\xunmi\Application\Runtime\Cache\Home\b5299faaee9c703b824adad03d469372.php 第 215 行.
NOTIC: [8] Undefined index: collection D:\wamp\wamp\www\xunmi\Application\Runtime\Cache\Home\b5299faaee9c703b824adad03d469372.php 第 217 行.
NOTIC: [8] Undefined index: zan D:\wamp\wamp\www\xunmi\Application\Runtime\Cache\Home\b5299faaee9c703b824adad03d469372.php 第 215 行.
NOTIC: [8] Undefined index: collection D:\wamp\wamp\www\xunmi\Application\Runtime\Cache\Home\b5299faaee9c703b824adad03d469372.php 第 217 行.
NOTIC: [8] Undefined index: zan D:\wamp\wamp\www\xunmi\Application\Runtime\Cache\Home\b5299faaee9c703b824adad03d469372.php 第 215 行.
NOTIC: [8] Undefined index: collection D:\wamp\wamp\www\xunmi\Application\Runtime\Cache\Home\b5299faaee9c703b824adad03d469372.php 第 217 行.
NOTIC: [8] Undefined index: zan D:\wamp\wamp\www\xunmi\Application\Runtime\Cache\Home\b5299faaee9c703b824adad03d469372.php 第 215 行.
NOTIC: [8] Undefined index: collection D:\wamp\wamp\www\xunmi\Application\Runtime\Cache\Home\b5299faaee9c703b824adad03d469372.php 第 217 行.
INFO: Run Behavior\ParseTemplateBehavior [ RunTime:0.230767s ]
INFO: [ view_parse ] --END-- [ RunTime:0.230933s ]
INFO: [ view_filter ] --START--
INFO: Run Behavior\WriteHtmlCacheBehavior [ RunTime:0.000977s ]
INFO: [ view_filter ] --END-- [ RunTime:0.001105s ]
INFO: [ app_end ] --START--
INFO: Run Behavior\ShowPageTraceBehavior [ RunTime:0.002164s ]
INFO: [ app_end ] --END-- [ RunTime:0.002512s ]

[ 2019-10-18T23:07:20+08:00 ] ::1 /xunmi/index.php/Home/Userlogin/login.html
INFO: [ app_init ] --START--
INFO: Run Behavior\BuildLiteBehavior [ RunTime:0.000029s ]
INFO: [ app_init ] --END-- [ RunTime:0.000675s ]
INFO: [ app_begin ] --START--
INFO: Run Behavior\ReadHtmlCacheBehavior [ RunTime:0.001677s ]
INFO: [ app_begin ] --END-- [ RunTime:0.001954s ]
SQL: SHOW COLUMNS FROM `xm_hot` [ RunTime:0.1214s ]
SQL: SELECT COUNT(*) AS tp_count FROM `xm_hot` LIMIT 1   [ RunTime:0.0005s ]
SQL: SELECT * FROM `xm_hot` LIMIT 0,8   [ RunTime:0.0011s ]
SQL: SHOW COLUMNS FROM `xm_user` [ RunTime:0.0135s ]
SQL: SELECT * FROM `xm_user` WHERE `username` = 'wang2' AND `user_password` = '2' LIMIT 1   [ RunTime:0.0004s ]

[ 2019-10-18T23:07:21+08:00 ] ::1 /xunmi/index.php/Home/Index/index.html
INFO: [ app_init ] --START--
INFO: Run Behavior\BuildLiteBehavior [ RunTime:0.000028s ]
INFO: [ app_init ] --END-- [ RunTime:0.000733s ]
INFO: [ app_begin ] --START--
INFO: Run Behavior\ReadHtmlCacheBehavior [ RunTime:0.001007s ]
INFO: [ app_begin ] --END-- [ RunTime:0.001138s ]
SQL: SHOW COLUMNS FROM `xm_hot` [ RunTime:0.0102s ]
SQL: SELECT COUNT(*) AS tp_count FROM `xm_hot` LIMIT 1   [ RunTime:0.0005s ]
SQL: SELECT * FROM `xm_hot` LEFT JOIN xm_pros on xm_hot.h_id=xm_pros.ho_id and xm_pros.user_id='3' LEFT JOIN xm_collection ON xm_hot.h_id=xm_collection.ho_id and xm_collection.user_id='3'  ORDER BY h_id asc LIMIT 0,8   [ RunTime:0.0224s ]
SQL: SHOW COLUMNS FROM `xm_feedback` [ RunTime:0.0130s ]
INFO: [ view_parse ] --START--
INFO: [ template_filter ] --START--
INFO: Run Behavior\ContentReplaceBehavior [ RunTime:0.000155s ]
INFO: [ template_filter ] --END-- [ RunTime:0.000315s ]
INFO: Run Behavior\ParseTemplateBehavior [ RunTime:0.059460s ]
INFO: [ view_parse ] --END-- [ RunTime:0.059639s ]
INFO: [ view_filter ] --START--
INFO: Run Behavior\WriteHtmlCacheBehavior [ RunTime:0.000975s ]
INFO: [ view_filter ] --END-- [ RunTime:0.001109s ]
INFO: [ app_end ] --START--
INFO: Run Behavior\ShowPageTraceBehavior [ RunTime:0.001800s ]
INFO: [ app_end ] --END-- [ RunTime:0.002033s ]

[ 2019-10-18T23:07:24+08:00 ] ::1 /xunmi/index.php/Home/Question/index
INFO: [ app_init ] --START--
INFO: Run Behavior\BuildLiteBehavior [ RunTime:0.000028s ]
INFO: [ app_init ] --END-- [ RunTime:0.000741s ]
INFO: [ app_begin ] --START--
INFO: Run Behavior\ReadHtmlCacheBehavior [ RunTime:0.001067s ]
INFO: [ app_begin ] --END-- [ RunTime:0.001232s ]
SQL: SHOW COLUMNS FROM `xm_question` [ RunTime:0.0202s ]
SQL: SELECT * FROM `xm_question` WHERE ( user_id ='3' ) AND `q_que` is not null and q_que!=""  [ RunTime:0.0005s ]
SQL: SELECT * FROM `xm_question` WHERE `q_que` is not null and q_que!=""  [ RunTime:0.0004s ]
SQL: SELECT * FROM `xm_question` WHERE ( user_id ='3' ) AND `q_ans` is not null and q_ans!=""  [ RunTime:0.0005s ]
INFO: [ view_parse ] --START--
INFO: [ template_filter ] --START--
INFO: Run Behavior\ContentReplaceBehavior [ RunTime:0.000152s ]
INFO: [ template_filter ] --END-- [ RunTime:0.000299s ]
INFO: Run Behavior\ParseTemplateBehavior [ RunTime:0.125907s ]
INFO: [ view_parse ] --END-- [ RunTime:0.126113s ]
INFO: [ view_filter ] --START--
INFO: Run Behavior\WriteHtmlCacheBehavior [ RunTime:0.000868s ]
INFO: [ view_filter ] --END-- [ RunTime:0.000988s ]
INFO: [ app_end ] --START--
INFO: Run Behavior\ShowPageTraceBehavior [ RunTime:0.003189s ]
INFO: [ app_end ] --END-- [ RunTime:0.003516s ]

[ 2019-10-18T23:28:29+08:00 ] ::1 /xunmi/index.php/Home/Question/index
INFO: [ app_init ] --START--
INFO: Run Behavior\BuildLiteBehavior [ RunTime:0.000031s ]
INFO: [ app_init ] --END-- [ RunTime:0.000681s ]
INFO: [ app_begin ] --START--
INFO: Run Behavior\ReadHtmlCacheBehavior [ RunTime:0.001037s ]
INFO: [ app_begin ] --END-- [ RunTime:0.001172s ]
SQL: SHOW COLUMNS FROM `xm_question` [ RunTime:0.0496s ]
SQL: SELECT * FROM `xm_question` WHERE ( user_id ='3' ) AND `q_que` is not null and q_que!=""  [ RunTime:0.0006s ]
SQL: SELECT * FROM `xm_question` WHERE `q_que` is not null and q_que!=""  [ RunTime:0.0006s ]
SQL: SELECT * FROM `xm_question` WHERE ( user_id ='3' ) AND `q_ans` is not null and q_ans!=""  [ RunTime:0.0006s ]
INFO: [ view_parse ] --START--
INFO: [ template_filter ] --START--
INFO: Run Behavior\ContentReplaceBehavior [ RunTime:0.000244s ]
INFO: [ template_filter ] --END-- [ RunTime:0.000447s ]
INFO: Run Behavior\ParseTemplateBehavior [ RunTime:2.019900s ]
INFO: [ view_parse ] --END-- [ RunTime:2.020051s ]
INFO: [ view_filter ] --START--
INFO: Run Behavior\WriteHtmlCacheBehavior [ RunTime:0.000842s ]
INFO: [ view_filter ] --END-- [ RunTime:0.000960s ]
INFO: [ app_end ] --START--
INFO: Run Behavior\ShowPageTraceBehavior [ RunTime:0.001679s ]
INFO: [ app_end ] --END-- [ RunTime:0.001906s ]

[ 2019-10-18T23:30:15+08:00 ] ::1 /xunmi/index.php/Home/Question/index
INFO: [ app_init ] --START--
INFO: Run Behavior\BuildLiteBehavior [ RunTime:0.000033s ]
INFO: [ app_init ] --END-- [ RunTime:0.000639s ]
INFO: [ app_begin ] --START--
INFO: Run Behavior\ReadHtmlCacheBehavior [ RunTime:0.001575s ]
INFO: [ app_begin ] --END-- [ RunTime:0.001790s ]
SQL: SHOW COLUMNS FROM `xm_question` [ RunTime:0.0250s ]
SQL: SELECT * FROM `xm_question` WHERE ( user_id ='3' ) AND `q_que` is not null and q_que!=""  [ RunTime:0.0004s ]
SQL: SELECT * FROM `xm_question` WHERE `q_que` is not null and q_que!=""  [ RunTime:0.0003s ]
SQL: SELECT * FROM `xm_question` WHERE ( user_id ='3' ) AND `q_ans` is not null and q_ans!=""  [ RunTime:0.0003s ]
INFO: [ view_parse ] --START--
INFO: [ template_filter ] --START--
INFO: Run Behavior\ContentReplaceBehavior [ RunTime:0.000249s ]
INFO: [ template_filter ] --END-- [ RunTime:0.000502s ]
INFO: Run Behavior\ParseTemplateBehavior [ RunTime:0.113599s ]
INFO: [ view_parse ] --END-- [ RunTime:0.113755s ]
INFO: [ view_filter ] --START--
INFO: Run Behavior\WriteHtmlCacheBehavior [ RunTime:0.000727s ]
INFO: [ view_filter ] --END-- [ RunTime:0.000866s ]
INFO: [ app_end ] --START--
INFO: Run Behavior\ShowPageTraceBehavior [ RunTime:0.001915s ]
INFO: [ app_end ] --END-- [ RunTime:0.002153s ]

[ 2019-10-18T23:33:07+08:00 ] ::1 /xunmi/index.php/Home/Question/index
INFO: [ app_init ] --START--
INFO: Run Behavior\BuildLiteBehavior [ RunTime:0.000027s ]
INFO: [ app_init ] --END-- [ RunTime:0.000728s ]
INFO: [ app_begin ] --START--
INFO: Run Behavior\ReadHtmlCacheBehavior [ RunTime:0.002017s ]
INFO: [ app_begin ] --END-- [ RunTime:0.002537s ]
SQL: SHOW COLUMNS FROM `xm_question` [ RunTime:0.0175s ]
SQL: SELECT * FROM `xm_question` WHERE ( user_id ='3' ) AND `q_que` is not null and q_que!=""  [ RunTime:0.0005s ]
SQL: SELECT * FROM `xm_question` WHERE `q_que` is not null and q_que!=""  [ RunTime:0.0005s ]
SQL: SELECT * FROM `xm_question` WHERE ( user_id ='3' ) AND `q_ans` is not null and q_ans!=""  [ RunTime:0.0005s ]
INFO: [ view_parse ] --START--
INFO: [ template_filter ] --START--
INFO: Run Behavior\ContentReplaceBehavior [ RunTime:0.000148s ]
INFO: [ template_filter ] --END-- [ RunTime:0.000291s ]
INFO: Run Behavior\ParseTemplateBehavior [ RunTime:0.080695s ]
INFO: [ view_parse ] --END-- [ RunTime:0.080880s ]
INFO: [ view_filter ] --START--
INFO: Run Behavior\WriteHtmlCacheBehavior [ RunTime:0.001570s ]
INFO: [ view_filter ] --END-- [ RunTime:0.001804s ]
INFO: [ app_end ] --START--
INFO: Run Behavior\ShowPageTraceBehavior [ RunTime:0.001843s ]
INFO: [ app_end ] --END-- [ RunTime:0.002043s ]

[ 2019-10-18T23:35:53+08:00 ] ::1 /xunmi/index.php/Home/Userlogin/login.html
INFO: [ app_init ] --START--
INFO: Run Behavior\BuildLiteBehavior [ RunTime:0.000067s ]
INFO: [ app_init ] --END-- [ RunTime:0.001075s ]
INFO: [ app_begin ] --START--
INFO: Run Behavior\ReadHtmlCacheBehavior [ RunTime:0.001417s ]
INFO: [ app_begin ] --END-- [ RunTime:0.001631s ]
SQL: SHOW COLUMNS FROM `xm_hot` [ RunTime:0.1462s ]
SQL: SELECT COUNT(*) AS tp_count FROM `xm_hot` LIMIT 1   [ RunTime:0.0006s ]
SQL: SELECT * FROM `xm_hot` LIMIT 0,8   [ RunTime:0.0017s ]

[ 2019-10-18T23:35:53+08:00 ] ::1 /xunmi/index.php/Home/Index/index.html
INFO: [ app_init ] --START--
INFO: Run Behavior\BuildLiteBehavior [ RunTime:0.000070s ]
INFO: [ app_init ] --END-- [ RunTime:0.001390s ]
INFO: [ app_begin ] --START--
INFO: Run Behavior\ReadHtmlCacheBehavior [ RunTime:0.003464s ]
INFO: [ app_begin ] --END-- [ RunTime:0.004032s ]
SQL: SHOW COLUMNS FROM `xm_hot` [ RunTime:0.0110s ]
SQL: SELECT COUNT(*) AS tp_count FROM `xm_hot` LIMIT 1   [ RunTime:0.0004s ]
SQL: SELECT * FROM `xm_hot` LEFT JOIN xm_pros on xm_hot.h_id=xm_pros.ho_id and xm_pros.user_id='3' LEFT JOIN xm_collection ON xm_hot.h_id=xm_collection.ho_id and xm_collection.user_id='3'  ORDER BY h_id asc LIMIT 0,8   [ RunTime:0.0840s ]
SQL: SHOW COLUMNS FROM `xm_feedback` [ RunTime:0.0179s ]
INFO: [ view_parse ] --START--
INFO: [ template_filter ] --START--
INFO: Run Behavior\ContentReplaceBehavior [ RunTime:0.000239s ]
INFO: [ template_filter ] --END-- [ RunTime:0.000467s ]
INFO: Run Behavior\ParseTemplateBehavior [ RunTime:0.063519s ]
INFO: [ view_parse ] --END-- [ RunTime:0.063717s ]
INFO: [ view_filter ] --START--
INFO: Run Behavior\WriteHtmlCacheBehavior [ RunTime:0.000926s ]
INFO: [ view_filter ] --END-- [ RunTime:0.001062s ]
INFO: [ app_end ] --START--
INFO: Run Behavior\ShowPageTraceBehavior [ RunTime:0.001854s ]
INFO: [ app_end ] --END-- [ RunTime:0.002434s ]

[ 2019-10-18T23:36:53+08:00 ] ::1 /xunmi/index.php/Home/Userlogin/login.html
INFO: [ app_init ] --START--
INFO: Run Behavior\BuildLiteBehavior [ RunTime:0.000057s ]
INFO: [ app_init ] --END-- [ RunTime:0.001323s ]
INFO: [ app_begin ] --START--
INFO: Run Behavior\ReadHtmlCacheBehavior [ RunTime:0.001652s ]
INFO: [ app_begin ] --END-- [ RunTime:0.001916s ]
SQL: SHOW COLUMNS FROM `xm_hot` [ RunTime:0.1736s ]
SQL: SELECT COUNT(*) AS tp_count FROM `xm_hot` LIMIT 1   [ RunTime:0.0006s ]
SQL: SELECT * FROM `xm_hot` LIMIT 0,8   [ RunTime:0.0012s ]

[ 2019-10-18T23:36:53+08:00 ] ::1 /xunmi/index.php/Home/Index/index.html
INFO: [ app_init ] --START--
INFO: Run Behavior\BuildLiteBehavior [ RunTime:0.000047s ]
INFO: [ app_init ] --END-- [ RunTime:0.000945s ]
INFO: [ app_begin ] --START--
INFO: Run Behavior\ReadHtmlCacheBehavior [ RunTime:0.001009s ]
INFO: [ app_begin ] --END-- [ RunTime:0.001149s ]
SQL: SHOW COLUMNS FROM `xm_hot` [ RunTime:0.0124s ]
SQL: SELECT COUNT(*) AS tp_count FROM `xm_hot` LIMIT 1   [ RunTime:0.0004s ]
SQL: SELECT * FROM `xm_hot` LEFT JOIN xm_pros on xm_hot.h_id=xm_pros.ho_id and xm_pros.user_id='3' LEFT JOIN xm_collection ON xm_hot.h_id=xm_collection.ho_id and xm_collection.user_id='3'  ORDER BY h_id asc LIMIT 0,8   [ RunTime:0.0268s ]
SQL: SHOW COLUMNS FROM `xm_feedback` [ RunTime:0.0126s ]
INFO: [ view_parse ] --START--
INFO: [ template_filter ] --START--
INFO: Run Behavior\ContentReplaceBehavior [ RunTime:0.000139s ]
INFO: [ template_filter ] --END-- [ RunTime:0.000276s ]
INFO: Run Behavior\ParseTemplateBehavior [ RunTime:0.044765s ]
INFO: [ view_parse ] --END-- [ RunTime:0.044957s ]
INFO: [ view_filter ] --START--
INFO: Run Behavior\WriteHtmlCacheBehavior [ RunTime:0.000883s ]
INFO: [ view_filter ] --END-- [ RunTime:0.001017s ]
INFO: [ app_end ] --START--
INFO: Run Behavior\ShowPageTraceBehavior [ RunTime:0.001672s ]
INFO: [ app_end ] --END-- [ RunTime:0.001958s ]

[ 2019-10-18T23:36:58+08:00 ] ::1 /xunmi/index.php/Home/Share/lst
INFO: [ app_init ] --START--
INFO: Run Behavior\BuildLiteBehavior [ RunTime:0.000030s ]
INFO: [ app_init ] --END-- [ RunTime:0.000627s ]
INFO: [ app_begin ] --START--
INFO: Run Behavior\ReadHtmlCacheBehavior [ RunTime:0.001162s ]
INFO: [ app_begin ] --END-- [ RunTime:0.001753s ]
SQL: SHOW COLUMNS FROM `xm_share` [ RunTime:0.0688s ]
INFO: [ view_parse ] --START--
INFO: [ template_filter ] --START--
INFO: Run Behavior\ContentReplaceBehavior [ RunTime:0.000161s ]
INFO: [ template_filter ] --END-- [ RunTime:0.000318s ]
INFO: Run Behavior\ParseTemplateBehavior [ RunTime:0.082061s ]
INFO: [ view_parse ] --END-- [ RunTime:0.082253s ]
INFO: [ view_filter ] --START--
INFO: Run Behavior\WriteHtmlCacheBehavior [ RunTime:0.000817s ]
INFO: [ view_filter ] --END-- [ RunTime:0.000943s ]
INFO: [ app_end ] --START--
INFO: Run Behavior\ShowPageTraceBehavior [ RunTime:0.005864s ]
INFO: [ app_end ] --END-- [ RunTime:0.006545s ]

[ 2019-10-18T23:37:01+08:00 ] ::1 /xunmi/index.php/Home/Share/lst
INFO: [ app_init ] --START--
INFO: Run Behavior\BuildLiteBehavior [ RunTime:0.000052s ]
INFO: [ app_init ] --END-- [ RunTime:0.000981s ]
INFO: [ app_begin ] --START--
INFO: Run Behavior\ReadHtmlCacheBehavior [ RunTime:0.001367s ]
INFO: [ app_begin ] --END-- [ RunTime:0.001676s ]
SQL: SHOW COLUMNS FROM `xm_share` [ RunTime:0.0317s ]
INFO: [ view_parse ] --START--
INFO: [ template_filter ] --START--
INFO: Run Behavior\ContentReplaceBehavior [ RunTime:0.000231s ]
INFO: [ template_filter ] --END-- [ RunTime:0.000477s ]
INFO: Run Behavior\ParseTemplateBehavior [ RunTime:0.068621s ]
INFO: [ view_parse ] --END-- [ RunTime:0.068772s ]
INFO: [ view_filter ] --START--
INFO: Run Behavior\WriteHtmlCacheBehavior [ RunTime:0.000773s ]
INFO: [ view_filter ] --END-- [ RunTime:0.000900s ]
INFO: [ app_end ] --START--
INFO: Run Behavior\ShowPageTraceBehavior [ RunTime:0.002734s ]
INFO: [ app_end ] --END-- [ RunTime:0.002930s ]

[ 2019-10-18T23:38:03+08:00 ] ::1 /xunmi/index.php/Home/Share/lst
INFO: [ app_init ] --START--
INFO: Run Behavior\BuildLiteBehavior [ RunTime:0.000053s ]
INFO: [ app_init ] --END-- [ RunTime:0.000788s ]
INFO: [ app_begin ] --START--
INFO: Run Behavior\ReadHtmlCacheBehavior [ RunTime:0.000959s ]
INFO: [ app_begin ] --END-- [ RunTime:0.001188s ]
SQL: SHOW COLUMNS FROM `xm_share` [ RunTime:0.0172s ]
INFO: [ view_parse ] --START--
INFO: [ template_filter ] --START--
INFO: Run Behavior\ContentReplaceBehavior [ RunTime:0.000134s ]
INFO: [ template_filter ] --END-- [ RunTime:0.000268s ]
INFO: Run Behavior\ParseTemplateBehavior [ RunTime:0.044366s ]
INFO: [ view_parse ] --END-- [ RunTime:0.044600s ]
INFO: [ view_filter ] --START--
INFO: Run Behavior\WriteHtmlCacheBehavior [ RunTime:0.000798s ]
INFO: [ view_filter ] --END-- [ RunTime:0.001008s ]
INFO: [ app_end ] --START--
INFO: Run Behavior\ShowPageTraceBehavior [ RunTime:0.001400s ]
INFO: [ app_end ] --END-- [ RunTime:0.001632s ]

[ 2019-10-18T23:38:07+08:00 ] ::1 /xunmi/index.php/Home/Question/index
INFO: [ app_init ] --START--
INFO: Run Behavior\BuildLiteBehavior [ RunTime:0.000028s ]
INFO: [ app_init ] --END-- [ RunTime:0.000670s ]
INFO: [ app_begin ] --START--
INFO: Run Behavior\ReadHtmlCacheBehavior [ RunTime:0.000718s ]
INFO: [ app_begin ] --END-- [ RunTime:0.000852s ]
SQL: SHOW COLUMNS FROM `xm_question` [ RunTime:0.0188s ]
SQL: SELECT * FROM `xm_question` WHERE ( user_id ='3' ) AND `q_que` is not null and q_que!=""  [ RunTime:0.0005s ]
SQL: SELECT * FROM `xm_question` WHERE `q_que` is not null and q_que!=""  [ RunTime:0.0011s ]
SQL: SELECT * FROM `xm_question` WHERE ( user_id ='3' ) AND `q_ans` is not null and q_ans!=""  [ RunTime:0.0005s ]
INFO: [ view_parse ] --START--
INFO: [ template_filter ] --START--
INFO: Run Behavior\ContentReplaceBehavior [ RunTime:0.000137s ]
INFO: [ template_filter ] --END-- [ RunTime:0.000320s ]
INFO: Run Behavior\ParseTemplateBehavior [ RunTime:0.124094s ]
INFO: [ view_parse ] --END-- [ RunTime:0.124234s ]
INFO: [ view_filter ] --START--
INFO: Run Behavior\WriteHtmlCacheBehavior [ RunTime:0.000623s ]
INFO: [ view_filter ] --END-- [ RunTime:0.000742s ]
INFO: [ app_end ] --START--
INFO: Run Behavior\ShowPageTraceBehavior [ RunTime:0.000927s ]
INFO: [ app_end ] --END-- [ RunTime:0.001068s ]

[ 2019-10-18T23:38:49+08:00 ] ::1 /xunmi/index.php/Home/Question/index
INFO: [ app_init ] --START--
INFO: Run Behavior\BuildLiteBehavior [ RunTime:0.000044s ]
INFO: [ app_init ] --END-- [ RunTime:0.000835s ]
INFO: [ app_begin ] --START--
INFO: Run Behavior\ReadHtmlCacheBehavior [ RunTime:0.001071s ]
INFO: [ app_begin ] --END-- [ RunTime:0.001246s ]
SQL: SHOW COLUMNS FROM `xm_question` [ RunTime:0.0203s ]
SQL: SELECT * FROM `xm_question` WHERE ( user_id ='3' ) AND `q_que` is not null and q_que!=""  [ RunTime:0.0005s ]
SQL: SELECT * FROM `xm_question` WHERE `q_que` is not null and q_que!=""  [ RunTime:0.0004s ]
SQL: SELECT * FROM `xm_question` WHERE ( user_id ='3' ) AND `q_ans` is not null and q_ans!=""  [ RunTime:0.0004s ]
INFO: [ view_parse ] --START--
INFO: [ template_filter ] --START--
INFO: Run Behavior\ContentReplaceBehavior [ RunTime:0.000147s ]
INFO: [ template_filter ] --END-- [ RunTime:0.000283s ]
INFO: Run Behavior\ParseTemplateBehavior [ RunTime:0.083197s ]
INFO: [ view_parse ] --END-- [ RunTime:0.083439s ]
INFO: [ view_filter ] --START--
INFO: Run Behavior\WriteHtmlCacheBehavior [ RunTime:0.001282s ]
INFO: [ view_filter ] --END-- [ RunTime:0.001433s ]
INFO: [ app_end ] --START--
INFO: Run Behavior\ShowPageTraceBehavior [ RunTime:0.001977s ]
INFO: [ app_end ] --END-- [ RunTime:0.002282s ]

[ 2019-10-18T23:39:37+08:00 ] ::1 /xunmi/index.php/Home/Question/index
INFO: [ app_init ] --START--
INFO: Run Behavior\BuildLiteBehavior [ RunTime:0.000032s ]
INFO: [ app_init ] --END-- [ RunTime:0.000783s ]
INFO: [ app_begin ] --START--
INFO: Run Behavior\ReadHtmlCacheBehavior [ RunTime:0.001072s ]
INFO: [ app_begin ] --END-- [ RunTime:0.001295s ]
SQL: SHOW COLUMNS FROM `xm_question` [ RunTime:0.0205s ]
SQL: SELECT * FROM `xm_question` WHERE ( user_id ='3' ) AND `q_que` is not null and q_que!=""  [ RunTime:0.0004s ]
SQL: SELECT * FROM `xm_question` WHERE `q_que` is not null and q_que!=""  [ RunTime:0.0003s ]
SQL: SELECT * FROM `xm_question` WHERE ( user_id ='3' ) AND `q_ans` is not null and q_ans!=""  [ RunTime:0.0003s ]
INFO: [ view_parse ] --START--
INFO: [ template_filter ] --START--
INFO: Run Behavior\ContentReplaceBehavior [ RunTime:0.000142s ]
INFO: [ template_filter ] --END-- [ RunTime:0.000305s ]
INFO: Run Behavior\ParseTemplateBehavior [ RunTime:0.087959s ]
INFO: [ view_parse ] --END-- [ RunTime:0.088138s ]
INFO: [ view_filter ] --START--
INFO: Run Behavior\WriteHtmlCacheBehavior [ RunTime:0.000791s ]
INFO: [ view_filter ] --END-- [ RunTime:0.000919s ]
INFO: [ app_end ] --START--
INFO: Run Behavior\ShowPageTraceBehavior [ RunTime:0.001693s ]
INFO: [ app_end ] --END-- [ RunTime:0.001899s ]

[ 2019-10-18T23:40:39+08:00 ] ::1 /xunmi/index.php/Home/Question/index
INFO: [ app_init ] --START--
INFO: Run Behavior\BuildLiteBehavior [ RunTime:0.000027s ]
INFO: [ app_init ] --END-- [ RunTime:0.000714s ]
INFO: [ app_begin ] --START--
INFO: Run Behavior\ReadHtmlCacheBehavior [ RunTime:0.002111s ]
INFO: [ app_begin ] --END-- [ RunTime:0.002264s ]
SQL: SHOW COLUMNS FROM `xm_question` [ RunTime:0.0181s ]
SQL: SELECT * FROM `xm_question` WHERE ( user_id ='3' ) AND `q_que` is not null and q_que!=""  [ RunTime:0.0006s ]
SQL: SELECT * FROM `xm_question` WHERE `q_que` is not null and q_que!=""  [ RunTime:0.0005s ]
SQL: SELECT * FROM `xm_question` WHERE ( user_id ='3' ) AND `q_ans` is not null and q_ans!=""  [ RunTime:0.0004s ]
INFO: [ view_parse ] --START--
INFO: [ template_filter ] --START--
INFO: Run Behavior\ContentReplaceBehavior [ RunTime:0.000164s ]
INFO: [ template_filter ] --END-- [ RunTime:0.000296s ]
INFO: Run Behavior\ParseTemplateBehavior [ RunTime:0.122908s ]
INFO: [ view_parse ] --END-- [ RunTime:0.123048s ]
INFO: [ view_filter ] --START--
INFO: Run Behavior\WriteHtmlCacheBehavior [ RunTime:0.000822s ]
INFO: [ view_filter ] --END-- [ RunTime:0.000942s ]
INFO: [ app_end ] --START--
INFO: Run Behavior\ShowPageTraceBehavior [ RunTime:0.001801s ]
INFO: [ app_end ] --END-- [ RunTime:0.002086s ]

[ 2019-10-18T23:42:08+08:00 ] ::1 /xunmi/index.php/Home/Question/index
INFO: [ app_init ] --START--
INFO: Run Behavior\BuildLiteBehavior [ RunTime:0.000032s ]
INFO: [ app_init ] --END-- [ RunTime:0.000859s ]
INFO: [ app_begin ] --START--
INFO: Run Behavior\ReadHtmlCacheBehavior [ RunTime:0.001176s ]
INFO: [ app_begin ] --END-- [ RunTime:0.001395s ]
SQL: SHOW COLUMNS FROM `xm_question` [ RunTime:0.0550s ]
SQL: SELECT * FROM `xm_question` WHERE ( user_id ='3' ) AND `q_que` is not null and q_que!=""  [ RunTime:0.0004s ]
SQL: SELECT * FROM `xm_question` WHERE `q_que` is not null and q_que!=""  [ RunTime:0.0004s ]
SQL: SELECT * FROM `xm_question` WHERE ( user_id ='3' ) AND `q_ans` is not null and q_ans!=""  [ RunTime:0.0003s ]
INFO: [ view_parse ] --START--
INFO: [ template_filter ] --START--
INFO: Run Behavior\ContentReplaceBehavior [ RunTime:0.000177s ]
INFO: [ template_filter ] --END-- [ RunTime:0.000306s ]
INFO: Run Behavior\ParseTemplateBehavior [ RunTime:0.080943s ]
INFO: [ view_parse ] --END-- [ RunTime:0.081086s ]
INFO: [ view_filter ] --START--
INFO: Run Behavior\WriteHtmlCacheBehavior [ RunTime:0.000826s ]
INFO: [ view_filter ] --END-- [ RunTime:0.000946s ]
INFO: [ app_end ] --START--
INFO: Run Behavior\ShowPageTraceBehavior [ RunTime:0.001736s ]
INFO: [ app_end ] --END-- [ RunTime:0.001936s ]

[ 2019-10-18T23:42:46+08:00 ] ::1 /xunmi/index.php/Home/Question/index
INFO: [ app_init ] --START--
INFO: Run Behavior\BuildLiteBehavior [ RunTime:0.000033s ]
INFO: [ app_init ] --END-- [ RunTime:0.000790s ]
INFO: [ app_begin ] --START--
INFO: Run Behavior\ReadHtmlCacheBehavior [ RunTime:0.000905s ]
INFO: [ app_begin ] --END-- [ RunTime:0.001050s ]
SQL: SHOW COLUMNS FROM `xm_question` [ RunTime:0.0182s ]
SQL: SELECT * FROM `xm_question` WHERE ( user_id ='3' ) AND `q_que` is not null and q_que!=""  [ RunTime:0.0005s ]
SQL: SELECT * FROM `xm_question` WHERE `q_que` is not null and q_que!=""  [ RunTime:0.0004s ]
SQL: SELECT * FROM `xm_question` WHERE ( user_id ='3' ) AND `q_ans` is not null and q_ans!=""  [ RunTime:0.0003s ]
INFO: [ view_parse ] --START--
INFO: [ template_filter ] --START--
INFO: Run Behavior\ContentReplaceBehavior [ RunTime:0.000134s ]
INFO: [ template_filter ] --END-- [ RunTime:0.000260s ]
INFO: Run Behavior\ParseTemplateBehavior [ RunTime:0.081825s ]
INFO: [ view_parse ] --END-- [ RunTime:0.081977s ]
INFO: [ view_filter ] --START--
INFO: Run Behavior\WriteHtmlCacheBehavior [ RunTime:0.000906s ]
INFO: [ view_filter ] --END-- [ RunTime:0.001057s ]
INFO: [ app_end ] --START--
INFO: Run Behavior\ShowPageTraceBehavior [ RunTime:0.001698s ]
INFO: [ app_end ] --END-- [ RunTime:0.001941s ]

[ 2019-10-18T23:42:55+08:00 ] ::1 /xunmi/index.php/Home/Question/index
INFO: [ app_init ] --START--
INFO: Run Behavior\BuildLiteBehavior [ RunTime:0.000030s ]
INFO: [ app_init ] --END-- [ RunTime:0.000781s ]
INFO: [ app_begin ] --START--
INFO: Run Behavior\ReadHtmlCacheBehavior [ RunTime:0.000875s ]
INFO: [ app_begin ] --END-- [ RunTime:0.001015s ]
SQL: SHOW COLUMNS FROM `xm_question` [ RunTime:0.0162s ]
SQL: SELECT * FROM `xm_question` WHERE ( user_id ='3' ) AND `q_que` is not null and q_que!=""  [ RunTime:0.0004s ]
SQL: SELECT * FROM `xm_question` WHERE `q_que` is not null and q_que!=""  [ RunTime:0.0005s ]
SQL: SELECT * FROM `xm_question` WHERE ( user_id ='3' ) AND `q_ans` is not null and q_ans!=""  [ RunTime:0.0004s ]
INFO: [ view_parse ] --START--
INFO: [ template_filter ] --START--
INFO: Run Behavior\ContentReplaceBehavior [ RunTime:0.000169s ]
INFO: [ template_filter ] --END-- [ RunTime:0.000340s ]
INFO: Run Behavior\ParseTemplateBehavior [ RunTime:0.079767s ]
INFO: [ view_parse ] --END-- [ RunTime:0.079905s ]
INFO: [ view_filter ] --START--
INFO: Run Behavior\WriteHtmlCacheBehavior [ RunTime:0.000683s ]
INFO: [ view_filter ] --END-- [ RunTime:0.000799s ]
INFO: [ app_end ] --START--
INFO: Run Behavior\ShowPageTraceBehavior [ RunTime:0.001368s ]
INFO: [ app_end ] --END-- [ RunTime:0.001612s ]

[ 2019-10-18T23:43:35+08:00 ] ::1 /xunmi/index.php/Home/Question/index
INFO: [ app_init ] --START--
INFO: Run Behavior\BuildLiteBehavior [ RunTime:0.000030s ]
INFO: [ app_init ] --END-- [ RunTime:0.000742s ]
INFO: [ app_begin ] --START--
INFO: Run Behavior\ReadHtmlCacheBehavior [ RunTime:0.000899s ]
INFO: [ app_begin ] --END-- [ RunTime:0.001039s ]
SQL: SHOW COLUMNS FROM `xm_question` [ RunTime:0.0226s ]
SQL: SELECT * FROM `xm_question` WHERE ( user_id ='3' ) AND `q_que` is not null and q_que!=""  [ RunTime:0.0007s ]
SQL: SELECT * FROM `xm_question` WHERE `q_que` is not null and q_que!=""  [ RunTime:0.0030s ]
SQL: SELECT * FROM `xm_question` WHERE ( user_id ='3' ) AND `q_ans` is not null and q_ans!=""  [ RunTime:0.0006s ]
INFO: [ view_parse ] --START--
INFO: [ template_filter ] --START--
INFO: Run Behavior\ContentReplaceBehavior [ RunTime:0.000213s ]
INFO: [ template_filter ] --END-- [ RunTime:0.000407s ]
INFO: Run Behavior\ParseTemplateBehavior [ RunTime:0.135309s ]
INFO: [ view_parse ] --END-- [ RunTime:0.135546s ]
INFO: [ view_filter ] --START--
INFO: Run Behavior\WriteHtmlCacheBehavior [ RunTime:0.000725s ]
INFO: [ view_filter ] --END-- [ RunTime:0.000853s ]
INFO: [ app_end ] --START--
INFO: Run Behavior\ShowPageTraceBehavior [ RunTime:0.001962s ]
INFO: [ app_end ] --END-- [ RunTime:0.002248s ]

[ 2019-10-18T23:43:56+08:00 ] ::1 /xunmi/index.php/Home/Userlogin/login.html
INFO: [ app_init ] --START--
INFO: Run Behavior\BuildLiteBehavior [ RunTime:0.000048s ]
INFO: [ app_init ] --END-- [ RunTime:0.000871s ]
INFO: [ app_begin ] --START--
INFO: Run Behavior\ReadHtmlCacheBehavior [ RunTime:0.000898s ]
INFO: [ app_begin ] --END-- [ RunTime:0.001039s ]
SQL: SHOW COLUMNS FROM `xm_hot` [ RunTime:0.0211s ]
SQL: SELECT COUNT(*) AS tp_count FROM `xm_hot` LIMIT 1   [ RunTime:0.0004s ]
SQL: SELECT * FROM `xm_hot` LIMIT 0,8   [ RunTime:0.0011s ]

[ 2019-10-18T23:43:57+08:00 ] ::1 /xunmi/index.php/Home/Index/index.html
INFO: [ app_init ] --START--
INFO: Run Behavior\BuildLiteBehavior [ RunTime:0.000030s ]
INFO: [ app_init ] --END-- [ RunTime:0.000614s ]
INFO: [ app_begin ] --START--
INFO: Run Behavior\ReadHtmlCacheBehavior [ RunTime:0.000929s ]
INFO: [ app_begin ] --END-- [ RunTime:0.001073s ]
SQL: SHOW COLUMNS FROM `xm_hot` [ RunTime:0.0206s ]
SQL: SELECT COUNT(*) AS tp_count FROM `xm_hot` LIMIT 1   [ RunTime:0.0006s ]
SQL: SELECT * FROM `xm_hot` LEFT JOIN xm_pros on xm_hot.h_id=xm_pros.ho_id and xm_pros.user_id='3' LEFT JOIN xm_collection ON xm_hot.h_id=xm_collection.ho_id and xm_collection.user_id='3'  ORDER BY h_id asc LIMIT 0,8   [ RunTime:0.0322s ]
SQL: SHOW COLUMNS FROM `xm_feedback` [ RunTime:0.0129s ]
INFO: [ view_parse ] --START--
INFO: [ template_filter ] --START--
INFO: Run Behavior\ContentReplaceBehavior [ RunTime:0.000755s ]
INFO: [ template_filter ] --END-- [ RunTime:0.001278s ]
INFO: Run Behavior\ParseTemplateBehavior [ RunTime:0.043944s ]
INFO: [ view_parse ] --END-- [ RunTime:0.044115s ]
INFO: [ view_filter ] --START--
INFO: Run Behavior\WriteHtmlCacheBehavior [ RunTime:0.000774s ]
INFO: [ view_filter ] --END-- [ RunTime:0.000900s ]
INFO: [ app_end ] --START--
INFO: Run Behavior\ShowPageTraceBehavior [ RunTime:0.004622s ]
INFO: [ app_end ] --END-- [ RunTime:0.005468s ]

[ 2019-10-18T23:44:20+08:00 ] ::1 /xunmi/index.php/Home/Userlogin/login.html
INFO: [ app_init ] --START--
INFO: Run Behavior\BuildLiteBehavior [ RunTime:0.000053s ]
INFO: [ app_init ] --END-- [ RunTime:0.001143s ]
INFO: [ app_begin ] --START--
INFO: Run Behavior\ReadHtmlCacheBehavior [ RunTime:0.000966s ]
INFO: [ app_begin ] --END-- [ RunTime:0.001127s ]
SQL: SHOW COLUMNS FROM `xm_hot` [ RunTime:0.0280s ]
SQL: SELECT COUNT(*) AS tp_count FROM `xm_hot` LIMIT 1   [ RunTime:0.0005s ]
SQL: SELECT * FROM `xm_hot` LIMIT 0,8   [ RunTime:0.0012s ]

[ 2019-10-18T23:44:20+08:00 ] ::1 /xunmi/index.php/Home/Index/index.html
INFO: [ app_init ] --START--
INFO: Run Behavior\BuildLiteBehavior [ RunTime:0.000034s ]
INFO: [ app_init ] --END-- [ RunTime:0.001251s ]
INFO: [ app_begin ] --START--
INFO: Run Behavior\ReadHtmlCacheBehavior [ RunTime:0.000960s ]
INFO: [ app_begin ] --END-- [ RunTime:0.001119s ]
SQL: SHOW COLUMNS FROM `xm_hot` [ RunTime:0.0099s ]
SQL: SELECT COUNT(*) AS tp_count FROM `xm_hot` LIMIT 1   [ RunTime:0.0003s ]
SQL: SELECT * FROM `xm_hot` LEFT JOIN xm_pros on xm_hot.h_id=xm_pros.ho_id and xm_pros.user_id='3' LEFT JOIN xm_collection ON xm_hot.h_id=xm_collection.ho_id and xm_collection.user_id='3'  ORDER BY h_id asc LIMIT 0,8   [ RunTime:0.0244s ]
SQL: SHOW COLUMNS FROM `xm_feedback` [ RunTime:0.0127s ]
INFO: [ view_parse ] --START--
INFO: [ template_filter ] --START--
INFO: Run Behavior\ContentReplaceBehavior [ RunTime:0.000149s ]
INFO: [ template_filter ] --END-- [ RunTime:0.000308s ]
INFO: Run Behavior\ParseTemplateBehavior [ RunTime:0.040399s ]
INFO: [ view_parse ] --END-- [ RunTime:0.040545s ]
INFO: [ view_filter ] --START--
INFO: Run Behavior\WriteHtmlCacheBehavior [ RunTime:0.000838s ]
INFO: [ view_filter ] --END-- [ RunTime:0.000967s ]
INFO: [ app_end ] --START--
INFO: Run Behavior\ShowPageTraceBehavior [ RunTime:0.001597s ]
INFO: [ app_end ] --END-- [ RunTime:0.001811s ]

[ 2019-10-18T23:44:24+08:00 ] ::1 /xunmi/index.php/Home/Question/index
INFO: [ app_init ] --START--
INFO: Run Behavior\BuildLiteBehavior [ RunTime:0.000029s ]
INFO: [ app_init ] --END-- [ RunTime:0.000760s ]
INFO: [ app_begin ] --START--
INFO: Run Behavior\ReadHtmlCacheBehavior [ RunTime:0.000922s ]
INFO: [ app_begin ] --END-- [ RunTime:0.001053s ]
SQL: SHOW COLUMNS FROM `xm_question` [ RunTime:0.0194s ]
SQL: SELECT * FROM `xm_question` WHERE ( user_id ='3' ) AND `q_que` is not null and q_que!=""  [ RunTime:0.0007s ]
SQL: SELECT * FROM `xm_question` WHERE `q_que` is not null and q_que!=""  [ RunTime:0.0007s ]
SQL: SELECT * FROM `xm_question` WHERE ( user_id ='3' ) AND `q_ans` is not null and q_ans!=""  [ RunTime:0.0007s ]
INFO: [ view_parse ] --START--
INFO: [ template_filter ] --START--
INFO: Run Behavior\ContentReplaceBehavior [ RunTime:0.000144s ]
INFO: [ template_filter ] --END-- [ RunTime:0.000276s ]
INFO: Run Behavior\ParseTemplateBehavior [ RunTime:0.089362s ]
INFO: [ view_parse ] --END-- [ RunTime:0.089675s ]
INFO: [ view_filter ] --START--
INFO: Run Behavior\WriteHtmlCacheBehavior [ RunTime:0.001762s ]
INFO: [ view_filter ] --END-- [ RunTime:0.001943s ]
INFO: [ app_end ] --START--
INFO: Run Behavior\ShowPageTraceBehavior [ RunTime:0.001627s ]
INFO: [ app_end ] --END-- [ RunTime:0.001939s ]

[ 2019-10-18T23:45:14+08:00 ] ::1 /xunmi/index.php/Home/Userlogin/login.html
INFO: [ app_init ] --START--
INFO: Run Behavior\BuildLiteBehavior [ RunTime:0.000034s ]
INFO: [ app_init ] --END-- [ RunTime:0.001938s ]
INFO: [ app_begin ] --START--
INFO: Run Behavior\ReadHtmlCacheBehavior [ RunTime:0.001024s ]
INFO: [ app_begin ] --END-- [ RunTime:0.001155s ]
SQL: SHOW COLUMNS FROM `xm_hot` [ RunTime:0.0233s ]
SQL: SELECT COUNT(*) AS tp_count FROM `xm_hot` LIMIT 1   [ RunTime:0.0004s ]
SQL: SELECT * FROM `xm_hot` LIMIT 0,8   [ RunTime:0.0011s ]

[ 2019-10-18T23:45:14+08:00 ] ::1 /xunmi/index.php/Home/Index/index.html
INFO: [ app_init ] --START--
INFO: Run Behavior\BuildLiteBehavior [ RunTime:0.000035s ]
INFO: [ app_init ] --END-- [ RunTime:0.001040s ]
INFO: [ app_begin ] --START--
INFO: Run Behavior\ReadHtmlCacheBehavior [ RunTime:0.001196s ]
INFO: [ app_begin ] --END-- [ RunTime:0.001362s ]
SQL: SHOW COLUMNS FROM `xm_hot` [ RunTime:0.0142s ]
SQL: SELECT COUNT(*) AS tp_count FROM `xm_hot` LIMIT 1   [ RunTime:0.0006s ]
SQL: SELECT * FROM `xm_hot` LEFT JOIN xm_pros on xm_hot.h_id=xm_pros.ho_id and xm_pros.user_id='3' LEFT JOIN xm_collection ON xm_hot.h_id=xm_collection.ho_id and xm_collection.user_id='3'  ORDER BY h_id asc LIMIT 0,8   [ RunTime:0.0271s ]
SQL: SHOW COLUMNS FROM `xm_feedback` [ RunTime:0.0161s ]
INFO: [ view_parse ] --START--
INFO: [ template_filter ] --START--
INFO: Run Behavior\ContentReplaceBehavior [ RunTime:0.000145s ]
INFO: [ template_filter ] --END-- [ RunTime:0.000291s ]
INFO: Run Behavior\ParseTemplateBehavior [ RunTime:0.045366s ]
INFO: [ view_parse ] --END-- [ RunTime:0.045520s ]
INFO: [ view_filter ] --START--
INFO: Run Behavior\WriteHtmlCacheBehavior [ RunTime:0.000785s ]
INFO: [ view_filter ] --END-- [ RunTime:0.000911s ]
INFO: [ app_end ] --START--
INFO: Run Behavior\ShowPageTraceBehavior [ RunTime:0.001456s ]
INFO: [ app_end ] --END-- [ RunTime:0.001650s ]

[ 2019-10-18T23:45:17+08:00 ] ::1 /xunmi/index.php/Home/Question/index
INFO: [ app_init ] --START--
INFO: Run Behavior\BuildLiteBehavior [ RunTime:0.000029s ]
INFO: [ app_init ] --END-- [ RunTime:0.000755s ]
INFO: [ app_begin ] --START--
INFO: Run Behavior\ReadHtmlCacheBehavior [ RunTime:0.000988s ]
INFO: [ app_begin ] --END-- [ RunTime:0.001122s ]
SQL: SHOW COLUMNS FROM `xm_question` [ RunTime:0.0191s ]
SQL: SELECT * FROM `xm_question` WHERE ( user_id ='3' ) AND `q_que` is not null and q_que!=""  [ RunTime:0.0004s ]
SQL: SELECT * FROM `xm_question` WHERE `q_que` is not null and q_que!=""  [ RunTime:0.0004s ]
SQL: SELECT * FROM `xm_question` WHERE ( user_id ='3' ) AND `q_ans` is not null and q_ans!=""  [ RunTime:0.0013s ]
INFO: [ view_parse ] --START--
INFO: [ template_filter ] --START--
INFO: Run Behavior\ContentReplaceBehavior [ RunTime:0.000317s ]
INFO: [ template_filter ] --END-- [ RunTime:0.000584s ]
INFO: Run Behavior\ParseTemplateBehavior [ RunTime:0.109848s ]
INFO: [ view_parse ] --END-- [ RunTime:0.110000s ]
INFO: [ view_filter ] --START--
INFO: Run Behavior\WriteHtmlCacheBehavior [ RunTime:0.000767s ]
INFO: [ view_filter ] --END-- [ RunTime:0.000903s ]
INFO: [ app_end ] --START--
INFO: Run Behavior\ShowPageTraceBehavior [ RunTime:0.001573s ]
INFO: [ app_end ] --END-- [ RunTime:0.001817s ]

[ 2019-10-18T23:46:18+08:00 ] ::1 /xunmi/index.php/Home/Userlogin/login.html
INFO: [ app_init ] --START--
INFO: Run Behavior\BuildLiteBehavior [ RunTime:0.000044s ]
INFO: [ app_init ] --END-- [ RunTime:0.000875s ]
INFO: [ app_begin ] --START--
INFO: Run Behavior\ReadHtmlCacheBehavior [ RunTime:0.001005s ]
INFO: [ app_begin ] --END-- [ RunTime:0.001193s ]
SQL: SHOW COLUMNS FROM `xm_hot` [ RunTime:0.0232s ]
SQL: SELECT COUNT(*) AS tp_count FROM `xm_hot` LIMIT 1   [ RunTime:0.0004s ]
SQL: SELECT * FROM `xm_hot` LIMIT 0,8   [ RunTime:0.0011s ]

[ 2019-10-18T23:46:18+08:00 ] ::1 /xunmi/index.php/Home/Index/index.html
INFO: [ app_init ] --START--
INFO: Run Behavior\BuildLiteBehavior [ RunTime:0.000038s ]
INFO: [ app_init ] --END-- [ RunTime:0.000852s ]
INFO: [ app_begin ] --START--
INFO: Run Behavior\ReadHtmlCacheBehavior [ RunTime:0.002416s ]
INFO: [ app_begin ] --END-- [ RunTime:0.002867s ]
SQL: SHOW COLUMNS FROM `xm_hot` [ RunTime:0.0146s ]
SQL: SELECT COUNT(*) AS tp_count FROM `xm_hot` LIMIT 1   [ RunTime:0.0007s ]
SQL: SELECT * FROM `xm_hot` LEFT JOIN xm_pros on xm_hot.h_id=xm_pros.ho_id and xm_pros.user_id='3' LEFT JOIN xm_collection ON xm_hot.h_id=xm_collection.ho_id and xm_collection.user_id='3'  ORDER BY h_id asc LIMIT 0,8   [ RunTime:0.0306s ]
SQL: SHOW COLUMNS FROM `xm_feedback` [ RunTime:0.0156s ]
INFO: [ view_parse ] --START--
INFO: [ template_filter ] --START--
INFO: Run Behavior\ContentReplaceBehavior [ RunTime:0.000150s ]
INFO: [ template_filter ] --END-- [ RunTime:0.000290s ]
INFO: Run Behavior\ParseTemplateBehavior [ RunTime:0.059308s ]
INFO: [ view_parse ] --END-- [ RunTime:0.059507s ]
INFO: [ view_filter ] --START--
INFO: Run Behavior\WriteHtmlCacheBehavior [ RunTime:0.000742s ]
INFO: [ view_filter ] --END-- [ RunTime:0.000868s ]
INFO: [ app_end ] --START--
INFO: Run Behavior\ShowPageTraceBehavior [ RunTime:0.001757s ]
INFO: [ app_end ] --END-- [ RunTime:0.002000s ]

[ 2019-10-18T23:46:22+08:00 ] ::1 /xunmi/index.php/Home/Question/index
INFO: [ app_init ] --START--
INFO: Run Behavior\BuildLiteBehavior [ RunTime:0.000030s ]
INFO: [ app_init ] --END-- [ RunTime:0.000679s ]
INFO: [ app_begin ] --START--
INFO: Run Behavior\ReadHtmlCacheBehavior [ RunTime:0.001156s ]
INFO: [ app_begin ] --END-- [ RunTime:0.001306s ]
SQL: SHOW COLUMNS FROM `xm_question` [ RunTime:0.0181s ]
SQL: SELECT * FROM `xm_question` WHERE ( user_id ='3' ) AND `q_que` is not null and q_que!=""  [ RunTime:0.0005s ]
SQL: SELECT * FROM `xm_question` WHERE `q_que` is not null and q_que!=""  [ RunTime:0.0004s ]
SQL: SELECT * FROM `xm_question` WHERE ( user_id ='3' ) AND `q_ans` is not null and q_ans!=""  [ RunTime:0.0004s ]
INFO: [ view_parse ] --START--
INFO: [ template_filter ] --START--
INFO: Run Behavior\ContentReplaceBehavior [ RunTime:0.000135s ]
INFO: [ template_filter ] --END-- [ RunTime:0.000264s ]
INFO: Run Behavior\ParseTemplateBehavior [ RunTime:0.106554s ]
INFO: [ view_parse ] --END-- [ RunTime:0.106708s ]
INFO: [ view_filter ] --START--
INFO: Run Behavior\WriteHtmlCacheBehavior [ RunTime:0.000741s ]
INFO: [ view_filter ] --END-- [ RunTime:0.000860s ]
INFO: [ app_end ] --START--
INFO: Run Behavior\ShowPageTraceBehavior [ RunTime:0.001391s ]
INFO: [ app_end ] --END-- [ RunTime:0.001585s ]

[ 2019-10-18T23:46:46+08:00 ] ::1 /xunmi/index.php/Home/Question/index
INFO: [ app_init ] --START--
INFO: Run Behavior\BuildLiteBehavior [ RunTime:0.000034s ]
INFO: [ app_init ] --END-- [ RunTime:0.000805s ]
INFO: [ app_begin ] --START--
INFO: Run Behavior\ReadHtmlCacheBehavior [ RunTime:0.000929s ]
INFO: [ app_begin ] --END-- [ RunTime:0.001064s ]
SQL: SHOW COLUMNS FROM `xm_question` [ RunTime:0.0183s ]
SQL: SELECT * FROM `xm_question` WHERE ( user_id ='3' ) AND `q_que` is not null and q_que!=""  [ RunTime:0.0005s ]
SQL: SELECT * FROM `xm_question` WHERE `q_que` is not null and q_que!=""  [ RunTime:0.0004s ]
SQL: SELECT * FROM `xm_question` WHERE ( user_id ='3' ) AND `q_ans` is not null and q_ans!=""  [ RunTime:0.0004s ]
INFO: [ view_parse ] --START--
INFO: [ template_filter ] --START--
INFO: Run Behavior\ContentReplaceBehavior [ RunTime:0.000143s ]
INFO: [ template_filter ] --END-- [ RunTime:0.000271s ]
INFO: Run Behavior\ParseTemplateBehavior [ RunTime:0.071776s ]
INFO: [ view_parse ] --END-- [ RunTime:0.071928s ]
INFO: [ view_filter ] --START--
INFO: Run Behavior\WriteHtmlCacheBehavior [ RunTime:0.000815s ]
INFO: [ view_filter ] --END-- [ RunTime:0.000931s ]
INFO: [ app_end ] --START--
INFO: Run Behavior\ShowPageTraceBehavior [ RunTime:0.001863s ]
INFO: [ app_end ] --END-- [ RunTime:0.002126s ]

[ 2019-10-18T23:47:36+08:00 ] ::1 /xunmi/index.php/Home/Userlogin/login.html
INFO: [ app_init ] --START--
INFO: Run Behavior\BuildLiteBehavior [ RunTime:0.000050s ]
INFO: [ app_init ] --END-- [ RunTime:0.001121s ]
INFO: [ app_begin ] --START--
INFO: Run Behavior\ReadHtmlCacheBehavior [ RunTime:0.001603s ]
INFO: [ app_begin ] --END-- [ RunTime:0.001925s ]
SQL: SHOW COLUMNS FROM `xm_hot` [ RunTime:0.0405s ]
SQL: SELECT COUNT(*) AS tp_count FROM `xm_hot` LIMIT 1   [ RunTime:0.0010s ]
SQL: SELECT * FROM `xm_hot` LIMIT 0,8   [ RunTime:0.0016s ]

[ 2019-10-18T23:47:36+08:00 ] ::1 /xunmi/index.php/Home/Index/index.html
INFO: [ app_init ] --START--
INFO: Run Behavior\BuildLiteBehavior [ RunTime:0.000051s ]
INFO: [ app_init ] --END-- [ RunTime:0.000949s ]
INFO: [ app_begin ] --START--
INFO: Run Behavior\ReadHtmlCacheBehavior [ RunTime:0.001973s ]
INFO: [ app_begin ] --END-- [ RunTime:0.002345s ]
SQL: SHOW COLUMNS FROM `xm_hot` [ RunTime:0.0109s ]
SQL: SELECT COUNT(*) AS tp_count FROM `xm_hot` LIMIT 1   [ RunTime:0.0004s ]
SQL: SELECT * FROM `xm_hot` LEFT JOIN xm_pros on xm_hot.h_id=xm_pros.ho_id and xm_pros.user_id='3' LEFT JOIN xm_collection ON xm_hot.h_id=xm_collection.ho_id and xm_collection.user_id='3'  ORDER BY h_id asc LIMIT 0,8   [ RunTime:0.0316s ]
SQL: SHOW COLUMNS FROM `xm_feedback` [ RunTime:0.0163s ]
INFO: [ view_parse ] --START--
INFO: [ template_filter ] --START--
INFO: Run Behavior\ContentReplaceBehavior [ RunTime:0.000134s ]
INFO: [ template_filter ] --END-- [ RunTime:0.000269s ]
INFO: Run Behavior\ParseTemplateBehavior [ RunTime:0.041152s ]
INFO: [ view_parse ] --END-- [ RunTime:0.041298s ]
INFO: [ view_filter ] --START--
INFO: Run Behavior\WriteHtmlCacheBehavior [ RunTime:0.000744s ]
INFO: [ view_filter ] --END-- [ RunTime:0.000868s ]
INFO: [ app_end ] --START--
INFO: Run Behavior\ShowPageTraceBehavior [ RunTime:0.001571s ]
INFO: [ app_end ] --END-- [ RunTime:0.001813s ]

[ 2019-10-18T23:47:38+08:00 ] ::1 /xunmi/index.php/Home/Question/index
INFO: [ app_init ] --START--
INFO: Run Behavior\BuildLiteBehavior [ RunTime:0.000029s ]
INFO: [ app_init ] --END-- [ RunTime:0.000760s ]
INFO: [ app_begin ] --START--
INFO: Run Behavior\ReadHtmlCacheBehavior [ RunTime:0.000933s ]
INFO: [ app_begin ] --END-- [ RunTime:0.001064s ]
SQL: SHOW COLUMNS FROM `xm_question` [ RunTime:0.0173s ]
SQL: SELECT * FROM `xm_question` WHERE ( user_id ='3' ) AND `q_que` is not null and q_que!=""  [ RunTime:0.0005s ]
SQL: SELECT * FROM `xm_question` WHERE `q_que` is not null and q_que!=""  [ RunTime:0.0019s ]
SQL: SELECT * FROM `xm_question` WHERE ( user_id ='3' ) AND `q_ans` is not null and q_ans!=""  [ RunTime:0.0005s ]
INFO: [ view_parse ] --START--
INFO: [ template_filter ] --START--
INFO: Run Behavior\ContentReplaceBehavior [ RunTime:0.000160s ]
INFO: [ template_filter ] --END-- [ RunTime:0.000365s ]
INFO: Run Behavior\ParseTemplateBehavior [ RunTime:0.085494s ]
INFO: [ view_parse ] --END-- [ RunTime:0.085638s ]
INFO: [ view_filter ] --START--
INFO: Run Behavior\WriteHtmlCacheBehavior [ RunTime:0.000789s ]
INFO: [ view_filter ] --END-- [ RunTime:0.000918s ]
INFO: [ app_end ] --START--
INFO: Run Behavior\ShowPageTraceBehavior [ RunTime:0.001345s ]
INFO: [ app_end ] --END-- [ RunTime:0.001536s ]

[ 2019-10-18T23:48:20+08:00 ] ::1 /xunmi/index.php/Home/Userlogin/login.html
INFO: [ app_init ] --START--
INFO: Run Behavior\BuildLiteBehavior [ RunTime:0.000052s ]
INFO: [ app_init ] --END-- [ RunTime:0.002357s ]
INFO: [ app_begin ] --START--
INFO: Run Behavior\ReadHtmlCacheBehavior [ RunTime:0.001752s ]
INFO: [ app_begin ] --END-- [ RunTime:0.002062s ]
SQL: SHOW COLUMNS FROM `xm_hot` [ RunTime:0.0529s ]
SQL: SELECT COUNT(*) AS tp_count FROM `xm_hot` LIMIT 1   [ RunTime:0.0007s ]
SQL: SELECT * FROM `xm_hot` LIMIT 0,8   [ RunTime:0.0014s ]

[ 2019-10-18T23:48:20+08:00 ] ::1 /xunmi/index.php/Home/Index/index.html
INFO: [ app_init ] --START--
INFO: Run Behavior\BuildLiteBehavior [ RunTime:0.000031s ]
INFO: [ app_init ] --END-- [ RunTime:0.000662s ]
INFO: [ app_begin ] --START--
INFO: Run Behavior\ReadHtmlCacheBehavior [ RunTime:0.000965s ]
INFO: [ app_begin ] --END-- [ RunTime:0.001112s ]
SQL: SHOW COLUMNS FROM `xm_hot` [ RunTime:0.0100s ]
SQL: SELECT COUNT(*) AS tp_count FROM `xm_hot` LIMIT 1   [ RunTime:0.0003s ]
SQL: SELECT * FROM `xm_hot` LEFT JOIN xm_pros on xm_hot.h_id=xm_pros.ho_id and xm_pros.user_id='3' LEFT JOIN xm_collection ON xm_hot.h_id=xm_collection.ho_id and xm_collection.user_id='3'  ORDER BY h_id asc LIMIT 0,8   [ RunTime:0.0239s ]
SQL: SHOW COLUMNS FROM `xm_feedback` [ RunTime:0.0124s ]
INFO: [ view_parse ] --START--
INFO: [ template_filter ] --START--
INFO: Run Behavior\ContentReplaceBehavior [ RunTime:0.000146s ]
INFO: [ template_filter ] --END-- [ RunTime:0.000287s ]
INFO: Run Behavior\ParseTemplateBehavior [ RunTime:0.038702s ]
INFO: [ view_parse ] --END-- [ RunTime:0.038858s ]
INFO: [ view_filter ] --START--
INFO: Run Behavior\WriteHtmlCacheBehavior [ RunTime:0.001040s ]
INFO: [ view_filter ] --END-- [ RunTime:0.001185s ]
INFO: [ app_end ] --START--
INFO: Run Behavior\ShowPageTraceBehavior [ RunTime:0.001811s ]
INFO: [ app_end ] --END-- [ RunTime:0.002102s ]

[ 2019-10-18T23:48:23+08:00 ] ::1 /xunmi/index.php/Home/Question/index
INFO: [ app_init ] --START--
INFO: Run Behavior\BuildLiteBehavior [ RunTime:0.000046s ]
INFO: [ app_init ] --END-- [ RunTime:0.000750s ]
INFO: [ app_begin ] --START--
INFO: Run Behavior\ReadHtmlCacheBehavior [ RunTime:0.001038s ]
INFO: [ app_begin ] --END-- [ RunTime:0.001171s ]
SQL: SHOW COLUMNS FROM `xm_question` [ RunTime:0.0263s ]
SQL: SELECT * FROM `xm_question` WHERE ( user_id ='3' ) AND `q_que` is not null and q_que!=""  [ RunTime:0.0005s ]
SQL: SELECT * FROM `xm_question` WHERE `q_que` is not null and q_que!=""  [ RunTime:0.0004s ]
SQL: SELECT * FROM `xm_question` WHERE ( user_id ='3' ) AND `q_ans` is not null and q_ans!=""  [ RunTime:0.0004s ]
INFO: [ view_parse ] --START--
INFO: [ template_filter ] --START--
INFO: Run Behavior\ContentReplaceBehavior [ RunTime:0.000138s ]
INFO: [ template_filter ] --END-- [ RunTime:0.000267s ]
INFO: Run Behavior\ParseTemplateBehavior [ RunTime:0.095411s ]
INFO: [ view_parse ] --END-- [ RunTime:0.095551s ]
INFO: [ view_filter ] --START--
INFO: Run Behavior\WriteHtmlCacheBehavior [ RunTime:0.000916s ]
INFO: [ view_filter ] --END-- [ RunTime:0.001038s ]
INFO: [ app_end ] --START--
INFO: Run Behavior\ShowPageTraceBehavior [ RunTime:0.001778s ]
INFO: [ app_end ] --END-- [ RunTime:0.001974s ]

[ 2019-10-18T23:59:58+08:00 ] ::1 /xunmi/index.php/Home/Userlogin/login.html
INFO: [ app_init ] --START--
INFO: Run Behavior\BuildLiteBehavior [ RunTime:0.000034s ]
INFO: [ app_init ] --END-- [ RunTime:0.000743s ]
INFO: [ app_begin ] --START--
INFO: Run Behavior\ReadHtmlCacheBehavior [ RunTime:0.001088s ]
INFO: [ app_begin ] --END-- [ RunTime:0.001263s ]
SQL: SHOW COLUMNS FROM `xm_hot` [ RunTime:0.1068s ]
SQL: SELECT COUNT(*) AS tp_count FROM `xm_hot` LIMIT 1   [ RunTime:0.0004s ]
SQL: SELECT * FROM `xm_hot` LIMIT 0,8   [ RunTime:0.0012s ]

[ 2019-10-18T23:59:59+08:00 ] ::1 /xunmi/index.php/Home/Index/index.html
INFO: [ app_init ] --START--
INFO: Run Behavior\BuildLiteBehavior [ RunTime:0.000032s ]
INFO: [ app_init ] --END-- [ RunTime:0.000795s ]
INFO: [ app_begin ] --START--
INFO: Run Behavior\ReadHtmlCacheBehavior [ RunTime:0.001094s ]
INFO: [ app_begin ] --END-- [ RunTime:0.001228s ]
SQL: SHOW COLUMNS FROM `xm_hot` [ RunTime:0.0107s ]
SQL: SELECT COUNT(*) AS tp_count FROM `xm_hot` LIMIT 1   [ RunTime:0.0004s ]
SQL: SELECT * FROM `xm_hot` LEFT JOIN xm_pros on xm_hot.h_id=xm_pros.ho_id and xm_pros.user_id='3' LEFT JOIN xm_collection ON xm_hot.h_id=xm_collection.ho_id and xm_collection.user_id='3'  ORDER BY h_id asc LIMIT 0,8   [ RunTime:0.3577s ]
SQL: SHOW COLUMNS FROM `xm_feedback` [ RunTime:0.0331s ]
INFO: [ view_parse ] --START--
INFO: [ template_filter ] --START--
INFO: Run Behavior\ContentReplaceBehavior [ RunTime:0.000228s ]
INFO: [ template_filter ] --END-- [ RunTime:0.000474s ]
INFO: Run Behavior\ParseTemplateBehavior [ RunTime:0.699155s ]
INFO: [ view_parse ] --END-- [ RunTime:0.699337s ]
INFO: [ view_filter ] --START--
INFO: Run Behavior\WriteHtmlCacheBehavior [ RunTime:0.000863s ]
INFO: [ view_filter ] --END-- [ RunTime:0.000978s ]
INFO: [ app_end ] --START--
INFO: Run Behavior\ShowPageTraceBehavior [ RunTime:0.001696s ]
INFO: [ app_end ] --END-- [ RunTime:0.001901s ]

