[ 2019-10-15T22:12:53+08:00 ] ::1 /xunmi/index.php/Home/Userlogin/login.html
INFO: [ app_init ] --START--
INFO: Run Behavior\BuildLiteBehavior [ RunTime:0.000094s ]
INFO: [ app_init ] --END-- [ RunTime:0.772610s ]
INFO: [ app_begin ] --START--
INFO: Run Behavior\ReadHtmlCacheBehavior [ RunTime:0.496787s ]
INFO: [ app_begin ] --END-- [ RunTime:0.497375s ]
SQL: SHOW COLUMNS FROM `xm_hot` [ RunTime:6.7432s ]
SQL: SELECT COUNT(*) AS tp_count FROM `xm_hot` LIMIT 1   [ RunTime:1.3071s ]
SQL: SELECT * FROM `xm_hot` LIMIT 0,8   [ RunTime:0.9641s ]
INFO: [ view_parse ] --START--
INFO: [ template_filter ] --START--
INFO: Run Behavior\ContentReplaceBehavior [ RunTime:0.000488s ]
INFO: [ template_filter ] --END-- [ RunTime:0.000894s ]
NOTIC: [8] Undefined index: sou D:\wamp\wamp\www\xunmi\Application\Runtime\Cache\Home\b5299faaee9c703b824adad03d469372.php 第 149 行.
NOTIC: [8] Undefined index: zan D:\wamp\wamp\www\xunmi\Application\Runtime\Cache\Home\b5299faaee9c703b824adad03d469372.php 第 215 行.
NOTIC: [8] Undefined index: collection D:\wamp\wamp\www\xunmi\Application\Runtime\Cache\Home\b5299faaee9c703b824adad03d469372.php 第 217 行.
NOTIC: [8] Undefined index: zan D:\wamp\wamp\www\xunmi\Application\Runtime\Cache\Home\b5299faaee9c703b824adad03d469372.php 第 215 行.
NOTIC: [8] Undefined index: collection D:\wamp\wamp\www\xunmi\Application\Runtime\Cache\Home\b5299faaee9c703b824adad03d469372.php 第 217 行.
NOTIC: [8] Undefined index: zan D:\wamp\wamp\www\xunmi\Application\Runtime\Cache\Home\b5299faaee9c703b824adad03d469372.php 第 215 行.
NOTIC: [8] Undefined index: collection D:\wamp\wamp\www\xunmi\Application\Runtime\Cache\Home\b5299faaee9c703b824adad03d469372.php 第 217 行.
NOTIC: [8] Undefined index: zan D:\wamp\wamp\www\xunmi\Application\Runtime\Cache\Home\b5299faaee9c703b824adad03d469372.php 第 215 行.
NOTIC: [8] Undefined index: collection D:\wamp\wamp\www\xunmi\Application\Runtime\Cache\Home\b5299faaee9c703b824adad03d469372.php 第 217 行.
NOTIC: [8] Undefined index: zan D:\wamp\wamp\www\xunmi\Application\Runtime\Cache\Home\b5299faaee9c703b824adad03d469372.php 第 215 行.
NOTIC: [8] Undefined index: collection D:\wamp\wamp\www\xunmi\Application\Runtime\Cache\Home\b5299faaee9c703b824adad03d469372.php 第 217 行.
NOTIC: [8] Undefined index: zan D:\wamp\wamp\www\xunmi\Application\Runtime\Cache\Home\b5299faaee9c703b824adad03d469372.php 第 215 行.
NOTIC: [8] Undefined index: collection D:\wamp\wamp\www\xunmi\Application\Runtime\Cache\Home\b5299faaee9c703b824adad03d469372.php 第 217 行.
NOTIC: [8] Undefined index: zan D:\wamp\wamp\www\xunmi\Application\Runtime\Cache\Home\b5299faaee9c703b824adad03d469372.php 第 215 行.
NOTIC: [8] Undefined index: collection D:\wamp\wamp\www\xunmi\Application\Runtime\Cache\Home\b5299faaee9c703b824adad03d469372.php 第 217 行.
NOTIC: [8] Undefined index: zan D:\wamp\wamp\www\xunmi\Application\Runtime\Cache\Home\b5299faaee9c703b824adad03d469372.php 第 215 行.
NOTIC: [8] Undefined index: collection D:\wamp\wamp\www\xunmi\Application\Runtime\Cache\Home\b5299faaee9c703b824adad03d469372.php 第 217 行.
NOTIC: [8] Undefined index: sou D:\wamp\wamp\www\xunmi\Application\Runtime\Cache\Home\b5299faaee9c703b824adad03d469372.php 第 237 行.
INFO: Run Behavior\ParseTemplateBehavior [ RunTime:2.775735s ]
INFO: [ view_parse ] --END-- [ RunTime:2.776173s ]
INFO: [ view_filter ] --START--
INFO: Run Behavior\WriteHtmlCacheBehavior [ RunTime:0.153882s ]
INFO: [ view_filter ] --END-- [ RunTime:0.154387s ]
INFO: [ app_end ] --START--
INFO: Run Behavior\ShowPageTraceBehavior [ RunTime:0.515596s ]
INFO: [ app_end ] --END-- [ RunTime:0.516141s ]

[ 2019-10-15T22:26:48+08:00 ] ::1 /xunmi/index.php/Home/Userlogin/content/id/1
INFO: [ app_init ] --START--
INFO: Run Behavior\BuildLiteBehavior [ RunTime:0.000089s ]
INFO: [ app_init ] --END-- [ RunTime:0.002172s ]
INFO: [ app_begin ] --START--
INFO: Run Behavior\ReadHtmlCacheBehavior [ RunTime:0.003565s ]
INFO: [ app_begin ] --END-- [ RunTime:0.004103s ]
SQL: SHOW COLUMNS FROM `xm_hot` [ RunTime:0.0689s ]
SQL: SELECT * FROM `xm_hot` WHERE `h_id` = 1 LIMIT 1   [ RunTime:0.0575s ]
INFO: [ view_parse ] --START--
INFO: [ template_filter ] --START--
INFO: Run Behavior\ContentReplaceBehavior [ RunTime:0.000355s ]
INFO: [ template_filter ] --END-- [ RunTime:0.000752s ]
INFO: Run Behavior\ParseTemplateBehavior [ RunTime:0.279442s ]
INFO: [ view_parse ] --END-- [ RunTime:0.280496s ]
INFO: [ view_filter ] --START--
INFO: Run Behavior\WriteHtmlCacheBehavior [ RunTime:0.002819s ]
INFO: [ view_filter ] --END-- [ RunTime:0.003208s ]
INFO: [ app_end ] --START--
INFO: Run Behavior\ShowPageTraceBehavior [ RunTime:0.011819s ]
INFO: [ app_end ] --END-- [ RunTime:0.012630s ]

[ 2019-10-15T22:26:56+08:00 ] ::1 /xunmi/index.php/Home/Cook/index
INFO: [ app_init ] --START--
INFO: Run Behavior\BuildLiteBehavior [ RunTime:0.000086s ]
INFO: [ app_init ] --END-- [ RunTime:0.002153s ]
INFO: [ app_begin ] --START--
INFO: Run Behavior\ReadHtmlCacheBehavior [ RunTime:0.002779s ]
INFO: [ app_begin ] --END-- [ RunTime:0.003243s ]
SQL: SHOW COLUMNS FROM `xm_food` [ RunTime:0.2045s ]
NOTIC: [8] Undefined index: user_id D:\wamp\wamp\www\xunmi\Application\Home\Controller\CookController.class.php 第 8 行.
SQL: SELECT * FROM `xm_food` LEFT JOIN xm_pros on xm_food.f_id=xm_pros.fo_id and xm_pros.user_id='' LEFT JOIN xm_collection ON xm_food.f_id=xm_collection.fo_id and xm_collection.user_id=''  ORDER BY f_id asc  [ RunTime:0.3645s ]
SQL: SHOW COLUMNS FROM `xm_feedback` [ RunTime:0.1410s ]
INFO: [ view_parse ] --START--
INFO: [ template_filter ] --START--
INFO: Run Behavior\ContentReplaceBehavior [ RunTime:0.000446s ]
INFO: [ template_filter ] --END-- [ RunTime:0.000903s ]
NOTIC: [8] Undefined index: username D:\wamp\wamp\www\xunmi\Application\Runtime\Cache\Home\fca994ea07cfbe42aa2eb3b5c25bc626.php 第 135 行.
INFO: Run Behavior\ParseTemplateBehavior [ RunTime:0.449533s ]
INFO: [ view_parse ] --END-- [ RunTime:0.449956s ]
INFO: [ view_filter ] --START--
INFO: Run Behavior\WriteHtmlCacheBehavior [ RunTime:0.001975s ]
INFO: [ view_filter ] --END-- [ RunTime:0.002356s ]
INFO: [ app_end ] --START--
INFO: Run Behavior\ShowPageTraceBehavior [ RunTime:0.005941s ]
INFO: [ app_end ] --END-- [ RunTime:0.008197s ]

[ 2019-10-15T22:27:02+08:00 ] ::1 /xunmi/index.php/Home/Question/index
INFO: [ app_init ] --START--
INFO: Run Behavior\BuildLiteBehavior [ RunTime:0.000209s ]
INFO: [ app_init ] --END-- [ RunTime:0.004604s ]
INFO: [ app_begin ] --START--
INFO: Run Behavior\ReadHtmlCacheBehavior [ RunTime:0.004650s ]
INFO: [ app_begin ] --END-- [ RunTime:0.005803s ]
SQL: SHOW COLUMNS FROM `xm_question` [ RunTime:0.3969s ]
NOTIC: [8] Undefined index: user_id D:\wamp\wamp\www\xunmi\Application\Home\Controller\QuestionController.class.php 第 8 行.
SQL: SELECT * FROM `xm_question` WHERE ( user_id ='' ) AND `q_que` is not null and q_que!=""  [ RunTime:0.0543s ]
SQL: SELECT * FROM `xm_question` WHERE `q_que` is not null and q_que!=""  [ RunTime:0.0018s ]
SQL: SELECT * FROM `xm_question` WHERE ( user_id ='' ) AND `q_ans` is not null and q_ans!=""  [ RunTime:0.0011s ]
SQL: SELECT * FROM `xm_question` WHERE ( user_id='' )  [ RunTime:0.0009s ]
INFO: [ view_parse ] --START--
INFO: [ template_filter ] --START--
INFO: Run Behavior\ContentReplaceBehavior [ RunTime:0.000776s ]
INFO: [ template_filter ] --END-- [ RunTime:0.001275s ]
NOTIC: [8] Undefined index: username D:\wamp\wamp\www\xunmi\Application\Runtime\Cache\Home\93ef6f4e0883454498eb7273983f50b5.php 第 134 行.
NOTIC: [8] Undefined index: user_id D:\wamp\wamp\www\xunmi\Application\Runtime\Cache\Home\93ef6f4e0883454498eb7273983f50b5.php 第 215 行.
NOTIC: [8] Undefined index: user_id D:\wamp\wamp\www\xunmi\Application\Runtime\Cache\Home\93ef6f4e0883454498eb7273983f50b5.php 第 215 行.
NOTIC: [8] Undefined index: user_id D:\wamp\wamp\www\xunmi\Application\Runtime\Cache\Home\93ef6f4e0883454498eb7273983f50b5.php 第 215 行.
INFO: Run Behavior\ParseTemplateBehavior [ RunTime:0.324026s ]
INFO: [ view_parse ] --END-- [ RunTime:0.324732s ]
INFO: [ view_filter ] --START--
INFO: Run Behavior\WriteHtmlCacheBehavior [ RunTime:0.002780s ]
INFO: [ view_filter ] --END-- [ RunTime:0.003292s ]
INFO: [ app_end ] --START--
INFO: Run Behavior\ShowPageTraceBehavior [ RunTime:0.011461s ]
INFO: [ app_end ] --END-- [ RunTime:0.012361s ]

[ 2019-10-15T22:27:07+08:00 ] ::1 /xunmi/index.php/Home/Question/index
INFO: [ app_init ] --START--
INFO: Run Behavior\BuildLiteBehavior [ RunTime:0.000097s ]
INFO: [ app_init ] --END-- [ RunTime:0.002747s ]
INFO: [ app_begin ] --START--
INFO: Run Behavior\ReadHtmlCacheBehavior [ RunTime:0.002396s ]
INFO: [ app_begin ] --END-- [ RunTime:0.002841s ]
SQL: SHOW COLUMNS FROM `xm_question` [ RunTime:0.2135s ]
NOTIC: [8] Undefined index: user_id D:\wamp\wamp\www\xunmi\Application\Home\Controller\QuestionController.class.php 第 8 行.
SQL: SELECT * FROM `xm_question` WHERE ( user_id ='' ) AND `q_que` is not null and q_que!=""  [ RunTime:0.0023s ]
SQL: SELECT * FROM `xm_question` WHERE `q_que` is not null and q_que!=""  [ RunTime:0.0019s ]
SQL: SELECT * FROM `xm_question` WHERE ( user_id ='' ) AND `q_ans` is not null and q_ans!=""  [ RunTime:0.0016s ]
SQL: SELECT * FROM `xm_question` WHERE ( user_id='' )  [ RunTime:0.0013s ]
NOTIC: [8] Undefined index: validate D:\wamp\wamp\www\xunmi\ThinkPHP\Library\Think\Model.class.php 第 1185 行.
NOTIC: [8] Undefined index: auto D:\wamp\wamp\www\xunmi\ThinkPHP\Library\Think\Model.class.php 第 1128 行.
ERR: 1048:Column 'user_id' cannot be null
 [ SQL语句 ] : INSERT INTO `xm_question` (`q_que`,`q_ans`,`q_time`,`user_id`) VALUES ('1','','1571149626',NULL)
ERR: 1048:Column 'user_id' cannot be null
 [ SQL语句 ] : INSERT INTO `xm_question` (`q_que`,`q_ans`,`q_time`,`user_id`) VALUES ('1','','1571149626',NULL)

[ 2019-10-15T22:28:46+08:00 ] ::1 /xunmi/index.php/Home/Question/index
INFO: [ app_init ] --START--
INFO: Run Behavior\BuildLiteBehavior [ RunTime:0.000346s ]
INFO: [ app_init ] --END-- [ RunTime:0.004366s ]
INFO: [ app_begin ] --START--
INFO: Run Behavior\ReadHtmlCacheBehavior [ RunTime:0.004315s ]
INFO: [ app_begin ] --END-- [ RunTime:0.005614s ]
SQL: SHOW COLUMNS FROM `xm_question` [ RunTime:0.1267s ]
NOTIC: [8] Undefined index: user_id D:\wamp\wamp\www\xunmi\Application\Home\Controller\QuestionController.class.php 第 8 行.
SQL: SELECT * FROM `xm_question` WHERE ( user_id ='' ) AND `q_que` is not null and q_que!=""  [ RunTime:0.0016s ]
SQL: SELECT * FROM `xm_question` WHERE `q_que` is not null and q_que!=""  [ RunTime:0.0036s ]
SQL: SELECT * FROM `xm_question` WHERE ( user_id ='' ) AND `q_ans` is not null and q_ans!=""  [ RunTime:0.0013s ]
SQL: SELECT * FROM `xm_question` WHERE ( user_id='' )  [ RunTime:0.0015s ]

[ 2019-10-15T22:28:54+08:00 ] ::1 /xunmi/index.php/Home/Question/index
INFO: [ app_init ] --START--
INFO: Run Behavior\BuildLiteBehavior [ RunTime:0.000089s ]
INFO: [ app_init ] --END-- [ RunTime:0.002299s ]
INFO: [ app_begin ] --START--
INFO: Run Behavior\ReadHtmlCacheBehavior [ RunTime:0.003884s ]
INFO: [ app_begin ] --END-- [ RunTime:0.004961s ]
SQL: SHOW COLUMNS FROM `xm_question` [ RunTime:0.0606s ]
NOTIC: [8] Undefined index: user_id D:\wamp\wamp\www\xunmi\Application\Home\Controller\QuestionController.class.php 第 8 行.
SQL: SELECT * FROM `xm_question` WHERE ( user_id ='' ) AND `q_que` is not null and q_que!=""  [ RunTime:0.0016s ]
SQL: SELECT * FROM `xm_question` WHERE `q_que` is not null and q_que!=""  [ RunTime:0.0018s ]
SQL: SELECT * FROM `xm_question` WHERE ( user_id ='' ) AND `q_ans` is not null and q_ans!=""  [ RunTime:0.0026s ]
SQL: SELECT * FROM `xm_question` WHERE ( user_id='' )  [ RunTime:0.0015s ]

[ 2019-10-15T22:28:57+08:00 ] ::1 /xunmi/index.php/Home/Question/index
INFO: [ app_init ] --START--
INFO: Run Behavior\BuildLiteBehavior [ RunTime:0.000123s ]
INFO: [ app_init ] --END-- [ RunTime:0.004379s ]
INFO: [ app_begin ] --START--
INFO: Run Behavior\ReadHtmlCacheBehavior [ RunTime:0.003670s ]
INFO: [ app_begin ] --END-- [ RunTime:0.004496s ]
SQL: SHOW COLUMNS FROM `xm_question` [ RunTime:0.0801s ]
NOTIC: [8] Undefined index: user_id D:\wamp\wamp\www\xunmi\Application\Home\Controller\QuestionController.class.php 第 8 行.
SQL: SELECT * FROM `xm_question` WHERE ( user_id ='' ) AND `q_que` is not null and q_que!=""  [ RunTime:0.0028s ]
SQL: SELECT * FROM `xm_question` WHERE `q_que` is not null and q_que!=""  [ RunTime:0.0025s ]
SQL: SELECT * FROM `xm_question` WHERE ( user_id ='' ) AND `q_ans` is not null and q_ans!=""  [ RunTime:0.0022s ]
SQL: SELECT * FROM `xm_question` WHERE ( user_id='' )  [ RunTime:0.0016s ]

[ 2019-10-15T22:29:31+08:00 ] ::1 /xunmi/index.php/Home/Question/index
INFO: [ app_init ] --START--
INFO: Run Behavior\BuildLiteBehavior [ RunTime:0.000142s ]
INFO: [ app_init ] --END-- [ RunTime:0.002445s ]
INFO: [ app_begin ] --START--
INFO: Run Behavior\ReadHtmlCacheBehavior [ RunTime:0.002366s ]
INFO: [ app_begin ] --END-- [ RunTime:0.002867s ]
SQL: SHOW COLUMNS FROM `xm_question` [ RunTime:0.0668s ]
NOTIC: [8] Undefined index: user_id D:\wamp\wamp\www\xunmi\Application\Home\Controller\QuestionController.class.php 第 8 行.
SQL: SELECT * FROM `xm_question` WHERE ( user_id ='' ) AND `q_que` is not null and q_que!=""  [ RunTime:0.0020s ]
SQL: SELECT * FROM `xm_question` WHERE `q_que` is not null and q_que!=""  [ RunTime:0.0024s ]
SQL: SELECT * FROM `xm_question` WHERE ( user_id ='' ) AND `q_ans` is not null and q_ans!=""  [ RunTime:0.0026s ]
SQL: SELECT * FROM `xm_question` WHERE ( user_id='' )  [ RunTime:0.0013s ]
INFO: [ view_parse ] --START--
INFO: [ template_filter ] --START--
INFO: Run Behavior\ContentReplaceBehavior [ RunTime:0.000454s ]
INFO: [ template_filter ] --END-- [ RunTime:0.000984s ]
NOTIC: [8] Undefined index: username D:\wamp\wamp\www\xunmi\Application\Runtime\Cache\Home\93ef6f4e0883454498eb7273983f50b5.php 第 134 行.
NOTIC: [8] Undefined index: user_id D:\wamp\wamp\www\xunmi\Application\Runtime\Cache\Home\93ef6f4e0883454498eb7273983f50b5.php 第 215 行.
NOTIC: [8] Undefined index: user_id D:\wamp\wamp\www\xunmi\Application\Runtime\Cache\Home\93ef6f4e0883454498eb7273983f50b5.php 第 215 行.
NOTIC: [8] Undefined index: user_id D:\wamp\wamp\www\xunmi\Application\Runtime\Cache\Home\93ef6f4e0883454498eb7273983f50b5.php 第 215 行.
INFO: Run Behavior\ParseTemplateBehavior [ RunTime:0.335792s ]
INFO: [ view_parse ] --END-- [ RunTime:0.336407s ]
INFO: [ view_filter ] --START--
INFO: Run Behavior\WriteHtmlCacheBehavior [ RunTime:0.002298s ]
INFO: [ view_filter ] --END-- [ RunTime:0.002703s ]
INFO: [ app_end ] --START--
INFO: Run Behavior\ShowPageTraceBehavior [ RunTime:0.006365s ]
INFO: [ app_end ] --END-- [ RunTime:0.007277s ]

[ 2019-10-15T22:29:34+08:00 ] ::1 /xunmi/index.php/Home/Question/index
INFO: [ app_init ] --START--
INFO: Run Behavior\BuildLiteBehavior [ RunTime:0.000086s ]
INFO: [ app_init ] --END-- [ RunTime:0.002024s ]
INFO: [ app_begin ] --START--
INFO: Run Behavior\ReadHtmlCacheBehavior [ RunTime:0.002583s ]
INFO: [ app_begin ] --END-- [ RunTime:0.003193s ]
SQL: SHOW COLUMNS FROM `xm_question` [ RunTime:0.0545s ]
NOTIC: [8] Undefined index: user_id D:\wamp\wamp\www\xunmi\Application\Home\Controller\QuestionController.class.php 第 8 行.
SQL: SELECT * FROM `xm_question` WHERE ( user_id ='' ) AND `q_que` is not null and q_que!=""  [ RunTime:0.0015s ]
SQL: SELECT * FROM `xm_question` WHERE `q_que` is not null and q_que!=""  [ RunTime:0.0014s ]
SQL: SELECT * FROM `xm_question` WHERE ( user_id ='' ) AND `q_ans` is not null and q_ans!=""  [ RunTime:0.0012s ]
SQL: SELECT * FROM `xm_question` WHERE ( user_id='' )  [ RunTime:0.0010s ]
NOTIC: [8] Undefined index: validate D:\wamp\wamp\www\xunmi\ThinkPHP\Library\Think\Model.class.php 第 1185 行.
NOTIC: [8] Undefined index: auto D:\wamp\wamp\www\xunmi\ThinkPHP\Library\Think\Model.class.php 第 1128 行.
ERR: 1048:Column 'user_id' cannot be null
 [ SQL语句 ] : INSERT INTO `xm_question` (`q_que`,`q_ans`,`q_time`,`user_id`) VALUES ('1','','1571149774',NULL)
ERR: 1048:Column 'user_id' cannot be null
 [ SQL语句 ] : INSERT INTO `xm_question` (`q_que`,`q_ans`,`q_time`,`user_id`) VALUES ('1','','1571149774',NULL)

[ 2019-10-15T22:33:59+08:00 ] ::1 /xunmi/index.php/Home/Cook/index
INFO: [ app_init ] --START--
INFO: Run Behavior\BuildLiteBehavior [ RunTime:0.000135s ]
INFO: [ app_init ] --END-- [ RunTime:0.003486s ]
INFO: [ app_begin ] --START--
INFO: Run Behavior\ReadHtmlCacheBehavior [ RunTime:0.002916s ]
INFO: [ app_begin ] --END-- [ RunTime:0.003421s ]
SQL: SHOW COLUMNS FROM `xm_food` [ RunTime:0.0626s ]
NOTIC: [8] Undefined index: user_id D:\wamp\wamp\www\xunmi\Application\Home\Controller\CookController.class.php 第 8 行.
SQL: SELECT * FROM `xm_food` LEFT JOIN xm_pros on xm_food.f_id=xm_pros.fo_id and xm_pros.user_id='' LEFT JOIN xm_collection ON xm_food.f_id=xm_collection.fo_id and xm_collection.user_id=''  ORDER BY f_id asc  [ RunTime:0.0802s ]
SQL: SHOW COLUMNS FROM `xm_feedback` [ RunTime:0.0581s ]
INFO: [ view_parse ] --START--
INFO: [ template_filter ] --START--
INFO: Run Behavior\ContentReplaceBehavior [ RunTime:0.000448s ]
INFO: [ template_filter ] --END-- [ RunTime:0.000959s ]
NOTIC: [8] Undefined index: username D:\wamp\wamp\www\xunmi\Application\Runtime\Cache\Home\fca994ea07cfbe42aa2eb3b5c25bc626.php 第 135 行.
INFO: Run Behavior\ParseTemplateBehavior [ RunTime:0.203463s ]
INFO: [ view_parse ] --END-- [ RunTime:0.203956s ]
INFO: [ view_filter ] --START--
INFO: Run Behavior\WriteHtmlCacheBehavior [ RunTime:0.003265s ]
INFO: [ view_filter ] --END-- [ RunTime:0.003829s ]
INFO: [ app_end ] --START--
INFO: Run Behavior\ShowPageTraceBehavior [ RunTime:0.007342s ]
INFO: [ app_end ] --END-- [ RunTime:0.010256s ]

[ 2019-10-15T22:34:04+08:00 ] ::1 /xunmi/index.php/Home/Question/index
INFO: [ app_init ] --START--
INFO: Run Behavior\BuildLiteBehavior [ RunTime:0.000087s ]
INFO: [ app_init ] --END-- [ RunTime:0.001989s ]
INFO: [ app_begin ] --START--
INFO: Run Behavior\ReadHtmlCacheBehavior [ RunTime:0.003796s ]
INFO: [ app_begin ] --END-- [ RunTime:0.004533s ]
SQL: SHOW COLUMNS FROM `xm_question` [ RunTime:0.0641s ]
NOTIC: [8] Undefined index: user_id D:\wamp\wamp\www\xunmi\Application\Home\Controller\QuestionController.class.php 第 8 行.
SQL: SELECT * FROM `xm_question` WHERE ( user_id ='' ) AND `q_que` is not null and q_que!=""  [ RunTime:0.0025s ]
SQL: SELECT * FROM `xm_question` WHERE `q_que` is not null and q_que!=""  [ RunTime:0.0020s ]
SQL: SELECT * FROM `xm_question` WHERE ( user_id ='' ) AND `q_ans` is not null and q_ans!=""  [ RunTime:0.0014s ]
INFO: [ view_parse ] --START--
INFO: [ template_filter ] --START--
INFO: Run Behavior\ContentReplaceBehavior [ RunTime:0.000457s ]
INFO: [ template_filter ] --END-- [ RunTime:0.000874s ]
NOTIC: [8] Undefined index: username D:\wamp\wamp\www\xunmi\Application\Runtime\Cache\Home\93ef6f4e0883454498eb7273983f50b5.php 第 134 行.
NOTIC: [8] Undefined index: user_id D:\wamp\wamp\www\xunmi\Application\Runtime\Cache\Home\93ef6f4e0883454498eb7273983f50b5.php 第 215 行.
NOTIC: [8] Undefined index: user_id D:\wamp\wamp\www\xunmi\Application\Runtime\Cache\Home\93ef6f4e0883454498eb7273983f50b5.php 第 215 行.
NOTIC: [8] Undefined index: user_id D:\wamp\wamp\www\xunmi\Application\Runtime\Cache\Home\93ef6f4e0883454498eb7273983f50b5.php 第 215 行.
INFO: Run Behavior\ParseTemplateBehavior [ RunTime:0.282334s ]
INFO: [ view_parse ] --END-- [ RunTime:0.282813s ]
INFO: [ view_filter ] --START--
INFO: Run Behavior\WriteHtmlCacheBehavior [ RunTime:0.003268s ]
INFO: [ view_filter ] --END-- [ RunTime:0.003726s ]
INFO: [ app_end ] --START--
INFO: Run Behavior\ShowPageTraceBehavior [ RunTime:0.008002s ]
INFO: [ app_end ] --END-- [ RunTime:0.009054s ]

[ 2019-10-15T22:34:07+08:00 ] ::1 /xunmi/index.php/Home/Question/index
INFO: [ app_init ] --START--
INFO: Run Behavior\BuildLiteBehavior [ RunTime:0.000089s ]
INFO: [ app_init ] --END-- [ RunTime:0.002696s ]
INFO: [ app_begin ] --START--
INFO: Run Behavior\ReadHtmlCacheBehavior [ RunTime:0.002563s ]
INFO: [ app_begin ] --END-- [ RunTime:0.003099s ]
SQL: SHOW COLUMNS FROM `xm_question` [ RunTime:0.0651s ]
NOTIC: [8] Undefined index: user_id D:\wamp\wamp\www\xunmi\Application\Home\Controller\QuestionController.class.php 第 8 行.
SQL: SELECT * FROM `xm_question` WHERE ( user_id ='' ) AND `q_que` is not null and q_que!=""  [ RunTime:0.0020s ]
SQL: SELECT * FROM `xm_question` WHERE `q_que` is not null and q_que!=""  [ RunTime:0.0012s ]
SQL: SELECT * FROM `xm_question` WHERE ( user_id ='' ) AND `q_ans` is not null and q_ans!=""  [ RunTime:0.0014s ]
INFO: [ app_end ] --START--
INFO: Run Behavior\ShowPageTraceBehavior [ RunTime:0.004858s ]
INFO: [ app_end ] --END-- [ RunTime:0.005729s ]

[ 2019-10-15T22:34:10+08:00 ] ::1 /xunmi/index.php/Home/Question/index
INFO: [ app_init ] --START--
INFO: Run Behavior\BuildLiteBehavior [ RunTime:0.000092s ]
INFO: [ app_init ] --END-- [ RunTime:0.005428s ]
INFO: [ app_begin ] --START--
INFO: Run Behavior\ReadHtmlCacheBehavior [ RunTime:0.005547s ]
INFO: [ app_begin ] --END-- [ RunTime:0.006203s ]
SQL: SHOW COLUMNS FROM `xm_question` [ RunTime:0.0617s ]
NOTIC: [8] Undefined index: user_id D:\wamp\wamp\www\xunmi\Application\Home\Controller\QuestionController.class.php 第 8 行.
SQL: SELECT * FROM `xm_question` WHERE ( user_id ='' ) AND `q_que` is not null and q_que!=""  [ RunTime:0.0017s ]
SQL: SELECT * FROM `xm_question` WHERE `q_que` is not null and q_que!=""  [ RunTime:0.0011s ]
SQL: SELECT * FROM `xm_question` WHERE ( user_id ='' ) AND `q_ans` is not null and q_ans!=""  [ RunTime:0.0011s ]
INFO: [ view_parse ] --START--
INFO: [ template_filter ] --START--
INFO: Run Behavior\ContentReplaceBehavior [ RunTime:0.000446s ]
INFO: [ template_filter ] --END-- [ RunTime:0.000902s ]
NOTIC: [8] Undefined index: username D:\wamp\wamp\www\xunmi\Application\Runtime\Cache\Home\93ef6f4e0883454498eb7273983f50b5.php 第 134 行.
NOTIC: [8] Undefined index: user_id D:\wamp\wamp\www\xunmi\Application\Runtime\Cache\Home\93ef6f4e0883454498eb7273983f50b5.php 第 215 行.
NOTIC: [8] Undefined index: user_id D:\wamp\wamp\www\xunmi\Application\Runtime\Cache\Home\93ef6f4e0883454498eb7273983f50b5.php 第 215 行.
NOTIC: [8] Undefined index: user_id D:\wamp\wamp\www\xunmi\Application\Runtime\Cache\Home\93ef6f4e0883454498eb7273983f50b5.php 第 215 行.
INFO: Run Behavior\ParseTemplateBehavior [ RunTime:0.290675s ]
INFO: [ view_parse ] --END-- [ RunTime:0.291210s ]
INFO: [ view_filter ] --START--
INFO: Run Behavior\WriteHtmlCacheBehavior [ RunTime:0.003688s ]
INFO: [ view_filter ] --END-- [ RunTime:0.004488s ]
INFO: [ app_end ] --START--
INFO: Run Behavior\ShowPageTraceBehavior [ RunTime:0.003491s ]
INFO: [ app_end ] --END-- [ RunTime:0.004177s ]

[ 2019-10-15T22:41:42+08:00 ] ::1 /xunmi/index.php/Home/Question/index
INFO: [ app_init ] --START--
INFO: Run Behavior\BuildLiteBehavior [ RunTime:0.000105s ]
INFO: [ app_init ] --END-- [ RunTime:0.002576s ]
INFO: [ app_begin ] --START--
INFO: Run Behavior\ReadHtmlCacheBehavior [ RunTime:0.003064s ]
INFO: [ app_begin ] --END-- [ RunTime:0.003519s ]
SQL: SHOW COLUMNS FROM `xm_question` [ RunTime:0.0803s ]
NOTIC: [8] Undefined index: user_id D:\wamp\wamp\www\xunmi\Application\Home\Controller\QuestionController.class.php 第 8 行.
SQL: SELECT * FROM `xm_question` WHERE ( user_id ='' ) AND `q_que` is not null and q_que!=""  [ RunTime:0.0017s ]
SQL: SELECT * FROM `xm_question` WHERE `q_que` is not null and q_que!=""  [ RunTime:0.0018s ]
SQL: SELECT * FROM `xm_question` WHERE ( user_id ='' ) AND `q_ans` is not null and q_ans!=""  [ RunTime:0.0014s ]
INFO: [ app_end ] --START--
INFO: Run Behavior\ShowPageTraceBehavior [ RunTime:0.004238s ]
INFO: [ app_end ] --END-- [ RunTime:0.004764s ]

[ 2019-10-15T22:41:49+08:00 ] ::1 /xunmi/index.php/Home/Question/index
INFO: [ app_init ] --START--
INFO: Run Behavior\BuildLiteBehavior [ RunTime:0.000164s ]
INFO: [ app_init ] --END-- [ RunTime:0.004735s ]
INFO: [ app_begin ] --START--
INFO: Run Behavior\ReadHtmlCacheBehavior [ RunTime:0.003242s ]
INFO: [ app_begin ] --END-- [ RunTime:0.003877s ]
SQL: SHOW COLUMNS FROM `xm_question` [ RunTime:0.0628s ]
NOTIC: [8] Undefined index: user_id D:\wamp\wamp\www\xunmi\Application\Home\Controller\QuestionController.class.php 第 8 行.
SQL: SELECT * FROM `xm_question` WHERE ( user_id ='' ) AND `q_que` is not null and q_que!=""  [ RunTime:0.0014s ]
SQL: SELECT * FROM `xm_question` WHERE `q_que` is not null and q_que!=""  [ RunTime:0.0013s ]
SQL: SELECT * FROM `xm_question` WHERE ( user_id ='' ) AND `q_ans` is not null and q_ans!=""  [ RunTime:0.0011s ]
INFO: [ view_parse ] --START--
INFO: [ template_filter ] --START--
INFO: Run Behavior\ContentReplaceBehavior [ RunTime:0.000598s ]
INFO: [ template_filter ] --END-- [ RunTime:0.001103s ]
NOTIC: [8] Undefined index: username D:\wamp\wamp\www\xunmi\Application\Runtime\Cache\Home\93ef6f4e0883454498eb7273983f50b5.php 第 134 行.
NOTIC: [8] Undefined index: user_id D:\wamp\wamp\www\xunmi\Application\Runtime\Cache\Home\93ef6f4e0883454498eb7273983f50b5.php 第 215 行.
NOTIC: [8] Undefined index: user_id D:\wamp\wamp\www\xunmi\Application\Runtime\Cache\Home\93ef6f4e0883454498eb7273983f50b5.php 第 215 行.
NOTIC: [8] Undefined index: user_id D:\wamp\wamp\www\xunmi\Application\Runtime\Cache\Home\93ef6f4e0883454498eb7273983f50b5.php 第 215 行.
INFO: Run Behavior\ParseTemplateBehavior [ RunTime:0.304286s ]
INFO: [ view_parse ] --END-- [ RunTime:0.304796s ]
INFO: [ view_filter ] --START--
INFO: Run Behavior\WriteHtmlCacheBehavior [ RunTime:0.002632s ]
INFO: [ view_filter ] --END-- [ RunTime:0.003026s ]
INFO: [ app_end ] --START--
INFO: Run Behavior\ShowPageTraceBehavior [ RunTime:0.011640s ]
INFO: [ app_end ] --END-- [ RunTime:0.013403s ]

[ 2019-10-15T22:44:08+08:00 ] ::1 /xunmi/index.php/Home/Userlogin/logout
INFO: [ app_init ] --START--
INFO: Run Behavior\BuildLiteBehavior [ RunTime:0.000214s ]
INFO: [ app_init ] --END-- [ RunTime:0.003495s ]
INFO: [ app_begin ] --START--
INFO: Run Behavior\ReadHtmlCacheBehavior [ RunTime:0.009006s ]
INFO: [ app_begin ] --END-- [ RunTime:0.009942s ]
INFO: [ view_parse ] --START--
INFO: [ template_filter ] --START--
INFO: Run Behavior\ContentReplaceBehavior [ RunTime:0.000234s ]
INFO: [ template_filter ] --END-- [ RunTime:0.000692s ]
INFO: Run Behavior\ParseTemplateBehavior [ RunTime:0.237679s ]
INFO: [ view_parse ] --END-- [ RunTime:0.238666s ]
INFO: [ view_filter ] --START--
INFO: Run Behavior\WriteHtmlCacheBehavior [ RunTime:0.004218s ]
INFO: [ view_filter ] --END-- [ RunTime:0.005322s ]
INFO: [ app_end ] --START--
INFO: Run Behavior\ShowPageTraceBehavior [ RunTime:0.004644s ]
INFO: [ app_end ] --END-- [ RunTime:0.005448s ]

[ 2019-10-15T22:44:10+08:00 ] ::1 /xunmi/index.php/Home/Userlogin/login.html
INFO: [ app_init ] --START--
INFO: Run Behavior\BuildLiteBehavior [ RunTime:0.000177s ]
INFO: [ app_init ] --END-- [ RunTime:0.003370s ]
INFO: [ app_begin ] --START--
INFO: Run Behavior\ReadHtmlCacheBehavior [ RunTime:0.003122s ]
INFO: [ app_begin ] --END-- [ RunTime:0.003627s ]
SQL: SHOW COLUMNS FROM `xm_hot` [ RunTime:0.1474s ]
SQL: SELECT COUNT(*) AS tp_count FROM `xm_hot` LIMIT 1   [ RunTime:0.0016s ]
SQL: SELECT * FROM `xm_hot` LIMIT 0,8   [ RunTime:0.0037s ]
INFO: [ view_parse ] --START--
INFO: [ template_filter ] --START--
INFO: Run Behavior\ContentReplaceBehavior [ RunTime:0.000426s ]
INFO: [ template_filter ] --END-- [ RunTime:0.001000s ]
NOTIC: [8] Undefined index: sou D:\wamp\wamp\www\xunmi\Application\Runtime\Cache\Home\b5299faaee9c703b824adad03d469372.php 第 149 行.
NOTIC: [8] Undefined index: zan D:\wamp\wamp\www\xunmi\Application\Runtime\Cache\Home\b5299faaee9c703b824adad03d469372.php 第 215 行.
NOTIC: [8] Undefined index: collection D:\wamp\wamp\www\xunmi\Application\Runtime\Cache\Home\b5299faaee9c703b824adad03d469372.php 第 217 行.
NOTIC: [8] Undefined index: zan D:\wamp\wamp\www\xunmi\Application\Runtime\Cache\Home\b5299faaee9c703b824adad03d469372.php 第 215 行.
NOTIC: [8] Undefined index: collection D:\wamp\wamp\www\xunmi\Application\Runtime\Cache\Home\b5299faaee9c703b824adad03d469372.php 第 217 行.
NOTIC: [8] Undefined index: zan D:\wamp\wamp\www\xunmi\Application\Runtime\Cache\Home\b5299faaee9c703b824adad03d469372.php 第 215 行.
NOTIC: [8] Undefined index: collection D:\wamp\wamp\www\xunmi\Application\Runtime\Cache\Home\b5299faaee9c703b824adad03d469372.php 第 217 行.
NOTIC: [8] Undefined index: zan D:\wamp\wamp\www\xunmi\Application\Runtime\Cache\Home\b5299faaee9c703b824adad03d469372.php 第 215 行.
NOTIC: [8] Undefined index: collection D:\wamp\wamp\www\xunmi\Application\Runtime\Cache\Home\b5299faaee9c703b824adad03d469372.php 第 217 行.
NOTIC: [8] Undefined index: zan D:\wamp\wamp\www\xunmi\Application\Runtime\Cache\Home\b5299faaee9c703b824adad03d469372.php 第 215 行.
NOTIC: [8] Undefined index: collection D:\wamp\wamp\www\xunmi\Application\Runtime\Cache\Home\b5299faaee9c703b824adad03d469372.php 第 217 行.
NOTIC: [8] Undefined index: zan D:\wamp\wamp\www\xunmi\Application\Runtime\Cache\Home\b5299faaee9c703b824adad03d469372.php 第 215 行.
NOTIC: [8] Undefined index: collection D:\wamp\wamp\www\xunmi\Application\Runtime\Cache\Home\b5299faaee9c703b824adad03d469372.php 第 217 行.
NOTIC: [8] Undefined index: zan D:\wamp\wamp\www\xunmi\Application\Runtime\Cache\Home\b5299faaee9c703b824adad03d469372.php 第 215 行.
NOTIC: [8] Undefined index: collection D:\wamp\wamp\www\xunmi\Application\Runtime\Cache\Home\b5299faaee9c703b824adad03d469372.php 第 217 行.
NOTIC: [8] Undefined index: zan D:\wamp\wamp\www\xunmi\Application\Runtime\Cache\Home\b5299faaee9c703b824adad03d469372.php 第 215 行.
NOTIC: [8] Undefined index: collection D:\wamp\wamp\www\xunmi\Application\Runtime\Cache\Home\b5299faaee9c703b824adad03d469372.php 第 217 行.
NOTIC: [8] Undefined index: sou D:\wamp\wamp\www\xunmi\Application\Runtime\Cache\Home\b5299faaee9c703b824adad03d469372.php 第 237 行.
INFO: Run Behavior\ParseTemplateBehavior [ RunTime:0.270121s ]
INFO: [ view_parse ] --END-- [ RunTime:0.270882s ]
INFO: [ view_filter ] --START--
INFO: Run Behavior\WriteHtmlCacheBehavior [ RunTime:0.003628s ]
INFO: [ view_filter ] --END-- [ RunTime:0.004335s ]
INFO: [ app_end ] --START--
INFO: Run Behavior\ShowPageTraceBehavior [ RunTime:0.006780s ]
INFO: [ app_end ] --END-- [ RunTime:0.007516s ]

[ 2019-10-15T22:44:19+08:00 ] ::1 /xunmi/index.php/Home/Userlogin/login.html
INFO: [ app_init ] --START--
INFO: Run Behavior\BuildLiteBehavior [ RunTime:0.000115s ]
INFO: [ app_init ] --END-- [ RunTime:0.002739s ]
INFO: [ app_begin ] --START--
INFO: Run Behavior\ReadHtmlCacheBehavior [ RunTime:0.004137s ]
INFO: [ app_begin ] --END-- [ RunTime:0.005047s ]
SQL: SHOW COLUMNS FROM `xm_hot` [ RunTime:0.0708s ]
SQL: SELECT COUNT(*) AS tp_count FROM `xm_hot` LIMIT 1   [ RunTime:0.0020s ]
SQL: SELECT * FROM `xm_hot` LIMIT 0,8   [ RunTime:0.0035s ]
SQL: SHOW COLUMNS FROM `xm_user` [ RunTime:0.1169s ]
SQL: SELECT * FROM `xm_user` WHERE `username` = 'wang' AND `user_password` = '1' LIMIT 1   [ RunTime:0.0024s ]

[ 2019-10-15T22:44:20+08:00 ] ::1 /xunmi/index.php/Home/Index/index.html
INFO: [ app_init ] --START--
INFO: Run Behavior\BuildLiteBehavior [ RunTime:0.000086s ]
INFO: [ app_init ] --END-- [ RunTime:0.002119s ]
INFO: [ app_begin ] --START--
INFO: Run Behavior\ReadHtmlCacheBehavior [ RunTime:0.003010s ]
INFO: [ app_begin ] --END-- [ RunTime:0.003551s ]
SQL: SHOW COLUMNS FROM `xm_hot` [ RunTime:0.0299s ]
SQL: SELECT COUNT(*) AS tp_count FROM `xm_hot` LIMIT 1   [ RunTime:0.0012s ]
SQL: SELECT * FROM `xm_hot` LEFT JOIN xm_pros on xm_hot.h_id=xm_pros.ho_id and xm_pros.user_id='1' LEFT JOIN xm_collection ON xm_hot.h_id=xm_collection.ho_id and xm_collection.user_id='1'  ORDER BY h_id asc LIMIT 0,8   [ RunTime:0.2850s ]
SQL: SHOW COLUMNS FROM `xm_feedback` [ RunTime:0.0404s ]
INFO: [ view_parse ] --START--
INFO: [ template_filter ] --START--
INFO: Run Behavior\ContentReplaceBehavior [ RunTime:0.000443s ]
INFO: [ template_filter ] --END-- [ RunTime:0.000909s ]
INFO: Run Behavior\ParseTemplateBehavior [ RunTime:0.165192s ]
INFO: [ view_parse ] --END-- [ RunTime:0.165681s ]
INFO: [ view_filter ] --START--
INFO: Run Behavior\WriteHtmlCacheBehavior [ RunTime:0.004671s ]
INFO: [ view_filter ] --END-- [ RunTime:0.005308s ]
INFO: [ app_end ] --START--
INFO: Run Behavior\ShowPageTraceBehavior [ RunTime:0.015542s ]
INFO: [ app_end ] --END-- [ RunTime:0.016437s ]

[ 2019-10-15T22:52:57+08:00 ] ::1 /xunmi/index.php/Home/Index/index.html
INFO: [ app_init ] --START--
INFO: Run Behavior\BuildLiteBehavior [ RunTime:0.000108s ]
INFO: [ app_init ] --END-- [ RunTime:0.002067s ]
INFO: [ app_begin ] --START--
INFO: Run Behavior\ReadHtmlCacheBehavior [ RunTime:0.003030s ]
INFO: [ app_begin ] --END-- [ RunTime:0.003460s ]
SQL: SHOW COLUMNS FROM `xm_hot` [ RunTime:0.0534s ]
SQL: SELECT COUNT(*) AS tp_count FROM `xm_hot` LIMIT 1   [ RunTime:0.0020s ]
SQL: SELECT * FROM `xm_hot` LEFT JOIN xm_pros on xm_hot.h_id=xm_pros.ho_id and xm_pros.user_id='1' LEFT JOIN xm_collection ON xm_hot.h_id=xm_collection.ho_id and xm_collection.user_id='1'  ORDER BY h_id asc LIMIT 0,8   [ RunTime:0.0781s ]
SQL: SHOW COLUMNS FROM `xm_feedback` [ RunTime:0.0430s ]
INFO: [ view_parse ] --START--
INFO: [ template_filter ] --START--
INFO: Run Behavior\ContentReplaceBehavior [ RunTime:0.000497s ]
INFO: [ template_filter ] --END-- [ RunTime:0.000979s ]
INFO: Run Behavior\ParseTemplateBehavior [ RunTime:0.200581s ]
INFO: [ view_parse ] --END-- [ RunTime:0.201049s ]
INFO: [ view_filter ] --START--
INFO: Run Behavior\WriteHtmlCacheBehavior [ RunTime:0.003455s ]
INFO: [ view_filter ] --END-- [ RunTime:0.003897s ]
INFO: [ app_end ] --START--
INFO: Run Behavior\ShowPageTraceBehavior [ RunTime:0.005493s ]
INFO: [ app_end ] --END-- [ RunTime:0.006647s ]

[ 2019-10-15T22:53:43+08:00 ] ::1 /xunmi/index.php/Home/Index/index.html
INFO: [ app_init ] --START--
INFO: Run Behavior\BuildLiteBehavior [ RunTime:0.000088s ]
INFO: [ app_init ] --END-- [ RunTime:0.002154s ]
INFO: [ app_begin ] --START--
INFO: Run Behavior\ReadHtmlCacheBehavior [ RunTime:0.004895s ]
INFO: [ app_begin ] --END-- [ RunTime:0.005706s ]
SQL: SHOW COLUMNS FROM `xm_hot` [ RunTime:0.0687s ]
SQL: SELECT COUNT(*) AS tp_count FROM `xm_hot` LIMIT 1   [ RunTime:0.0017s ]
SQL: SELECT * FROM `xm_hot` LEFT JOIN xm_pros on xm_hot.h_id=xm_pros.ho_id and xm_pros.user_id='1' LEFT JOIN xm_collection ON xm_hot.h_id=xm_collection.ho_id and xm_collection.user_id='1'  ORDER BY h_id asc LIMIT 0,8   [ RunTime:0.1018s ]
SQL: SHOW COLUMNS FROM `xm_feedback` [ RunTime:0.0469s ]
INFO: [ view_parse ] --START--
INFO: [ template_filter ] --START--
INFO: Run Behavior\ContentReplaceBehavior [ RunTime:0.000453s ]
INFO: [ template_filter ] --END-- [ RunTime:0.001667s ]
INFO: Run Behavior\ParseTemplateBehavior [ RunTime:0.238925s ]
INFO: [ view_parse ] --END-- [ RunTime:0.239569s ]
INFO: [ view_filter ] --START--
INFO: Run Behavior\WriteHtmlCacheBehavior [ RunTime:0.002590s ]
INFO: [ view_filter ] --END-- [ RunTime:0.002995s ]
INFO: [ app_end ] --START--
INFO: Run Behavior\ShowPageTraceBehavior [ RunTime:0.008019s ]
INFO: [ app_end ] --END-- [ RunTime:0.012407s ]

[ 2019-10-15T22:53:47+08:00 ] ::1 /xunmi/index.php/Home/Share/lst
INFO: [ app_init ] --START--
INFO: Run Behavior\BuildLiteBehavior [ RunTime:0.000092s ]
INFO: [ app_init ] --END-- [ RunTime:0.002929s ]
INFO: [ app_begin ] --START--
INFO: Run Behavior\ReadHtmlCacheBehavior [ RunTime:0.003563s ]
INFO: [ app_begin ] --END-- [ RunTime:0.004012s ]
ERR: 无法加载控制器:Share

[ 2019-10-15T22:55:15+08:00 ] ::1 /xunmi/index.php/Home/Share/lst
INFO: [ app_init ] --START--
INFO: Run Behavior\BuildLiteBehavior [ RunTime:0.000096s ]
INFO: [ app_init ] --END-- [ RunTime:0.002983s ]
INFO: [ app_begin ] --START--
INFO: Run Behavior\ReadHtmlCacheBehavior [ RunTime:0.005924s ]
INFO: [ app_begin ] --END-- [ RunTime:0.006693s ]
ERR: 无法加载控制器:Share

[ 2019-10-15T22:55:16+08:00 ] ::1 /xunmi/index.php/Home/Share/lst
INFO: [ app_init ] --START--
INFO: Run Behavior\BuildLiteBehavior [ RunTime:0.000094s ]
INFO: [ app_init ] --END-- [ RunTime:0.002225s ]
INFO: [ app_begin ] --START--
INFO: Run Behavior\ReadHtmlCacheBehavior [ RunTime:0.004311s ]
INFO: [ app_begin ] --END-- [ RunTime:0.004863s ]
ERR: 无法加载控制器:Share

[ 2019-10-15T22:55:32+08:00 ] ::1 /xunmi/index.php/Home/Share/lst
INFO: [ app_init ] --START--
INFO: Run Behavior\BuildLiteBehavior [ RunTime:0.000096s ]
INFO: [ app_init ] --END-- [ RunTime:0.002156s ]
INFO: [ app_begin ] --START--
INFO: Run Behavior\ReadHtmlCacheBehavior [ RunTime:0.002281s ]
INFO: [ app_begin ] --END-- [ RunTime:0.002732s ]
ERR: 无法加载控制器:Share

[ 2019-10-15T22:55:47+08:00 ] ::1 /xunmi/index.php/Home/Share/lst
INFO: [ app_init ] --START--
INFO: Run Behavior\BuildLiteBehavior [ RunTime:0.000094s ]
INFO: [ app_init ] --END-- [ RunTime:0.002010s ]
INFO: [ app_begin ] --START--
INFO: Run Behavior\ReadHtmlCacheBehavior [ RunTime:0.002848s ]
INFO: [ app_begin ] --END-- [ RunTime:0.003775s ]

[ 2019-10-15T22:58:10+08:00 ] ::1 /xunmi/index.php/Home/Share/lst
INFO: [ app_init ] --START--
INFO: Run Behavior\BuildLiteBehavior [ RunTime:0.000087s ]
INFO: [ app_init ] --END-- [ RunTime:0.002199s ]
INFO: [ app_begin ] --START--
INFO: Run Behavior\ReadHtmlCacheBehavior [ RunTime:0.002759s ]
INFO: [ app_begin ] --END-- [ RunTime:0.003223s ]
ERR: 无法加载控制器:Share

[ 2019-10-15T22:58:11+08:00 ] ::1 /xunmi/index.php/Home/Share/lst
INFO: [ app_init ] --START--
INFO: Run Behavior\BuildLiteBehavior [ RunTime:0.000091s ]
INFO: [ app_init ] --END-- [ RunTime:0.002123s ]
INFO: [ app_begin ] --START--
INFO: Run Behavior\ReadHtmlCacheBehavior [ RunTime:0.002488s ]
INFO: [ app_begin ] --END-- [ RunTime:0.002989s ]
ERR: 无法加载控制器:Share

[ 2019-10-15T22:58:12+08:00 ] ::1 /xunmi/index.php/Home/Share/lst
INFO: [ app_init ] --START--
INFO: Run Behavior\BuildLiteBehavior [ RunTime:0.000096s ]
INFO: [ app_init ] --END-- [ RunTime:0.002060s ]
INFO: [ app_begin ] --START--
INFO: Run Behavior\ReadHtmlCacheBehavior [ RunTime:0.002297s ]
INFO: [ app_begin ] --END-- [ RunTime:0.002749s ]
ERR: 无法加载控制器:Share

[ 2019-10-15T22:58:12+08:00 ] ::1 /xunmi/index.php/Home/Share/lst
INFO: [ app_init ] --START--
INFO: Run Behavior\BuildLiteBehavior [ RunTime:0.000088s ]
INFO: [ app_init ] --END-- [ RunTime:0.002038s ]
INFO: [ app_begin ] --START--
INFO: Run Behavior\ReadHtmlCacheBehavior [ RunTime:0.002902s ]
INFO: [ app_begin ] --END-- [ RunTime:0.003358s ]
ERR: 无法加载控制器:Share

[ 2019-10-15T22:58:13+08:00 ] ::1 /xunmi/index.php/Home/Share/lst
INFO: [ app_init ] --START--
INFO: Run Behavior\BuildLiteBehavior [ RunTime:0.000087s ]
INFO: [ app_init ] --END-- [ RunTime:0.001993s ]
INFO: [ app_begin ] --START--
INFO: Run Behavior\ReadHtmlCacheBehavior [ RunTime:0.002969s ]
INFO: [ app_begin ] --END-- [ RunTime:0.003438s ]
ERR: 无法加载控制器:Share

[ 2019-10-15T22:58:14+08:00 ] ::1 /xunmi/index.php/Home/Share/lst
INFO: [ app_init ] --START--
INFO: Run Behavior\BuildLiteBehavior [ RunTime:0.000089s ]
INFO: [ app_init ] --END-- [ RunTime:0.002150s ]
INFO: [ app_begin ] --START--
INFO: Run Behavior\ReadHtmlCacheBehavior [ RunTime:0.002756s ]
INFO: [ app_begin ] --END-- [ RunTime:0.003301s ]
ERR: 无法加载控制器:Share

[ 2019-10-15T22:58:21+08:00 ] ::1 /xunmi/index.php/Home/Index/index.html
INFO: [ app_init ] --START--
INFO: Run Behavior\BuildLiteBehavior [ RunTime:0.000135s ]
INFO: [ app_init ] --END-- [ RunTime:0.002273s ]
INFO: [ app_begin ] --START--
INFO: Run Behavior\ReadHtmlCacheBehavior [ RunTime:0.004057s ]
INFO: [ app_begin ] --END-- [ RunTime:0.004682s ]
SQL: SHOW COLUMNS FROM `xm_hot` [ RunTime:0.0666s ]
SQL: SELECT COUNT(*) AS tp_count FROM `xm_hot` LIMIT 1   [ RunTime:0.0012s ]
SQL: SELECT * FROM `xm_hot` LEFT JOIN xm_pros on xm_hot.h_id=xm_pros.ho_id and xm_pros.user_id='1' LEFT JOIN xm_collection ON xm_hot.h_id=xm_collection.ho_id and xm_collection.user_id='1'  ORDER BY h_id asc LIMIT 0,8   [ RunTime:0.0799s ]
SQL: SHOW COLUMNS FROM `xm_feedback` [ RunTime:0.0518s ]
INFO: [ view_parse ] --START--
INFO: [ template_filter ] --START--
INFO: Run Behavior\ContentReplaceBehavior [ RunTime:0.000518s ]
INFO: [ template_filter ] --END-- [ RunTime:0.001121s ]
INFO: Run Behavior\ParseTemplateBehavior [ RunTime:0.213853s ]
INFO: [ view_parse ] --END-- [ RunTime:0.214445s ]
INFO: [ view_filter ] --START--
INFO: Run Behavior\WriteHtmlCacheBehavior [ RunTime:0.003045s ]
INFO: [ view_filter ] --END-- [ RunTime:0.003596s ]
INFO: [ app_end ] --START--
INFO: Run Behavior\ShowPageTraceBehavior [ RunTime:0.005189s ]
INFO: [ app_end ] --END-- [ RunTime:0.006284s ]

[ 2019-10-15T22:58:23+08:00 ] ::1 /xunmi/index.php/Home/Share/lst
INFO: [ app_init ] --START--
INFO: Run Behavior\BuildLiteBehavior [ RunTime:0.000157s ]
INFO: [ app_init ] --END-- [ RunTime:0.003101s ]
INFO: [ app_begin ] --START--
INFO: Run Behavior\ReadHtmlCacheBehavior [ RunTime:0.003913s ]
INFO: [ app_begin ] --END-- [ RunTime:0.004452s ]
ERR: 无法加载控制器:Share

[ 2019-10-15T22:58:48+08:00 ] ::1 /xunmi/index.php/Home/Share/lst
INFO: [ app_init ] --START--
INFO: Run Behavior\BuildLiteBehavior [ RunTime:0.000090s ]
INFO: [ app_init ] --END-- [ RunTime:0.002238s ]
INFO: [ app_begin ] --START--
INFO: Run Behavior\ReadHtmlCacheBehavior [ RunTime:0.003374s ]
INFO: [ app_begin ] --END-- [ RunTime:0.003961s ]
ERR: 无法加载控制器:Share

[ 2019-10-15T22:58:49+08:00 ] ::1 /xunmi/index.php/Home/Share/lst
INFO: [ app_init ] --START--
INFO: Run Behavior\BuildLiteBehavior [ RunTime:0.000088s ]
INFO: [ app_init ] --END-- [ RunTime:0.002073s ]
INFO: [ app_begin ] --START--
INFO: Run Behavior\ReadHtmlCacheBehavior [ RunTime:0.003094s ]
INFO: [ app_begin ] --END-- [ RunTime:0.003517s ]
ERR: 无法加载控制器:Share

[ 2019-10-15T22:58:50+08:00 ] ::1 /xunmi/index.php/Home/Share/lst
INFO: [ app_init ] --START--
INFO: Run Behavior\BuildLiteBehavior [ RunTime:0.000115s ]
INFO: [ app_init ] --END-- [ RunTime:0.002036s ]
INFO: [ app_begin ] --START--
INFO: Run Behavior\ReadHtmlCacheBehavior [ RunTime:0.003242s ]
INFO: [ app_begin ] --END-- [ RunTime:0.004234s ]
ERR: 无法加载控制器:Share

[ 2019-10-15T22:58:50+08:00 ] ::1 /xunmi/index.php/Home/Share/lst
INFO: [ app_init ] --START--
INFO: Run Behavior\BuildLiteBehavior [ RunTime:0.000150s ]
INFO: [ app_init ] --END-- [ RunTime:0.005466s ]
INFO: [ app_begin ] --START--
INFO: Run Behavior\ReadHtmlCacheBehavior [ RunTime:0.002888s ]
INFO: [ app_begin ] --END-- [ RunTime:0.003336s ]
ERR: 无法加载控制器:Share

[ 2019-10-15T22:58:50+08:00 ] ::1 /xunmi/index.php/Home/Share/lst
INFO: [ app_init ] --START--
INFO: Run Behavior\BuildLiteBehavior [ RunTime:0.000087s ]
INFO: [ app_init ] --END-- [ RunTime:0.002016s ]
INFO: [ app_begin ] --START--
INFO: Run Behavior\ReadHtmlCacheBehavior [ RunTime:0.005459s ]
INFO: [ app_begin ] --END-- [ RunTime:0.005996s ]
ERR: 无法加载控制器:Share

[ 2019-10-15T23:00:03+08:00 ] ::1 /xunmi/index.php/Home/Share/lst
INFO: [ app_init ] --START--
INFO: Run Behavior\BuildLiteBehavior [ RunTime:0.000088s ]
INFO: [ app_init ] --END-- [ RunTime:0.002142s ]
INFO: [ app_begin ] --START--
INFO: Run Behavior\ReadHtmlCacheBehavior [ RunTime:0.004193s ]
INFO: [ app_begin ] --END-- [ RunTime:0.004924s ]
ERR: 无法加载控制器:Share

[ 2019-10-15T23:01:27+08:00 ] ::1 /xunmi/index.php/Home/Share/lst
INFO: [ app_init ] --START--
INFO: Run Behavior\BuildLiteBehavior [ RunTime:0.000106s ]
INFO: [ app_init ] --END-- [ RunTime:0.004762s ]
INFO: [ app_begin ] --START--
INFO: Run Behavior\ReadHtmlCacheBehavior [ RunTime:0.002869s ]
INFO: [ app_begin ] --END-- [ RunTime:0.003305s ]
INFO: [ view_parse ] --START--
INFO: [ template_filter ] --START--
INFO: Run Behavior\ContentReplaceBehavior [ RunTime:0.000603s ]
INFO: [ template_filter ] --END-- [ RunTime:0.001236s ]
INFO: Run Behavior\ParseTemplateBehavior [ RunTime:0.701970s ]
INFO: [ view_parse ] --END-- [ RunTime:0.702500s ]
INFO: [ view_filter ] --START--
INFO: Run Behavior\WriteHtmlCacheBehavior [ RunTime:0.002309s ]
INFO: [ view_filter ] --END-- [ RunTime:0.002720s ]
INFO: [ app_end ] --START--
INFO: Run Behavior\ShowPageTraceBehavior [ RunTime:0.008617s ]
INFO: [ app_end ] --END-- [ RunTime:0.009545s ]

[ 2019-10-15T23:02:14+08:00 ] ::1 /xunmi/index.php/Home/Share/lst
INFO: [ app_init ] --START--
INFO: Run Behavior\BuildLiteBehavior [ RunTime:0.000171s ]
INFO: [ app_init ] --END-- [ RunTime:0.004121s ]
INFO: [ app_begin ] --START--
INFO: Run Behavior\ReadHtmlCacheBehavior [ RunTime:0.003169s ]
INFO: [ app_begin ] --END-- [ RunTime:0.003669s ]
INFO: [ view_parse ] --START--
INFO: [ template_filter ] --START--
INFO: Run Behavior\ContentReplaceBehavior [ RunTime:0.000536s ]
INFO: [ template_filter ] --END-- [ RunTime:0.001042s ]
INFO: Run Behavior\ParseTemplateBehavior [ RunTime:0.156932s ]
INFO: [ view_parse ] --END-- [ RunTime:0.157414s ]
INFO: [ view_filter ] --START--
INFO: Run Behavior\WriteHtmlCacheBehavior [ RunTime:0.002403s ]
INFO: [ view_filter ] --END-- [ RunTime:0.002810s ]
INFO: [ app_end ] --START--
INFO: Run Behavior\ShowPageTraceBehavior [ RunTime:0.005874s ]
INFO: [ app_end ] --END-- [ RunTime:0.006622s ]

[ 2019-10-15T23:03:18+08:00 ] ::1 /xunmi/index.php/Home/Share/lst
INFO: [ app_init ] --START--
INFO: Run Behavior\BuildLiteBehavior [ RunTime:0.000114s ]
INFO: [ app_init ] --END-- [ RunTime:0.002207s ]
INFO: [ app_begin ] --START--
INFO: Run Behavior\ReadHtmlCacheBehavior [ RunTime:0.002996s ]
INFO: [ app_begin ] --END-- [ RunTime:0.003612s ]
INFO: [ view_parse ] --START--
INFO: [ template_filter ] --START--
INFO: Run Behavior\ContentReplaceBehavior [ RunTime:0.000941s ]
INFO: [ template_filter ] --END-- [ RunTime:0.001914s ]
INFO: Run Behavior\ParseTemplateBehavior [ RunTime:0.224773s ]
INFO: [ view_parse ] --END-- [ RunTime:0.225661s ]
INFO: [ view_filter ] --START--
INFO: Run Behavior\WriteHtmlCacheBehavior [ RunTime:0.003361s ]
INFO: [ view_filter ] --END-- [ RunTime:0.003796s ]
INFO: [ app_end ] --START--
INFO: Run Behavior\ShowPageTraceBehavior [ RunTime:0.010964s ]
INFO: [ app_end ] --END-- [ RunTime:0.011910s ]

[ 2019-10-15T23:07:00+08:00 ] ::1 /xunmi/index.php/Home/Share/lst
INFO: [ app_init ] --START--
INFO: Run Behavior\BuildLiteBehavior [ RunTime:0.000161s ]
INFO: [ app_init ] --END-- [ RunTime:0.022102s ]
INFO: [ app_begin ] --START--
INFO: Run Behavior\ReadHtmlCacheBehavior [ RunTime:0.015865s ]
INFO: [ app_begin ] --END-- [ RunTime:0.016663s ]
INFO: [ view_parse ] --START--
INFO: [ template_filter ] --START--
INFO: Run Behavior\ContentReplaceBehavior [ RunTime:0.000703s ]
INFO: [ template_filter ] --END-- [ RunTime:0.001484s ]
INFO: Run Behavior\ParseTemplateBehavior [ RunTime:0.566741s ]
INFO: [ view_parse ] --END-- [ RunTime:0.567839s ]
INFO: [ view_filter ] --START--
INFO: Run Behavior\WriteHtmlCacheBehavior [ RunTime:0.003872s ]
INFO: [ view_filter ] --END-- [ RunTime:0.005669s ]
INFO: [ app_end ] --START--
INFO: Run Behavior\ShowPageTraceBehavior [ RunTime:0.011128s ]
INFO: [ app_end ] --END-- [ RunTime:0.011931s ]

[ 2019-10-15T23:34:57+08:00 ] ::1 /xunmi/index.php/Home/Share/lst
INFO: [ app_init ] --START--
INFO: Run Behavior\BuildLiteBehavior [ RunTime:0.000352s ]
INFO: [ app_init ] --END-- [ RunTime:0.003422s ]
INFO: [ app_begin ] --START--
INFO: Run Behavior\ReadHtmlCacheBehavior [ RunTime:0.005295s ]
INFO: [ app_begin ] --END-- [ RunTime:0.006105s ]
SQL: SHOW COLUMNS FROM `xm_share` [ RunTime:0.0893s ]
NOTIC: [2] call_user_func() expects parameter 1 to be a valid callback, no array or string given D:\wamp\wamp\www\xunmi\ThinkPHP\Library\Think\Upload.class.php 第 170 行.
NOTIC: [2] call_user_func() expects parameter 1 to be a valid callback, no array or string given D:\wamp\wamp\www\xunmi\ThinkPHP\Library\Think\Upload.class.php 第 170 行.
NOTIC: [8] Undefined variable: food D:\wamp\wamp\www\xunmi\Application\Home\Controller\ShareController.class.php 第 47 行.

[ 2019-10-15T23:35:28+08:00 ] ::1 /xunmi/index.php/Home/Share/lst
INFO: [ app_init ] --START--
INFO: Run Behavior\BuildLiteBehavior [ RunTime:0.000154s ]
INFO: [ app_init ] --END-- [ RunTime:0.003324s ]
INFO: [ app_begin ] --START--
INFO: Run Behavior\ReadHtmlCacheBehavior [ RunTime:0.006356s ]
INFO: [ app_begin ] --END-- [ RunTime:0.006984s ]
SQL: SHOW COLUMNS FROM `xm_share` [ RunTime:0.1005s ]
NOTIC: [2] call_user_func() expects parameter 1 to be a valid callback, no array or string given D:\wamp\wamp\www\xunmi\ThinkPHP\Library\Think\Upload.class.php 第 170 行.
NOTIC: [2] call_user_func() expects parameter 1 to be a valid callback, no array or string given D:\wamp\wamp\www\xunmi\ThinkPHP\Library\Think\Upload.class.php 第 170 行.
NOTIC: [8] Undefined index: validate D:\wamp\wamp\www\xunmi\ThinkPHP\Library\Think\Model.class.php 第 1185 行.
NOTIC: [8] Undefined index: auto D:\wamp\wamp\www\xunmi\ThinkPHP\Library\Think\Model.class.php 第 1128 行.
SQL: INSERT INTO `xm_share` (`s_title`,`s_author`,`s_content`,`s_pic`,`s_tou`) VALUES ('4','4','&lt;p&gt;4&lt;/p&gt;','./Uploads/2019-10-15/5da5e740cac97.jpeg','./Tous/2019-10-15/5da5e740cd744.jpg') [ RunTime:0.0650s ]
INFO: [ app_end ] --START--
INFO: Run Behavior\ShowPageTraceBehavior [ RunTime:0.003192s ]
INFO: [ app_end ] --END-- [ RunTime:0.003604s ]

[ 2019-10-15T23:35:31+08:00 ] ::1 /xunmi/index.php/Home/Share/lst
INFO: [ app_init ] --START--
INFO: Run Behavior\BuildLiteBehavior [ RunTime:0.000247s ]
INFO: [ app_init ] --END-- [ RunTime:0.005933s ]
INFO: [ app_begin ] --START--
INFO: Run Behavior\ReadHtmlCacheBehavior [ RunTime:0.005014s ]
INFO: [ app_begin ] --END-- [ RunTime:0.005926s ]
SQL: SHOW COLUMNS FROM `xm_share` [ RunTime:0.0771s ]
INFO: [ view_parse ] --START--
INFO: [ template_filter ] --START--
INFO: Run Behavior\ContentReplaceBehavior [ RunTime:0.000585s ]
INFO: [ template_filter ] --END-- [ RunTime:0.001054s ]
INFO: Run Behavior\ParseTemplateBehavior [ RunTime:0.586368s ]
INFO: [ view_parse ] --END-- [ RunTime:0.587338s ]
INFO: [ view_filter ] --START--
INFO: Run Behavior\WriteHtmlCacheBehavior [ RunTime:0.002706s ]
INFO: [ view_filter ] --END-- [ RunTime:0.003096s ]
INFO: [ app_end ] --START--
INFO: Run Behavior\ShowPageTraceBehavior [ RunTime:0.007010s ]
INFO: [ app_end ] --END-- [ RunTime:0.009635s ]

[ 2019-10-15T23:56:21+08:00 ] ::1 /xunmi/index.php/Home/Userlogin/info
INFO: [ app_init ] --START--
INFO: Run Behavior\BuildLiteBehavior [ RunTime:0.000091s ]
INFO: [ app_init ] --END-- [ RunTime:0.002230s ]
INFO: [ app_begin ] --START--
INFO: Run Behavior\ReadHtmlCacheBehavior [ RunTime:0.003863s ]
INFO: [ app_begin ] --END-- [ RunTime:0.004443s ]
SQL: SHOW COLUMNS FROM `xm_pros` [ RunTime:0.1034s ]
SQL: SHOW COLUMNS FROM `xm_collection` [ RunTime:0.0827s ]
SQL: SELECT * FROM `xm_pros` WHERE ( user_id=1 )  [ RunTime:0.0016s ]
SQL: SELECT * FROM `xm_collection` WHERE ( user_id=1 )  [ RunTime:0.0012s ]
INFO: [ view_parse ] --START--
INFO: [ template_filter ] --START--
INFO: Run Behavior\ContentReplaceBehavior [ RunTime:0.000259s ]
INFO: [ template_filter ] --END-- [ RunTime:0.000717s ]
INFO: Run Behavior\ParseTemplateBehavior [ RunTime:0.550589s ]
INFO: [ view_parse ] --END-- [ RunTime:0.551376s ]
INFO: [ view_filter ] --START--
INFO: Run Behavior\WriteHtmlCacheBehavior [ RunTime:0.002387s ]
INFO: [ view_filter ] --END-- [ RunTime:0.002809s ]
INFO: [ app_end ] --START--
INFO: Run Behavior\ShowPageTraceBehavior [ RunTime:0.003260s ]
INFO: [ app_end ] --END-- [ RunTime:0.003703s ]

[ 2019-10-15T23:56:27+08:00 ] ::1 /xunmi/index.php/Home/Index/index
INFO: [ app_init ] --START--
INFO: Run Behavior\BuildLiteBehavior [ RunTime:0.000091s ]
INFO: [ app_init ] --END-- [ RunTime:0.002291s ]
INFO: [ app_begin ] --START--
INFO: Run Behavior\ReadHtmlCacheBehavior [ RunTime:0.003887s ]
INFO: [ app_begin ] --END-- [ RunTime:0.004460s ]
SQL: SHOW COLUMNS FROM `xm_hot` [ RunTime:0.0600s ]
SQL: SELECT COUNT(*) AS tp_count FROM `xm_hot` LIMIT 1   [ RunTime:0.0016s ]
SQL: SELECT * FROM `xm_hot` LEFT JOIN xm_pros on xm_hot.h_id=xm_pros.ho_id and xm_pros.user_id='1' LEFT JOIN xm_collection ON xm_hot.h_id=xm_collection.ho_id and xm_collection.user_id='1'  ORDER BY h_id asc LIMIT 0,8   [ RunTime:0.2295s ]
SQL: SHOW COLUMNS FROM `xm_feedback` [ RunTime:0.1465s ]
INFO: [ view_parse ] --START--
INFO: [ template_filter ] --START--
INFO: Run Behavior\ContentReplaceBehavior [ RunTime:0.000463s ]
INFO: [ template_filter ] --END-- [ RunTime:0.000914s ]
INFO: Run Behavior\ParseTemplateBehavior [ RunTime:0.937882s ]
INFO: [ view_parse ] --END-- [ RunTime:0.938326s ]
INFO: [ view_filter ] --START--
INFO: Run Behavior\WriteHtmlCacheBehavior [ RunTime:0.002396s ]
INFO: [ view_filter ] --END-- [ RunTime:0.002796s ]
INFO: [ app_end ] --START--
INFO: Run Behavior\ShowPageTraceBehavior [ RunTime:0.010366s ]
INFO: [ app_end ] --END-- [ RunTime:0.011105s ]

