[ 2019-10-22T00:29:41+08:00 ] ::1 /xunmi/index.php/Home/Userlogin/login.html
INFO: [ app_init ] --START--
INFO: Run Behavior\BuildLiteBehavior [ RunTime:0.000105s ]
INFO: [ app_init ] --END-- [ RunTime:0.634541s ]
INFO: [ app_begin ] --START--
INFO: Run Behavior\ReadHtmlCacheBehavior [ RunTime:0.152389s ]
INFO: [ app_begin ] --END-- [ RunTime:0.153015s ]
SQL: SHOW COLUMNS FROM `xm_hot` [ RunTime:0.6506s ]
SQL: SELECT COUNT(*) AS tp_count FROM `xm_hot` LIMIT 1   [ RunTime:0.1377s ]
SQL: SELECT * FROM `xm_hot` LIMIT 0,8   [ RunTime:0.0071s ]
INFO: [ view_parse ] --START--
INFO: [ template_filter ] --START--
INFO: Run Behavior\ContentReplaceBehavior [ RunTime:0.074038s ]
INFO: [ template_filter ] --END-- [ RunTime:0.074462s ]
NOTIC: [8] Undefined index: sou D:\wamp\wamp\www\xunmi\Application\Runtime\Cache\Home\b5299faaee9c703b824adad03d469372.php 第 149 行.
NOTIC: [8] Undefined index: zan D:\wamp\wamp\www\xunmi\Application\Runtime\Cache\Home\b5299faaee9c703b824adad03d469372.php 第 215 行.
NOTIC: [8] Undefined index: collection D:\wamp\wamp\www\xunmi\Application\Runtime\Cache\Home\b5299faaee9c703b824adad03d469372.php 第 217 行.
NOTIC: [8] Undefined index: zan D:\wamp\wamp\www\xunmi\Application\Runtime\Cache\Home\b5299faaee9c703b824adad03d469372.php 第 215 行.
NOTIC: [8] Undefined index: collection D:\wamp\wamp\www\xunmi\Application\Runtime\Cache\Home\b5299faaee9c703b824adad03d469372.php 第 217 行.
NOTIC: [8] Undefined index: zan D:\wamp\wamp\www\xunmi\Application\Runtime\Cache\Home\b5299faaee9c703b824adad03d469372.php 第 215 行.
NOTIC: [8] Undefined index: collection D:\wamp\wamp\www\xunmi\Application\Runtime\Cache\Home\b5299faaee9c703b824adad03d469372.php 第 217 行.
NOTIC: [8] Undefined index: zan D:\wamp\wamp\www\xunmi\Application\Runtime\Cache\Home\b5299faaee9c703b824adad03d469372.php 第 215 行.
NOTIC: [8] Undefined index: collection D:\wamp\wamp\www\xunmi\Application\Runtime\Cache\Home\b5299faaee9c703b824adad03d469372.php 第 217 行.
NOTIC: [8] Undefined index: zan D:\wamp\wamp\www\xunmi\Application\Runtime\Cache\Home\b5299faaee9c703b824adad03d469372.php 第 215 行.
NOTIC: [8] Undefined index: collection D:\wamp\wamp\www\xunmi\Application\Runtime\Cache\Home\b5299faaee9c703b824adad03d469372.php 第 217 行.
NOTIC: [8] Undefined index: zan D:\wamp\wamp\www\xunmi\Application\Runtime\Cache\Home\b5299faaee9c703b824adad03d469372.php 第 215 行.
NOTIC: [8] Undefined index: collection D:\wamp\wamp\www\xunmi\Application\Runtime\Cache\Home\b5299faaee9c703b824adad03d469372.php 第 217 行.
NOTIC: [8] Undefined index: zan D:\wamp\wamp\www\xunmi\Application\Runtime\Cache\Home\b5299faaee9c703b824adad03d469372.php 第 215 行.
NOTIC: [8] Undefined index: collection D:\wamp\wamp\www\xunmi\Application\Runtime\Cache\Home\b5299faaee9c703b824adad03d469372.php 第 217 行.
NOTIC: [8] Undefined index: zan D:\wamp\wamp\www\xunmi\Application\Runtime\Cache\Home\b5299faaee9c703b824adad03d469372.php 第 215 行.
NOTIC: [8] Undefined index: collection D:\wamp\wamp\www\xunmi\Application\Runtime\Cache\Home\b5299faaee9c703b824adad03d469372.php 第 217 行.
INFO: Run Behavior\ParseTemplateBehavior [ RunTime:0.309630s ]
INFO: [ view_parse ] --END-- [ RunTime:0.310205s ]
INFO: [ view_filter ] --START--
INFO: Run Behavior\WriteHtmlCacheBehavior [ RunTime:0.016357s ]
INFO: [ view_filter ] --END-- [ RunTime:0.017013s ]
INFO: [ app_end ] --START--
INFO: Run Behavior\ShowPageTraceBehavior [ RunTime:0.016981s ]
INFO: [ app_end ] --END-- [ RunTime:0.017748s ]

[ 2019-10-22T00:30:29+08:00 ] ::1 /xunmi/index.php/Home/Cook/index
INFO: [ app_init ] --START--
INFO: Run Behavior\BuildLiteBehavior [ RunTime:0.000149s ]
INFO: [ app_init ] --END-- [ RunTime:0.006751s ]
INFO: [ app_begin ] --START--
INFO: Run Behavior\ReadHtmlCacheBehavior [ RunTime:0.009033s ]
INFO: [ app_begin ] --END-- [ RunTime:0.010261s ]
SQL: SHOW COLUMNS FROM `xm_food` [ RunTime:0.1663s ]
NOTIC: [8] Undefined index: user_id D:\wamp\wamp\www\xunmi\Application\Home\Controller\CookController.class.php 第 8 行.
SQL: SELECT * FROM `xm_food` LEFT JOIN xm_pros on xm_food.f_id=xm_pros.fo_id and xm_pros.user_id='' LEFT JOIN xm_collection ON xm_food.f_id=xm_collection.fo_id and xm_collection.user_id=''  ORDER BY f_id asc  [ RunTime:0.3712s ]
SQL: SHOW COLUMNS FROM `xm_feedback` [ RunTime:0.1198s ]
INFO: [ view_parse ] --START--
INFO: [ template_filter ] --START--
INFO: Run Behavior\ContentReplaceBehavior [ RunTime:0.000452s ]
INFO: [ template_filter ] --END-- [ RunTime:0.000895s ]
NOTIC: [8] Undefined index: username D:\wamp\wamp\www\xunmi\Application\Runtime\Cache\Home\fca994ea07cfbe42aa2eb3b5c25bc626.php 第 61 行.
INFO: Run Behavior\ParseTemplateBehavior [ RunTime:0.103097s ]
INFO: [ view_parse ] --END-- [ RunTime:0.103804s ]
INFO: [ view_filter ] --START--
INFO: Run Behavior\WriteHtmlCacheBehavior [ RunTime:0.003635s ]
INFO: [ view_filter ] --END-- [ RunTime:0.004972s ]
INFO: [ app_end ] --START--
INFO: Run Behavior\ShowPageTraceBehavior [ RunTime:0.006290s ]
INFO: [ app_end ] --END-- [ RunTime:0.007268s ]

