[ 2019-10-16T23:51:56+08:00 ] ::1 /xunmi/index.php/Home/Userlogin/login.html
INFO: [ app_init ] --START--
INFO: Run Behavior\BuildLiteBehavior [ RunTime:0.000091s ]
INFO: [ app_init ] --END-- [ RunTime:0.022741s ]
INFO: [ app_begin ] --START--
INFO: Run Behavior\ReadHtmlCacheBehavior [ RunTime:0.146896s ]
INFO: [ app_begin ] --END-- [ RunTime:0.147512s ]
SQL: SHOW COLUMNS FROM `xm_hot` [ RunTime:1.0926s ]
SQL: SELECT COUNT(*) AS tp_count FROM `xm_hot` LIMIT 1   [ RunTime:0.0443s ]
SQL: SELECT * FROM `xm_hot` LIMIT 0,8   [ RunTime:0.1472s ]
INFO: [ view_parse ] --START--
INFO: [ template_filter ] --START--
INFO: Run Behavior\ContentReplaceBehavior [ RunTime:0.000672s ]
INFO: [ template_filter ] --END-- [ RunTime:0.001370s ]
NOTIC: [8] Undefined index: sou D:\wamp\wamp\www\xunmi\Application\Runtime\Cache\Home\b5299faaee9c703b824adad03d469372.php 第 149 行.
NOTIC: [8] Undefined index: zan D:\wamp\wamp\www\xunmi\Application\Runtime\Cache\Home\b5299faaee9c703b824adad03d469372.php 第 215 行.
NOTIC: [8] Undefined index: collection D:\wamp\wamp\www\xunmi\Application\Runtime\Cache\Home\b5299faaee9c703b824adad03d469372.php 第 217 行.
NOTIC: [8] Undefined index: zan D:\wamp\wamp\www\xunmi\Application\Runtime\Cache\Home\b5299faaee9c703b824adad03d469372.php 第 215 行.
NOTIC: [8] Undefined index: collection D:\wamp\wamp\www\xunmi\Application\Runtime\Cache\Home\b5299faaee9c703b824adad03d469372.php 第 217 行.
NOTIC: [8] Undefined index: zan D:\wamp\wamp\www\xunmi\Application\Runtime\Cache\Home\b5299faaee9c703b824adad03d469372.php 第 215 行.
NOTIC: [8] Undefined index: collection D:\wamp\wamp\www\xunmi\Application\Runtime\Cache\Home\b5299faaee9c703b824adad03d469372.php 第 217 行.
NOTIC: [8] Undefined index: zan D:\wamp\wamp\www\xunmi\Application\Runtime\Cache\Home\b5299faaee9c703b824adad03d469372.php 第 215 行.
NOTIC: [8] Undefined index: collection D:\wamp\wamp\www\xunmi\Application\Runtime\Cache\Home\b5299faaee9c703b824adad03d469372.php 第 217 行.
NOTIC: [8] Undefined index: zan D:\wamp\wamp\www\xunmi\Application\Runtime\Cache\Home\b5299faaee9c703b824adad03d469372.php 第 215 行.
NOTIC: [8] Undefined index: collection D:\wamp\wamp\www\xunmi\Application\Runtime\Cache\Home\b5299faaee9c703b824adad03d469372.php 第 217 行.
NOTIC: [8] Undefined index: zan D:\wamp\wamp\www\xunmi\Application\Runtime\Cache\Home\b5299faaee9c703b824adad03d469372.php 第 215 行.
NOTIC: [8] Undefined index: collection D:\wamp\wamp\www\xunmi\Application\Runtime\Cache\Home\b5299faaee9c703b824adad03d469372.php 第 217 行.
NOTIC: [8] Undefined index: zan D:\wamp\wamp\www\xunmi\Application\Runtime\Cache\Home\b5299faaee9c703b824adad03d469372.php 第 215 行.
NOTIC: [8] Undefined index: collection D:\wamp\wamp\www\xunmi\Application\Runtime\Cache\Home\b5299faaee9c703b824adad03d469372.php 第 217 行.
NOTIC: [8] Undefined index: zan D:\wamp\wamp\www\xunmi\Application\Runtime\Cache\Home\b5299faaee9c703b824adad03d469372.php 第 215 行.
NOTIC: [8] Undefined index: collection D:\wamp\wamp\www\xunmi\Application\Runtime\Cache\Home\b5299faaee9c703b824adad03d469372.php 第 217 行.
NOTIC: [8] Undefined index: sou D:\wamp\wamp\www\xunmi\Application\Runtime\Cache\Home\b5299faaee9c703b824adad03d469372.php 第 237 行.
INFO: Run Behavior\ParseTemplateBehavior [ RunTime:1.872946s ]
INFO: [ view_parse ] --END-- [ RunTime:1.873535s ]
INFO: [ view_filter ] --START--
INFO: Run Behavior\WriteHtmlCacheBehavior [ RunTime:0.056055s ]
INFO: [ view_filter ] --END-- [ RunTime:0.057573s ]
INFO: [ app_end ] --START--
INFO: Run Behavior\ShowPageTraceBehavior [ RunTime:0.242391s ]
INFO: [ app_end ] --END-- [ RunTime:0.243286s ]

[ 2019-10-16T23:52:44+08:00 ] ::1 /xunmi/index.php/Home/Userlogin/login.html
INFO: [ app_init ] --START--
INFO: Run Behavior\BuildLiteBehavior [ RunTime:0.000089s ]
INFO: [ app_init ] --END-- [ RunTime:0.002292s ]
INFO: [ app_begin ] --START--
INFO: Run Behavior\ReadHtmlCacheBehavior [ RunTime:0.023054s ]
INFO: [ app_begin ] --END-- [ RunTime:0.023591s ]
SQL: SHOW COLUMNS FROM `xm_hot` [ RunTime:0.0786s ]
SQL: SELECT COUNT(*) AS tp_count FROM `xm_hot` LIMIT 1   [ RunTime:0.0020s ]
SQL: SELECT * FROM `xm_hot` LIMIT 0,8   [ RunTime:0.0028s ]
SQL: SHOW COLUMNS FROM `xm_user` [ RunTime:0.8554s ]
SQL: SELECT * FROM `xm_user` WHERE `username` = 'wang' AND `user_password` = '1' LIMIT 1   [ RunTime:0.0014s ]

[ 2019-10-16T23:52:47+08:00 ] ::1 /xunmi/index.php/Home/Index/index.html
INFO: [ app_init ] --START--
INFO: Run Behavior\BuildLiteBehavior [ RunTime:0.000139s ]
INFO: [ app_init ] --END-- [ RunTime:0.002978s ]
INFO: [ app_begin ] --START--
INFO: Run Behavior\ReadHtmlCacheBehavior [ RunTime:0.004405s ]
INFO: [ app_begin ] --END-- [ RunTime:0.025631s ]
SQL: SHOW COLUMNS FROM `xm_hot` [ RunTime:0.1027s ]
SQL: SELECT COUNT(*) AS tp_count FROM `xm_hot` LIMIT 1   [ RunTime:0.0022s ]
SQL: SELECT * FROM `xm_hot` LEFT JOIN xm_pros on xm_hot.h_id=xm_pros.ho_id and xm_pros.user_id='1' LEFT JOIN xm_collection ON xm_hot.h_id=xm_collection.ho_id and xm_collection.user_id='1'  ORDER BY h_id asc LIMIT 0,8   [ RunTime:1.7004s ]
SQL: SHOW COLUMNS FROM `xm_feedback` [ RunTime:0.1944s ]
INFO: [ view_parse ] --START--
INFO: [ template_filter ] --START--
INFO: Run Behavior\ContentReplaceBehavior [ RunTime:0.000439s ]
INFO: [ template_filter ] --END-- [ RunTime:0.000844s ]
INFO: Run Behavior\ParseTemplateBehavior [ RunTime:0.644912s ]
INFO: [ view_parse ] --END-- [ RunTime:0.645522s ]
INFO: [ view_filter ] --START--
INFO: Run Behavior\WriteHtmlCacheBehavior [ RunTime:0.002592s ]
INFO: [ view_filter ] --END-- [ RunTime:0.003135s ]
INFO: [ app_end ] --START--
INFO: Run Behavior\ShowPageTraceBehavior [ RunTime:0.006001s ]
INFO: [ app_end ] --END-- [ RunTime:0.007052s ]

