[ 2019-09-21T00:02:31+08:00 ] ::1 /xunmi/index.php/Admin/Trivial/edit/id/2
INFO: [ app_init ] --START--
INFO: Run Behavior\BuildLiteBehavior [ RunTime:0.000091s ]
INFO: [ app_init ] --END-- [ RunTime:0.002253s ]
INFO: [ app_begin ] --START--
INFO: Run Behavior\ReadHtmlCacheBehavior [ RunTime:0.002972s ]
INFO: [ app_begin ] --END-- [ RunTime:0.003496s ]
SQL: SHOW COLUMNS FROM `xm_trivial` [ RunTime:0.1501s ]
SQL: SELECT * FROM `xm_trivial` WHERE `t_id` = 2 LIMIT 1   [ RunTime:0.0016s ]
INFO: [ view_parse ] --START--
INFO: [ template_filter ] --START--
INFO: Run Behavior\ContentReplaceBehavior [ RunTime:0.000319s ]
INFO: [ template_filter ] --END-- [ RunTime:0.000718s ]
INFO: Run Behavior\ParseTemplateBehavior [ RunTime:0.046371s ]
INFO: [ view_parse ] --END-- [ RunTime:0.046858s ]
INFO: [ view_filter ] --START--
INFO: Run Behavior\WriteHtmlCacheBehavior [ RunTime:0.002234s ]
INFO: [ view_filter ] --END-- [ RunTime:0.002622s ]
INFO: [ app_end ] --START--
INFO: Run Behavior\ShowPageTraceBehavior [ RunTime:0.005541s ]
INFO: [ app_end ] --END-- [ RunTime:0.006385s ]

[ 2019-09-21T00:02:49+08:00 ] ::1 /xunmi/index.php/Admin/Trivial/edit/id/2
INFO: [ app_init ] --START--
INFO: Run Behavior\BuildLiteBehavior [ RunTime:0.000126s ]
INFO: [ app_init ] --END-- [ RunTime:0.002811s ]
INFO: [ app_begin ] --START--
INFO: Run Behavior\ReadHtmlCacheBehavior [ RunTime:0.003631s ]
INFO: [ app_begin ] --END-- [ RunTime:0.004239s ]
SQL: SHOW COLUMNS FROM `xm_trivial` [ RunTime:0.0717s ]
NOTIC: [8] Undefined index: validate D:\wamp\wamp\www\xunmi\ThinkPHP\Library\Think\Model.class.php 第 1185 行.
NOTIC: [8] Undefined index: auto D:\wamp\wamp\www\xunmi\ThinkPHP\Library\Think\Model.class.php 第 1128 行.
SQL: UPDATE `xm_trivial` SET `t_title`='■ 厦门旅游景点推荐',`t_author`='游',`t_content`='&lt;div class=&quot;city&quot;&gt;&lt;ul style=&quot;width: 960px;list-style: none;margin: 0;padding: 0&quot;&gt;&lt;li style=&quot;display: block;width:890px;height: 191px;position: relative;margin-bottom:20px;&quot;&gt;&lt;a style=&quot;display: block;float: left;&quot;&gt;&lt;div class=&quot;icon&quot; style=&quot;position: absolute;top: 8px;left: 15px;&quot;&gt;&lt;sup style=&quot;display: inline-block;width: 56px;height: 36px;margin-right: 5px;line-height: 30px;font-size: 16px;text-align: center;color: snow;background: url(/ueditor/php/upload/image/20190827/1566882328230349.png&quot;&gt;NO.1&lt;/sup&gt;&lt;/div&gt;&lt;img src=&quot;/ueditor/php/upload/image/20190827/1566882441833611.jpg&quot; width=&quot;287px;height:190px&quot; title=&quot;1566882441833611.jpg&quot; alt=&quot;gly.jpg&quot;/&gt;&lt;div style=&quot;position: absolute;bottom: 1px;left: 0;height: 40px;width: 287px;padding: 0 15px;color: snow;background-color: #000;background: rgba(0, 0, 0, 0.5)&quot;&gt;&lt;strong style=&quot;font-size: 18px&quot;&gt;鼓浪屿&lt;/strong&gt; &amp;nbsp; &amp;nbsp; &amp;nbsp; &amp;nbsp; &amp;nbsp; &amp;nbsp; &amp;nbsp; &amp;nbsp; &amp;nbsp; &amp;nbsp;&lt;span style=&quot;float: right&quot;&gt;2255488人想去&lt;/span&gt;&lt;/div&gt;&lt;/a&gt;&lt;div style=&quot;padding: 0;margin-left: 306px;line-height: 26px;color: #555;&quot;&gt;&lt;p style=&quot;padding-bottom: 8px; margin-bottom: 10px;margin-top: -4px;border-bottom: 1px dotted #e6e6e6;overflow: hidden;font-size: 13px;&quot;&gt;鼓浪屿是个宁静美丽的小岛，这里有着各种风格迥异、中西合壁的建筑，汇集了各种特色的食铺和商铺，充满了文艺范儿。2017年7月8日，在波兰克拉科夫举行的第41届世界遗产大会上，鼓浪屿申遗成功，成为中国第52项世界遗产。 第一次上岛的游客，建议购买鼓浪屿联票，可以把岛上主要景...&lt;/p&gt;&lt;div style=&quot;width:410px;float: left;font-size: 12px;&quot;&gt;&lt;ul style=&quot;line-height: 26px;&quot;&gt;&lt;li style=&quot;float: left;font-weight: bold;color: #333;&quot;&gt;景点等级:&lt;/li&gt;&lt;li style=&quot;margin-left: 60px;&quot;&gt;&lt;strong style=&quot;color: #f91;font-size: 14px;&quot;&gt;AAAAA&lt;/strong&gt;&lt;/li&gt;&lt;/ul&gt;&lt;ul style=&quot;line-height: 26px;&quot;&gt;&lt;li style=&quot;float: left;font-weight: bold;color: #333;&quot;&gt;开放时间:&lt;/li&gt;&lt;li style=&quot;margin-left: 60px;&quot;&gt;全天&lt;/li&gt;&lt;/ul&gt;&lt;ul style=&quot;line-height: 26px;&quot;&gt;&lt;li style=&quot;float: left;font-weight: bold;color: #333;&quot;&gt;景点地址:&lt;/li&gt;&lt;li style=&quot;margin-left: 60px;&quot;&gt;思明区轮渡码头&lt;/li&gt;&lt;/ul&gt;&lt;/div&gt;&lt;div style=&quot; width: 80px;float: right;padding-top: 10px;&quot;&gt;&lt;span style=&quot; color: #999;&quot;&gt;门票:￥&lt;strong style=&quot;padding: 0 3px;color: #f30;font-size: 20px;&quot;&gt;30&lt;/strong&gt;&lt;/span&gt;&lt;/div&gt;&lt;/div&gt;&lt;/li&gt;&lt;li style=&quot;width: 287px;float: left;height: 337px; margin: 30px 15px 0px 0px;&quot;&gt;&lt;a style=&quot;display: block;float: left;position: relative;&quot;&gt;&lt;div class=&quot;icon&quot; style=&quot;position: absolute;top: 0px;left: 15px;&quot;&gt;&lt;/div&gt;&lt;img src=&quot;/ueditor/php/upload/image/20190827/1566882485241236.jpg&quot; style=&quot;width: 287px;height: 190px;&quot; title=&quot;1566882485241236.jpg&quot; alt=&quot;xiada.jpg&quot;/&gt;&lt;div style=&quot;position: absolute;bottom: 1px;left: 0;height: 40px;width: 287px;padding: 0 15px;color: snow;background-color: #000;background: rgba(0, 0, 0, 0.5)&quot;&gt;&lt;strong style=&quot;font-size: 18px&quot;&gt;厦门大学&lt;/strong&gt; &amp;nbsp; &amp;nbsp; &amp;nbsp; &amp;nbsp; &amp;nbsp; &amp;nbsp; &amp;nbsp; &amp;nbsp; &amp;nbsp; &amp;nbsp; &amp;nbsp; &amp;nbsp; &amp;nbsp; &amp;nbsp; &amp;nbsp; &amp;nbsp;&lt;span style=&quot;float: right&quot;&gt;200001人想去&lt;/span&gt;&lt;/div&gt;&lt;/a&gt;&lt;div style=&quot;height: 120px;margin-top: -4px;border: 1px solid #e6e6e6;padding: 5px 10px;line-height: 18px;color: #555; display: inline-block;&quot;&gt;&lt;p style=&quot; padding-bottom: 8px;margin-bottom: 10px;line-height: 20px;font-size: 13px;&quot;&gt;厦门大学是由著名爱国华侨领袖陈嘉庚先生于1921年创办的，是中国近代教育史上第一所华所华侨创办的大学，也是我国唯一地处经济特区的国家“211工程”和“985工程”重点建设的高水平大学。&lt;/p&gt;&lt;/div&gt;&lt;/li&gt;&lt;li style=&quot;width: 287px;float: left;height: 337px; margin: 30px 15px 0px 0;&quot;&gt;&lt;a style=&quot;display: block;float: left;position: relative;&quot;&gt;&lt;div class=&quot;icon&quot; style=&quot;position: absolute;top: 0px;left: 15px;&quot;&gt;&lt;/div&gt;&lt;img src=&quot;/ueditor/php/upload/image/20190827/1566882625926000.jpg&quot; style=&quot;width: 287px;height: 190px;&quot; title=&quot;1566882625926000.jpg&quot; alt=&quot;zca.jpg&quot;/&gt;&lt;div style=&quot;position: absolute;bottom: 1px;left: 0;height: 40px;width: 287px;padding: 0 15px;color: snow;background-color: #000;background: rgba(0, 0, 0, 0.5)&quot;&gt;&lt;strong style=&quot;font-size: 18px&quot;&gt;曾厝垵&lt;/strong&gt; &amp;nbsp; &amp;nbsp; &amp;nbsp; &amp;nbsp; &amp;nbsp; &amp;nbsp; &amp;nbsp; &amp;nbsp; &amp;nbsp; &amp;nbsp; &amp;nbsp; &amp;nbsp; &amp;nbsp; &amp;nbsp; &amp;nbsp; &amp;nbsp;&lt;span style=&quot;float: right&quot;&gt;142181人想去&lt;/span&gt;&lt;/div&gt;&lt;/a&gt;&lt;div style=&quot;height: 120px;margin-top: -4px;border: 1px solid #e6e6e6;padding: 5px 10px;line-height: 18px;color: #555;display: inline-block;&quot;&gt;&lt;p style=&quot; padding-bottom: 8px;margin-bottom: 10px;line-height: 20px;font-size: 13px;&quot;&gt;曾厝垵位于厦门南部，东至白石炮台与黄厝接壤，西至胡里山炮台，南至环岛路与大担岛隔海相望，北至御屏山西姑岭，三面环山，一面临海，面积约为6.5平方公里，风景秀丽。&lt;/p&gt;&lt;/div&gt;&lt;/li&gt;&lt;li style=&quot;width: 287px;float: left;height: 337px; margin: 30px 15px 0px 0;&quot;&gt;&lt;a style=&quot;display: block;float: left;position: relative;&quot;&gt;&lt;div class=&quot;icon&quot; style=&quot;position: absolute;top: 0px;left: 15px;&quot;&gt;&lt;/div&gt;&lt;img src=&quot;/ueditor/php/upload/image/20190827/1566882741264817.jpg&quot; style=&quot;width: 287px;height: 190px;&quot; title=&quot;1566882741264817.jpg&quot; alt=&quot;zsl.jpg&quot;/&gt;&lt;div style=&quot;position: absolute;bottom: 1px;left: 0;height: 40px;width: 287px;padding: 0 15px;color: snow;background-color: #000;background: rgba(0, 0, 0, 0.5)&quot;&gt;&lt;strong style=&quot;font-size: 18px&quot;&gt;中山路&lt;/strong&gt; &amp;nbsp; &amp;nbsp; &amp;nbsp; &amp;nbsp; &amp;nbsp; &amp;nbsp; &amp;nbsp; &amp;nbsp; &amp;nbsp; &amp;nbsp; &amp;nbsp; &amp;nbsp; &amp;nbsp; &amp;nbsp; &amp;nbsp; &amp;nbsp;&lt;span style=&quot;float: right&quot;&gt;132181人想去&lt;/span&gt;&lt;/div&gt;&lt;/a&gt;&lt;div style=&quot;height: 120px;margin-top: -4px;border: 1px solid #e6e6e6;padding: 5px 10px;line-height: 18px;color: #555;display: inline-block;&quot;&gt;&lt;p style=&quot; padding-bottom: 8px;margin-bottom: 10px;line-height: 20px;font-size: 13px;&quot;&gt;中山路(英文：AmoyYatSenRoad)位于厦门岛西南部，是厦门市思明区中华街道的一条东西走向的道路。中山路长约1.2公里，西起轮渡鹭江道，中跨思明南路与思明北路的分界点。&lt;/p&gt;&lt;/div&gt;&lt;/li&gt;&lt;li style=&quot;width: 287px;float: left;height: 337px; margin: 30px 15px 0px 0;&quot;&gt;&lt;a style=&quot;display: block;float: left;position: relative;&quot;&gt;&lt;div class=&quot;icon&quot; style=&quot;position: absolute;top: 0px;left: 15px;&quot;&gt;&lt;/div&gt;&lt;img src=&quot;/ueditor/php/upload/image/20190827/1566882673203110.jpg&quot; style=&quot;width: 287px;height: 190px;&quot; title=&quot;1566882673203110.jpg&quot; alt=&quot;hdl.jpg&quot;/&gt;&lt;div style=&quot;position: absolute;bottom: 1px;left: 0;height: 40px;width: 287px;padding: 0 15px;color: snow;background-color: #000;background: rgba(0, 0, 0, 0.5)&quot;&gt;&lt;strong style=&quot;font-size: 18px&quot;&gt;环岛路&lt;/strong&gt; &amp;nbsp; &amp;nbsp; &amp;nbsp; &amp;nbsp; &amp;nbsp; &amp;nbsp; &amp;nbsp; &amp;nbsp; &amp;nbsp; &amp;nbsp; &amp;nbsp; &amp;nbsp; &amp;nbsp; &amp;nbsp; &amp;nbsp; &amp;nbsp;&lt;span style=&quot;float: right&quot;&gt;132081人想去&lt;/span&gt;&lt;/div&gt;&lt;/a&gt;&lt;div style=&quot;height: 140px;margin-top: -4px;border: 1px solid #e6e6e6;padding: 5px 10px;line-height: 18px;color: #555;display: inline-block;&quot;&gt;&lt;p style=&quot; padding-bottom: 8px;margin-bottom: 10px;line-height: 20px;font-size: 13px;&quot;&gt;环岛路西起厦大胡里山炮台，东至厦门国际会展中心；站在“一国两制，统一祖国”的大字面前，大小金门诸岛近在咫尺，让人顿生祖国统一之悠思。环岛路的美，美在自然和谐，依山绕水，天风海韵，碧海白沙，一望无际。绿草坪，棕榈林，亚热带气息迎面扑鼻。&lt;/p&gt;&lt;/div&gt;&lt;/li&gt;&lt;li style=&quot;width: 287px;float: left;height: 337px; margin: 30px 15px 0px 0;&quot;&gt;&lt;a style=&quot;display: block;float: left;position: relative;&quot;&gt;&lt;div class=&quot;icon&quot; style=&quot;position: absolute;top: 0px;left: 15px;&quot;&gt;&lt;/div&gt;&lt;img src=&quot;/ueditor/php/upload/image/20190827/1566882828249455.jpg&quot; style=&quot;width: 287px;height: 190px;&quot; title=&quot;1566882828249455.jpg&quot; alt=&quot;zwy.jpg&quot;/&gt;&lt;div style=&quot;position: absolute;bottom: 1px;left: 0;height: 40px;width: 287px;padding: 0 15px;color: snow;background-color: #000;background: rgba(0, 0, 0, 0.5)&quot;&gt;&lt;strong style=&quot;font-size: 18px&quot;&gt;万石植物园&lt;/strong&gt; &amp;nbsp; &amp;nbsp; &amp;nbsp; &amp;nbsp; &amp;nbsp; &amp;nbsp; &amp;nbsp; &amp;nbsp; &amp;nbsp; &amp;nbsp; &amp;nbsp; &amp;nbsp; &amp;nbsp; &amp;nbsp; &amp;nbsp; &amp;nbsp;&lt;span style=&quot;float: right&quot;&gt;131181人想去&lt;/span&gt;&lt;/div&gt;&lt;/a&gt;&lt;div style=&quot;height: 140px;margin-top: -4px;border: 1px solid #e6e6e6;padding: 5px 10px;line-height: 18px;color: #555;display: inline-block;&quot;&gt;&lt;p style=&quot; padding-bottom: 8px;margin-bottom: 10px;line-height: 20px;font-size: 13px;&quot;&gt;厦门园林植物园俗称“万石植物园”，是一座围绕万石岩水库精心设计的植物园林，位于厦门市区东南狮山北面。万石植物园萃集了厦门大小八景的“天界晓钟”、“高读琴洞”、“万石锁云”、“中岩玉笏”、“太平石笑”诸景点，且有百十余处摩岩石刻。&lt;/p&gt;&lt;/div&gt;&lt;/li&gt;&lt;li style=&quot;width: 287px;float: left;height: 337px; margin: 30px 15px 0px 0;&quot;&gt;&lt;a style=&quot;display: block;float: left;position: relative;&quot;&gt;&lt;div class=&quot;icon&quot; style=&quot;position: absolute;top: 0px;left: 15px;&quot;&gt;&lt;/div&gt;&lt;img src=&quot;/ueditor/php/upload/image/20190827/1566882861376398.jpg&quot; style=&quot;width: 287px;height: 190px;&quot; title=&quot;1566882861376398.jpg&quot; alt=&quot;npt.jpg&quot;/&gt;&lt;div style=&quot;position: absolute;bottom: 1px;left: 0;height: 40px;width: 287px;padding: 0 15px;color: snow;background-color: #000;background: rgba(0, 0, 0, 0.5)&quot;&gt;&lt;strong style=&quot;font-size: 18px&quot;&gt;南普陀&lt;/strong&gt; &amp;nbsp; &amp;nbsp; &amp;nbsp; &amp;nbsp; &amp;nbsp; &amp;nbsp; &amp;nbsp; &amp;nbsp; &amp;nbsp; &amp;nbsp; &amp;nbsp; &amp;nbsp; &amp;nbsp; &amp;nbsp; &amp;nbsp; &amp;nbsp;&lt;span style=&quot;float: right&quot;&gt;121181人想去&lt;/span&gt;&lt;/div&gt;&lt;/a&gt;&lt;div style=&quot;height: 140px;margin-top: -4px;border: 1px solid #e6e6e6;padding: 5px 10px;line-height: 18px;color: #555;display: inline-block;&quot;&gt;&lt;p style=&quot; padding-bottom: 8px;margin-bottom: 10px;line-height: 20px;font-size: 13px;&quot;&gt;南普陀寺坐落在厦门大学的边上，所以可以和厦大放同一天游玩。它是闽南乃至全国闻名的佛教寺院，如果准备祈福，不妨来这里拜拜。寺庙后就是五老峰，也是厦门八大景之一，想要游山的话，也可以顺带爬山游玩。&lt;/p&gt;&lt;/div&gt;&lt;/li&gt;&lt;/ul&gt;&lt;/div&gt;',`t_fabu`='旅游出行' WHERE `t_id` = 2 [ RunTime:0.1126s ]
NOTIC: [8] Use of undefined constant lst - assumed 'lst' D:\wamp\wamp\www\xunmi\Application\Admin\Controller\TrivialController.class.php 第 119 行.
INFO: [ view_parse ] --START--
INFO: [ template_filter ] --START--
INFO: Run Behavior\ContentReplaceBehavior [ RunTime:0.000216s ]
INFO: [ template_filter ] --END-- [ RunTime:0.000620s ]
INFO: Run Behavior\ParseTemplateBehavior [ RunTime:0.034133s ]
INFO: [ view_parse ] --END-- [ RunTime:0.035014s ]
INFO: [ view_filter ] --START--
INFO: Run Behavior\WriteHtmlCacheBehavior [ RunTime:0.003890s ]
INFO: [ view_filter ] --END-- [ RunTime:0.004630s ]
INFO: [ app_end ] --START--
INFO: Run Behavior\ShowPageTraceBehavior [ RunTime:0.003174s ]
INFO: [ app_end ] --END-- [ RunTime:0.003693s ]

[ 2019-09-21T00:02:51+08:00 ] ::1 /xunmi/index.php/Admin/Trivial/lst.html
INFO: [ app_init ] --START--
INFO: Run Behavior\BuildLiteBehavior [ RunTime:0.000147s ]
INFO: [ app_init ] --END-- [ RunTime:0.003676s ]
INFO: [ app_begin ] --START--
INFO: Run Behavior\ReadHtmlCacheBehavior [ RunTime:0.002495s ]
INFO: [ app_begin ] --END-- [ RunTime:0.003083s ]
SQL: SHOW COLUMNS FROM `xm_trivial` [ RunTime:0.0710s ]
SQL: SELECT * FROM `xm_trivial`  [ RunTime:0.0031s ]
INFO: [ view_parse ] --START--
INFO: [ template_filter ] --START--
INFO: Run Behavior\ContentReplaceBehavior [ RunTime:0.000356s ]
INFO: [ template_filter ] --END-- [ RunTime:0.000896s ]
INFO: Run Behavior\ParseTemplateBehavior [ RunTime:0.061919s ]
INFO: [ view_parse ] --END-- [ RunTime:0.062720s ]
INFO: [ view_filter ] --START--
INFO: Run Behavior\WriteHtmlCacheBehavior [ RunTime:0.003196s ]
INFO: [ view_filter ] --END-- [ RunTime:0.003857s ]
INFO: [ app_end ] --START--
INFO: Run Behavior\ShowPageTraceBehavior [ RunTime:0.018224s ]
INFO: [ app_end ] --END-- [ RunTime:0.020003s ]

