[ 2019-09-25T20:44:25+08:00 ] ::1 /xunmi/index.php/Admin/Index/index
INFO: [ app_init ] --START--
INFO: Run Behavior\BuildLiteBehavior [ RunTime:0.000176s ]
INFO: [ app_init ] --END-- [ RunTime:0.004074s ]
INFO: [ app_begin ] --START--
INFO: Run Behavior\ReadHtmlCacheBehavior [ RunTime:0.004333s ]
INFO: [ app_begin ] --END-- [ RunTime:0.005179s ]
INFO: [ view_parse ] --START--
INFO: [ template_filter ] --START--
INFO: Run Behavior\ContentReplaceBehavior [ RunTime:0.000528s ]
INFO: [ template_filter ] --END-- [ RunTime:0.001205s ]
INFO: Run Behavior\ParseTemplateBehavior [ RunTime:0.470132s ]
INFO: [ view_parse ] --END-- [ RunTime:0.472370s ]
INFO: [ view_filter ] --START--
INFO: Run Behavior\WriteHtmlCacheBehavior [ RunTime:0.011056s ]
INFO: [ view_filter ] --END-- [ RunTime:0.013780s ]

[ 2019-09-25T20:44:29+08:00 ] ::1 /xunmi/index.php/Admin/Login/login.html
INFO: [ app_init ] --START--
INFO: Run Behavior\BuildLiteBehavior [ RunTime:0.000088s ]
INFO: [ app_init ] --END-- [ RunTime:0.002108s ]
INFO: [ app_begin ] --START--
INFO: Run Behavior\ReadHtmlCacheBehavior [ RunTime:0.002528s ]
INFO: [ app_begin ] --END-- [ RunTime:0.003048s ]
INFO: [ view_parse ] --START--
INFO: [ template_filter ] --START--
INFO: Run Behavior\ContentReplaceBehavior [ RunTime:0.000324s ]
INFO: [ template_filter ] --END-- [ RunTime:0.000842s ]
INFO: Run Behavior\ParseTemplateBehavior [ RunTime:0.148569s ]
INFO: [ view_parse ] --END-- [ RunTime:0.149182s ]
INFO: [ view_filter ] --START--
INFO: Run Behavior\WriteHtmlCacheBehavior [ RunTime:0.001989s ]
INFO: [ view_filter ] --END-- [ RunTime:0.002478s ]
INFO: [ app_end ] --START--
INFO: Run Behavior\ShowPageTraceBehavior [ RunTime:0.002532s ]
INFO: [ app_end ] --END-- [ RunTime:0.002944s ]

[ 2019-09-25T20:44:30+08:00 ] ::1 /xunmi/index.php/Admin/Login/verify
INFO: [ app_init ] --START--
INFO: Run Behavior\BuildLiteBehavior [ RunTime:0.000715s ]
INFO: [ app_init ] --END-- [ RunTime:0.004509s ]
INFO: [ app_begin ] --START--
INFO: Run Behavior\ReadHtmlCacheBehavior [ RunTime:0.002765s ]
INFO: [ app_begin ] --END-- [ RunTime:0.003402s ]
INFO: [ app_end ] --START--
INFO: Run Behavior\ShowPageTraceBehavior [ RunTime:0.002728s ]
INFO: [ app_end ] --END-- [ RunTime:0.003219s ]

[ 2019-09-25T20:44:48+08:00 ] ::1 /xunmi/index.php/Admin/Login/login.html
INFO: [ app_init ] --START--
INFO: Run Behavior\BuildLiteBehavior [ RunTime:0.000093s ]
INFO: [ app_init ] --END-- [ RunTime:0.003641s ]
INFO: [ app_begin ] --START--
INFO: Run Behavior\ReadHtmlCacheBehavior [ RunTime:0.004469s ]
INFO: [ app_begin ] --END-- [ RunTime:0.005354s ]
INFO: [ view_parse ] --START--
INFO: [ template_filter ] --START--
INFO: Run Behavior\ContentReplaceBehavior [ RunTime:0.000455s ]
INFO: [ template_filter ] --END-- [ RunTime:0.001008s ]
INFO: Run Behavior\ParseTemplateBehavior [ RunTime:0.055192s ]
INFO: [ view_parse ] --END-- [ RunTime:0.056195s ]
INFO: [ view_filter ] --START--
INFO: Run Behavior\WriteHtmlCacheBehavior [ RunTime:0.004619s ]
INFO: [ view_filter ] --END-- [ RunTime:0.005260s ]

[ 2019-09-25T20:44:52+08:00 ] ::1 /xunmi/index.php/Admin/Login/login.html
INFO: [ app_init ] --START--
INFO: Run Behavior\BuildLiteBehavior [ RunTime:0.000832s ]
INFO: [ app_init ] --END-- [ RunTime:0.005222s ]
INFO: [ app_begin ] --START--
INFO: Run Behavior\ReadHtmlCacheBehavior [ RunTime:0.003468s ]
INFO: [ app_begin ] --END-- [ RunTime:0.003961s ]
INFO: [ view_parse ] --START--
INFO: [ template_filter ] --START--
INFO: Run Behavior\ContentReplaceBehavior [ RunTime:0.000316s ]
INFO: [ template_filter ] --END-- [ RunTime:0.000802s ]
INFO: Run Behavior\ParseTemplateBehavior [ RunTime:0.046459s ]
INFO: [ view_parse ] --END-- [ RunTime:0.047097s ]
INFO: [ view_filter ] --START--
INFO: Run Behavior\WriteHtmlCacheBehavior [ RunTime:0.002568s ]
INFO: [ view_filter ] --END-- [ RunTime:0.003131s ]
INFO: [ app_end ] --START--
INFO: Run Behavior\ShowPageTraceBehavior [ RunTime:0.003204s ]
INFO: [ app_end ] --END-- [ RunTime:0.003770s ]

[ 2019-09-25T20:44:53+08:00 ] ::1 /xunmi/index.php/Admin/Login/verify/0.3980353098325211
INFO: [ app_init ] --START--
INFO: Run Behavior\BuildLiteBehavior [ RunTime:0.000091s ]
INFO: [ app_init ] --END-- [ RunTime:0.002110s ]
INFO: [ app_begin ] --START--
INFO: Run Behavior\ReadHtmlCacheBehavior [ RunTime:0.003472s ]
INFO: [ app_begin ] --END-- [ RunTime:0.003920s ]
INFO: [ app_end ] --START--
INFO: Run Behavior\ShowPageTraceBehavior [ RunTime:0.002964s ]
INFO: [ app_end ] --END-- [ RunTime:0.003519s ]

[ 2019-09-25T20:44:55+08:00 ] ::1 /xunmi/index.php/Admin/Login/verify/0.23172036356851367
INFO: [ app_init ] --START--
INFO: Run Behavior\BuildLiteBehavior [ RunTime:0.000091s ]
INFO: [ app_init ] --END-- [ RunTime:0.002030s ]
INFO: [ app_begin ] --START--
INFO: Run Behavior\ReadHtmlCacheBehavior [ RunTime:0.002439s ]
INFO: [ app_begin ] --END-- [ RunTime:0.002878s ]
INFO: [ app_end ] --START--
INFO: Run Behavior\ShowPageTraceBehavior [ RunTime:0.003586s ]
INFO: [ app_end ] --END-- [ RunTime:0.004260s ]

[ 2019-09-25T20:45:04+08:00 ] ::1 /xunmi/index.php/Admin/Login/login.html
INFO: [ app_init ] --START--
INFO: Run Behavior\BuildLiteBehavior [ RunTime:0.000135s ]
INFO: [ app_init ] --END-- [ RunTime:0.005309s ]
INFO: [ app_begin ] --START--
INFO: Run Behavior\ReadHtmlCacheBehavior [ RunTime:0.005873s ]
INFO: [ app_begin ] --END-- [ RunTime:0.007218s ]
SQL: SHOW COLUMNS FROM `xm_admin` [ RunTime:0.2833s ]
SQL: SELECT * FROM `xm_admin` WHERE `user_name` = 'admin' AND `user_password` = 'admin' LIMIT 1   [ RunTime:0.0025s ]

[ 2019-09-25T20:45:04+08:00 ] ::1 /xunmi/index.php/Admin/Index/index.html
INFO: [ app_init ] --START--
INFO: Run Behavior\BuildLiteBehavior [ RunTime:0.000261s ]
INFO: [ app_init ] --END-- [ RunTime:0.002915s ]
INFO: [ app_begin ] --START--
INFO: Run Behavior\ReadHtmlCacheBehavior [ RunTime:0.002651s ]
INFO: [ app_begin ] --END-- [ RunTime:0.003851s ]
INFO: [ view_parse ] --START--
INFO: [ template_filter ] --START--
INFO: Run Behavior\ContentReplaceBehavior [ RunTime:0.000353s ]
INFO: [ template_filter ] --END-- [ RunTime:0.000907s ]
INFO: Run Behavior\ParseTemplateBehavior [ RunTime:0.189210s ]
INFO: [ view_parse ] --END-- [ RunTime:0.190615s ]
INFO: [ view_filter ] --START--
INFO: Run Behavior\WriteHtmlCacheBehavior [ RunTime:0.004473s ]
INFO: [ view_filter ] --END-- [ RunTime:0.005380s ]
INFO: [ app_end ] --START--
INFO: Run Behavior\ShowPageTraceBehavior [ RunTime:0.002656s ]
INFO: [ app_end ] --END-- [ RunTime:0.003146s ]

[ 2019-09-25T20:53:49+08:00 ] ::1 /xunmi/index.php/Admin/Index/index
INFO: [ app_init ] --START--
INFO: Run Behavior\BuildLiteBehavior [ RunTime:0.000139s ]
INFO: [ app_init ] --END-- [ RunTime:0.006899s ]
INFO: [ app_begin ] --START--
INFO: Run Behavior\ReadHtmlCacheBehavior [ RunTime:0.005519s ]
INFO: [ app_begin ] --END-- [ RunTime:0.006287s ]
INFO: [ view_parse ] --START--
INFO: [ template_filter ] --START--
INFO: Run Behavior\ContentReplaceBehavior [ RunTime:0.000419s ]
INFO: [ template_filter ] --END-- [ RunTime:0.001853s ]
INFO: Run Behavior\ParseTemplateBehavior [ RunTime:0.062292s ]
INFO: [ view_parse ] --END-- [ RunTime:0.063073s ]
INFO: [ view_filter ] --START--
INFO: Run Behavior\WriteHtmlCacheBehavior [ RunTime:0.002665s ]
INFO: [ view_filter ] --END-- [ RunTime:0.003823s ]

[ 2019-09-25T20:53:53+08:00 ] ::1 /xunmi/index.php/Admin/Login/login.html
INFO: [ app_init ] --START--
INFO: Run Behavior\BuildLiteBehavior [ RunTime:0.000103s ]
INFO: [ app_init ] --END-- [ RunTime:0.003041s ]
INFO: [ app_begin ] --START--
INFO: Run Behavior\ReadHtmlCacheBehavior [ RunTime:0.002122s ]
INFO: [ app_begin ] --END-- [ RunTime:0.002597s ]
INFO: [ view_parse ] --START--
INFO: [ template_filter ] --START--
INFO: Run Behavior\ContentReplaceBehavior [ RunTime:0.000283s ]
INFO: [ template_filter ] --END-- [ RunTime:0.000710s ]
INFO: Run Behavior\ParseTemplateBehavior [ RunTime:0.034537s ]
INFO: [ view_parse ] --END-- [ RunTime:0.035277s ]
INFO: [ view_filter ] --START--
INFO: Run Behavior\WriteHtmlCacheBehavior [ RunTime:0.001637s ]
INFO: [ view_filter ] --END-- [ RunTime:0.002103s ]
INFO: [ app_end ] --START--
INFO: Run Behavior\ShowPageTraceBehavior [ RunTime:0.004286s ]
INFO: [ app_end ] --END-- [ RunTime:0.004859s ]

[ 2019-09-25T20:53:53+08:00 ] ::1 /xunmi/index.php/Admin/Login/verify
INFO: [ app_init ] --START--
INFO: Run Behavior\BuildLiteBehavior [ RunTime:0.000380s ]
INFO: [ app_init ] --END-- [ RunTime:0.003356s ]
INFO: [ app_begin ] --START--
INFO: Run Behavior\ReadHtmlCacheBehavior [ RunTime:0.002999s ]
INFO: [ app_begin ] --END-- [ RunTime:0.003523s ]
INFO: [ app_end ] --START--
INFO: Run Behavior\ShowPageTraceBehavior [ RunTime:0.002396s ]
INFO: [ app_end ] --END-- [ RunTime:0.003085s ]

[ 2019-09-25T21:15:05+08:00 ] ::1 /xunmi/index.php/Admin/Login/login.html
INFO: [ app_init ] --START--
INFO: Run Behavior\BuildLiteBehavior [ RunTime:0.000136s ]
INFO: [ app_init ] --END-- [ RunTime:0.006792s ]
INFO: [ app_begin ] --START--
INFO: Run Behavior\ReadHtmlCacheBehavior [ RunTime:0.004321s ]
INFO: [ app_begin ] --END-- [ RunTime:0.005233s ]
INFO: [ view_parse ] --START--
INFO: [ template_filter ] --START--
INFO: Run Behavior\ContentReplaceBehavior [ RunTime:0.000223s ]
INFO: [ template_filter ] --END-- [ RunTime:0.000771s ]
INFO: Run Behavior\ParseTemplateBehavior [ RunTime:0.051007s ]
INFO: [ view_parse ] --END-- [ RunTime:0.052714s ]
INFO: [ view_filter ] --START--
INFO: Run Behavior\WriteHtmlCacheBehavior [ RunTime:0.002404s ]
INFO: [ view_filter ] --END-- [ RunTime:0.003010s ]

[ 2019-09-25T21:15:08+08:00 ] ::1 /xunmi/index.php/Admin/Login/login.html
INFO: [ app_init ] --START--
INFO: Run Behavior\BuildLiteBehavior [ RunTime:0.000097s ]
INFO: [ app_init ] --END-- [ RunTime:0.002322s ]
INFO: [ app_begin ] --START--
INFO: Run Behavior\ReadHtmlCacheBehavior [ RunTime:0.002497s ]
INFO: [ app_begin ] --END-- [ RunTime:0.002923s ]
INFO: [ view_parse ] --START--
INFO: [ template_filter ] --START--
INFO: Run Behavior\ContentReplaceBehavior [ RunTime:0.000248s ]
INFO: [ template_filter ] --END-- [ RunTime:0.000672s ]
INFO: Run Behavior\ParseTemplateBehavior [ RunTime:0.034680s ]
INFO: [ view_parse ] --END-- [ RunTime:0.035227s ]
INFO: [ view_filter ] --START--
INFO: Run Behavior\WriteHtmlCacheBehavior [ RunTime:0.002011s ]
INFO: [ view_filter ] --END-- [ RunTime:0.002395s ]
INFO: [ app_end ] --START--
INFO: Run Behavior\ShowPageTraceBehavior [ RunTime:0.002487s ]
INFO: [ app_end ] --END-- [ RunTime:0.002948s ]

[ 2019-09-25T21:15:09+08:00 ] ::1 /xunmi/index.php/Admin/Login/verify
INFO: [ app_init ] --START--
INFO: Run Behavior\BuildLiteBehavior [ RunTime:0.000113s ]
INFO: [ app_init ] --END-- [ RunTime:0.002247s ]
INFO: [ app_begin ] --START--
INFO: Run Behavior\ReadHtmlCacheBehavior [ RunTime:0.002940s ]
INFO: [ app_begin ] --END-- [ RunTime:0.003383s ]
INFO: [ app_end ] --START--
INFO: Run Behavior\ShowPageTraceBehavior [ RunTime:0.006079s ]
INFO: [ app_end ] --END-- [ RunTime:0.006698s ]

[ 2019-09-25T21:15:23+08:00 ] ::1 /xunmi/index.php/Admin/Login/login.html
INFO: [ app_init ] --START--
INFO: Run Behavior\BuildLiteBehavior [ RunTime:0.000148s ]
INFO: [ app_init ] --END-- [ RunTime:0.005455s ]
INFO: [ app_begin ] --START--
INFO: Run Behavior\ReadHtmlCacheBehavior [ RunTime:0.009784s ]
INFO: [ app_begin ] --END-- [ RunTime:0.010945s ]
SQL: SHOW COLUMNS FROM `xm_admin` [ RunTime:0.0624s ]
SQL: SELECT * FROM `xm_admin` WHERE `user_name` = 'admin' AND `user_password` = 'admin' LIMIT 1   [ RunTime:0.0012s ]

[ 2019-09-25T21:15:23+08:00 ] ::1 /xunmi/index.php/Admin/Index/index.html
INFO: [ app_init ] --START--
INFO: Run Behavior\BuildLiteBehavior [ RunTime:0.000090s ]
INFO: [ app_init ] --END-- [ RunTime:0.002167s ]
INFO: [ app_begin ] --START--
INFO: Run Behavior\ReadHtmlCacheBehavior [ RunTime:0.003854s ]
INFO: [ app_begin ] --END-- [ RunTime:0.004331s ]
INFO: [ view_parse ] --START--
INFO: [ template_filter ] --START--
INFO: Run Behavior\ContentReplaceBehavior [ RunTime:0.000418s ]
INFO: [ template_filter ] --END-- [ RunTime:0.001086s ]
INFO: Run Behavior\ParseTemplateBehavior [ RunTime:0.050833s ]
INFO: [ view_parse ] --END-- [ RunTime:0.051450s ]
INFO: [ view_filter ] --START--
INFO: Run Behavior\WriteHtmlCacheBehavior [ RunTime:0.001849s ]
INFO: [ view_filter ] --END-- [ RunTime:0.002232s ]
INFO: [ app_end ] --START--
INFO: Run Behavior\ShowPageTraceBehavior [ RunTime:0.003049s ]
INFO: [ app_end ] --END-- [ RunTime:0.003495s ]

[ 2019-09-25T21:15:40+08:00 ] ::1 /xunmi/index.php/Admin/Index/index.html
INFO: [ app_init ] --START--
INFO: Run Behavior\BuildLiteBehavior [ RunTime:0.000092s ]
INFO: [ app_init ] --END-- [ RunTime:0.003177s ]
INFO: [ app_begin ] --START--
INFO: Run Behavior\ReadHtmlCacheBehavior [ RunTime:0.002525s ]
INFO: [ app_begin ] --END-- [ RunTime:0.002966s ]
INFO: [ view_parse ] --START--
INFO: [ template_filter ] --START--
INFO: Run Behavior\ContentReplaceBehavior [ RunTime:0.000233s ]
INFO: [ template_filter ] --END-- [ RunTime:0.000689s ]
INFO: Run Behavior\ParseTemplateBehavior [ RunTime:0.038209s ]
INFO: [ view_parse ] --END-- [ RunTime:0.038683s ]
INFO: [ view_filter ] --START--
INFO: Run Behavior\WriteHtmlCacheBehavior [ RunTime:0.005193s ]
INFO: [ view_filter ] --END-- [ RunTime:0.006331s ]

[ 2019-09-25T21:15:43+08:00 ] ::1 /xunmi/index.php/Admin/Login/login.html
INFO: [ app_init ] --START--
INFO: Run Behavior\BuildLiteBehavior [ RunTime:0.001754s ]
INFO: [ app_init ] --END-- [ RunTime:0.008856s ]
INFO: [ app_begin ] --START--
INFO: Run Behavior\ReadHtmlCacheBehavior [ RunTime:0.003206s ]
INFO: [ app_begin ] --END-- [ RunTime:0.003823s ]
INFO: [ view_parse ] --START--
INFO: [ template_filter ] --START--
INFO: Run Behavior\ContentReplaceBehavior [ RunTime:0.000417s ]
INFO: [ template_filter ] --END-- [ RunTime:0.001212s ]
INFO: Run Behavior\ParseTemplateBehavior [ RunTime:0.045399s ]
INFO: [ view_parse ] --END-- [ RunTime:0.046227s ]
INFO: [ view_filter ] --START--
INFO: Run Behavior\WriteHtmlCacheBehavior [ RunTime:0.002542s ]
INFO: [ view_filter ] --END-- [ RunTime:0.003258s ]
INFO: [ app_end ] --START--
INFO: Run Behavior\ShowPageTraceBehavior [ RunTime:0.005046s ]
INFO: [ app_end ] --END-- [ RunTime:0.006261s ]

[ 2019-09-25T21:15:44+08:00 ] ::1 /xunmi/index.php/Admin/Login/verify
INFO: [ app_init ] --START--
INFO: Run Behavior\BuildLiteBehavior [ RunTime:0.000180s ]
INFO: [ app_init ] --END-- [ RunTime:0.004080s ]
INFO: [ app_begin ] --START--
INFO: Run Behavior\ReadHtmlCacheBehavior [ RunTime:0.004393s ]
INFO: [ app_begin ] --END-- [ RunTime:0.005242s ]
INFO: [ app_end ] --START--
INFO: Run Behavior\ShowPageTraceBehavior [ RunTime:0.003094s ]
INFO: [ app_end ] --END-- [ RunTime:0.003797s ]

[ 2019-09-25T21:18:27+08:00 ] ::1 /xunmi/index.php/Admin/Index/index
INFO: [ app_init ] --START--
INFO: Run Behavior\BuildLiteBehavior [ RunTime:0.000131s ]
INFO: [ app_init ] --END-- [ RunTime:0.009042s ]
INFO: [ app_begin ] --START--
INFO: Run Behavior\ReadHtmlCacheBehavior [ RunTime:0.003356s ]
INFO: [ app_begin ] --END-- [ RunTime:0.004014s ]
INFO: [ view_parse ] --START--
INFO: [ template_filter ] --START--
INFO: Run Behavior\ContentReplaceBehavior [ RunTime:0.000773s ]
INFO: [ template_filter ] --END-- [ RunTime:0.002164s ]
INFO: Run Behavior\ParseTemplateBehavior [ RunTime:0.087565s ]
INFO: [ view_parse ] --END-- [ RunTime:0.088810s ]
INFO: [ view_filter ] --START--
INFO: Run Behavior\WriteHtmlCacheBehavior [ RunTime:0.002645s ]
INFO: [ view_filter ] --END-- [ RunTime:0.003305s ]

[ 2019-09-25T21:18:30+08:00 ] ::1 /xunmi/index.php/Admin/Login/login.html
INFO: [ app_init ] --START--
INFO: Run Behavior\BuildLiteBehavior [ RunTime:0.000138s ]
INFO: [ app_init ] --END-- [ RunTime:0.007764s ]
INFO: [ app_begin ] --START--
INFO: Run Behavior\ReadHtmlCacheBehavior [ RunTime:0.005154s ]
INFO: [ app_begin ] --END-- [ RunTime:0.005916s ]
INFO: [ view_parse ] --START--
INFO: [ template_filter ] --START--
INFO: Run Behavior\ContentReplaceBehavior [ RunTime:0.000485s ]
INFO: [ template_filter ] --END-- [ RunTime:0.001240s ]
INFO: Run Behavior\ParseTemplateBehavior [ RunTime:0.086567s ]
INFO: [ view_parse ] --END-- [ RunTime:0.087387s ]
INFO: [ view_filter ] --START--
INFO: Run Behavior\WriteHtmlCacheBehavior [ RunTime:0.002510s ]
INFO: [ view_filter ] --END-- [ RunTime:0.003145s ]
INFO: [ app_end ] --START--
INFO: Run Behavior\ShowPageTraceBehavior [ RunTime:0.003525s ]
INFO: [ app_end ] --END-- [ RunTime:0.004323s ]

[ 2019-09-25T21:18:31+08:00 ] ::1 /xunmi/index.php/Admin/Login/verify
INFO: [ app_init ] --START--
INFO: Run Behavior\BuildLiteBehavior [ RunTime:0.000177s ]
INFO: [ app_init ] --END-- [ RunTime:0.019813s ]
INFO: [ app_begin ] --START--
INFO: Run Behavior\ReadHtmlCacheBehavior [ RunTime:0.003471s ]
INFO: [ app_begin ] --END-- [ RunTime:0.004332s ]
INFO: [ app_end ] --START--
INFO: Run Behavior\ShowPageTraceBehavior [ RunTime:0.004159s ]
INFO: [ app_end ] --END-- [ RunTime:0.004987s ]

[ 2019-09-25T21:18:37+08:00 ] ::1 /xunmi/index.php/Admin/Login/verify/0.22187588315272944
INFO: [ app_init ] --START--
INFO: Run Behavior\BuildLiteBehavior [ RunTime:0.000260s ]
INFO: [ app_init ] --END-- [ RunTime:0.002901s ]
INFO: [ app_begin ] --START--
INFO: Run Behavior\ReadHtmlCacheBehavior [ RunTime:0.004039s ]
INFO: [ app_begin ] --END-- [ RunTime:0.005373s ]
INFO: [ app_end ] --START--
INFO: Run Behavior\ShowPageTraceBehavior [ RunTime:0.003023s ]
INFO: [ app_end ] --END-- [ RunTime:0.003649s ]

[ 2019-09-25T21:18:39+08:00 ] ::1 /xunmi/index.php/Admin/Login/verify/0.16605499384177702
INFO: [ app_init ] --START--
INFO: Run Behavior\BuildLiteBehavior [ RunTime:0.000088s ]
INFO: [ app_init ] --END-- [ RunTime:0.002043s ]
INFO: [ app_begin ] --START--
INFO: Run Behavior\ReadHtmlCacheBehavior [ RunTime:0.002345s ]
INFO: [ app_begin ] --END-- [ RunTime:0.002776s ]
INFO: [ app_end ] --START--
INFO: Run Behavior\ShowPageTraceBehavior [ RunTime:0.002492s ]
INFO: [ app_end ] --END-- [ RunTime:0.002952s ]

[ 2019-09-25T21:18:45+08:00 ] ::1 /xunmi/index.php/Admin/Login/login.html
INFO: [ app_init ] --START--
INFO: Run Behavior\BuildLiteBehavior [ RunTime:0.000167s ]
INFO: [ app_init ] --END-- [ RunTime:0.006352s ]
INFO: [ app_begin ] --START--
INFO: Run Behavior\ReadHtmlCacheBehavior [ RunTime:0.006235s ]
INFO: [ app_begin ] --END-- [ RunTime:0.012904s ]
SQL: SHOW COLUMNS FROM `xm_admin` [ RunTime:0.0690s ]
SQL: SELECT * FROM `xm_admin` WHERE `user_name` = 'admin' AND `user_password` = 'admin' LIMIT 1   [ RunTime:0.0014s ]

[ 2019-09-25T21:18:45+08:00 ] ::1 /xunmi/index.php/Admin/Index/index.html
INFO: [ app_init ] --START--
INFO: Run Behavior\BuildLiteBehavior [ RunTime:0.000090s ]
INFO: [ app_init ] --END-- [ RunTime:0.002316s ]
INFO: [ app_begin ] --START--
INFO: Run Behavior\ReadHtmlCacheBehavior [ RunTime:0.004299s ]
INFO: [ app_begin ] --END-- [ RunTime:0.004987s ]
INFO: [ view_parse ] --START--
INFO: [ template_filter ] --START--
INFO: Run Behavior\ContentReplaceBehavior [ RunTime:0.000339s ]
INFO: [ template_filter ] --END-- [ RunTime:0.000876s ]
INFO: Run Behavior\ParseTemplateBehavior [ RunTime:0.042719s ]
INFO: [ view_parse ] --END-- [ RunTime:0.043289s ]
INFO: [ view_filter ] --START--
INFO: Run Behavior\WriteHtmlCacheBehavior [ RunTime:0.002144s ]
INFO: [ view_filter ] --END-- [ RunTime:0.002528s ]
INFO: [ app_end ] --START--
INFO: Run Behavior\ShowPageTraceBehavior [ RunTime:0.002856s ]
INFO: [ app_end ] --END-- [ RunTime:0.003314s ]

[ 2019-09-25T22:08:25+08:00 ] ::1 /xunmi/index.php/Admin/Index/index
INFO: [ app_init ] --START--
INFO: Run Behavior\BuildLiteBehavior [ RunTime:0.000177s ]
INFO: [ app_init ] --END-- [ RunTime:0.007024s ]
INFO: [ app_begin ] --START--
INFO: Run Behavior\ReadHtmlCacheBehavior [ RunTime:0.003356s ]
INFO: [ app_begin ] --END-- [ RunTime:0.004305s ]
INFO: [ view_parse ] --START--
INFO: [ template_filter ] --START--
INFO: Run Behavior\ContentReplaceBehavior [ RunTime:0.000378s ]
INFO: [ template_filter ] --END-- [ RunTime:0.000960s ]
INFO: Run Behavior\ParseTemplateBehavior [ RunTime:0.067518s ]
INFO: [ view_parse ] --END-- [ RunTime:0.068577s ]
INFO: [ view_filter ] --START--
INFO: Run Behavior\WriteHtmlCacheBehavior [ RunTime:0.006993s ]
INFO: [ view_filter ] --END-- [ RunTime:0.008587s ]

[ 2019-09-25T22:08:29+08:00 ] ::1 /xunmi/index.php/Admin/Login/login.html
INFO: [ app_init ] --START--
INFO: Run Behavior\BuildLiteBehavior [ RunTime:0.000110s ]
INFO: [ app_init ] --END-- [ RunTime:0.002639s ]
INFO: [ app_begin ] --START--
INFO: Run Behavior\ReadHtmlCacheBehavior [ RunTime:0.003492s ]
INFO: [ app_begin ] --END-- [ RunTime:0.005425s ]
INFO: [ view_parse ] --START--
INFO: [ template_filter ] --START--
INFO: Run Behavior\ContentReplaceBehavior [ RunTime:0.000240s ]
INFO: [ template_filter ] --END-- [ RunTime:0.000729s ]
INFO: Run Behavior\ParseTemplateBehavior [ RunTime:0.031318s ]
INFO: [ view_parse ] --END-- [ RunTime:0.031935s ]
INFO: [ view_filter ] --START--
INFO: Run Behavior\WriteHtmlCacheBehavior [ RunTime:0.001990s ]
INFO: [ view_filter ] --END-- [ RunTime:0.002491s ]
INFO: [ app_end ] --START--
INFO: Run Behavior\ShowPageTraceBehavior [ RunTime:0.003741s ]
INFO: [ app_end ] --END-- [ RunTime:0.004771s ]

[ 2019-09-25T22:08:29+08:00 ] ::1 /xunmi/index.php/Admin/Login/verify
INFO: [ app_init ] --START--
INFO: Run Behavior\BuildLiteBehavior [ RunTime:0.000262s ]
INFO: [ app_init ] --END-- [ RunTime:0.017210s ]
INFO: [ app_begin ] --START--
INFO: Run Behavior\ReadHtmlCacheBehavior [ RunTime:0.007858s ]
INFO: [ app_begin ] --END-- [ RunTime:0.008762s ]
INFO: [ app_end ] --START--
INFO: Run Behavior\ShowPageTraceBehavior [ RunTime:0.003708s ]
INFO: [ app_end ] --END-- [ RunTime:0.004367s ]

[ 2019-09-25T22:08:45+08:00 ] ::1 /xunmi/index.php/Admin/Login/login.html
INFO: [ app_init ] --START--
INFO: Run Behavior\BuildLiteBehavior [ RunTime:0.000115s ]
INFO: [ app_init ] --END-- [ RunTime:0.002448s ]
INFO: [ app_begin ] --START--
INFO: Run Behavior\ReadHtmlCacheBehavior [ RunTime:0.013283s ]
INFO: [ app_begin ] --END-- [ RunTime:0.015131s ]
SQL: SHOW COLUMNS FROM `xm_admin` [ RunTime:0.1107s ]
SQL: SELECT * FROM `xm_admin` WHERE `user_name` = 'admin' AND `user_password` = 'admin' LIMIT 1   [ RunTime:0.0027s ]

[ 2019-09-25T22:08:45+08:00 ] ::1 /xunmi/index.php/Admin/Index/index.html
INFO: [ app_init ] --START--
INFO: Run Behavior\BuildLiteBehavior [ RunTime:0.000111s ]
INFO: [ app_init ] --END-- [ RunTime:0.002531s ]
INFO: [ app_begin ] --START--
INFO: Run Behavior\ReadHtmlCacheBehavior [ RunTime:0.002766s ]
INFO: [ app_begin ] --END-- [ RunTime:0.003269s ]
INFO: [ view_parse ] --START--
INFO: [ template_filter ] --START--
INFO: Run Behavior\ContentReplaceBehavior [ RunTime:0.000312s ]
INFO: [ template_filter ] --END-- [ RunTime:0.000866s ]
INFO: Run Behavior\ParseTemplateBehavior [ RunTime:0.117378s ]
INFO: [ view_parse ] --END-- [ RunTime:0.118576s ]
INFO: [ view_filter ] --START--
INFO: Run Behavior\WriteHtmlCacheBehavior [ RunTime:0.002161s ]
INFO: [ view_filter ] --END-- [ RunTime:0.002955s ]
INFO: [ app_end ] --START--
INFO: Run Behavior\ShowPageTraceBehavior [ RunTime:0.002751s ]
INFO: [ app_end ] --END-- [ RunTime:0.003274s ]

[ 2019-09-25T22:09:00+08:00 ] ::1 /xunmi/index.php/Admin/Index/index.html
INFO: [ app_init ] --START--
INFO: Run Behavior\BuildLiteBehavior [ RunTime:0.000282s ]
INFO: [ app_init ] --END-- [ RunTime:0.006369s ]
INFO: [ app_begin ] --START--
INFO: Run Behavior\ReadHtmlCacheBehavior [ RunTime:0.002455s ]
INFO: [ app_begin ] --END-- [ RunTime:0.002982s ]
INFO: [ view_parse ] --START--
INFO: [ template_filter ] --START--
INFO: Run Behavior\ContentReplaceBehavior [ RunTime:0.000284s ]
INFO: [ template_filter ] --END-- [ RunTime:0.000758s ]
INFO: Run Behavior\ParseTemplateBehavior [ RunTime:0.035444s ]
INFO: [ view_parse ] --END-- [ RunTime:0.036184s ]
INFO: [ view_filter ] --START--
INFO: Run Behavior\WriteHtmlCacheBehavior [ RunTime:0.002500s ]
INFO: [ view_filter ] --END-- [ RunTime:0.003031s ]
INFO: [ app_end ] --START--
INFO: Run Behavior\ShowPageTraceBehavior [ RunTime:0.003981s ]
INFO: [ app_end ] --END-- [ RunTime:0.004936s ]

[ 2019-09-25T22:11:53+08:00 ] ::1 /xunmi/index.php/Admin/Index/index.html
INFO: [ app_init ] --START--
INFO: Run Behavior\BuildLiteBehavior [ RunTime:0.000111s ]
INFO: [ app_init ] --END-- [ RunTime:0.003072s ]
INFO: [ app_begin ] --START--
INFO: Run Behavior\ReadHtmlCacheBehavior [ RunTime:0.003310s ]
INFO: [ app_begin ] --END-- [ RunTime:0.003843s ]
INFO: [ view_parse ] --START--
INFO: [ template_filter ] --START--
INFO: Run Behavior\ContentReplaceBehavior [ RunTime:0.000309s ]
INFO: [ template_filter ] --END-- [ RunTime:0.000821s ]
INFO: Run Behavior\ParseTemplateBehavior [ RunTime:0.125570s ]
INFO: [ view_parse ] --END-- [ RunTime:0.126186s ]
INFO: [ view_filter ] --START--
INFO: Run Behavior\WriteHtmlCacheBehavior [ RunTime:0.002845s ]
INFO: [ view_filter ] --END-- [ RunTime:0.003355s ]
INFO: [ app_end ] --START--
INFO: Run Behavior\ShowPageTraceBehavior [ RunTime:0.003814s ]
INFO: [ app_end ] --END-- [ RunTime:0.004647s ]

[ 2019-09-25T22:12:12+08:00 ] ::1 /xunmi/index.php/Admin/Index/index.html
INFO: [ app_init ] --START--
INFO: Run Behavior\BuildLiteBehavior [ RunTime:0.000128s ]
INFO: [ app_init ] --END-- [ RunTime:0.004137s ]
INFO: [ app_begin ] --START--
INFO: Run Behavior\ReadHtmlCacheBehavior [ RunTime:0.007147s ]
INFO: [ app_begin ] --END-- [ RunTime:0.008195s ]
INFO: [ view_parse ] --START--
INFO: [ template_filter ] --START--
INFO: Run Behavior\ContentReplaceBehavior [ RunTime:0.000834s ]
INFO: [ template_filter ] --END-- [ RunTime:0.002341s ]
INFO: Run Behavior\ParseTemplateBehavior [ RunTime:0.062186s ]
INFO: [ view_parse ] --END-- [ RunTime:0.062871s ]
INFO: [ view_filter ] --START--
INFO: Run Behavior\WriteHtmlCacheBehavior [ RunTime:0.002049s ]
INFO: [ view_filter ] --END-- [ RunTime:0.002531s ]

[ 2019-09-25T22:12:15+08:00 ] ::1 /xunmi/index.php/Admin/Login/login.html
INFO: [ app_init ] --START--
INFO: Run Behavior\BuildLiteBehavior [ RunTime:0.000115s ]
INFO: [ app_init ] --END-- [ RunTime:0.003013s ]
INFO: [ app_begin ] --START--
INFO: Run Behavior\ReadHtmlCacheBehavior [ RunTime:0.002437s ]
INFO: [ app_begin ] --END-- [ RunTime:0.002866s ]
INFO: [ view_parse ] --START--
INFO: [ template_filter ] --START--
INFO: Run Behavior\ContentReplaceBehavior [ RunTime:0.000247s ]
INFO: [ template_filter ] --END-- [ RunTime:0.000709s ]
INFO: Run Behavior\ParseTemplateBehavior [ RunTime:0.028791s ]
INFO: [ view_parse ] --END-- [ RunTime:0.029424s ]
INFO: [ view_filter ] --START--
INFO: Run Behavior\WriteHtmlCacheBehavior [ RunTime:0.002422s ]
INFO: [ view_filter ] --END-- [ RunTime:0.002995s ]
INFO: [ app_end ] --START--
INFO: Run Behavior\ShowPageTraceBehavior [ RunTime:0.003770s ]
INFO: [ app_end ] --END-- [ RunTime:0.004324s ]

[ 2019-09-25T22:12:15+08:00 ] ::1 /xunmi/index.php/Admin/Login/verify
INFO: [ app_init ] --START--
INFO: Run Behavior\BuildLiteBehavior [ RunTime:0.000120s ]
INFO: [ app_init ] --END-- [ RunTime:0.002794s ]
INFO: [ app_begin ] --START--
INFO: Run Behavior\ReadHtmlCacheBehavior [ RunTime:0.002555s ]
INFO: [ app_begin ] --END-- [ RunTime:0.003026s ]
INFO: [ app_end ] --START--
INFO: Run Behavior\ShowPageTraceBehavior [ RunTime:0.003228s ]
INFO: [ app_end ] --END-- [ RunTime:0.005192s ]

[ 2019-09-25T22:16:12+08:00 ] ::1 /xunmi/index.php/Admin/Login/verify/0.8243555513383047
INFO: [ app_init ] --START--
INFO: Run Behavior\BuildLiteBehavior [ RunTime:0.000329s ]
INFO: [ app_init ] --END-- [ RunTime:0.004875s ]
INFO: [ app_begin ] --START--
INFO: Run Behavior\ReadHtmlCacheBehavior [ RunTime:0.006027s ]
INFO: [ app_begin ] --END-- [ RunTime:0.006691s ]
INFO: [ app_end ] --START--
INFO: Run Behavior\ShowPageTraceBehavior [ RunTime:0.003551s ]
INFO: [ app_end ] --END-- [ RunTime:0.004201s ]

[ 2019-09-25T22:16:17+08:00 ] ::1 /xunmi/index.php/Admin/Login/login.html
INFO: [ app_init ] --START--
INFO: Run Behavior\BuildLiteBehavior [ RunTime:0.000194s ]
INFO: [ app_init ] --END-- [ RunTime:0.005758s ]
INFO: [ app_begin ] --START--
INFO: Run Behavior\ReadHtmlCacheBehavior [ RunTime:0.005374s ]
INFO: [ app_begin ] --END-- [ RunTime:0.007005s ]
INFO: [ view_parse ] --START--
INFO: [ template_filter ] --START--
INFO: Run Behavior\ContentReplaceBehavior [ RunTime:0.000383s ]
INFO: [ template_filter ] --END-- [ RunTime:0.002589s ]
INFO: Run Behavior\ParseTemplateBehavior [ RunTime:0.058814s ]
INFO: [ view_parse ] --END-- [ RunTime:0.059472s ]
INFO: [ view_filter ] --START--
INFO: Run Behavior\WriteHtmlCacheBehavior [ RunTime:0.004188s ]
INFO: [ view_filter ] --END-- [ RunTime:0.004952s ]

[ 2019-09-25T22:16:21+08:00 ] ::1 /xunmi/index.php/Admin/Login/login.html
INFO: [ app_init ] --START--
INFO: Run Behavior\BuildLiteBehavior [ RunTime:0.000116s ]
INFO: [ app_init ] --END-- [ RunTime:0.003593s ]
INFO: [ app_begin ] --START--
INFO: Run Behavior\ReadHtmlCacheBehavior [ RunTime:0.002520s ]
INFO: [ app_begin ] --END-- [ RunTime:0.002957s ]
INFO: [ view_parse ] --START--
INFO: [ template_filter ] --START--
INFO: Run Behavior\ContentReplaceBehavior [ RunTime:0.000244s ]
INFO: [ template_filter ] --END-- [ RunTime:0.000680s ]
INFO: Run Behavior\ParseTemplateBehavior [ RunTime:0.029382s ]
INFO: [ view_parse ] --END-- [ RunTime:0.030081s ]
INFO: [ view_filter ] --START--
INFO: Run Behavior\WriteHtmlCacheBehavior [ RunTime:0.002036s ]
INFO: [ view_filter ] --END-- [ RunTime:0.002539s ]
INFO: [ app_end ] --START--
INFO: Run Behavior\ShowPageTraceBehavior [ RunTime:0.002632s ]
INFO: [ app_end ] --END-- [ RunTime:0.003265s ]

[ 2019-09-25T22:16:26+08:00 ] ::1 /xunmi/index.php/Admin/Login/verify/0.7207332309660992
INFO: [ app_init ] --START--
INFO: Run Behavior\BuildLiteBehavior [ RunTime:0.000140s ]
INFO: [ app_init ] --END-- [ RunTime:0.002257s ]
INFO: [ app_begin ] --START--
INFO: Run Behavior\ReadHtmlCacheBehavior [ RunTime:0.003456s ]
INFO: [ app_begin ] --END-- [ RunTime:0.004062s ]
INFO: [ app_end ] --START--
INFO: Run Behavior\ShowPageTraceBehavior [ RunTime:0.003097s ]
INFO: [ app_end ] --END-- [ RunTime:0.003591s ]

[ 2019-09-25T22:16:27+08:00 ] ::1 /xunmi/index.php/Admin/Login/verify/0.6294386136024919
INFO: [ app_init ] --START--
INFO: Run Behavior\BuildLiteBehavior [ RunTime:0.000089s ]
INFO: [ app_init ] --END-- [ RunTime:0.002042s ]
INFO: [ app_begin ] --START--
INFO: Run Behavior\ReadHtmlCacheBehavior [ RunTime:0.002336s ]
INFO: [ app_begin ] --END-- [ RunTime:0.002819s ]
INFO: [ app_end ] --START--
INFO: Run Behavior\ShowPageTraceBehavior [ RunTime:0.003267s ]
INFO: [ app_end ] --END-- [ RunTime:0.003773s ]

[ 2019-09-25T22:16:28+08:00 ] ::1 /xunmi/index.php/Admin/Login/verify/0.27877621305918
INFO: [ app_init ] --START--
INFO: Run Behavior\BuildLiteBehavior [ RunTime:0.000119s ]
INFO: [ app_init ] --END-- [ RunTime:0.002153s ]
INFO: [ app_begin ] --START--
INFO: Run Behavior\ReadHtmlCacheBehavior [ RunTime:0.003142s ]
INFO: [ app_begin ] --END-- [ RunTime:0.003595s ]
INFO: [ app_end ] --START--
INFO: Run Behavior\ShowPageTraceBehavior [ RunTime:0.002523s ]
INFO: [ app_end ] --END-- [ RunTime:0.003039s ]

[ 2019-09-25T22:16:34+08:00 ] ::1 /xunmi/index.php/Admin/Login/login.html
INFO: [ app_init ] --START--
INFO: Run Behavior\BuildLiteBehavior [ RunTime:0.000122s ]
INFO: [ app_init ] --END-- [ RunTime:0.002771s ]
INFO: [ app_begin ] --START--
INFO: Run Behavior\ReadHtmlCacheBehavior [ RunTime:0.003946s ]
INFO: [ app_begin ] --END-- [ RunTime:0.004767s ]
SQL: SHOW COLUMNS FROM `xm_admin` [ RunTime:0.0852s ]
SQL: SELECT * FROM `xm_admin` WHERE `user_name` = 'admin' AND `user_password` = 'admin' LIMIT 1   [ RunTime:0.0027s ]

[ 2019-09-25T22:16:35+08:00 ] ::1 /xunmi/index.php/Admin/Index/index.html
INFO: [ app_init ] --START--
INFO: Run Behavior\BuildLiteBehavior [ RunTime:0.000112s ]
INFO: [ app_init ] --END-- [ RunTime:0.002559s ]
INFO: [ app_begin ] --START--
INFO: Run Behavior\ReadHtmlCacheBehavior [ RunTime:0.003670s ]
INFO: [ app_begin ] --END-- [ RunTime:0.005610s ]
INFO: [ view_parse ] --START--
INFO: [ template_filter ] --START--
INFO: Run Behavior\ContentReplaceBehavior [ RunTime:0.000502s ]
INFO: [ template_filter ] --END-- [ RunTime:0.001261s ]
INFO: Run Behavior\ParseTemplateBehavior [ RunTime:0.045164s ]
INFO: [ view_parse ] --END-- [ RunTime:0.045906s ]
INFO: [ view_filter ] --START--
INFO: Run Behavior\WriteHtmlCacheBehavior [ RunTime:0.002321s ]
INFO: [ view_filter ] --END-- [ RunTime:0.003931s ]
INFO: [ app_end ] --START--
INFO: Run Behavior\ShowPageTraceBehavior [ RunTime:0.003009s ]
INFO: [ app_end ] --END-- [ RunTime:0.003937s ]

[ 2019-09-25T22:27:58+08:00 ] ::1 /xunmi/index.php/Admin/Index/index.html
INFO: [ app_init ] --START--
INFO: Run Behavior\BuildLiteBehavior [ RunTime:0.000183s ]
INFO: [ app_init ] --END-- [ RunTime:0.005835s ]
INFO: [ app_begin ] --START--
INFO: Run Behavior\ReadHtmlCacheBehavior [ RunTime:0.006074s ]
INFO: [ app_begin ] --END-- [ RunTime:0.007017s ]
INFO: [ view_parse ] --START--
INFO: [ template_filter ] --START--
INFO: Run Behavior\ContentReplaceBehavior [ RunTime:0.000276s ]
INFO: [ template_filter ] --END-- [ RunTime:0.000822s ]
INFO: Run Behavior\ParseTemplateBehavior [ RunTime:0.082113s ]
INFO: [ view_parse ] --END-- [ RunTime:0.082770s ]
INFO: [ view_filter ] --START--
INFO: Run Behavior\WriteHtmlCacheBehavior [ RunTime:0.004903s ]
INFO: [ view_filter ] --END-- [ RunTime:0.005467s ]

[ 2019-09-25T22:28:01+08:00 ] ::1 /xunmi/index.php/Admin/Login/login.html
INFO: [ app_init ] --START--
INFO: Run Behavior\BuildLiteBehavior [ RunTime:0.000096s ]
INFO: [ app_init ] --END-- [ RunTime:0.002418s ]
INFO: [ app_begin ] --START--
INFO: Run Behavior\ReadHtmlCacheBehavior [ RunTime:0.003076s ]
INFO: [ app_begin ] --END-- [ RunTime:0.003545s ]
INFO: [ view_parse ] --START--
INFO: [ template_filter ] --START--
INFO: Run Behavior\ContentReplaceBehavior [ RunTime:0.000264s ]
INFO: [ template_filter ] --END-- [ RunTime:0.000691s ]
INFO: Run Behavior\ParseTemplateBehavior [ RunTime:0.038627s ]
INFO: [ view_parse ] --END-- [ RunTime:0.039087s ]
INFO: [ view_filter ] --START--
INFO: Run Behavior\WriteHtmlCacheBehavior [ RunTime:0.003150s ]
INFO: [ view_filter ] --END-- [ RunTime:0.003801s ]
INFO: [ app_end ] --START--
INFO: Run Behavior\ShowPageTraceBehavior [ RunTime:0.003447s ]
INFO: [ app_end ] --END-- [ RunTime:0.003941s ]

[ 2019-09-25T22:28:01+08:00 ] ::1 /xunmi/index.php/Admin/Login/verify
INFO: [ app_init ] --START--
INFO: Run Behavior\BuildLiteBehavior [ RunTime:0.000112s ]
INFO: [ app_init ] --END-- [ RunTime:0.005976s ]
INFO: [ app_begin ] --START--
INFO: Run Behavior\ReadHtmlCacheBehavior [ RunTime:0.003537s ]
INFO: [ app_begin ] --END-- [ RunTime:0.004195s ]
INFO: [ app_end ] --START--
INFO: Run Behavior\ShowPageTraceBehavior [ RunTime:0.003740s ]
INFO: [ app_end ] --END-- [ RunTime:0.004357s ]

[ 2019-09-25T22:28:20+08:00 ] ::1 /xunmi/index.php/Admin/Login/login.html
INFO: [ app_init ] --START--
INFO: Run Behavior\BuildLiteBehavior [ RunTime:0.000112s ]
INFO: [ app_init ] --END-- [ RunTime:0.006866s ]
INFO: [ app_begin ] --START--
INFO: Run Behavior\ReadHtmlCacheBehavior [ RunTime:0.006316s ]
INFO: [ app_begin ] --END-- [ RunTime:0.008453s ]
SQL: SHOW COLUMNS FROM `xm_admin` [ RunTime:0.0650s ]
SQL: SELECT * FROM `xm_admin` WHERE `user_name` = 'admin' AND `user_password` = 'admin' LIMIT 1   [ RunTime:0.0014s ]

[ 2019-09-25T22:28:20+08:00 ] ::1 /xunmi/index.php/Admin/Index/index.html
INFO: [ app_init ] --START--
INFO: Run Behavior\BuildLiteBehavior [ RunTime:0.000104s ]
INFO: [ app_init ] --END-- [ RunTime:0.002450s ]
INFO: [ app_begin ] --START--
INFO: Run Behavior\ReadHtmlCacheBehavior [ RunTime:0.003508s ]
INFO: [ app_begin ] --END-- [ RunTime:0.003989s ]
INFO: [ view_parse ] --START--
INFO: [ template_filter ] --START--
INFO: Run Behavior\ContentReplaceBehavior [ RunTime:0.000269s ]
INFO: [ template_filter ] --END-- [ RunTime:0.000794s ]
INFO: Run Behavior\ParseTemplateBehavior [ RunTime:0.051662s ]
INFO: [ view_parse ] --END-- [ RunTime:0.052239s ]
INFO: [ view_filter ] --START--
INFO: Run Behavior\WriteHtmlCacheBehavior [ RunTime:0.007527s ]
INFO: [ view_filter ] --END-- [ RunTime:0.007976s ]
INFO: [ app_end ] --START--
INFO: Run Behavior\ShowPageTraceBehavior [ RunTime:0.004659s ]
INFO: [ app_end ] --END-- [ RunTime:0.005125s ]

[ 2019-09-25T22:28:29+08:00 ] ::1 /xunmi/index.php/Admin/Index/index.html
INFO: [ app_init ] --START--
INFO: Run Behavior\BuildLiteBehavior [ RunTime:0.000106s ]
INFO: [ app_init ] --END-- [ RunTime:0.002500s ]
INFO: [ app_begin ] --START--
INFO: Run Behavior\ReadHtmlCacheBehavior [ RunTime:0.003207s ]
INFO: [ app_begin ] --END-- [ RunTime:0.003705s ]
INFO: [ view_parse ] --START--
INFO: [ template_filter ] --START--
INFO: Run Behavior\ContentReplaceBehavior [ RunTime:0.000218s ]
INFO: [ template_filter ] --END-- [ RunTime:0.000656s ]
INFO: Run Behavior\ParseTemplateBehavior [ RunTime:0.033471s ]
INFO: [ view_parse ] --END-- [ RunTime:0.033914s ]
INFO: [ view_filter ] --START--
INFO: Run Behavior\WriteHtmlCacheBehavior [ RunTime:0.003383s ]
INFO: [ view_filter ] --END-- [ RunTime:0.004121s ]

[ 2019-09-25T22:28:32+08:00 ] ::1 /xunmi/index.php/Admin/Login/login.html
INFO: [ app_init ] --START--
INFO: Run Behavior\BuildLiteBehavior [ RunTime:0.000105s ]
INFO: [ app_init ] --END-- [ RunTime:0.002615s ]
INFO: [ app_begin ] --START--
INFO: Run Behavior\ReadHtmlCacheBehavior [ RunTime:0.003253s ]
INFO: [ app_begin ] --END-- [ RunTime:0.003701s ]
INFO: [ view_parse ] --START--
INFO: [ template_filter ] --START--
INFO: Run Behavior\ContentReplaceBehavior [ RunTime:0.000242s ]
INFO: [ template_filter ] --END-- [ RunTime:0.000676s ]
INFO: Run Behavior\ParseTemplateBehavior [ RunTime:0.029913s ]
INFO: [ view_parse ] --END-- [ RunTime:0.030428s ]
INFO: [ view_filter ] --START--
INFO: Run Behavior\WriteHtmlCacheBehavior [ RunTime:0.008078s ]
INFO: [ view_filter ] --END-- [ RunTime:0.008504s ]
INFO: [ app_end ] --START--
INFO: Run Behavior\ShowPageTraceBehavior [ RunTime:0.003836s ]
INFO: [ app_end ] --END-- [ RunTime:0.004252s ]

[ 2019-09-25T22:28:32+08:00 ] ::1 /xunmi/index.php/Admin/Login/verify
INFO: [ app_init ] --START--
INFO: Run Behavior\BuildLiteBehavior [ RunTime:0.000094s ]
INFO: [ app_init ] --END-- [ RunTime:0.002365s ]
INFO: [ app_begin ] --START--
INFO: Run Behavior\ReadHtmlCacheBehavior [ RunTime:0.003569s ]
INFO: [ app_begin ] --END-- [ RunTime:0.004278s ]
INFO: [ app_end ] --START--
INFO: Run Behavior\ShowPageTraceBehavior [ RunTime:0.008715s ]
INFO: [ app_end ] --END-- [ RunTime:0.009396s ]

[ 2019-09-25T22:30:26+08:00 ] ::1 /xunmi/index.php/Admin/Login/verify/0.37157378716683565
INFO: [ app_init ] --START--
INFO: Run Behavior\BuildLiteBehavior [ RunTime:0.000102s ]
INFO: [ app_init ] --END-- [ RunTime:0.002857s ]
INFO: [ app_begin ] --START--
INFO: Run Behavior\ReadHtmlCacheBehavior [ RunTime:0.003278s ]
INFO: [ app_begin ] --END-- [ RunTime:0.003740s ]
INFO: [ app_end ] --START--
INFO: Run Behavior\ShowPageTraceBehavior [ RunTime:0.004640s ]
INFO: [ app_end ] --END-- [ RunTime:0.005136s ]

[ 2019-09-25T22:30:32+08:00 ] ::1 /xunmi/index.php/Admin/Login/login.html
INFO: [ app_init ] --START--
INFO: Run Behavior\BuildLiteBehavior [ RunTime:0.000112s ]
INFO: [ app_init ] --END-- [ RunTime:0.002830s ]
INFO: [ app_begin ] --START--
INFO: Run Behavior\ReadHtmlCacheBehavior [ RunTime:0.005994s ]
INFO: [ app_begin ] --END-- [ RunTime:0.006919s ]
SQL: SHOW COLUMNS FROM `xm_admin` [ RunTime:0.1210s ]
SQL: SELECT * FROM `xm_admin` WHERE `user_name` = 'admin' AND `user_password` = 'admin' LIMIT 1   [ RunTime:0.0011s ]

[ 2019-09-25T22:30:32+08:00 ] ::1 /xunmi/index.php/Admin/Index/index.html
INFO: [ app_init ] --START--
INFO: Run Behavior\BuildLiteBehavior [ RunTime:0.000103s ]
INFO: [ app_init ] --END-- [ RunTime:0.003252s ]
INFO: [ app_begin ] --START--
INFO: Run Behavior\ReadHtmlCacheBehavior [ RunTime:0.003404s ]
INFO: [ app_begin ] --END-- [ RunTime:0.003879s ]
INFO: [ view_parse ] --START--
INFO: [ template_filter ] --START--
INFO: Run Behavior\ContentReplaceBehavior [ RunTime:0.000291s ]
INFO: [ template_filter ] --END-- [ RunTime:0.000736s ]
INFO: Run Behavior\ParseTemplateBehavior [ RunTime:0.041369s ]
INFO: [ view_parse ] --END-- [ RunTime:0.042079s ]
INFO: [ view_filter ] --START--
INFO: Run Behavior\WriteHtmlCacheBehavior [ RunTime:0.004467s ]
INFO: [ view_filter ] --END-- [ RunTime:0.005123s ]
INFO: [ app_end ] --START--
INFO: Run Behavior\ShowPageTraceBehavior [ RunTime:0.003893s ]
INFO: [ app_end ] --END-- [ RunTime:0.004503s ]

[ 2019-09-25T22:33:57+08:00 ] ::1 /xunmi/index.php/Admin/Index/index.html
INFO: [ app_init ] --START--
INFO: Run Behavior\BuildLiteBehavior [ RunTime:0.000298s ]
INFO: [ app_init ] --END-- [ RunTime:0.004124s ]
INFO: [ app_begin ] --START--
INFO: Run Behavior\ReadHtmlCacheBehavior [ RunTime:0.012033s ]
INFO: [ app_begin ] --END-- [ RunTime:0.013194s ]
INFO: [ view_parse ] --START--
INFO: [ template_filter ] --START--
INFO: Run Behavior\ContentReplaceBehavior [ RunTime:0.000617s ]
INFO: [ template_filter ] --END-- [ RunTime:0.002007s ]
INFO: Run Behavior\ParseTemplateBehavior [ RunTime:0.049792s ]
INFO: [ view_parse ] --END-- [ RunTime:0.050282s ]
INFO: [ view_filter ] --START--
INFO: Run Behavior\WriteHtmlCacheBehavior [ RunTime:0.005350s ]
INFO: [ view_filter ] --END-- [ RunTime:0.005944s ]
INFO: [ app_end ] --START--
INFO: Run Behavior\ShowPageTraceBehavior [ RunTime:0.004578s ]
INFO: [ app_end ] --END-- [ RunTime:0.005167s ]

[ 2019-09-25T22:34:25+08:00 ] ::1 /xunmi/index.php/Admin/Index/index.html
INFO: [ app_init ] --START--
INFO: Run Behavior\BuildLiteBehavior [ RunTime:0.000098s ]
INFO: [ app_init ] --END-- [ RunTime:0.002505s ]
INFO: [ app_begin ] --START--
INFO: Run Behavior\ReadHtmlCacheBehavior [ RunTime:0.003449s ]
INFO: [ app_begin ] --END-- [ RunTime:0.003925s ]
INFO: [ view_parse ] --START--
INFO: [ template_filter ] --START--
INFO: Run Behavior\ContentReplaceBehavior [ RunTime:0.000214s ]
INFO: [ template_filter ] --END-- [ RunTime:0.000629s ]
INFO: Run Behavior\ParseTemplateBehavior [ RunTime:0.033695s ]
INFO: [ view_parse ] --END-- [ RunTime:0.034383s ]
INFO: [ view_filter ] --START--
INFO: Run Behavior\WriteHtmlCacheBehavior [ RunTime:0.002876s ]
INFO: [ view_filter ] --END-- [ RunTime:0.003325s ]

[ 2019-09-25T22:34:28+08:00 ] ::1 /xunmi/index.php/Admin/Login/login.html
INFO: [ app_init ] --START--
INFO: Run Behavior\BuildLiteBehavior [ RunTime:0.000100s ]
INFO: [ app_init ] --END-- [ RunTime:0.002628s ]
INFO: [ app_begin ] --START--
INFO: Run Behavior\ReadHtmlCacheBehavior [ RunTime:0.003739s ]
INFO: [ app_begin ] --END-- [ RunTime:0.004182s ]
INFO: [ view_parse ] --START--
INFO: [ template_filter ] --START--
INFO: Run Behavior\ContentReplaceBehavior [ RunTime:0.000256s ]
INFO: [ template_filter ] --END-- [ RunTime:0.000693s ]
INFO: Run Behavior\ParseTemplateBehavior [ RunTime:0.031451s ]
INFO: [ view_parse ] --END-- [ RunTime:0.032172s ]
INFO: [ view_filter ] --START--
INFO: Run Behavior\WriteHtmlCacheBehavior [ RunTime:0.004327s ]
INFO: [ view_filter ] --END-- [ RunTime:0.004965s ]
INFO: [ app_end ] --START--
INFO: Run Behavior\ShowPageTraceBehavior [ RunTime:0.005309s ]
INFO: [ app_end ] --END-- [ RunTime:0.005886s ]

[ 2019-09-25T22:34:29+08:00 ] ::1 /xunmi/index.php/Admin/Login/verify
INFO: [ app_init ] --START--
INFO: Run Behavior\BuildLiteBehavior [ RunTime:0.000237s ]
INFO: [ app_init ] --END-- [ RunTime:0.003819s ]
INFO: [ app_begin ] --START--
INFO: Run Behavior\ReadHtmlCacheBehavior [ RunTime:0.009152s ]
INFO: [ app_begin ] --END-- [ RunTime:0.010025s ]
INFO: [ app_end ] --START--
INFO: Run Behavior\ShowPageTraceBehavior [ RunTime:0.003583s ]
INFO: [ app_end ] --END-- [ RunTime:0.004080s ]

[ 2019-09-25T22:36:09+08:00 ] ::1 /xunmi/index.php/Admin/Login/login.html
INFO: [ app_init ] --START--
INFO: Run Behavior\BuildLiteBehavior [ RunTime:0.000160s ]
INFO: [ app_init ] --END-- [ RunTime:0.003400s ]
INFO: [ app_begin ] --START--
INFO: Run Behavior\ReadHtmlCacheBehavior [ RunTime:0.005805s ]
INFO: [ app_begin ] --END-- [ RunTime:0.007092s ]
INFO: [ view_parse ] --START--
INFO: [ template_filter ] --START--
INFO: Run Behavior\ContentReplaceBehavior [ RunTime:0.000266s ]
INFO: [ template_filter ] --END-- [ RunTime:0.000880s ]
INFO: Run Behavior\ParseTemplateBehavior [ RunTime:0.037952s ]
INFO: [ view_parse ] --END-- [ RunTime:0.038445s ]
INFO: [ view_filter ] --START--
INFO: Run Behavior\WriteHtmlCacheBehavior [ RunTime:0.003771s ]
INFO: [ view_filter ] --END-- [ RunTime:0.004199s ]

[ 2019-09-25T22:36:13+08:00 ] ::1 /xunmi/index.php/Admin/Login/login.html
INFO: [ app_init ] --START--
INFO: Run Behavior\BuildLiteBehavior [ RunTime:0.000142s ]
INFO: [ app_init ] --END-- [ RunTime:0.005330s ]
INFO: [ app_begin ] --START--
INFO: Run Behavior\ReadHtmlCacheBehavior [ RunTime:0.005634s ]
INFO: [ app_begin ] --END-- [ RunTime:0.006244s ]
INFO: [ view_parse ] --START--
INFO: [ template_filter ] --START--
INFO: Run Behavior\ContentReplaceBehavior [ RunTime:0.000278s ]
INFO: [ template_filter ] --END-- [ RunTime:0.000714s ]
INFO: Run Behavior\ParseTemplateBehavior [ RunTime:0.050614s ]
INFO: [ view_parse ] --END-- [ RunTime:0.051119s ]
INFO: [ view_filter ] --START--
INFO: Run Behavior\WriteHtmlCacheBehavior [ RunTime:0.002686s ]
INFO: [ view_filter ] --END-- [ RunTime:0.003081s ]
INFO: [ app_end ] --START--
INFO: Run Behavior\ShowPageTraceBehavior [ RunTime:0.007746s ]
INFO: [ app_end ] --END-- [ RunTime:0.009478s ]

[ 2019-09-25T22:36:18+08:00 ] ::1 /xunmi/index.php/Admin/Login/verify/0.8904332634022507
INFO: [ app_init ] --START--
INFO: Run Behavior\BuildLiteBehavior [ RunTime:0.000494s ]
INFO: [ app_init ] --END-- [ RunTime:0.004179s ]
INFO: [ app_begin ] --START--
INFO: Run Behavior\ReadHtmlCacheBehavior [ RunTime:0.005574s ]
INFO: [ app_begin ] --END-- [ RunTime:0.006876s ]
INFO: [ app_end ] --START--
INFO: Run Behavior\ShowPageTraceBehavior [ RunTime:0.005044s ]
INFO: [ app_end ] --END-- [ RunTime:0.005784s ]

[ 2019-09-25T22:36:21+08:00 ] ::1 /xunmi/index.php/Admin/Login/verify/0.7765925857895453
INFO: [ app_init ] --START--
INFO: Run Behavior\BuildLiteBehavior [ RunTime:0.000183s ]
INFO: [ app_init ] --END-- [ RunTime:0.005236s ]
INFO: [ app_begin ] --START--
INFO: Run Behavior\ReadHtmlCacheBehavior [ RunTime:0.006261s ]
INFO: [ app_begin ] --END-- [ RunTime:0.006870s ]
INFO: [ app_end ] --START--
INFO: Run Behavior\ShowPageTraceBehavior [ RunTime:0.004072s ]
INFO: [ app_end ] --END-- [ RunTime:0.004566s ]

[ 2019-09-25T22:36:27+08:00 ] ::1 /xunmi/index.php/Admin/Login/login.html
INFO: [ app_init ] --START--
INFO: Run Behavior\BuildLiteBehavior [ RunTime:0.000517s ]
INFO: [ app_init ] --END-- [ RunTime:0.005622s ]
INFO: [ app_begin ] --START--
INFO: Run Behavior\ReadHtmlCacheBehavior [ RunTime:0.007352s ]
INFO: [ app_begin ] --END-- [ RunTime:0.008036s ]
SQL: SHOW COLUMNS FROM `xm_admin` [ RunTime:0.0559s ]
SQL: SELECT * FROM `xm_admin` WHERE `user_name` = 'admin' AND `user_password` = 'admin' LIMIT 1   [ RunTime:0.0013s ]

[ 2019-09-25T22:36:27+08:00 ] ::1 /xunmi/index.php/Admin/Index/index.html
INFO: [ app_init ] --START--
INFO: Run Behavior\BuildLiteBehavior [ RunTime:0.000118s ]
INFO: [ app_init ] --END-- [ RunTime:0.005233s ]
INFO: [ app_begin ] --START--
INFO: Run Behavior\ReadHtmlCacheBehavior [ RunTime:0.004412s ]
INFO: [ app_begin ] --END-- [ RunTime:0.004917s ]
INFO: [ view_parse ] --START--
INFO: [ template_filter ] --START--
INFO: Run Behavior\ContentReplaceBehavior [ RunTime:0.000815s ]
INFO: [ template_filter ] --END-- [ RunTime:0.001563s ]
INFO: Run Behavior\ParseTemplateBehavior [ RunTime:0.041781s ]
INFO: [ view_parse ] --END-- [ RunTime:0.042476s ]
INFO: [ view_filter ] --START--
INFO: Run Behavior\WriteHtmlCacheBehavior [ RunTime:0.002867s ]
INFO: [ view_filter ] --END-- [ RunTime:0.003259s ]
INFO: [ app_end ] --START--
INFO: Run Behavior\ShowPageTraceBehavior [ RunTime:0.003906s ]
INFO: [ app_end ] --END-- [ RunTime:0.004325s ]

[ 2019-09-25T22:36:42+08:00 ] ::1 /xunmi/index.php/Admin/Index/index.html
INFO: [ app_init ] --START--
INFO: Run Behavior\BuildLiteBehavior [ RunTime:0.000101s ]
INFO: [ app_init ] --END-- [ RunTime:0.002730s ]
INFO: [ app_begin ] --START--
INFO: Run Behavior\ReadHtmlCacheBehavior [ RunTime:0.003151s ]
INFO: [ app_begin ] --END-- [ RunTime:0.003589s ]
INFO: [ view_parse ] --START--
INFO: [ template_filter ] --START--
INFO: Run Behavior\ContentReplaceBehavior [ RunTime:0.000216s ]
INFO: [ template_filter ] --END-- [ RunTime:0.000652s ]
INFO: Run Behavior\ParseTemplateBehavior [ RunTime:0.034857s ]
INFO: [ view_parse ] --END-- [ RunTime:0.035474s ]
INFO: [ view_filter ] --START--
INFO: Run Behavior\WriteHtmlCacheBehavior [ RunTime:0.003463s ]
INFO: [ view_filter ] --END-- [ RunTime:0.004332s ]

[ 2019-09-25T22:36:45+08:00 ] ::1 /xunmi/index.php/Admin/Login/login.html
INFO: [ app_init ] --START--
INFO: Run Behavior\BuildLiteBehavior [ RunTime:0.000218s ]
INFO: [ app_init ] --END-- [ RunTime:0.004649s ]
INFO: [ app_begin ] --START--
INFO: Run Behavior\ReadHtmlCacheBehavior [ RunTime:0.003783s ]
INFO: [ app_begin ] --END-- [ RunTime:0.004299s ]
INFO: [ view_parse ] --START--
INFO: [ template_filter ] --START--
INFO: Run Behavior\ContentReplaceBehavior [ RunTime:0.000240s ]
INFO: [ template_filter ] --END-- [ RunTime:0.000673s ]
INFO: Run Behavior\ParseTemplateBehavior [ RunTime:0.036201s ]
INFO: [ view_parse ] --END-- [ RunTime:0.036860s ]
INFO: [ view_filter ] --START--
INFO: Run Behavior\WriteHtmlCacheBehavior [ RunTime:0.003905s ]
INFO: [ view_filter ] --END-- [ RunTime:0.004319s ]
INFO: [ app_end ] --START--
INFO: Run Behavior\ShowPageTraceBehavior [ RunTime:0.003318s ]
INFO: [ app_end ] --END-- [ RunTime:0.003764s ]

[ 2019-09-25T22:36:46+08:00 ] ::1 /xunmi/index.php/Admin/Login/verify
INFO: [ app_init ] --START--
INFO: Run Behavior\BuildLiteBehavior [ RunTime:0.000125s ]
INFO: [ app_init ] --END-- [ RunTime:0.004054s ]
INFO: [ app_begin ] --START--
INFO: Run Behavior\ReadHtmlCacheBehavior [ RunTime:0.005025s ]
INFO: [ app_begin ] --END-- [ RunTime:0.005657s ]
INFO: [ app_end ] --START--
INFO: Run Behavior\ShowPageTraceBehavior [ RunTime:0.003643s ]
INFO: [ app_end ] --END-- [ RunTime:0.004432s ]

[ 2019-09-25T22:40:22+08:00 ] ::1 /xunmi/index.php/Admin/Login/login.html
INFO: [ app_init ] --START--
INFO: Run Behavior\BuildLiteBehavior [ RunTime:0.000190s ]
INFO: [ app_init ] --END-- [ RunTime:0.005554s ]
INFO: [ app_begin ] --START--
INFO: Run Behavior\ReadHtmlCacheBehavior [ RunTime:0.005267s ]
INFO: [ app_begin ] --END-- [ RunTime:0.006198s ]
INFO: [ view_parse ] --START--
INFO: [ template_filter ] --START--
INFO: Run Behavior\ContentReplaceBehavior [ RunTime:0.000237s ]
INFO: [ template_filter ] --END-- [ RunTime:0.000930s ]
INFO: Run Behavior\ParseTemplateBehavior [ RunTime:0.047744s ]
INFO: [ view_parse ] --END-- [ RunTime:0.048220s ]
INFO: [ view_filter ] --START--
INFO: Run Behavior\WriteHtmlCacheBehavior [ RunTime:0.002868s ]
INFO: [ view_filter ] --END-- [ RunTime:0.003262s ]

[ 2019-09-25T22:40:25+08:00 ] ::1 /xunmi/index.php/Admin/Login/login.html
INFO: [ app_init ] --START--
INFO: Run Behavior\BuildLiteBehavior [ RunTime:0.000136s ]
INFO: [ app_init ] --END-- [ RunTime:0.002644s ]
INFO: [ app_begin ] --START--
INFO: Run Behavior\ReadHtmlCacheBehavior [ RunTime:0.004752s ]
INFO: [ app_begin ] --END-- [ RunTime:0.005911s ]
INFO: [ view_parse ] --START--
INFO: [ template_filter ] --START--
INFO: Run Behavior\ContentReplaceBehavior [ RunTime:0.000273s ]
INFO: [ template_filter ] --END-- [ RunTime:0.000752s ]
INFO: Run Behavior\ParseTemplateBehavior [ RunTime:0.034941s ]
INFO: [ view_parse ] --END-- [ RunTime:0.035436s ]
INFO: [ view_filter ] --START--
INFO: Run Behavior\WriteHtmlCacheBehavior [ RunTime:0.002754s ]
INFO: [ view_filter ] --END-- [ RunTime:0.003194s ]
INFO: [ app_end ] --START--
INFO: Run Behavior\ShowPageTraceBehavior [ RunTime:0.006690s ]
INFO: [ app_end ] --END-- [ RunTime:0.007141s ]

[ 2019-09-25T22:40:30+08:00 ] ::1 /xunmi/index.php/Admin/Login/verify/0.8300706943629781
INFO: [ app_init ] --START--
INFO: Run Behavior\BuildLiteBehavior [ RunTime:0.000239s ]
INFO: [ app_init ] --END-- [ RunTime:0.003279s ]
INFO: [ app_begin ] --START--
INFO: Run Behavior\ReadHtmlCacheBehavior [ RunTime:0.004659s ]
INFO: [ app_begin ] --END-- [ RunTime:0.005285s ]
INFO: [ app_end ] --START--
INFO: Run Behavior\ShowPageTraceBehavior [ RunTime:0.004302s ]
INFO: [ app_end ] --END-- [ RunTime:0.004859s ]

[ 2019-09-25T22:40:36+08:00 ] ::1 /xunmi/index.php/Admin/Login/login.html
INFO: [ app_init ] --START--
INFO: Run Behavior\BuildLiteBehavior [ RunTime:0.000163s ]
INFO: [ app_init ] --END-- [ RunTime:0.004678s ]
INFO: [ app_begin ] --START--
INFO: Run Behavior\ReadHtmlCacheBehavior [ RunTime:0.004677s ]
INFO: [ app_begin ] --END-- [ RunTime:0.006343s ]
SQL: SHOW COLUMNS FROM `xm_admin` [ RunTime:0.0632s ]
SQL: SELECT * FROM `xm_admin` WHERE `user_name` = 'admin' AND `user_password` = 'admin' LIMIT 1   [ RunTime:0.0023s ]

[ 2019-09-25T22:40:36+08:00 ] ::1 /xunmi/index.php/Admin/Index/index.html
INFO: [ app_init ] --START--
INFO: Run Behavior\BuildLiteBehavior [ RunTime:0.000096s ]
INFO: [ app_init ] --END-- [ RunTime:0.002354s ]
INFO: [ app_begin ] --START--
INFO: Run Behavior\ReadHtmlCacheBehavior [ RunTime:0.003544s ]
INFO: [ app_begin ] --END-- [ RunTime:0.004078s ]
INFO: [ view_parse ] --START--
INFO: [ template_filter ] --START--
INFO: Run Behavior\ContentReplaceBehavior [ RunTime:0.000631s ]
INFO: [ template_filter ] --END-- [ RunTime:0.002252s ]
INFO: Run Behavior\ParseTemplateBehavior [ RunTime:0.038140s ]
INFO: [ view_parse ] --END-- [ RunTime:0.040009s ]
INFO: [ view_filter ] --START--
INFO: Run Behavior\WriteHtmlCacheBehavior [ RunTime:0.002706s ]
INFO: [ view_filter ] --END-- [ RunTime:0.003306s ]
INFO: [ app_end ] --START--
INFO: Run Behavior\ShowPageTraceBehavior [ RunTime:0.004129s ]
INFO: [ app_end ] --END-- [ RunTime:0.004968s ]

[ 2019-09-25T22:54:34+08:00 ] ::1 /xunmi/index.php/Admin/Index/index.html
INFO: [ app_init ] --START--
INFO: Run Behavior\BuildLiteBehavior [ RunTime:0.000097s ]
INFO: [ app_init ] --END-- [ RunTime:0.002273s ]
INFO: [ app_begin ] --START--
INFO: Run Behavior\ReadHtmlCacheBehavior [ RunTime:0.003782s ]
INFO: [ app_begin ] --END-- [ RunTime:0.004271s ]
INFO: [ view_parse ] --START--
INFO: [ template_filter ] --START--
INFO: Run Behavior\ContentReplaceBehavior [ RunTime:0.000237s ]
INFO: [ template_filter ] --END-- [ RunTime:0.000881s ]
INFO: Run Behavior\ParseTemplateBehavior [ RunTime:0.039900s ]
INFO: [ view_parse ] --END-- [ RunTime:0.040525s ]
INFO: [ view_filter ] --START--
INFO: Run Behavior\WriteHtmlCacheBehavior [ RunTime:0.002790s ]
INFO: [ view_filter ] --END-- [ RunTime:0.003197s ]

[ 2019-09-25T22:54:37+08:00 ] ::1 /xunmi/index.php/Admin/Login/login.html
INFO: [ app_init ] --START--
INFO: Run Behavior\BuildLiteBehavior [ RunTime:0.000106s ]
INFO: [ app_init ] --END-- [ RunTime:0.003166s ]
INFO: [ app_begin ] --START--
INFO: Run Behavior\ReadHtmlCacheBehavior [ RunTime:0.004139s ]
INFO: [ app_begin ] --END-- [ RunTime:0.004846s ]
INFO: [ view_parse ] --START--
INFO: [ template_filter ] --START--
INFO: Run Behavior\ContentReplaceBehavior [ RunTime:0.000242s ]
INFO: [ template_filter ] --END-- [ RunTime:0.000697s ]
INFO: Run Behavior\ParseTemplateBehavior [ RunTime:0.041774s ]
INFO: [ view_parse ] --END-- [ RunTime:0.042273s ]
INFO: [ view_filter ] --START--
INFO: Run Behavior\WriteHtmlCacheBehavior [ RunTime:0.004555s ]
INFO: [ view_filter ] --END-- [ RunTime:0.005243s ]
INFO: [ app_end ] --START--
INFO: Run Behavior\ShowPageTraceBehavior [ RunTime:0.008718s ]
INFO: [ app_end ] --END-- [ RunTime:0.009294s ]

[ 2019-09-25T22:54:38+08:00 ] ::1 /xunmi/index.php/Admin/Login/verify
INFO: [ app_init ] --START--
INFO: Run Behavior\BuildLiteBehavior [ RunTime:0.000102s ]
INFO: [ app_init ] --END-- [ RunTime:0.002845s ]
INFO: [ app_begin ] --START--
INFO: Run Behavior\ReadHtmlCacheBehavior [ RunTime:0.004149s ]
INFO: [ app_begin ] --END-- [ RunTime:0.004738s ]
INFO: [ app_end ] --START--
INFO: Run Behavior\ShowPageTraceBehavior [ RunTime:0.009491s ]
INFO: [ app_end ] --END-- [ RunTime:0.010005s ]

[ 2019-09-25T23:07:49+08:00 ] ::1 /xunmi/index.php/Admin/Login/login.html
INFO: [ app_init ] --START--
INFO: Run Behavior\BuildLiteBehavior [ RunTime:0.000156s ]
INFO: [ app_init ] --END-- [ RunTime:0.004834s ]
INFO: [ app_begin ] --START--
INFO: Run Behavior\ReadHtmlCacheBehavior [ RunTime:0.005945s ]
INFO: [ app_begin ] --END-- [ RunTime:0.006478s ]
SQL: SHOW COLUMNS FROM `xm_admin` [ RunTime:0.0673s ]
SQL: SELECT * FROM `xm_admin` WHERE `user_name` = 'admin' AND `user_password` = 'admin' LIMIT 1   [ RunTime:0.0013s ]

[ 2019-09-25T23:07:49+08:00 ] ::1 /xunmi/index.php/Admin/Index/index.html
INFO: [ app_init ] --START--
INFO: Run Behavior\BuildLiteBehavior [ RunTime:0.000089s ]
INFO: [ app_init ] --END-- [ RunTime:0.002281s ]
INFO: [ app_begin ] --START--
INFO: Run Behavior\ReadHtmlCacheBehavior [ RunTime:0.004218s ]
INFO: [ app_begin ] --END-- [ RunTime:0.004965s ]
INFO: [ view_parse ] --START--
INFO: [ template_filter ] --START--
INFO: Run Behavior\ContentReplaceBehavior [ RunTime:0.000591s ]
INFO: [ template_filter ] --END-- [ RunTime:0.001418s ]
NOTIC: [8] Undefined index: user_id D:\wamp\wamp\www\xunmi\Application\Runtime\Cache\Admin\b595b808c2ebeeeb0478ffc30bb4e87a.php  21 .
INFO: Run Behavior\ParseTemplateBehavior [ RunTime:0.220984s ]
INFO: [ view_parse ] --END-- [ RunTime:0.221454s ]
INFO: [ view_filter ] --START--
INFO: Run Behavior\WriteHtmlCacheBehavior [ RunTime:0.005016s ]
INFO: [ view_filter ] --END-- [ RunTime:0.005611s ]
INFO: [ app_end ] --START--
INFO: Run Behavior\ShowPageTraceBehavior [ RunTime:0.003510s ]
INFO: [ app_end ] --END-- [ RunTime:0.003971s ]

