[ 2019-09-26T12:37:23+08:00 ] ::1 /xunmi/index.php/Admin/Index/index
INFO: [ app_init ] --START--
INFO: Run Behavior\BuildLiteBehavior [ RunTime:0.000090s ]
INFO: [ app_init ] --END-- [ RunTime:0.002368s ]
INFO: [ app_begin ] --START--
INFO: Run Behavior\ReadHtmlCacheBehavior [ RunTime:0.003235s ]
INFO: [ app_begin ] --END-- [ RunTime:0.003671s ]
INFO: [ view_parse ] --START--
INFO: [ template_filter ] --START--
INFO: Run Behavior\ContentReplaceBehavior [ RunTime:0.001081s ]
INFO: [ template_filter ] --END-- [ RunTime:0.005455s ]
INFO: Run Behavior\ParseTemplateBehavior [ RunTime:0.773251s ]
INFO: [ view_parse ] --END-- [ RunTime:0.773907s ]
INFO: [ view_filter ] --START--
INFO: Run Behavior\WriteHtmlCacheBehavior [ RunTime:0.004852s ]
INFO: [ view_filter ] --END-- [ RunTime:0.006031s ]

[ 2019-09-26T12:37:27+08:00 ] ::1 /xunmi/index.php/Admin/Login/login.html
INFO: [ app_init ] --START--
INFO: Run Behavior\BuildLiteBehavior [ RunTime:0.000091s ]
INFO: [ app_init ] --END-- [ RunTime:0.015187s ]
INFO: [ app_begin ] --START--
INFO: Run Behavior\ReadHtmlCacheBehavior [ RunTime:0.003100s ]
INFO: [ app_begin ] --END-- [ RunTime:0.003548s ]
INFO: [ view_parse ] --START--
INFO: [ template_filter ] --START--
INFO: Run Behavior\ContentReplaceBehavior [ RunTime:0.000615s ]
INFO: [ template_filter ] --END-- [ RunTime:0.002013s ]
INFO: Run Behavior\ParseTemplateBehavior [ RunTime:0.188238s ]
INFO: [ view_parse ] --END-- [ RunTime:0.188707s ]
INFO: [ view_filter ] --START--
INFO: Run Behavior\WriteHtmlCacheBehavior [ RunTime:0.003756s ]
INFO: [ view_filter ] --END-- [ RunTime:0.004332s ]
INFO: [ app_end ] --START--
INFO: Run Behavior\ShowPageTraceBehavior [ RunTime:0.003242s ]
INFO: [ app_end ] --END-- [ RunTime:0.003801s ]

[ 2019-09-26T12:37:28+08:00 ] ::1 /xunmi/index.php/Admin/Login/verify
INFO: [ app_init ] --START--
INFO: Run Behavior\BuildLiteBehavior [ RunTime:0.000148s ]
INFO: [ app_init ] --END-- [ RunTime:0.004357s ]
INFO: [ app_begin ] --START--
INFO: Run Behavior\ReadHtmlCacheBehavior [ RunTime:0.005637s ]
INFO: [ app_begin ] --END-- [ RunTime:0.006248s ]
INFO: [ app_end ] --START--
INFO: Run Behavior\ShowPageTraceBehavior [ RunTime:0.003347s ]
INFO: [ app_end ] --END-- [ RunTime:0.003961s ]

[ 2019-09-26T12:37:39+08:00 ] ::1 /xunmi/index.php/Admin/Login/login.html
INFO: [ app_init ] --START--
INFO: Run Behavior\BuildLiteBehavior [ RunTime:0.000090s ]
INFO: [ app_init ] --END-- [ RunTime:0.015382s ]
INFO: [ app_begin ] --START--
INFO: Run Behavior\ReadHtmlCacheBehavior [ RunTime:0.003720s ]
INFO: [ app_begin ] --END-- [ RunTime:0.004451s ]
SQL: SHOW COLUMNS FROM `xm_admin` [ RunTime:0.0954s ]
SQL: SELECT * FROM `xm_admin` WHERE `user_name` = 'admin' AND `user_password` = 'admin' LIMIT 1   [ RunTime:0.0016s ]

[ 2019-09-26T12:37:40+08:00 ] ::1 /xunmi/index.php/Admin/Index/index.html
INFO: [ app_init ] --START--
INFO: Run Behavior\BuildLiteBehavior [ RunTime:0.000234s ]
INFO: [ app_init ] --END-- [ RunTime:0.002819s ]
INFO: [ app_begin ] --START--
INFO: Run Behavior\ReadHtmlCacheBehavior [ RunTime:0.003235s ]
INFO: [ app_begin ] --END-- [ RunTime:0.003710s ]
INFO: [ view_parse ] --START--
INFO: [ template_filter ] --START--
INFO: Run Behavior\ContentReplaceBehavior [ RunTime:0.000285s ]
INFO: [ template_filter ] --END-- [ RunTime:0.000810s ]
NOTIC: [8] Undefined index: user_id D:\wamp\wamp\www\xunmi\Application\Runtime\Cache\Admin\b595b808c2ebeeeb0478ffc30bb4e87a.php 第 21 行.
INFO: Run Behavior\ParseTemplateBehavior [ RunTime:0.202816s ]
INFO: [ view_parse ] --END-- [ RunTime:0.204194s ]
INFO: [ view_filter ] --START--
INFO: Run Behavior\WriteHtmlCacheBehavior [ RunTime:0.002773s ]
INFO: [ view_filter ] --END-- [ RunTime:0.003216s ]
INFO: [ app_end ] --START--
INFO: Run Behavior\ShowPageTraceBehavior [ RunTime:0.003046s ]
INFO: [ app_end ] --END-- [ RunTime:0.003494s ]

[ 2019-09-26T12:37:52+08:00 ] ::1 /xunmi/index.php/Admin/Hot/lst
INFO: [ app_init ] --START--
INFO: Run Behavior\BuildLiteBehavior [ RunTime:0.000152s ]
INFO: [ app_init ] --END-- [ RunTime:0.017191s ]
INFO: [ app_begin ] --START--
INFO: Run Behavior\ReadHtmlCacheBehavior [ RunTime:0.005191s ]
INFO: [ app_begin ] --END-- [ RunTime:0.005785s ]
SQL: SHOW COLUMNS FROM `xm_hot` [ RunTime:0.0577s ]
SQL: SELECT * FROM `xm_hot`  [ RunTime:0.0413s ]
INFO: [ view_parse ] --START--
INFO: [ template_filter ] --START--
INFO: Run Behavior\ContentReplaceBehavior [ RunTime:0.000341s ]
INFO: [ template_filter ] --END-- [ RunTime:0.000792s ]
NOTIC: [8] Undefined index: user_id D:\wamp\wamp\www\xunmi\Application\Runtime\Cache\Admin\0137c6487e18532e2898fabd4452b240.php 第 21 行.
INFO: Run Behavior\ParseTemplateBehavior [ RunTime:0.223159s ]
INFO: [ view_parse ] --END-- [ RunTime:0.223694s ]
INFO: [ view_filter ] --START--
INFO: Run Behavior\WriteHtmlCacheBehavior [ RunTime:0.003088s ]
INFO: [ view_filter ] --END-- [ RunTime:0.003472s ]
INFO: [ app_end ] --START--
INFO: Run Behavior\ShowPageTraceBehavior [ RunTime:0.009602s ]
INFO: [ app_end ] --END-- [ RunTime:0.010722s ]

[ 2019-09-26T12:37:59+08:00 ] ::1 /xunmi/index.php/Admin/Hot/add
INFO: [ app_init ] --START--
INFO: Run Behavior\BuildLiteBehavior [ RunTime:0.000098s ]
INFO: [ app_init ] --END-- [ RunTime:0.015912s ]
INFO: [ app_begin ] --START--
INFO: Run Behavior\ReadHtmlCacheBehavior [ RunTime:0.002991s ]
INFO: [ app_begin ] --END-- [ RunTime:0.003458s ]
SQL: SHOW COLUMNS FROM `xm_hot` [ RunTime:0.0591s ]
INFO: [ view_parse ] --START--
INFO: [ template_filter ] --START--
INFO: Run Behavior\ContentReplaceBehavior [ RunTime:0.000388s ]
INFO: [ template_filter ] --END-- [ RunTime:0.001026s ]
NOTIC: [8] Undefined index: user_id D:\wamp\wamp\www\xunmi\Application\Runtime\Cache\Admin\b9133a1a32e5664a66228ceb35fb5954.php 第 21 行.
INFO: Run Behavior\ParseTemplateBehavior [ RunTime:0.218875s ]
INFO: [ view_parse ] --END-- [ RunTime:0.219443s ]
INFO: [ view_filter ] --START--
INFO: Run Behavior\WriteHtmlCacheBehavior [ RunTime:0.004269s ]
INFO: [ view_filter ] --END-- [ RunTime:0.004757s ]
INFO: [ app_end ] --START--
INFO: Run Behavior\ShowPageTraceBehavior [ RunTime:0.003521s ]
INFO: [ app_end ] --END-- [ RunTime:0.003937s ]

[ 2019-09-26T12:38:10+08:00 ] ::1 /xunmi/index.php/Admin/Hot/add
INFO: [ app_init ] --START--
INFO: Run Behavior\BuildLiteBehavior [ RunTime:0.000162s ]
INFO: [ app_init ] --END-- [ RunTime:0.015013s ]
INFO: [ app_begin ] --START--
INFO: Run Behavior\ReadHtmlCacheBehavior [ RunTime:0.003642s ]
INFO: [ app_begin ] --END-- [ RunTime:0.004366s ]
SQL: SHOW COLUMNS FROM `xm_hot` [ RunTime:0.0598s ]
NOTIC: [8] Undefined index: validate D:\wamp\wamp\www\xunmi\ThinkPHP\Library\Think\Model.class.php 第 1185 行.
NOTIC: [8] Undefined index: auto D:\wamp\wamp\www\xunmi\ThinkPHP\Library\Think\Model.class.php 第 1128 行.
SQL: INSERT INTO `xm_hot` (`h_title`,`h_author`,`h_content`,`h_fabu`) VALUES ('1','2','&lt;p&gt;fdsgsg&lt;/p&gt;','节日习俗') [ RunTime:0.1273s ]
NOTIC: [8] Use of undefined constant lst - assumed 'lst' D:\wamp\wamp\www\xunmi\Application\Admin\Controller\HotController.class.php 第 56 行.
INFO: [ view_parse ] --START--
INFO: [ template_filter ] --START--
INFO: Run Behavior\ContentReplaceBehavior [ RunTime:0.000221s ]
INFO: [ template_filter ] --END-- [ RunTime:0.000662s ]
INFO: Run Behavior\ParseTemplateBehavior [ RunTime:0.053452s ]
INFO: [ view_parse ] --END-- [ RunTime:0.054015s ]
INFO: [ view_filter ] --START--
INFO: Run Behavior\WriteHtmlCacheBehavior [ RunTime:0.002555s ]
INFO: [ view_filter ] --END-- [ RunTime:0.002948s ]
INFO: [ app_end ] --START--
INFO: Run Behavior\ShowPageTraceBehavior [ RunTime:0.004182s ]
INFO: [ app_end ] --END-- [ RunTime:0.004718s ]

[ 2019-09-26T12:38:12+08:00 ] ::1 /xunmi/index.php/Admin/Hot/lst.html
INFO: [ app_init ] --START--
INFO: Run Behavior\BuildLiteBehavior [ RunTime:0.000129s ]
INFO: [ app_init ] --END-- [ RunTime:0.003663s ]
INFO: [ app_begin ] --START--
INFO: Run Behavior\ReadHtmlCacheBehavior [ RunTime:0.005551s ]
INFO: [ app_begin ] --END-- [ RunTime:0.006368s ]
SQL: SHOW COLUMNS FROM `xm_hot` [ RunTime:0.1160s ]
SQL: SELECT * FROM `xm_hot`  [ RunTime:0.0041s ]
INFO: [ view_parse ] --START--
INFO: [ template_filter ] --START--
INFO: Run Behavior\ContentReplaceBehavior [ RunTime:0.000622s ]
INFO: [ template_filter ] --END-- [ RunTime:0.001222s ]
NOTIC: [8] Undefined index: user_id D:\wamp\wamp\www\xunmi\Application\Runtime\Cache\Admin\0137c6487e18532e2898fabd4452b240.php 第 21 行.
INFO: Run Behavior\ParseTemplateBehavior [ RunTime:0.063357s ]
INFO: [ view_parse ] --END-- [ RunTime:0.063832s ]
INFO: [ view_filter ] --START--
INFO: Run Behavior\WriteHtmlCacheBehavior [ RunTime:0.003157s ]
INFO: [ view_filter ] --END-- [ RunTime:0.003816s ]
INFO: [ app_end ] --START--
INFO: Run Behavior\ShowPageTraceBehavior [ RunTime:0.004932s ]
INFO: [ app_end ] --END-- [ RunTime:0.005640s ]

[ 2019-09-26T12:38:38+08:00 ] ::1 /xunmi/index.php/Admin/Hot/del/id/15
INFO: [ app_init ] --START--
INFO: Run Behavior\BuildLiteBehavior [ RunTime:0.000181s ]
INFO: [ app_init ] --END-- [ RunTime:0.004375s ]
INFO: [ app_begin ] --START--
INFO: Run Behavior\ReadHtmlCacheBehavior [ RunTime:0.006029s ]
INFO: [ app_begin ] --END-- [ RunTime:0.006661s ]
SQL: SHOW COLUMNS FROM `xm_hot` [ RunTime:0.0837s ]
SQL: DELETE FROM `xm_hot` WHERE `h_id` = 15 [ RunTime:0.1904s ]
NOTIC: [8] Use of undefined constant lst - assumed 'lst' D:\wamp\wamp\www\xunmi\Application\Admin\Controller\HotController.class.php 第 132 行.
INFO: [ view_parse ] --START--
INFO: [ template_filter ] --START--
INFO: Run Behavior\ContentReplaceBehavior [ RunTime:0.000333s ]
INFO: [ template_filter ] --END-- [ RunTime:0.000853s ]
INFO: Run Behavior\ParseTemplateBehavior [ RunTime:0.031945s ]
INFO: [ view_parse ] --END-- [ RunTime:0.032496s ]
INFO: [ view_filter ] --START--
INFO: Run Behavior\WriteHtmlCacheBehavior [ RunTime:0.002334s ]
INFO: [ view_filter ] --END-- [ RunTime:0.002871s ]
INFO: [ app_end ] --START--
INFO: Run Behavior\ShowPageTraceBehavior [ RunTime:0.002915s ]
INFO: [ app_end ] --END-- [ RunTime:0.003307s ]

[ 2019-09-26T12:38:39+08:00 ] ::1 /xunmi/index.php/Admin/Hot/lst.html
INFO: [ app_init ] --START--
INFO: Run Behavior\BuildLiteBehavior [ RunTime:0.000088s ]
INFO: [ app_init ] --END-- [ RunTime:0.003566s ]
INFO: [ app_begin ] --START--
INFO: Run Behavior\ReadHtmlCacheBehavior [ RunTime:0.005354s ]
INFO: [ app_begin ] --END-- [ RunTime:0.005811s ]
SQL: SHOW COLUMNS FROM `xm_hot` [ RunTime:0.0678s ]
SQL: SELECT * FROM `xm_hot`  [ RunTime:0.0023s ]
INFO: [ view_parse ] --START--
INFO: [ template_filter ] --START--
INFO: Run Behavior\ContentReplaceBehavior [ RunTime:0.000317s ]
INFO: [ template_filter ] --END-- [ RunTime:0.000735s ]
NOTIC: [8] Undefined index: user_id D:\wamp\wamp\www\xunmi\Application\Runtime\Cache\Admin\0137c6487e18532e2898fabd4452b240.php 第 21 行.
INFO: Run Behavior\ParseTemplateBehavior [ RunTime:0.059395s ]
INFO: [ view_parse ] --END-- [ RunTime:0.059964s ]
INFO: [ view_filter ] --START--
INFO: Run Behavior\WriteHtmlCacheBehavior [ RunTime:0.002854s ]
INFO: [ view_filter ] --END-- [ RunTime:0.003360s ]
INFO: [ app_end ] --START--
INFO: Run Behavior\ShowPageTraceBehavior [ RunTime:0.005442s ]
INFO: [ app_end ] --END-- [ RunTime:0.006061s ]

[ 2019-09-26T12:38:54+08:00 ] ::1 /xunmi/index.php/Admin/Login/edit/id/
INFO: [ app_init ] --START--
INFO: Run Behavior\BuildLiteBehavior [ RunTime:0.000088s ]
INFO: [ app_init ] --END-- [ RunTime:0.002187s ]
INFO: [ app_begin ] --START--
INFO: Run Behavior\ReadHtmlCacheBehavior [ RunTime:0.004463s ]
INFO: [ app_begin ] --END-- [ RunTime:0.005203s ]
SQL: SHOW COLUMNS FROM `xm_admin` [ RunTime:0.0480s ]
SQL: SELECT * FROM `xm_admin` WHERE `admin_id` = 0 LIMIT 1   [ RunTime:0.0011s ]
INFO: [ view_parse ] --START--
INFO: [ template_filter ] --START--
INFO: Run Behavior\ContentReplaceBehavior [ RunTime:0.000274s ]
INFO: [ template_filter ] --END-- [ RunTime:0.000674s ]
NOTIC: [8] Undefined index: user_id D:\wamp\wamp\www\xunmi\Application\Runtime\Cache\Admin\a39ef305f93fe8768c54589d390aeee8.php 第 21 行.
INFO: Run Behavior\ParseTemplateBehavior [ RunTime:0.102590s ]
INFO: [ view_parse ] --END-- [ RunTime:0.103025s ]
INFO: [ view_filter ] --START--
INFO: Run Behavior\WriteHtmlCacheBehavior [ RunTime:0.003310s ]
INFO: [ view_filter ] --END-- [ RunTime:0.004708s ]
INFO: [ app_end ] --START--
INFO: Run Behavior\ShowPageTraceBehavior [ RunTime:0.003415s ]
INFO: [ app_end ] --END-- [ RunTime:0.003940s ]

[ 2019-09-26T12:39:05+08:00 ] ::1 /xunmi/index.php/Admin/Login/edit/id/
INFO: [ app_init ] --START--
INFO: Run Behavior\BuildLiteBehavior [ RunTime:0.000087s ]
INFO: [ app_init ] --END-- [ RunTime:0.002132s ]
INFO: [ app_begin ] --START--
INFO: Run Behavior\ReadHtmlCacheBehavior [ RunTime:0.004068s ]
INFO: [ app_begin ] --END-- [ RunTime:0.004589s ]
SQL: SHOW COLUMNS FROM `xm_admin` [ RunTime:0.0771s ]
SQL: SELECT * FROM `xm_admin` WHERE `admin_id` = 0 LIMIT 1   [ RunTime:0.0011s ]
INFO: [ view_parse ] --START--
INFO: [ template_filter ] --START--
INFO: Run Behavior\ContentReplaceBehavior [ RunTime:0.000284s ]
INFO: [ template_filter ] --END-- [ RunTime:0.000753s ]
NOTIC: [8] Undefined index: user_id D:\wamp\wamp\www\xunmi\Application\Runtime\Cache\Admin\a39ef305f93fe8768c54589d390aeee8.php 第 21 行.
INFO: Run Behavior\ParseTemplateBehavior [ RunTime:0.083261s ]
INFO: [ view_parse ] --END-- [ RunTime:0.083756s ]
INFO: [ view_filter ] --START--
INFO: Run Behavior\WriteHtmlCacheBehavior [ RunTime:0.002364s ]
INFO: [ view_filter ] --END-- [ RunTime:0.002750s ]
INFO: [ app_end ] --START--
INFO: Run Behavior\ShowPageTraceBehavior [ RunTime:0.002977s ]
INFO: [ app_end ] --END-- [ RunTime:0.003677s ]

[ 2019-09-26T12:39:14+08:00 ] ::1 /xunmi/index.php/Admin/Login/edit/id/
INFO: [ app_init ] --START--
INFO: Run Behavior\BuildLiteBehavior [ RunTime:0.000103s ]
INFO: [ app_init ] --END-- [ RunTime:0.003501s ]
INFO: [ app_begin ] --START--
INFO: Run Behavior\ReadHtmlCacheBehavior [ RunTime:0.002835s ]
INFO: [ app_begin ] --END-- [ RunTime:0.003261s ]
SQL: SHOW COLUMNS FROM `xm_admin` [ RunTime:0.0516s ]
SQL: SELECT * FROM `xm_admin` WHERE `admin_id` = 0 LIMIT 1   [ RunTime:0.0010s ]
INFO: [ view_parse ] --START--
INFO: [ template_filter ] --START--
INFO: Run Behavior\ContentReplaceBehavior [ RunTime:0.000300s ]
INFO: [ template_filter ] --END-- [ RunTime:0.000730s ]
NOTIC: [8] Undefined index: user_id D:\wamp\wamp\www\xunmi\Application\Runtime\Cache\Admin\a39ef305f93fe8768c54589d390aeee8.php 第 21 行.
INFO: Run Behavior\ParseTemplateBehavior [ RunTime:0.081855s ]
INFO: [ view_parse ] --END-- [ RunTime:0.082272s ]
INFO: [ view_filter ] --START--
INFO: Run Behavior\WriteHtmlCacheBehavior [ RunTime:0.002596s ]
INFO: [ view_filter ] --END-- [ RunTime:0.003130s ]
INFO: [ app_end ] --START--
INFO: Run Behavior\ShowPageTraceBehavior [ RunTime:0.004473s ]
INFO: [ app_end ] --END-- [ RunTime:0.004928s ]

[ 2019-09-26T12:39:23+08:00 ] ::1 /xunmi/index.php/Admin/Login/edit/id/
INFO: [ app_init ] --START--
INFO: Run Behavior\BuildLiteBehavior [ RunTime:0.000095s ]
INFO: [ app_init ] --END-- [ RunTime:0.002914s ]
INFO: [ app_begin ] --START--
INFO: Run Behavior\ReadHtmlCacheBehavior [ RunTime:0.002835s ]
INFO: [ app_begin ] --END-- [ RunTime:0.003256s ]
SQL: SHOW COLUMNS FROM `xm_admin` [ RunTime:0.0861s ]
SQL: SELECT * FROM `xm_admin` WHERE `admin_id` = 0 LIMIT 1   [ RunTime:0.0015s ]
INFO: [ view_parse ] --START--
INFO: [ template_filter ] --START--
INFO: Run Behavior\ContentReplaceBehavior [ RunTime:0.000306s ]
INFO: [ template_filter ] --END-- [ RunTime:0.000744s ]
NOTIC: [8] Undefined index: user_id D:\wamp\wamp\www\xunmi\Application\Runtime\Cache\Admin\a39ef305f93fe8768c54589d390aeee8.php 第 21 行.
INFO: Run Behavior\ParseTemplateBehavior [ RunTime:0.041253s ]
INFO: [ view_parse ] --END-- [ RunTime:0.041761s ]
INFO: [ view_filter ] --START--
INFO: Run Behavior\WriteHtmlCacheBehavior [ RunTime:0.002403s ]
INFO: [ view_filter ] --END-- [ RunTime:0.002903s ]
INFO: [ app_end ] --START--
INFO: Run Behavior\ShowPageTraceBehavior [ RunTime:0.003918s ]
INFO: [ app_end ] --END-- [ RunTime:0.004398s ]

[ 2019-09-26T12:40:05+08:00 ] ::1 /xunmi/index.php/Admin/Login/edit/id/
INFO: [ app_init ] --START--
INFO: Run Behavior\BuildLiteBehavior [ RunTime:0.000100s ]
INFO: [ app_init ] --END-- [ RunTime:0.003007s ]
INFO: [ app_begin ] --START--
INFO: Run Behavior\ReadHtmlCacheBehavior [ RunTime:0.003956s ]
INFO: [ app_begin ] --END-- [ RunTime:0.004595s ]
SQL: SHOW COLUMNS FROM `xm_admin` [ RunTime:0.0550s ]
SQL: SHOW COLUMNS FROM `xm_admin` [ RunTime:0.0300s ]
SQL: SELECT * FROM `xm_admin` WHERE `user_name` = '' LIMIT 1   [ RunTime:0.0011s ]
INFO: [ view_parse ] --START--
INFO: [ template_filter ] --START--
INFO: Run Behavior\ContentReplaceBehavior [ RunTime:0.000433s ]
INFO: [ template_filter ] --END-- [ RunTime:0.001166s ]
INFO: Run Behavior\ParseTemplateBehavior [ RunTime:0.109270s ]
INFO: [ view_parse ] --END-- [ RunTime:0.109773s ]
INFO: [ view_filter ] --START--
INFO: Run Behavior\WriteHtmlCacheBehavior [ RunTime:0.002549s ]
INFO: [ view_filter ] --END-- [ RunTime:0.002960s ]

[ 2019-09-26T12:40:09+08:00 ] ::1 /xunmi/index.php/Admin/Login/edit/id/
INFO: [ app_init ] --START--
INFO: Run Behavior\BuildLiteBehavior [ RunTime:0.000142s ]
INFO: [ app_init ] --END-- [ RunTime:0.005027s ]
INFO: [ app_begin ] --START--
INFO: Run Behavior\ReadHtmlCacheBehavior [ RunTime:0.005691s ]
INFO: [ app_begin ] --END-- [ RunTime:0.007494s ]
SQL: SHOW COLUMNS FROM `xm_admin` [ RunTime:0.0547s ]
SQL: SELECT * FROM `xm_admin` WHERE `admin_id` = 0 LIMIT 1   [ RunTime:0.0011s ]
INFO: [ view_parse ] --START--
INFO: [ template_filter ] --START--
INFO: Run Behavior\ContentReplaceBehavior [ RunTime:0.000295s ]
INFO: [ template_filter ] --END-- [ RunTime:0.000756s ]
NOTIC: [8] Undefined index: user_id D:\wamp\wamp\www\xunmi\Application\Runtime\Cache\Admin\a39ef305f93fe8768c54589d390aeee8.php 第 21 行.
INFO: Run Behavior\ParseTemplateBehavior [ RunTime:0.068360s ]
INFO: [ view_parse ] --END-- [ RunTime:0.068804s ]
INFO: [ view_filter ] --START--
INFO: Run Behavior\WriteHtmlCacheBehavior [ RunTime:0.003801s ]
INFO: [ view_filter ] --END-- [ RunTime:0.004286s ]
INFO: [ app_end ] --START--
INFO: Run Behavior\ShowPageTraceBehavior [ RunTime:0.004631s ]
INFO: [ app_end ] --END-- [ RunTime:0.005230s ]

[ 2019-09-26T12:41:16+08:00 ] ::1 /xunmi/index.php/Admin/Login/edit/id/
INFO: [ app_init ] --START--
INFO: Run Behavior\BuildLiteBehavior [ RunTime:0.000089s ]
INFO: [ app_init ] --END-- [ RunTime:0.002161s ]
INFO: [ app_begin ] --START--
INFO: Run Behavior\ReadHtmlCacheBehavior [ RunTime:0.002944s ]
INFO: [ app_begin ] --END-- [ RunTime:0.003411s ]
SQL: SHOW COLUMNS FROM `xm_admin` [ RunTime:0.1093s ]
SQL: SELECT * FROM `xm_admin` WHERE `admin_id` = 0 LIMIT 1   [ RunTime:0.0017s ]
INFO: [ view_parse ] --START--
INFO: [ template_filter ] --START--
INFO: Run Behavior\ContentReplaceBehavior [ RunTime:0.000374s ]
INFO: [ template_filter ] --END-- [ RunTime:0.000886s ]
NOTIC: [8] Undefined index: user_id D:\wamp\wamp\www\xunmi\Application\Runtime\Cache\Admin\a39ef305f93fe8768c54589d390aeee8.php 第 21 行.
INFO: Run Behavior\ParseTemplateBehavior [ RunTime:0.041812s ]
INFO: [ view_parse ] --END-- [ RunTime:0.042381s ]
INFO: [ view_filter ] --START--
INFO: Run Behavior\WriteHtmlCacheBehavior [ RunTime:0.002784s ]
INFO: [ view_filter ] --END-- [ RunTime:0.003192s ]
INFO: [ app_end ] --START--
INFO: Run Behavior\ShowPageTraceBehavior [ RunTime:0.002979s ]
INFO: [ app_end ] --END-- [ RunTime:0.003367s ]

[ 2019-09-26T12:41:23+08:00 ] ::1 /xunmi/index.php/Admin/Login/edit/id/
INFO: [ app_init ] --START--
INFO: Run Behavior\BuildLiteBehavior [ RunTime:0.000091s ]
INFO: [ app_init ] --END-- [ RunTime:0.003337s ]
INFO: [ app_begin ] --START--
INFO: Run Behavior\ReadHtmlCacheBehavior [ RunTime:0.004504s ]
INFO: [ app_begin ] --END-- [ RunTime:0.005671s ]
SQL: SHOW COLUMNS FROM `xm_admin` [ RunTime:0.0664s ]
SQL: SHOW COLUMNS FROM `xm_admin` [ RunTime:0.0274s ]
SQL: SELECT * FROM `xm_admin` WHERE `user_name` = '' LIMIT 1   [ RunTime:0.0015s ]
INFO: [ view_parse ] --START--
INFO: [ template_filter ] --START--
INFO: Run Behavior\ContentReplaceBehavior [ RunTime:0.000209s ]
INFO: [ template_filter ] --END-- [ RunTime:0.000660s ]
INFO: Run Behavior\ParseTemplateBehavior [ RunTime:0.092105s ]
INFO: [ view_parse ] --END-- [ RunTime:0.092612s ]
INFO: [ view_filter ] --START--
INFO: Run Behavior\WriteHtmlCacheBehavior [ RunTime:0.002537s ]
INFO: [ view_filter ] --END-- [ RunTime:0.002988s ]

[ 2019-09-26T12:41:27+08:00 ] ::1 /xunmi/index.php/Admin/Login/edit/id/
INFO: [ app_init ] --START--
INFO: Run Behavior\BuildLiteBehavior [ RunTime:0.000086s ]
INFO: [ app_init ] --END-- [ RunTime:0.002142s ]
INFO: [ app_begin ] --START--
INFO: Run Behavior\ReadHtmlCacheBehavior [ RunTime:0.003143s ]
INFO: [ app_begin ] --END-- [ RunTime:0.003619s ]
SQL: SHOW COLUMNS FROM `xm_admin` [ RunTime:0.0515s ]
SQL: SELECT * FROM `xm_admin` WHERE `admin_id` = 0 LIMIT 1   [ RunTime:0.0015s ]
INFO: [ view_parse ] --START--
INFO: [ template_filter ] --START--
INFO: Run Behavior\ContentReplaceBehavior [ RunTime:0.000522s ]
INFO: [ template_filter ] --END-- [ RunTime:0.001318s ]
NOTIC: [8] Undefined index: user_id D:\wamp\wamp\www\xunmi\Application\Runtime\Cache\Admin\a39ef305f93fe8768c54589d390aeee8.php 第 21 行.
INFO: Run Behavior\ParseTemplateBehavior [ RunTime:0.067816s ]
INFO: [ view_parse ] --END-- [ RunTime:0.068420s ]
INFO: [ view_filter ] --START--
INFO: Run Behavior\WriteHtmlCacheBehavior [ RunTime:0.003295s ]
INFO: [ view_filter ] --END-- [ RunTime:0.003864s ]
INFO: [ app_end ] --START--
INFO: Run Behavior\ShowPageTraceBehavior [ RunTime:0.003806s ]
INFO: [ app_end ] --END-- [ RunTime:0.004322s ]

[ 2019-09-26T12:47:12+08:00 ] ::1 /xunmi/index.php/Admin/Login/edit/id/
INFO: [ app_init ] --START--
INFO: Run Behavior\BuildLiteBehavior [ RunTime:0.000091s ]
INFO: [ app_init ] --END-- [ RunTime:0.002218s ]
INFO: [ app_begin ] --START--
INFO: Run Behavior\ReadHtmlCacheBehavior [ RunTime:0.003222s ]
INFO: [ app_begin ] --END-- [ RunTime:0.003698s ]
SQL: SHOW COLUMNS FROM `xm_admin` [ RunTime:0.1288s ]
SQL: SELECT * FROM `xm_admin` WHERE `admin_id` = 0 LIMIT 1   [ RunTime:0.0016s ]
INFO: [ view_parse ] --START--
INFO: [ template_filter ] --START--
INFO: Run Behavior\ContentReplaceBehavior [ RunTime:0.000321s ]
INFO: [ template_filter ] --END-- [ RunTime:0.000750s ]
NOTIC: [8] Undefined index: user_id D:\wamp\wamp\www\xunmi\Application\Runtime\Cache\Admin\a39ef305f93fe8768c54589d390aeee8.php 第 21 行.
INFO: Run Behavior\ParseTemplateBehavior [ RunTime:0.056413s ]
INFO: [ view_parse ] --END-- [ RunTime:0.056958s ]
INFO: [ view_filter ] --START--
INFO: Run Behavior\WriteHtmlCacheBehavior [ RunTime:0.003234s ]
INFO: [ view_filter ] --END-- [ RunTime:0.003661s ]
INFO: [ app_end ] --START--
INFO: Run Behavior\ShowPageTraceBehavior [ RunTime:0.003228s ]
INFO: [ app_end ] --END-- [ RunTime:0.003658s ]

[ 2019-09-26T12:47:18+08:00 ] ::1 /xunmi/index.php/Admin/Login/edit/id/
INFO: [ app_init ] --START--
INFO: Run Behavior\BuildLiteBehavior [ RunTime:0.000090s ]
INFO: [ app_init ] --END-- [ RunTime:0.002388s ]
INFO: [ app_begin ] --START--
INFO: Run Behavior\ReadHtmlCacheBehavior [ RunTime:0.007514s ]
INFO: [ app_begin ] --END-- [ RunTime:0.008584s ]
SQL: SHOW COLUMNS FROM `xm_admin` [ RunTime:0.0689s ]
SQL: SHOW COLUMNS FROM `xm_admin` [ RunTime:0.0295s ]
SQL: SELECT * FROM `xm_admin` WHERE `user_name` = '' LIMIT 1   [ RunTime:0.0011s ]
INFO: [ view_parse ] --START--
INFO: [ template_filter ] --START--
INFO: Run Behavior\ContentReplaceBehavior [ RunTime:0.000256s ]
INFO: [ template_filter ] --END-- [ RunTime:0.000747s ]
INFO: Run Behavior\ParseTemplateBehavior [ RunTime:0.103068s ]
INFO: [ view_parse ] --END-- [ RunTime:0.103629s ]
INFO: [ view_filter ] --START--
INFO: Run Behavior\WriteHtmlCacheBehavior [ RunTime:0.003239s ]
INFO: [ view_filter ] --END-- [ RunTime:0.003657s ]

[ 2019-09-26T12:47:22+08:00 ] ::1 /xunmi/index.php/Admin/Login/edit/id/
INFO: [ app_init ] --START--
INFO: Run Behavior\BuildLiteBehavior [ RunTime:0.000182s ]
INFO: [ app_init ] --END-- [ RunTime:0.002450s ]
INFO: [ app_begin ] --START--
INFO: Run Behavior\ReadHtmlCacheBehavior [ RunTime:0.004547s ]
INFO: [ app_begin ] --END-- [ RunTime:0.005207s ]
SQL: SHOW COLUMNS FROM `xm_admin` [ RunTime:0.0781s ]
SQL: SELECT * FROM `xm_admin` WHERE `admin_id` = 0 LIMIT 1   [ RunTime:0.0012s ]
INFO: [ view_parse ] --START--
INFO: [ template_filter ] --START--
INFO: Run Behavior\ContentReplaceBehavior [ RunTime:0.000315s ]
INFO: [ template_filter ] --END-- [ RunTime:0.000776s ]
NOTIC: [8] Undefined index: user_id D:\wamp\wamp\www\xunmi\Application\Runtime\Cache\Admin\a39ef305f93fe8768c54589d390aeee8.php 第 21 行.
INFO: Run Behavior\ParseTemplateBehavior [ RunTime:0.075992s ]
INFO: [ view_parse ] --END-- [ RunTime:0.076509s ]
INFO: [ view_filter ] --START--
INFO: Run Behavior\WriteHtmlCacheBehavior [ RunTime:0.003022s ]
INFO: [ view_filter ] --END-- [ RunTime:0.003642s ]
INFO: [ app_end ] --START--
INFO: Run Behavior\ShowPageTraceBehavior [ RunTime:0.006910s ]
INFO: [ app_end ] --END-- [ RunTime:0.007707s ]

[ 2019-09-26T12:47:46+08:00 ] ::1 /xunmi/index.php/Admin/Index/index
INFO: [ app_init ] --START--
INFO: Run Behavior\BuildLiteBehavior [ RunTime:0.000176s ]
INFO: [ app_init ] --END-- [ RunTime:0.004045s ]
INFO: [ app_begin ] --START--
INFO: Run Behavior\ReadHtmlCacheBehavior [ RunTime:0.010838s ]
INFO: [ app_begin ] --END-- [ RunTime:0.011955s ]
INFO: [ view_parse ] --START--
INFO: [ template_filter ] --START--
INFO: Run Behavior\ContentReplaceBehavior [ RunTime:0.000607s ]
INFO: [ template_filter ] --END-- [ RunTime:0.001515s ]
NOTIC: [8] Undefined index: user_id D:\wamp\wamp\www\xunmi\Application\Runtime\Cache\Admin\b595b808c2ebeeeb0478ffc30bb4e87a.php 第 21 行.
INFO: Run Behavior\ParseTemplateBehavior [ RunTime:0.176071s ]
INFO: [ view_parse ] --END-- [ RunTime:0.177049s ]
INFO: [ view_filter ] --START--
INFO: Run Behavior\WriteHtmlCacheBehavior [ RunTime:0.022643s ]
INFO: [ view_filter ] --END-- [ RunTime:0.023331s ]
INFO: [ app_end ] --START--
INFO: Run Behavior\ShowPageTraceBehavior [ RunTime:0.014891s ]
INFO: [ app_end ] --END-- [ RunTime:0.015956s ]

[ 2019-09-26T12:47:49+08:00 ] ::1 /xunmi/index.php/Admin/Login/edit/id/
INFO: [ app_init ] --START--
INFO: Run Behavior\BuildLiteBehavior [ RunTime:0.000087s ]
INFO: [ app_init ] --END-- [ RunTime:0.002175s ]
INFO: [ app_begin ] --START--
INFO: Run Behavior\ReadHtmlCacheBehavior [ RunTime:0.003336s ]
INFO: [ app_begin ] --END-- [ RunTime:0.003884s ]
SQL: SHOW COLUMNS FROM `xm_admin` [ RunTime:0.0688s ]
SQL: SELECT * FROM `xm_admin` WHERE `admin_id` = 0 LIMIT 1   [ RunTime:0.0012s ]
INFO: [ view_parse ] --START--
INFO: [ template_filter ] --START--
INFO: Run Behavior\ContentReplaceBehavior [ RunTime:0.000302s ]
INFO: [ template_filter ] --END-- [ RunTime:0.000732s ]
NOTIC: [8] Undefined index: user_id D:\wamp\wamp\www\xunmi\Application\Runtime\Cache\Admin\a39ef305f93fe8768c54589d390aeee8.php 第 21 行.
INFO: Run Behavior\ParseTemplateBehavior [ RunTime:0.044002s ]
INFO: [ view_parse ] --END-- [ RunTime:0.044672s ]
INFO: [ view_filter ] --START--
INFO: Run Behavior\WriteHtmlCacheBehavior [ RunTime:0.004037s ]
INFO: [ view_filter ] --END-- [ RunTime:0.005099s ]
INFO: [ app_end ] --START--
INFO: Run Behavior\ShowPageTraceBehavior [ RunTime:0.003932s ]
INFO: [ app_end ] --END-- [ RunTime:0.004954s ]

[ 2019-09-26T12:48:58+08:00 ] ::1 /xunmi/index.php/Admin/Login/edit/id/
INFO: [ app_init ] --START--
INFO: Run Behavior\BuildLiteBehavior [ RunTime:0.000152s ]
INFO: [ app_init ] --END-- [ RunTime:0.003276s ]
INFO: [ app_begin ] --START--
INFO: Run Behavior\ReadHtmlCacheBehavior [ RunTime:0.011182s ]
INFO: [ app_begin ] --END-- [ RunTime:0.013441s ]
SQL: SHOW COLUMNS FROM `xm_admin` [ RunTime:0.1126s ]
SQL: SELECT * FROM `xm_admin` WHERE `admin_id` = 0 LIMIT 1   [ RunTime:0.0017s ]
INFO: [ view_parse ] --START--
INFO: [ template_filter ] --START--
INFO: Run Behavior\ContentReplaceBehavior [ RunTime:0.000551s ]
INFO: [ template_filter ] --END-- [ RunTime:0.001522s ]
INFO: Run Behavior\ParseTemplateBehavior [ RunTime:0.581215s ]
INFO: [ view_parse ] --END-- [ RunTime:0.582117s ]
INFO: [ view_filter ] --START--
INFO: Run Behavior\WriteHtmlCacheBehavior [ RunTime:0.003920s ]
INFO: [ view_filter ] --END-- [ RunTime:0.007065s ]
INFO: [ app_end ] --START--
INFO: Run Behavior\ShowPageTraceBehavior [ RunTime:0.007696s ]
INFO: [ app_end ] --END-- [ RunTime:0.008534s ]

[ 2019-09-26T12:49:01+08:00 ] ::1 /xunmi/index.php/Admin/Login/edit/id/1
INFO: [ app_init ] --START--
INFO: Run Behavior\BuildLiteBehavior [ RunTime:0.000088s ]
INFO: [ app_init ] --END-- [ RunTime:0.002118s ]
INFO: [ app_begin ] --START--
INFO: Run Behavior\ReadHtmlCacheBehavior [ RunTime:0.003145s ]
INFO: [ app_begin ] --END-- [ RunTime:0.003730s ]
SQL: SHOW COLUMNS FROM `xm_admin` [ RunTime:0.0682s ]
SQL: SELECT * FROM `xm_admin` WHERE `admin_id` = 1 LIMIT 1   [ RunTime:0.0021s ]
INFO: [ view_parse ] --START--
INFO: [ template_filter ] --START--
INFO: Run Behavior\ContentReplaceBehavior [ RunTime:0.000515s ]
INFO: [ template_filter ] --END-- [ RunTime:0.001439s ]
INFO: Run Behavior\ParseTemplateBehavior [ RunTime:0.043348s ]
INFO: [ view_parse ] --END-- [ RunTime:0.043942s ]
INFO: [ view_filter ] --START--
INFO: Run Behavior\WriteHtmlCacheBehavior [ RunTime:0.004141s ]
INFO: [ view_filter ] --END-- [ RunTime:0.004858s ]
INFO: [ app_end ] --START--
INFO: Run Behavior\ShowPageTraceBehavior [ RunTime:0.003133s ]
INFO: [ app_end ] --END-- [ RunTime:0.003670s ]

[ 2019-09-26T12:50:08+08:00 ] ::1 /xunmi/index.php/Admin/Index/index
INFO: [ app_init ] --START--
INFO: Run Behavior\BuildLiteBehavior [ RunTime:0.000148s ]
INFO: [ app_init ] --END-- [ RunTime:0.008026s ]
INFO: [ app_begin ] --START--
INFO: Run Behavior\ReadHtmlCacheBehavior [ RunTime:0.007682s ]
INFO: [ app_begin ] --END-- [ RunTime:0.008385s ]
INFO: [ view_parse ] --START--
INFO: [ template_filter ] --START--
INFO: Run Behavior\ContentReplaceBehavior [ RunTime:0.000398s ]
INFO: [ template_filter ] --END-- [ RunTime:0.001152s ]
INFO: Run Behavior\ParseTemplateBehavior [ RunTime:0.148834s ]
INFO: [ view_parse ] --END-- [ RunTime:0.150164s ]
INFO: [ view_filter ] --START--
INFO: Run Behavior\WriteHtmlCacheBehavior [ RunTime:0.005294s ]
INFO: [ view_filter ] --END-- [ RunTime:0.005902s ]
INFO: [ app_end ] --START--
INFO: Run Behavior\ShowPageTraceBehavior [ RunTime:0.009204s ]
INFO: [ app_end ] --END-- [ RunTime:0.010025s ]

[ 2019-09-26T12:50:11+08:00 ] ::1 /xunmi/index.php/Admin/Login/edit/id/1
INFO: [ app_init ] --START--
INFO: Run Behavior\BuildLiteBehavior [ RunTime:0.000087s ]
INFO: [ app_init ] --END-- [ RunTime:0.002235s ]
INFO: [ app_begin ] --START--
INFO: Run Behavior\ReadHtmlCacheBehavior [ RunTime:0.003365s ]
INFO: [ app_begin ] --END-- [ RunTime:0.003902s ]
SQL: SHOW COLUMNS FROM `xm_admin` [ RunTime:0.1156s ]
SQL: SELECT * FROM `xm_admin` WHERE `admin_id` = 1 LIMIT 1   [ RunTime:0.0012s ]
INFO: [ view_parse ] --START--
INFO: [ template_filter ] --START--
INFO: Run Behavior\ContentReplaceBehavior [ RunTime:0.000290s ]
INFO: [ template_filter ] --END-- [ RunTime:0.000727s ]
INFO: Run Behavior\ParseTemplateBehavior [ RunTime:0.038611s ]
INFO: [ view_parse ] --END-- [ RunTime:0.039045s ]
INFO: [ view_filter ] --START--
INFO: Run Behavior\WriteHtmlCacheBehavior [ RunTime:0.002506s ]
INFO: [ view_filter ] --END-- [ RunTime:0.002927s ]
INFO: [ app_end ] --START--
INFO: Run Behavior\ShowPageTraceBehavior [ RunTime:0.003443s ]
INFO: [ app_end ] --END-- [ RunTime:0.003854s ]

[ 2019-09-26T12:50:17+08:00 ] ::1 /xunmi/index.php/Admin/Login/edit/id/1
INFO: [ app_init ] --START--
INFO: Run Behavior\BuildLiteBehavior [ RunTime:0.000088s ]
INFO: [ app_init ] --END-- [ RunTime:0.002206s ]
INFO: [ app_begin ] --START--
INFO: Run Behavior\ReadHtmlCacheBehavior [ RunTime:0.003467s ]
INFO: [ app_begin ] --END-- [ RunTime:0.004565s ]
SQL: SHOW COLUMNS FROM `xm_admin` [ RunTime:0.0651s ]
SQL: SHOW COLUMNS FROM `xm_admin` [ RunTime:0.0302s ]
SQL: SELECT * FROM `xm_admin` WHERE `user_name` = 'admin' LIMIT 1   [ RunTime:0.0013s ]
NOTIC: [8] Undefined index: validate D:\wamp\wamp\www\xunmi\ThinkPHP\Library\Think\Model.class.php 第 1185 行.
NOTIC: [8] Undefined index: auto D:\wamp\wamp\www\xunmi\ThinkPHP\Library\Think\Model.class.php 第 1128 行.
INFO: [ view_parse ] --START--
INFO: [ template_filter ] --START--
INFO: Run Behavior\ContentReplaceBehavior [ RunTime:0.000213s ]
INFO: [ template_filter ] --END-- [ RunTime:0.000669s ]
INFO: Run Behavior\ParseTemplateBehavior [ RunTime:0.126905s ]
INFO: [ view_parse ] --END-- [ RunTime:0.127565s ]
INFO: [ view_filter ] --START--
INFO: Run Behavior\WriteHtmlCacheBehavior [ RunTime:0.002763s ]
INFO: [ view_filter ] --END-- [ RunTime:0.003661s ]

[ 2019-09-26T12:50:20+08:00 ] ::1 /xunmi/index.php/Admin/Login/edit/id/1
INFO: [ app_init ] --START--
INFO: Run Behavior\BuildLiteBehavior [ RunTime:0.000148s ]
INFO: [ app_init ] --END-- [ RunTime:0.002819s ]
INFO: [ app_begin ] --START--
INFO: Run Behavior\ReadHtmlCacheBehavior [ RunTime:0.004702s ]
INFO: [ app_begin ] --END-- [ RunTime:0.005453s ]
SQL: SHOW COLUMNS FROM `xm_admin` [ RunTime:0.2149s ]
SQL: SELECT * FROM `xm_admin` WHERE `admin_id` = 1 LIMIT 1   [ RunTime:0.0014s ]
INFO: [ view_parse ] --START--
INFO: [ template_filter ] --START--
INFO: Run Behavior\ContentReplaceBehavior [ RunTime:0.000282s ]
INFO: [ template_filter ] --END-- [ RunTime:0.000733s ]
INFO: Run Behavior\ParseTemplateBehavior [ RunTime:0.039383s ]
INFO: [ view_parse ] --END-- [ RunTime:0.040395s ]
INFO: [ view_filter ] --START--
INFO: Run Behavior\WriteHtmlCacheBehavior [ RunTime:0.002939s ]
INFO: [ view_filter ] --END-- [ RunTime:0.003480s ]
INFO: [ app_end ] --START--
INFO: Run Behavior\ShowPageTraceBehavior [ RunTime:0.005988s ]
INFO: [ app_end ] --END-- [ RunTime:0.006684s ]

[ 2019-09-26T12:51:12+08:00 ] ::1 /xunmi/index.php/Admin/Login/edit/id/1
INFO: [ app_init ] --START--
INFO: Run Behavior\BuildLiteBehavior [ RunTime:0.000112s ]
INFO: [ app_init ] --END-- [ RunTime:0.002949s ]
INFO: [ app_begin ] --START--
INFO: Run Behavior\ReadHtmlCacheBehavior [ RunTime:0.006536s ]
INFO: [ app_begin ] --END-- [ RunTime:0.007539s ]
SQL: SHOW COLUMNS FROM `xm_admin` [ RunTime:0.0797s ]
SQL: SELECT * FROM `xm_admin` WHERE `admin_id` = 1 LIMIT 1   [ RunTime:0.0020s ]
INFO: [ view_parse ] --START--
INFO: [ template_filter ] --START--
INFO: Run Behavior\ContentReplaceBehavior [ RunTime:0.000311s ]
INFO: [ template_filter ] --END-- [ RunTime:0.000785s ]
INFO: Run Behavior\ParseTemplateBehavior [ RunTime:0.045513s ]
INFO: [ view_parse ] --END-- [ RunTime:0.046176s ]
INFO: [ view_filter ] --START--
INFO: Run Behavior\WriteHtmlCacheBehavior [ RunTime:0.003810s ]
INFO: [ view_filter ] --END-- [ RunTime:0.004613s ]
INFO: [ app_end ] --START--
INFO: Run Behavior\ShowPageTraceBehavior [ RunTime:0.004003s ]
INFO: [ app_end ] --END-- [ RunTime:0.004566s ]

[ 2019-09-26T12:51:17+08:00 ] ::1 /xunmi/index.php/Admin/Login/edit/id/1
INFO: [ app_init ] --START--
INFO: Run Behavior\BuildLiteBehavior [ RunTime:0.000111s ]
INFO: [ app_init ] --END-- [ RunTime:0.003967s ]
INFO: [ app_begin ] --START--
INFO: Run Behavior\ReadHtmlCacheBehavior [ RunTime:0.005014s ]
INFO: [ app_begin ] --END-- [ RunTime:0.005781s ]
SQL: SHOW COLUMNS FROM `xm_admin` [ RunTime:0.0507s ]
SQL: SHOW COLUMNS FROM `xm_admin` [ RunTime:0.0281s ]
SQL: SELECT * FROM `xm_admin` WHERE `user_name` = 'admin' LIMIT 1   [ RunTime:0.0021s ]
NOTIC: [8] Undefined index: validate D:\wamp\wamp\www\xunmi\ThinkPHP\Library\Think\Model.class.php 第 1185 行.
NOTIC: [8] Undefined index: auto D:\wamp\wamp\www\xunmi\ThinkPHP\Library\Think\Model.class.php 第 1128 行.
SQL: UPDATE `xm_admin` SET `user_name`='admin',`user_password`='1' WHERE `admin_id` = 1 [ RunTime:0.0740s ]
INFO: [ view_parse ] --START--
INFO: [ template_filter ] --START--
INFO: Run Behavior\ContentReplaceBehavior [ RunTime:0.000212s ]
INFO: [ template_filter ] --END-- [ RunTime:0.000703s ]
INFO: Run Behavior\ParseTemplateBehavior [ RunTime:0.033100s ]
INFO: [ view_parse ] --END-- [ RunTime:0.033621s ]
INFO: [ view_filter ] --START--
INFO: Run Behavior\WriteHtmlCacheBehavior [ RunTime:0.002374s ]
INFO: [ view_filter ] --END-- [ RunTime:0.002755s ]
INFO: [ app_end ] --START--
INFO: Run Behavior\ShowPageTraceBehavior [ RunTime:0.003106s ]
INFO: [ app_end ] --END-- [ RunTime:0.003494s ]

[ 2019-09-26T12:51:19+08:00 ] ::1 /xunmi/index.php/Admin/Index/index.html
INFO: [ app_init ] --START--
INFO: Run Behavior\BuildLiteBehavior [ RunTime:0.000132s ]
INFO: [ app_init ] --END-- [ RunTime:0.003375s ]
INFO: [ app_begin ] --START--
INFO: Run Behavior\ReadHtmlCacheBehavior [ RunTime:0.003197s ]
INFO: [ app_begin ] --END-- [ RunTime:0.003697s ]
INFO: [ view_parse ] --START--
INFO: [ template_filter ] --START--
INFO: Run Behavior\ContentReplaceBehavior [ RunTime:0.000326s ]
INFO: [ template_filter ] --END-- [ RunTime:0.000875s ]
INFO: Run Behavior\ParseTemplateBehavior [ RunTime:0.035040s ]
INFO: [ view_parse ] --END-- [ RunTime:0.035582s ]
INFO: [ view_filter ] --START--
INFO: Run Behavior\WriteHtmlCacheBehavior [ RunTime:0.003578s ]
INFO: [ view_filter ] --END-- [ RunTime:0.004014s ]
INFO: [ app_end ] --START--
INFO: Run Behavior\ShowPageTraceBehavior [ RunTime:0.003487s ]
INFO: [ app_end ] --END-- [ RunTime:0.004052s ]

[ 2019-09-26T12:51:21+08:00 ] ::1 /xunmi/index.php/Admin/Login/edit/id/1
INFO: [ app_init ] --START--
INFO: Run Behavior\BuildLiteBehavior [ RunTime:0.000088s ]
INFO: [ app_init ] --END-- [ RunTime:0.002624s ]
INFO: [ app_begin ] --START--
INFO: Run Behavior\ReadHtmlCacheBehavior [ RunTime:0.003024s ]
INFO: [ app_begin ] --END-- [ RunTime:0.003534s ]
SQL: SHOW COLUMNS FROM `xm_admin` [ RunTime:0.0724s ]
SQL: SELECT * FROM `xm_admin` WHERE `admin_id` = 1 LIMIT 1   [ RunTime:0.0015s ]
INFO: [ view_parse ] --START--
INFO: [ template_filter ] --START--
INFO: Run Behavior\ContentReplaceBehavior [ RunTime:0.000427s ]
INFO: [ template_filter ] --END-- [ RunTime:0.001416s ]
INFO: Run Behavior\ParseTemplateBehavior [ RunTime:0.041182s ]
INFO: [ view_parse ] --END-- [ RunTime:0.041936s ]
INFO: [ view_filter ] --START--
INFO: Run Behavior\WriteHtmlCacheBehavior [ RunTime:0.002432s ]
INFO: [ view_filter ] --END-- [ RunTime:0.002811s ]
INFO: [ app_end ] --START--
INFO: Run Behavior\ShowPageTraceBehavior [ RunTime:0.004560s ]
INFO: [ app_end ] --END-- [ RunTime:0.004980s ]

[ 2019-09-26T12:51:30+08:00 ] ::1 /xunmi/index.php/Admin/Login/edit/id/1
INFO: [ app_init ] --START--
INFO: Run Behavior\BuildLiteBehavior [ RunTime:0.000121s ]
INFO: [ app_init ] --END-- [ RunTime:0.003174s ]
INFO: [ app_begin ] --START--
INFO: Run Behavior\ReadHtmlCacheBehavior [ RunTime:0.004244s ]
INFO: [ app_begin ] --END-- [ RunTime:0.004821s ]
SQL: SHOW COLUMNS FROM `xm_admin` [ RunTime:0.1037s ]
SQL: SELECT * FROM `xm_admin` WHERE `admin_id` = 1 LIMIT 1   [ RunTime:0.0011s ]
INFO: [ view_parse ] --START--
INFO: [ template_filter ] --START--
INFO: Run Behavior\ContentReplaceBehavior [ RunTime:0.000324s ]
INFO: [ template_filter ] --END-- [ RunTime:0.000765s ]
INFO: Run Behavior\ParseTemplateBehavior [ RunTime:0.039803s ]
INFO: [ view_parse ] --END-- [ RunTime:0.040311s ]
INFO: [ view_filter ] --START--
INFO: Run Behavior\WriteHtmlCacheBehavior [ RunTime:0.002535s ]
INFO: [ view_filter ] --END-- [ RunTime:0.002941s ]
INFO: [ app_end ] --START--
INFO: Run Behavior\ShowPageTraceBehavior [ RunTime:0.003070s ]
INFO: [ app_end ] --END-- [ RunTime:0.003506s ]

[ 2019-09-26T12:51:40+08:00 ] ::1 /xunmi/index.php/Admin/Login/edit/id/1
INFO: [ app_init ] --START--
INFO: Run Behavior\BuildLiteBehavior [ RunTime:0.000135s ]
INFO: [ app_init ] --END-- [ RunTime:0.004136s ]
INFO: [ app_begin ] --START--
INFO: Run Behavior\ReadHtmlCacheBehavior [ RunTime:0.004255s ]
INFO: [ app_begin ] --END-- [ RunTime:0.004777s ]
SQL: SHOW COLUMNS FROM `xm_admin` [ RunTime:0.1334s ]
SQL: SHOW COLUMNS FROM `xm_admin` [ RunTime:0.0286s ]
SQL: SELECT * FROM `xm_admin` WHERE `user_name` = 'admin' LIMIT 1   [ RunTime:0.0018s ]
NOTIC: [8] Undefined index: validate D:\wamp\wamp\www\xunmi\ThinkPHP\Library\Think\Model.class.php 第 1185 行.
NOTIC: [8] Undefined index: auto D:\wamp\wamp\www\xunmi\ThinkPHP\Library\Think\Model.class.php 第 1128 行.
INFO: [ view_parse ] --START--
INFO: [ template_filter ] --START--
INFO: Run Behavior\ContentReplaceBehavior [ RunTime:0.000224s ]
INFO: [ template_filter ] --END-- [ RunTime:0.000788s ]
INFO: Run Behavior\ParseTemplateBehavior [ RunTime:0.036194s ]
INFO: [ view_parse ] --END-- [ RunTime:0.036854s ]
INFO: [ view_filter ] --START--
INFO: Run Behavior\WriteHtmlCacheBehavior [ RunTime:0.003198s ]
INFO: [ view_filter ] --END-- [ RunTime:0.003785s ]

[ 2019-09-26T12:51:44+08:00 ] ::1 /xunmi/index.php/Admin/Login/edit/id/1
INFO: [ app_init ] --START--
INFO: Run Behavior\BuildLiteBehavior [ RunTime:0.000089s ]
INFO: [ app_init ] --END-- [ RunTime:0.002171s ]
INFO: [ app_begin ] --START--
INFO: Run Behavior\ReadHtmlCacheBehavior [ RunTime:0.003048s ]
INFO: [ app_begin ] --END-- [ RunTime:0.003519s ]
SQL: SHOW COLUMNS FROM `xm_admin` [ RunTime:0.0531s ]
SQL: SELECT * FROM `xm_admin` WHERE `admin_id` = 1 LIMIT 1   [ RunTime:0.0011s ]
INFO: [ view_parse ] --START--
INFO: [ template_filter ] --START--
INFO: Run Behavior\ContentReplaceBehavior [ RunTime:0.000344s ]
INFO: [ template_filter ] --END-- [ RunTime:0.000818s ]
INFO: Run Behavior\ParseTemplateBehavior [ RunTime:0.039864s ]
INFO: [ view_parse ] --END-- [ RunTime:0.040815s ]
INFO: [ view_filter ] --START--
INFO: Run Behavior\WriteHtmlCacheBehavior [ RunTime:0.004081s ]
INFO: [ view_filter ] --END-- [ RunTime:0.004537s ]
INFO: [ app_end ] --START--
INFO: Run Behavior\ShowPageTraceBehavior [ RunTime:0.003696s ]
INFO: [ app_end ] --END-- [ RunTime:0.004089s ]

[ 2019-09-26T12:52:10+08:00 ] ::1 /xunmi/index.php/Admin/Login/edit/id/1
INFO: [ app_init ] --START--
INFO: Run Behavior\BuildLiteBehavior [ RunTime:0.000095s ]
INFO: [ app_init ] --END-- [ RunTime:0.002368s ]
INFO: [ app_begin ] --START--
INFO: Run Behavior\ReadHtmlCacheBehavior [ RunTime:0.003493s ]
INFO: [ app_begin ] --END-- [ RunTime:0.004317s ]
SQL: SHOW COLUMNS FROM `xm_admin` [ RunTime:0.0857s ]
SQL: SELECT * FROM `xm_admin` WHERE `admin_id` = 1 LIMIT 1   [ RunTime:0.0028s ]
INFO: [ view_parse ] --START--
INFO: [ template_filter ] --START--
INFO: Run Behavior\ContentReplaceBehavior [ RunTime:0.000461s ]
INFO: [ template_filter ] --END-- [ RunTime:0.001180s ]
INFO: Run Behavior\ParseTemplateBehavior [ RunTime:0.053454s ]
INFO: [ view_parse ] --END-- [ RunTime:0.053995s ]
INFO: [ view_filter ] --START--
INFO: Run Behavior\WriteHtmlCacheBehavior [ RunTime:0.002871s ]
INFO: [ view_filter ] --END-- [ RunTime:0.003369s ]
INFO: [ app_end ] --START--
INFO: Run Behavior\ShowPageTraceBehavior [ RunTime:0.003733s ]
INFO: [ app_end ] --END-- [ RunTime:0.004350s ]

[ 2019-09-26T12:52:16+08:00 ] ::1 /xunmi/index.php/Admin/Login/edit/id/1
INFO: [ app_init ] --START--
INFO: Run Behavior\BuildLiteBehavior [ RunTime:0.000150s ]
INFO: [ app_init ] --END-- [ RunTime:0.005294s ]
INFO: [ app_begin ] --START--
INFO: Run Behavior\ReadHtmlCacheBehavior [ RunTime:0.004240s ]
INFO: [ app_begin ] --END-- [ RunTime:0.005252s ]
SQL: SHOW COLUMNS FROM `xm_admin` [ RunTime:0.0712s ]
SQL: SHOW COLUMNS FROM `xm_admin` [ RunTime:0.0261s ]
SQL: SELECT * FROM `xm_admin` WHERE `user_name` = 'admin' LIMIT 1   [ RunTime:0.0017s ]
NOTIC: [8] Undefined index: validate D:\wamp\wamp\www\xunmi\ThinkPHP\Library\Think\Model.class.php 第 1185 行.
NOTIC: [8] Undefined index: auto D:\wamp\wamp\www\xunmi\ThinkPHP\Library\Think\Model.class.php 第 1128 行.
SQL: UPDATE `xm_admin` SET `user_name`='admin',`user_password`='admin' WHERE `admin_id` = 1 [ RunTime:0.0402s ]
INFO: [ view_parse ] --START--
INFO: [ template_filter ] --START--
INFO: Run Behavior\ContentReplaceBehavior [ RunTime:0.000209s ]
INFO: [ template_filter ] --END-- [ RunTime:0.000728s ]
INFO: Run Behavior\ParseTemplateBehavior [ RunTime:0.031094s ]
INFO: [ view_parse ] --END-- [ RunTime:0.031626s ]
INFO: [ view_filter ] --START--
INFO: Run Behavior\WriteHtmlCacheBehavior [ RunTime:0.002442s ]
INFO: [ view_filter ] --END-- [ RunTime:0.002846s ]
INFO: [ app_end ] --START--
INFO: Run Behavior\ShowPageTraceBehavior [ RunTime:0.003659s ]
INFO: [ app_end ] --END-- [ RunTime:0.004061s ]

[ 2019-09-26T12:52:18+08:00 ] ::1 /xunmi/index.php/Admin/Index/index.html
INFO: [ app_init ] --START--
INFO: Run Behavior\BuildLiteBehavior [ RunTime:0.000146s ]
INFO: [ app_init ] --END-- [ RunTime:0.003672s ]
INFO: [ app_begin ] --START--
INFO: Run Behavior\ReadHtmlCacheBehavior [ RunTime:0.003792s ]
INFO: [ app_begin ] --END-- [ RunTime:0.004604s ]
INFO: [ view_parse ] --START--
INFO: [ template_filter ] --START--
INFO: Run Behavior\ContentReplaceBehavior [ RunTime:0.000260s ]
INFO: [ template_filter ] --END-- [ RunTime:0.000698s ]
INFO: Run Behavior\ParseTemplateBehavior [ RunTime:0.035467s ]
INFO: [ view_parse ] --END-- [ RunTime:0.035995s ]
INFO: [ view_filter ] --START--
INFO: Run Behavior\WriteHtmlCacheBehavior [ RunTime:0.002420s ]
INFO: [ view_filter ] --END-- [ RunTime:0.002827s ]
INFO: [ app_end ] --START--
INFO: Run Behavior\ShowPageTraceBehavior [ RunTime:0.002952s ]
INFO: [ app_end ] --END-- [ RunTime:0.003373s ]

[ 2019-09-26T14:03:26+08:00 ] ::1 /xunmi/index.php/Admin/Index/index
INFO: [ app_init ] --START--
INFO: Run Behavior\BuildLiteBehavior [ RunTime:0.000148s ]
INFO: [ app_init ] --END-- [ RunTime:0.010478s ]
INFO: [ app_begin ] --START--
INFO: Run Behavior\ReadHtmlCacheBehavior [ RunTime:0.020294s ]
INFO: [ app_begin ] --END-- [ RunTime:0.021262s ]
INFO: [ view_parse ] --START--
INFO: [ template_filter ] --START--
INFO: Run Behavior\ContentReplaceBehavior [ RunTime:0.002120s ]
INFO: [ template_filter ] --END-- [ RunTime:0.007052s ]
INFO: Run Behavior\ParseTemplateBehavior [ RunTime:0.201333s ]
INFO: [ view_parse ] --END-- [ RunTime:0.202918s ]
INFO: [ view_filter ] --START--
INFO: Run Behavior\WriteHtmlCacheBehavior [ RunTime:0.017175s ]
INFO: [ view_filter ] --END-- [ RunTime:0.018747s ]
INFO: [ app_end ] --START--
INFO: Run Behavior\ShowPageTraceBehavior [ RunTime:0.018602s ]
INFO: [ app_end ] --END-- [ RunTime:0.035505s ]

[ 2019-09-26T14:08:48+08:00 ] ::1 /xunmi/index.php/Admin/Index/index
INFO: [ app_init ] --START--
INFO: Run Behavior\BuildLiteBehavior [ RunTime:0.000095s ]
INFO: [ app_init ] --END-- [ RunTime:0.002772s ]
INFO: [ app_begin ] --START--
INFO: Run Behavior\ReadHtmlCacheBehavior [ RunTime:0.003601s ]
INFO: [ app_begin ] --END-- [ RunTime:0.004121s ]
INFO: [ view_parse ] --START--
INFO: [ template_filter ] --START--
INFO: Run Behavior\ContentReplaceBehavior [ RunTime:0.000473s ]
INFO: [ template_filter ] --END-- [ RunTime:0.001318s ]
INFO: Run Behavior\ParseTemplateBehavior [ RunTime:0.074706s ]
INFO: [ view_parse ] --END-- [ RunTime:0.075242s ]
INFO: [ view_filter ] --START--
INFO: Run Behavior\WriteHtmlCacheBehavior [ RunTime:0.005620s ]
INFO: [ view_filter ] --END-- [ RunTime:0.006537s ]
INFO: [ app_end ] --START--
INFO: Run Behavior\ShowPageTraceBehavior [ RunTime:0.005118s ]
INFO: [ app_end ] --END-- [ RunTime:0.006597s ]

[ 2019-09-26T14:08:50+08:00 ] ::1 /xunmi/index.php/Admin/Login/logout
INFO: [ app_init ] --START--
INFO: Run Behavior\BuildLiteBehavior [ RunTime:0.000109s ]
INFO: [ app_init ] --END-- [ RunTime:0.003635s ]
INFO: [ app_begin ] --START--
INFO: Run Behavior\ReadHtmlCacheBehavior [ RunTime:0.003987s ]
INFO: [ app_begin ] --END-- [ RunTime:0.004627s ]

[ 2019-09-26T14:11:13+08:00 ] ::1 /xunmi/index.php/Admin/Login/logout
INFO: [ app_init ] --START--
INFO: Run Behavior\BuildLiteBehavior [ RunTime:0.000086s ]
INFO: [ app_init ] --END-- [ RunTime:0.002171s ]
INFO: [ app_begin ] --START--
INFO: Run Behavior\ReadHtmlCacheBehavior [ RunTime:0.003877s ]
INFO: [ app_begin ] --END-- [ RunTime:0.004415s ]
INFO: [ view_parse ] --START--
INFO: [ template_filter ] --START--
INFO: Run Behavior\ContentReplaceBehavior [ RunTime:0.000221s ]
INFO: [ template_filter ] --END-- [ RunTime:0.000663s ]
INFO: Run Behavior\ParseTemplateBehavior [ RunTime:0.273341s ]
INFO: [ view_parse ] --END-- [ RunTime:0.274256s ]
INFO: [ view_filter ] --START--
INFO: Run Behavior\WriteHtmlCacheBehavior [ RunTime:0.002628s ]
INFO: [ view_filter ] --END-- [ RunTime:0.003016s ]
INFO: [ app_end ] --START--
INFO: Run Behavior\ShowPageTraceBehavior [ RunTime:0.004802s ]
INFO: [ app_end ] --END-- [ RunTime:0.006202s ]

[ 2019-09-26T14:11:14+08:00 ] ::1 /xunmi/index.php/Admin/Index/index.html
INFO: [ app_init ] --START--
INFO: Run Behavior\BuildLiteBehavior [ RunTime:0.000128s ]
INFO: [ app_init ] --END-- [ RunTime:0.002204s ]
INFO: [ app_begin ] --START--
INFO: Run Behavior\ReadHtmlCacheBehavior [ RunTime:0.002997s ]
INFO: [ app_begin ] --END-- [ RunTime:0.003492s ]
INFO: [ view_parse ] --START--
INFO: [ template_filter ] --START--
INFO: Run Behavior\ContentReplaceBehavior [ RunTime:0.000451s ]
INFO: [ template_filter ] --END-- [ RunTime:0.001368s ]
INFO: Run Behavior\ParseTemplateBehavior [ RunTime:0.036398s ]
INFO: [ view_parse ] --END-- [ RunTime:0.036950s ]
INFO: [ view_filter ] --START--
INFO: Run Behavior\WriteHtmlCacheBehavior [ RunTime:0.002413s ]
INFO: [ view_filter ] --END-- [ RunTime:0.002791s ]

[ 2019-09-26T14:11:19+08:00 ] ::1 /xunmi/index.php/Admin/Login/login.html
INFO: [ app_init ] --START--
INFO: Run Behavior\BuildLiteBehavior [ RunTime:0.000794s ]
INFO: [ app_init ] --END-- [ RunTime:0.018814s ]
INFO: [ app_begin ] --START--
INFO: Run Behavior\ReadHtmlCacheBehavior [ RunTime:0.006962s ]
INFO: [ app_begin ] --END-- [ RunTime:0.007898s ]
INFO: [ view_parse ] --START--
INFO: [ template_filter ] --START--
INFO: Run Behavior\ContentReplaceBehavior [ RunTime:0.000400s ]
INFO: [ template_filter ] --END-- [ RunTime:0.001126s ]
INFO: Run Behavior\ParseTemplateBehavior [ RunTime:0.201005s ]
INFO: [ view_parse ] --END-- [ RunTime:0.201808s ]
INFO: [ view_filter ] --START--
INFO: Run Behavior\WriteHtmlCacheBehavior [ RunTime:0.004874s ]
INFO: [ view_filter ] --END-- [ RunTime:0.005473s ]
INFO: [ app_end ] --START--
INFO: Run Behavior\ShowPageTraceBehavior [ RunTime:0.006645s ]
INFO: [ app_end ] --END-- [ RunTime:0.007966s ]

[ 2019-09-26T14:11:19+08:00 ] ::1 /xunmi/index.php/Admin/Login/verify
INFO: [ app_init ] --START--
INFO: Run Behavior\BuildLiteBehavior [ RunTime:0.000161s ]
INFO: [ app_init ] --END-- [ RunTime:0.012499s ]
INFO: [ app_begin ] --START--
INFO: Run Behavior\ReadHtmlCacheBehavior [ RunTime:0.007533s ]
INFO: [ app_begin ] --END-- [ RunTime:0.008618s ]
INFO: [ app_end ] --START--
INFO: Run Behavior\ShowPageTraceBehavior [ RunTime:0.004344s ]
INFO: [ app_end ] --END-- [ RunTime:0.004952s ]

[ 2019-09-26T14:11:51+08:00 ] ::1 /xunmi/index.php/Admin/Login/verify/0.42744127639891105
INFO: [ app_init ] --START--
INFO: Run Behavior\BuildLiteBehavior [ RunTime:0.000138s ]
INFO: [ app_init ] --END-- [ RunTime:0.003134s ]
INFO: [ app_begin ] --START--
INFO: Run Behavior\ReadHtmlCacheBehavior [ RunTime:0.003623s ]
INFO: [ app_begin ] --END-- [ RunTime:0.004181s ]
INFO: [ app_end ] --START--
INFO: Run Behavior\ShowPageTraceBehavior [ RunTime:0.004491s ]
INFO: [ app_end ] --END-- [ RunTime:0.005801s ]

[ 2019-09-26T14:11:52+08:00 ] ::1 /xunmi/index.php/Admin/Login/verify/0.8253470948765971
INFO: [ app_init ] --START--
INFO: Run Behavior\BuildLiteBehavior [ RunTime:0.000137s ]
INFO: [ app_init ] --END-- [ RunTime:0.002830s ]
INFO: [ app_begin ] --START--
INFO: Run Behavior\ReadHtmlCacheBehavior [ RunTime:0.003171s ]
INFO: [ app_begin ] --END-- [ RunTime:0.003600s ]
INFO: [ app_end ] --START--
INFO: Run Behavior\ShowPageTraceBehavior [ RunTime:0.003992s ]
INFO: [ app_end ] --END-- [ RunTime:0.004493s ]

[ 2019-09-26T14:11:59+08:00 ] ::1 /xunmi/index.php/Admin/Login/verify/0.543164277990795
INFO: [ app_init ] --START--
INFO: Run Behavior\BuildLiteBehavior [ RunTime:0.000231s ]
INFO: [ app_init ] --END-- [ RunTime:0.005342s ]
INFO: [ app_begin ] --START--
INFO: Run Behavior\ReadHtmlCacheBehavior [ RunTime:0.005722s ]
INFO: [ app_begin ] --END-- [ RunTime:0.006630s ]
INFO: [ app_end ] --START--
INFO: Run Behavior\ShowPageTraceBehavior [ RunTime:0.004073s ]
INFO: [ app_end ] --END-- [ RunTime:0.004800s ]

[ 2019-09-26T14:12:03+08:00 ] ::1 /xunmi/index.php/Admin/Login/verify/0.23385028708539446
INFO: [ app_init ] --START--
INFO: Run Behavior\BuildLiteBehavior [ RunTime:0.000184s ]
INFO: [ app_init ] --END-- [ RunTime:0.003283s ]
INFO: [ app_begin ] --START--
INFO: Run Behavior\ReadHtmlCacheBehavior [ RunTime:0.005967s ]
INFO: [ app_begin ] --END-- [ RunTime:0.006723s ]
INFO: [ app_end ] --START--
INFO: Run Behavior\ShowPageTraceBehavior [ RunTime:0.003197s ]
INFO: [ app_end ] --END-- [ RunTime:0.003730s ]

[ 2019-09-26T14:12:10+08:00 ] ::1 /xunmi/index.php/Admin/Login/login.html
INFO: [ app_init ] --START--
INFO: Run Behavior\BuildLiteBehavior [ RunTime:0.000105s ]
INFO: [ app_init ] --END-- [ RunTime:0.010465s ]
INFO: [ app_begin ] --START--
INFO: Run Behavior\ReadHtmlCacheBehavior [ RunTime:0.012694s ]
INFO: [ app_begin ] --END-- [ RunTime:0.013145s ]
SQL: SHOW COLUMNS FROM `xm_admin` [ RunTime:0.0787s ]
SQL: SELECT * FROM `xm_admin` WHERE `user_name` = 'admin' AND `user_password` = 'admin' LIMIT 1   [ RunTime:0.0022s ]

[ 2019-09-26T14:12:10+08:00 ] ::1 /xunmi/index.php/Admin/Index/index.html
INFO: [ app_init ] --START--
INFO: Run Behavior\BuildLiteBehavior [ RunTime:0.000086s ]
INFO: [ app_init ] --END-- [ RunTime:0.002127s ]
INFO: [ app_begin ] --START--
INFO: Run Behavior\ReadHtmlCacheBehavior [ RunTime:0.002846s ]
INFO: [ app_begin ] --END-- [ RunTime:0.003278s ]
INFO: [ view_parse ] --START--
INFO: [ template_filter ] --START--
INFO: Run Behavior\ContentReplaceBehavior [ RunTime:0.000401s ]
INFO: [ template_filter ] --END-- [ RunTime:0.001298s ]
INFO: Run Behavior\ParseTemplateBehavior [ RunTime:0.062134s ]
INFO: [ view_parse ] --END-- [ RunTime:0.063140s ]
INFO: [ view_filter ] --START--
INFO: Run Behavior\WriteHtmlCacheBehavior [ RunTime:0.008568s ]
INFO: [ view_filter ] --END-- [ RunTime:0.009256s ]

[ 2019-09-26T14:12:13+08:00 ] ::1 /xunmi/index.php/Admin/Login/login.html
INFO: [ app_init ] --START--
INFO: Run Behavior\BuildLiteBehavior [ RunTime:0.000088s ]
INFO: [ app_init ] --END-- [ RunTime:0.002336s ]
INFO: [ app_begin ] --START--
INFO: Run Behavior\ReadHtmlCacheBehavior [ RunTime:0.002852s ]
INFO: [ app_begin ] --END-- [ RunTime:0.003296s ]
INFO: [ view_parse ] --START--
INFO: [ template_filter ] --START--
INFO: Run Behavior\ContentReplaceBehavior [ RunTime:0.000410s ]
INFO: [ template_filter ] --END-- [ RunTime:0.001442s ]
INFO: Run Behavior\ParseTemplateBehavior [ RunTime:0.034163s ]
INFO: [ view_parse ] --END-- [ RunTime:0.034710s ]
INFO: [ view_filter ] --START--
INFO: Run Behavior\WriteHtmlCacheBehavior [ RunTime:0.002506s ]
INFO: [ view_filter ] --END-- [ RunTime:0.002931s ]
INFO: [ app_end ] --START--
INFO: Run Behavior\ShowPageTraceBehavior [ RunTime:0.003037s ]
INFO: [ app_end ] --END-- [ RunTime:0.004295s ]

[ 2019-09-26T14:12:14+08:00 ] ::1 /xunmi/index.php/Admin/Login/verify
INFO: [ app_init ] --START--
INFO: Run Behavior\BuildLiteBehavior [ RunTime:0.000113s ]
INFO: [ app_init ] --END-- [ RunTime:0.005962s ]
INFO: [ app_begin ] --START--
INFO: Run Behavior\ReadHtmlCacheBehavior [ RunTime:0.006044s ]
INFO: [ app_begin ] --END-- [ RunTime:0.006635s ]
INFO: [ app_end ] --START--
INFO: Run Behavior\ShowPageTraceBehavior [ RunTime:0.006473s ]
INFO: [ app_end ] --END-- [ RunTime:0.007085s ]

