[ 2019-10-05T20:41:08+08:00 ] ::1 /xunmi/index.php/Admin/Index/index
INFO: [ app_init ] --START--
INFO: Run Behavior\BuildLiteBehavior [ RunTime:0.000090s ]
INFO: [ app_init ] --END-- [ RunTime:0.003917s ]
INFO: [ app_begin ] --START--
INFO: Run Behavior\ReadHtmlCacheBehavior [ RunTime:0.003292s ]
INFO: [ app_begin ] --END-- [ RunTime:0.003773s ]
INFO: [ view_parse ] --START--
INFO: [ template_filter ] --START--
INFO: Run Behavior\ContentReplaceBehavior [ RunTime:0.000344s ]
INFO: [ template_filter ] --END-- [ RunTime:0.000921s ]
INFO: Run Behavior\ParseTemplateBehavior [ RunTime:0.059616s ]
INFO: [ view_parse ] --END-- [ RunTime:0.060805s ]
INFO: [ view_filter ] --START--
INFO: Run Behavior\WriteHtmlCacheBehavior [ RunTime:0.003063s ]
INFO: [ view_filter ] --END-- [ RunTime:0.003468s ]

[ 2019-10-05T20:41:11+08:00 ] ::1 /xunmi/index.php/Admin/Login/login.html
INFO: [ app_init ] --START--
INFO: Run Behavior\BuildLiteBehavior [ RunTime:0.000128s ]
INFO: [ app_init ] --END-- [ RunTime:0.004619s ]
INFO: [ app_begin ] --START--
INFO: Run Behavior\ReadHtmlCacheBehavior [ RunTime:0.003405s ]
INFO: [ app_begin ] --END-- [ RunTime:0.003842s ]
NOTIC: [8] A session had already been started - ignoring session_start() D:\wamp\wamp\www\xunmi\Application\Admin\Controller\LoginController.class.php 第 8 行.
INFO: [ view_parse ] --START--
INFO: [ template_filter ] --START--
INFO: Run Behavior\ContentReplaceBehavior [ RunTime:0.000248s ]
INFO: [ template_filter ] --END-- [ RunTime:0.000674s ]
INFO: Run Behavior\ParseTemplateBehavior [ RunTime:0.143974s ]
INFO: [ view_parse ] --END-- [ RunTime:0.144594s ]
INFO: [ view_filter ] --START--
INFO: Run Behavior\WriteHtmlCacheBehavior [ RunTime:0.003178s ]
INFO: [ view_filter ] --END-- [ RunTime:0.003594s ]
INFO: [ app_end ] --START--
INFO: Run Behavior\ShowPageTraceBehavior [ RunTime:0.004802s ]
INFO: [ app_end ] --END-- [ RunTime:0.005331s ]

[ 2019-10-05T20:41:13+08:00 ] ::1 /xunmi/index.php/Admin/Login/verify
INFO: [ app_init ] --START--
INFO: Run Behavior\BuildLiteBehavior [ RunTime:0.000134s ]
INFO: [ app_init ] --END-- [ RunTime:0.003244s ]
INFO: [ app_begin ] --START--
INFO: Run Behavior\ReadHtmlCacheBehavior [ RunTime:0.007296s ]
INFO: [ app_begin ] --END-- [ RunTime:0.008099s ]
INFO: [ app_end ] --START--
INFO: Run Behavior\ShowPageTraceBehavior [ RunTime:0.007320s ]
INFO: [ app_end ] --END-- [ RunTime:0.008293s ]

[ 2019-10-05T20:41:23+08:00 ] ::1 /xunmi/index.php/Admin/Login/login.html
INFO: [ app_init ] --START--
INFO: Run Behavior\BuildLiteBehavior [ RunTime:0.000160s ]
INFO: [ app_init ] --END-- [ RunTime:0.003748s ]
INFO: [ app_begin ] --START--
INFO: Run Behavior\ReadHtmlCacheBehavior [ RunTime:0.007033s ]
INFO: [ app_begin ] --END-- [ RunTime:0.007710s ]
NOTIC: [8] A session had already been started - ignoring session_start() D:\wamp\wamp\www\xunmi\Application\Admin\Controller\LoginController.class.php 第 8 行.
SQL: SHOW COLUMNS FROM `xm_admin` [ RunTime:0.1431s ]
SQL: SELECT * FROM `xm_admin` WHERE `admin_name` = 'admin' AND `user_password` = 'admin' LIMIT 1   [ RunTime:0.0014s ]

[ 2019-10-05T20:41:24+08:00 ] ::1 /xunmi/index.php/Admin/Index/index.html
INFO: [ app_init ] --START--
INFO: Run Behavior\BuildLiteBehavior [ RunTime:0.000090s ]
INFO: [ app_init ] --END-- [ RunTime:0.004560s ]
INFO: [ app_begin ] --START--
INFO: Run Behavior\ReadHtmlCacheBehavior [ RunTime:0.004354s ]
INFO: [ app_begin ] --END-- [ RunTime:0.005162s ]
INFO: [ view_parse ] --START--
INFO: [ template_filter ] --START--
INFO: Run Behavior\ContentReplaceBehavior [ RunTime:0.000696s ]
INFO: [ template_filter ] --END-- [ RunTime:0.002305s ]
NOTIC: [8] Undefined index: admin_id D:\wamp\wamp\www\xunmi\Application\Runtime\Cache\Admin\b595b808c2ebeeeb0478ffc30bb4e87a.php 第 21 行.
INFO: Run Behavior\ParseTemplateBehavior [ RunTime:0.303434s ]
INFO: [ view_parse ] --END-- [ RunTime:0.304321s ]
INFO: [ view_filter ] --START--
INFO: Run Behavior\WriteHtmlCacheBehavior [ RunTime:0.006363s ]
INFO: [ view_filter ] --END-- [ RunTime:0.007184s ]
INFO: [ app_end ] --START--
INFO: Run Behavior\ShowPageTraceBehavior [ RunTime:0.006042s ]
INFO: [ app_end ] --END-- [ RunTime:0.006795s ]

[ 2019-10-05T20:41:31+08:00 ] ::1 /xunmi/index.php/Admin/Index/index.html
INFO: [ app_init ] --START--
INFO: Run Behavior\BuildLiteBehavior [ RunTime:0.000087s ]
INFO: [ app_init ] --END-- [ RunTime:0.002225s ]
INFO: [ app_begin ] --START--
INFO: Run Behavior\ReadHtmlCacheBehavior [ RunTime:0.003761s ]
INFO: [ app_begin ] --END-- [ RunTime:0.004216s ]
INFO: [ view_parse ] --START--
INFO: [ template_filter ] --START--
INFO: Run Behavior\ContentReplaceBehavior [ RunTime:0.000265s ]
INFO: [ template_filter ] --END-- [ RunTime:0.000797s ]
NOTIC: [8] Undefined index: admin_id D:\wamp\wamp\www\xunmi\Application\Runtime\Cache\Admin\b595b808c2ebeeeb0478ffc30bb4e87a.php 第 21 行.
INFO: Run Behavior\ParseTemplateBehavior [ RunTime:0.040722s ]
INFO: [ view_parse ] --END-- [ RunTime:0.041166s ]
INFO: [ view_filter ] --START--
INFO: Run Behavior\WriteHtmlCacheBehavior [ RunTime:0.005413s ]
INFO: [ view_filter ] --END-- [ RunTime:0.005983s ]
INFO: [ app_end ] --START--
INFO: Run Behavior\ShowPageTraceBehavior [ RunTime:0.005694s ]
INFO: [ app_end ] --END-- [ RunTime:0.006244s ]

[ 2019-10-05T20:41:32+08:00 ] ::1 /xunmi/index.php/Admin/Index/index.html
INFO: [ app_init ] --START--
INFO: Run Behavior\BuildLiteBehavior [ RunTime:0.000135s ]
INFO: [ app_init ] --END-- [ RunTime:0.003433s ]
INFO: [ app_begin ] --START--
INFO: Run Behavior\ReadHtmlCacheBehavior [ RunTime:0.003620s ]
INFO: [ app_begin ] --END-- [ RunTime:0.005128s ]
INFO: [ view_parse ] --START--
INFO: [ template_filter ] --START--
INFO: Run Behavior\ContentReplaceBehavior [ RunTime:0.000483s ]
INFO: [ template_filter ] --END-- [ RunTime:0.001201s ]
NOTIC: [8] Undefined index: admin_id D:\wamp\wamp\www\xunmi\Application\Runtime\Cache\Admin\b595b808c2ebeeeb0478ffc30bb4e87a.php 第 21 行.
INFO: Run Behavior\ParseTemplateBehavior [ RunTime:0.058690s ]
INFO: [ view_parse ] --END-- [ RunTime:0.059274s ]
INFO: [ view_filter ] --START--
INFO: Run Behavior\WriteHtmlCacheBehavior [ RunTime:0.003365s ]
INFO: [ view_filter ] --END-- [ RunTime:0.003933s ]
INFO: [ app_end ] --START--
INFO: Run Behavior\ShowPageTraceBehavior [ RunTime:0.003799s ]
INFO: [ app_end ] --END-- [ RunTime:0.004225s ]

[ 2019-10-05T20:41:39+08:00 ] ::1 /xunmi/index.php/Admin/Index/index.html
INFO: [ app_init ] --START--
INFO: Run Behavior\BuildLiteBehavior [ RunTime:0.000094s ]
INFO: [ app_init ] --END-- [ RunTime:0.003206s ]
INFO: [ app_begin ] --START--
INFO: Run Behavior\ReadHtmlCacheBehavior [ RunTime:0.004813s ]
INFO: [ app_begin ] --END-- [ RunTime:0.005437s ]
INFO: [ view_parse ] --START--
INFO: [ template_filter ] --START--
INFO: Run Behavior\ContentReplaceBehavior [ RunTime:0.000303s ]
INFO: [ template_filter ] --END-- [ RunTime:0.000772s ]
NOTIC: [8] Undefined index: admin_id D:\wamp\wamp\www\xunmi\Application\Runtime\Cache\Admin\b595b808c2ebeeeb0478ffc30bb4e87a.php 第 21 行.
INFO: Run Behavior\ParseTemplateBehavior [ RunTime:0.048422s ]
INFO: [ view_parse ] --END-- [ RunTime:0.048867s ]
INFO: [ view_filter ] --START--
INFO: Run Behavior\WriteHtmlCacheBehavior [ RunTime:0.002865s ]
INFO: [ view_filter ] --END-- [ RunTime:0.003269s ]
INFO: [ app_end ] --START--
INFO: Run Behavior\ShowPageTraceBehavior [ RunTime:0.004633s ]
INFO: [ app_end ] --END-- [ RunTime:0.005056s ]

[ 2019-10-05T20:42:14+08:00 ] ::1 /xunmi/index.php/Admin/Index/index.html
INFO: [ app_init ] --START--
INFO: Run Behavior\BuildLiteBehavior [ RunTime:0.000118s ]
INFO: [ app_init ] --END-- [ RunTime:0.002610s ]
INFO: [ app_begin ] --START--
INFO: Run Behavior\ReadHtmlCacheBehavior [ RunTime:0.003781s ]
INFO: [ app_begin ] --END-- [ RunTime:0.004219s ]
INFO: [ view_parse ] --START--
INFO: [ template_filter ] --START--
INFO: Run Behavior\ContentReplaceBehavior [ RunTime:0.000250s ]
INFO: [ template_filter ] --END-- [ RunTime:0.000737s ]
INFO: Run Behavior\ParseTemplateBehavior [ RunTime:0.036945s ]
INFO: [ view_parse ] --END-- [ RunTime:0.037713s ]
INFO: [ view_filter ] --START--
INFO: Run Behavior\WriteHtmlCacheBehavior [ RunTime:0.002960s ]
INFO: [ view_filter ] --END-- [ RunTime:0.003716s ]

[ 2019-10-05T20:42:17+08:00 ] ::1 /xunmi/index.php/Admin/Login/login.html
INFO: [ app_init ] --START--
INFO: Run Behavior\BuildLiteBehavior [ RunTime:0.000166s ]
INFO: [ app_init ] --END-- [ RunTime:0.004928s ]
INFO: [ app_begin ] --START--
INFO: Run Behavior\ReadHtmlCacheBehavior [ RunTime:0.002834s ]
INFO: [ app_begin ] --END-- [ RunTime:0.003460s ]
NOTIC: [8] A session had already been started - ignoring session_start() D:\wamp\wamp\www\xunmi\Application\Admin\Controller\LoginController.class.php 第 8 行.
INFO: [ view_parse ] --START--
INFO: [ template_filter ] --START--
INFO: Run Behavior\ContentReplaceBehavior [ RunTime:0.000236s ]
INFO: [ template_filter ] --END-- [ RunTime:0.000673s ]
INFO: Run Behavior\ParseTemplateBehavior [ RunTime:0.031911s ]
INFO: [ view_parse ] --END-- [ RunTime:0.032568s ]
INFO: [ view_filter ] --START--
INFO: Run Behavior\WriteHtmlCacheBehavior [ RunTime:0.002385s ]
INFO: [ view_filter ] --END-- [ RunTime:0.002820s ]
INFO: [ app_end ] --START--
INFO: Run Behavior\ShowPageTraceBehavior [ RunTime:0.003055s ]
INFO: [ app_end ] --END-- [ RunTime:0.003444s ]

[ 2019-10-05T20:42:18+08:00 ] ::1 /xunmi/index.php/Admin/Login/verify
INFO: [ app_init ] --START--
INFO: Run Behavior\BuildLiteBehavior [ RunTime:0.000095s ]
INFO: [ app_init ] --END-- [ RunTime:0.003343s ]
INFO: [ app_begin ] --START--
INFO: Run Behavior\ReadHtmlCacheBehavior [ RunTime:0.002858s ]
INFO: [ app_begin ] --END-- [ RunTime:0.003294s ]
INFO: [ app_end ] --START--
INFO: Run Behavior\ShowPageTraceBehavior [ RunTime:0.008866s ]
INFO: [ app_end ] --END-- [ RunTime:0.009760s ]

[ 2019-10-05T20:46:17+08:00 ] ::1 /xunmi/index.php/Admin/Login/verify/0.1278929329372187
INFO: [ app_init ] --START--
INFO: Run Behavior\BuildLiteBehavior [ RunTime:0.000203s ]
INFO: [ app_init ] --END-- [ RunTime:0.004871s ]
INFO: [ app_begin ] --START--
INFO: Run Behavior\ReadHtmlCacheBehavior [ RunTime:0.005895s ]
INFO: [ app_begin ] --END-- [ RunTime:0.006694s ]
INFO: [ app_end ] --START--
INFO: Run Behavior\ShowPageTraceBehavior [ RunTime:0.006717s ]
INFO: [ app_end ] --END-- [ RunTime:0.007847s ]

[ 2019-10-05T20:46:26+08:00 ] ::1 /xunmi/index.php/Admin/Login/login.html
INFO: [ app_init ] --START--
INFO: Run Behavior\BuildLiteBehavior [ RunTime:0.000188s ]
INFO: [ app_init ] --END-- [ RunTime:0.005778s ]
INFO: [ app_begin ] --START--
INFO: Run Behavior\ReadHtmlCacheBehavior [ RunTime:0.004771s ]
INFO: [ app_begin ] --END-- [ RunTime:0.005633s ]
NOTIC: [8] A session had already been started - ignoring session_start() D:\wamp\wamp\www\xunmi\Application\Admin\Controller\LoginController.class.php 第 8 行.
INFO: [ view_parse ] --START--
INFO: [ template_filter ] --START--
INFO: Run Behavior\ContentReplaceBehavior [ RunTime:0.000377s ]
INFO: [ template_filter ] --END-- [ RunTime:0.001397s ]
INFO: Run Behavior\ParseTemplateBehavior [ RunTime:0.047872s ]
INFO: [ view_parse ] --END-- [ RunTime:0.048606s ]
INFO: [ view_filter ] --START--
INFO: Run Behavior\WriteHtmlCacheBehavior [ RunTime:0.004222s ]
INFO: [ view_filter ] --END-- [ RunTime:0.004621s ]

[ 2019-10-05T20:46:29+08:00 ] ::1 /xunmi/index.php/Admin/Login/login.html
INFO: [ app_init ] --START--
INFO: Run Behavior\BuildLiteBehavior [ RunTime:0.000091s ]
INFO: [ app_init ] --END-- [ RunTime:0.002266s ]
INFO: [ app_begin ] --START--
INFO: Run Behavior\ReadHtmlCacheBehavior [ RunTime:0.002574s ]
INFO: [ app_begin ] --END-- [ RunTime:0.003045s ]
NOTIC: [8] A session had already been started - ignoring session_start() D:\wamp\wamp\www\xunmi\Application\Admin\Controller\LoginController.class.php 第 8 行.
INFO: [ view_parse ] --START--
INFO: [ template_filter ] --START--
INFO: Run Behavior\ContentReplaceBehavior [ RunTime:0.000241s ]
INFO: [ template_filter ] --END-- [ RunTime:0.000677s ]
INFO: Run Behavior\ParseTemplateBehavior [ RunTime:0.062270s ]
INFO: [ view_parse ] --END-- [ RunTime:0.062748s ]
INFO: [ view_filter ] --START--
INFO: Run Behavior\WriteHtmlCacheBehavior [ RunTime:0.002605s ]
INFO: [ view_filter ] --END-- [ RunTime:0.002993s ]
INFO: [ app_end ] --START--
INFO: Run Behavior\ShowPageTraceBehavior [ RunTime:0.004572s ]
INFO: [ app_end ] --END-- [ RunTime:0.005233s ]

[ 2019-10-05T20:46:41+08:00 ] ::1 /xunmi/index.php/Admin/Login/verify/0.826889175614431
INFO: [ app_init ] --START--
INFO: Run Behavior\BuildLiteBehavior [ RunTime:0.000092s ]
INFO: [ app_init ] --END-- [ RunTime:0.002763s ]
INFO: [ app_begin ] --START--
INFO: Run Behavior\ReadHtmlCacheBehavior [ RunTime:0.004949s ]
INFO: [ app_begin ] --END-- [ RunTime:0.005821s ]
INFO: [ app_end ] --START--
INFO: Run Behavior\ShowPageTraceBehavior [ RunTime:0.003440s ]
INFO: [ app_end ] --END-- [ RunTime:0.003885s ]

[ 2019-10-05T20:46:42+08:00 ] ::1 /xunmi/index.php/Admin/Login/verify/0.6583936163315709
INFO: [ app_init ] --START--
INFO: Run Behavior\BuildLiteBehavior [ RunTime:0.000090s ]
INFO: [ app_init ] --END-- [ RunTime:0.002254s ]
INFO: [ app_begin ] --START--
INFO: Run Behavior\ReadHtmlCacheBehavior [ RunTime:0.003270s ]
INFO: [ app_begin ] --END-- [ RunTime:0.003693s ]
INFO: [ app_end ] --START--
INFO: Run Behavior\ShowPageTraceBehavior [ RunTime:0.003439s ]
INFO: [ app_end ] --END-- [ RunTime:0.003907s ]

[ 2019-10-05T20:46:45+08:00 ] ::1 /xunmi/index.php/Admin/Login/verify/0.18254260234306718
INFO: [ app_init ] --START--
INFO: Run Behavior\BuildLiteBehavior [ RunTime:0.000089s ]
INFO: [ app_init ] --END-- [ RunTime:0.002050s ]
INFO: [ app_begin ] --START--
INFO: Run Behavior\ReadHtmlCacheBehavior [ RunTime:0.003065s ]
INFO: [ app_begin ] --END-- [ RunTime:0.003512s ]
INFO: [ app_end ] --START--
INFO: Run Behavior\ShowPageTraceBehavior [ RunTime:0.003350s ]
INFO: [ app_end ] --END-- [ RunTime:0.003803s ]

[ 2019-10-05T20:46:51+08:00 ] ::1 /xunmi/index.php/Admin/Login/login.html
INFO: [ app_init ] --START--
INFO: Run Behavior\BuildLiteBehavior [ RunTime:0.000087s ]
INFO: [ app_init ] --END-- [ RunTime:0.002297s ]
INFO: [ app_begin ] --START--
INFO: Run Behavior\ReadHtmlCacheBehavior [ RunTime:0.002440s ]
INFO: [ app_begin ] --END-- [ RunTime:0.002895s ]
NOTIC: [8] A session had already been started - ignoring session_start() D:\wamp\wamp\www\xunmi\Application\Admin\Controller\LoginController.class.php 第 8 行.
SQL: SHOW COLUMNS FROM `xm_admin` [ RunTime:0.0720s ]
SQL: SELECT * FROM `xm_admin` WHERE `admin_name` = 'admin' AND `user_password` = 'admin' LIMIT 1   [ RunTime:0.0017s ]

[ 2019-10-05T20:46:51+08:00 ] ::1 /xunmi/index.php/Admin/Index/index.html
INFO: [ app_init ] --START--
INFO: Run Behavior\BuildLiteBehavior [ RunTime:0.000087s ]
INFO: [ app_init ] --END-- [ RunTime:0.002166s ]
INFO: [ app_begin ] --START--
INFO: Run Behavior\ReadHtmlCacheBehavior [ RunTime:0.003525s ]
INFO: [ app_begin ] --END-- [ RunTime:0.004248s ]
INFO: [ view_parse ] --START--
INFO: [ template_filter ] --START--
INFO: Run Behavior\ContentReplaceBehavior [ RunTime:0.000274s ]
INFO: [ template_filter ] --END-- [ RunTime:0.000707s ]
NOTIC: [8] Undefined index: admin_id D:\wamp\wamp\www\xunmi\Application\Runtime\Cache\Admin\b595b808c2ebeeeb0478ffc30bb4e87a.php 第 21 行.
INFO: Run Behavior\ParseTemplateBehavior [ RunTime:0.040430s ]
INFO: [ view_parse ] --END-- [ RunTime:0.040973s ]
INFO: [ view_filter ] --START--
INFO: Run Behavior\WriteHtmlCacheBehavior [ RunTime:0.002458s ]
INFO: [ view_filter ] --END-- [ RunTime:0.002841s ]
INFO: [ app_end ] --START--
INFO: Run Behavior\ShowPageTraceBehavior [ RunTime:0.003157s ]
INFO: [ app_end ] --END-- [ RunTime:0.003634s ]

[ 2019-10-05T20:47:10+08:00 ] ::1 /xunmi/index.php/Admin/Index/index.html
INFO: [ app_init ] --START--
INFO: Run Behavior\BuildLiteBehavior [ RunTime:0.000089s ]
INFO: [ app_init ] --END-- [ RunTime:0.002032s ]
INFO: [ app_begin ] --START--
INFO: Run Behavior\ReadHtmlCacheBehavior [ RunTime:0.003075s ]
INFO: [ app_begin ] --END-- [ RunTime:0.003636s ]
INFO: [ view_parse ] --START--
INFO: [ template_filter ] --START--
INFO: Run Behavior\ContentReplaceBehavior [ RunTime:0.000259s ]
INFO: [ template_filter ] --END-- [ RunTime:0.000801s ]
INFO: Run Behavior\ParseTemplateBehavior [ RunTime:0.034196s ]
INFO: [ view_parse ] --END-- [ RunTime:0.034982s ]
INFO: [ view_filter ] --START--
INFO: Run Behavior\WriteHtmlCacheBehavior [ RunTime:0.003676s ]
INFO: [ view_filter ] --END-- [ RunTime:0.004180s ]

[ 2019-10-05T20:47:14+08:00 ] ::1 /xunmi/index.php/Admin/Login/login.html
INFO: [ app_init ] --START--
INFO: Run Behavior\BuildLiteBehavior [ RunTime:0.000133s ]
INFO: [ app_init ] --END-- [ RunTime:0.003628s ]
INFO: [ app_begin ] --START--
INFO: Run Behavior\ReadHtmlCacheBehavior [ RunTime:0.002356s ]
INFO: [ app_begin ] --END-- [ RunTime:0.002965s ]
NOTIC: [8] A session had already been started - ignoring session_start() D:\wamp\wamp\www\xunmi\Application\Admin\Controller\LoginController.class.php 第 8 行.
INFO: [ view_parse ] --START--
INFO: [ template_filter ] --START--
INFO: Run Behavior\ContentReplaceBehavior [ RunTime:0.000238s ]
INFO: [ template_filter ] --END-- [ RunTime:0.000698s ]
INFO: Run Behavior\ParseTemplateBehavior [ RunTime:0.031303s ]
INFO: [ view_parse ] --END-- [ RunTime:0.031774s ]
INFO: [ view_filter ] --START--
INFO: Run Behavior\WriteHtmlCacheBehavior [ RunTime:0.002313s ]
INFO: [ view_filter ] --END-- [ RunTime:0.002700s ]
INFO: [ app_end ] --START--
INFO: Run Behavior\ShowPageTraceBehavior [ RunTime:0.003299s ]
INFO: [ app_end ] --END-- [ RunTime:0.003731s ]

[ 2019-10-05T20:47:14+08:00 ] ::1 /xunmi/index.php/Admin/Login/verify
INFO: [ app_init ] --START--
INFO: Run Behavior\BuildLiteBehavior [ RunTime:0.000101s ]
INFO: [ app_init ] --END-- [ RunTime:0.002424s ]
INFO: [ app_begin ] --START--
INFO: Run Behavior\ReadHtmlCacheBehavior [ RunTime:0.005512s ]
INFO: [ app_begin ] --END-- [ RunTime:0.006391s ]
INFO: [ app_end ] --START--
INFO: Run Behavior\ShowPageTraceBehavior [ RunTime:0.003313s ]
INFO: [ app_end ] --END-- [ RunTime:0.003809s ]

[ 2019-10-05T20:48:39+08:00 ] ::1 /xunmi/index.php/Admin/Login/login.html
INFO: [ app_init ] --START--
INFO: Run Behavior\BuildLiteBehavior [ RunTime:0.000104s ]
INFO: [ app_init ] --END-- [ RunTime:0.005115s ]
INFO: [ app_begin ] --START--
INFO: Run Behavior\ReadHtmlCacheBehavior [ RunTime:0.003962s ]
INFO: [ app_begin ] --END-- [ RunTime:0.004444s ]
INFO: [ view_parse ] --START--
INFO: [ template_filter ] --START--
INFO: Run Behavior\ContentReplaceBehavior [ RunTime:0.000403s ]
INFO: [ template_filter ] --END-- [ RunTime:0.001317s ]
INFO: Run Behavior\ParseTemplateBehavior [ RunTime:0.051092s ]
INFO: [ view_parse ] --END-- [ RunTime:0.051922s ]
INFO: [ view_filter ] --START--
INFO: Run Behavior\WriteHtmlCacheBehavior [ RunTime:0.007237s ]
INFO: [ view_filter ] --END-- [ RunTime:0.007737s ]

[ 2019-10-05T20:48:42+08:00 ] ::1 /xunmi/index.php/Admin/Login/login.html
INFO: [ app_init ] --START--
INFO: Run Behavior\BuildLiteBehavior [ RunTime:0.000181s ]
INFO: [ app_init ] --END-- [ RunTime:0.003678s ]
INFO: [ app_begin ] --START--
INFO: Run Behavior\ReadHtmlCacheBehavior [ RunTime:0.005723s ]
INFO: [ app_begin ] --END-- [ RunTime:0.006223s ]
INFO: [ view_parse ] --START--
INFO: [ template_filter ] --START--
INFO: Run Behavior\ContentReplaceBehavior [ RunTime:0.000245s ]
INFO: [ template_filter ] --END-- [ RunTime:0.000684s ]
INFO: Run Behavior\ParseTemplateBehavior [ RunTime:0.031295s ]
INFO: [ view_parse ] --END-- [ RunTime:0.031790s ]
INFO: [ view_filter ] --START--
INFO: Run Behavior\WriteHtmlCacheBehavior [ RunTime:0.002807s ]
INFO: [ view_filter ] --END-- [ RunTime:0.003274s ]
INFO: [ app_end ] --START--
INFO: Run Behavior\ShowPageTraceBehavior [ RunTime:0.006492s ]
INFO: [ app_end ] --END-- [ RunTime:0.006952s ]

[ 2019-10-05T20:48:47+08:00 ] ::1 /xunmi/index.php/Admin/Login/verify/0.08973257820801472
INFO: [ app_init ] --START--
INFO: Run Behavior\BuildLiteBehavior [ RunTime:0.000115s ]
INFO: [ app_init ] --END-- [ RunTime:0.003187s ]
INFO: [ app_begin ] --START--
INFO: Run Behavior\ReadHtmlCacheBehavior [ RunTime:0.004680s ]
INFO: [ app_begin ] --END-- [ RunTime:0.005872s ]
INFO: [ app_end ] --START--
INFO: Run Behavior\ShowPageTraceBehavior [ RunTime:0.003509s ]
INFO: [ app_end ] --END-- [ RunTime:0.004024s ]

[ 2019-10-05T20:48:50+08:00 ] ::1 /xunmi/index.php/Admin/Login/verify/0.540843855201965
INFO: [ app_init ] --START--
INFO: Run Behavior\BuildLiteBehavior [ RunTime:0.000103s ]
INFO: [ app_init ] --END-- [ RunTime:0.002368s ]
INFO: [ app_begin ] --START--
INFO: Run Behavior\ReadHtmlCacheBehavior [ RunTime:0.002389s ]
INFO: [ app_begin ] --END-- [ RunTime:0.002809s ]
INFO: [ app_end ] --START--
INFO: Run Behavior\ShowPageTraceBehavior [ RunTime:0.003393s ]
INFO: [ app_end ] --END-- [ RunTime:0.003919s ]

[ 2019-10-05T20:48:56+08:00 ] ::1 /xunmi/index.php/Admin/Login/login.html
INFO: [ app_init ] --START--
INFO: Run Behavior\BuildLiteBehavior [ RunTime:0.000149s ]
INFO: [ app_init ] --END-- [ RunTime:0.003522s ]
INFO: [ app_begin ] --START--
INFO: Run Behavior\ReadHtmlCacheBehavior [ RunTime:0.004570s ]
INFO: [ app_begin ] --END-- [ RunTime:0.005776s ]
SQL: SHOW COLUMNS FROM `xm_admin` [ RunTime:0.0571s ]
SQL: SELECT * FROM `xm_admin` WHERE `admin_name` = 'admin' AND `user_password` = 'admin' LIMIT 1   [ RunTime:0.0032s ]

[ 2019-10-05T20:48:57+08:00 ] ::1 /xunmi/index.php/Admin/Index/index.html
INFO: [ app_init ] --START--
INFO: Run Behavior\BuildLiteBehavior [ RunTime:0.000099s ]
INFO: [ app_init ] --END-- [ RunTime:0.002167s ]
INFO: [ app_begin ] --START--
INFO: Run Behavior\ReadHtmlCacheBehavior [ RunTime:0.003114s ]
INFO: [ app_begin ] --END-- [ RunTime:0.003553s ]
INFO: [ view_parse ] --START--
INFO: [ template_filter ] --START--
INFO: Run Behavior\ContentReplaceBehavior [ RunTime:0.000274s ]
INFO: [ template_filter ] --END-- [ RunTime:0.000729s ]
NOTIC: [8] Undefined index: admin_id D:\wamp\wamp\www\xunmi\Application\Runtime\Cache\Admin\b595b808c2ebeeeb0478ffc30bb4e87a.php 第 21 行.
INFO: Run Behavior\ParseTemplateBehavior [ RunTime:0.036124s ]
INFO: [ view_parse ] --END-- [ RunTime:0.036602s ]
INFO: [ view_filter ] --START--
INFO: Run Behavior\WriteHtmlCacheBehavior [ RunTime:0.002377s ]
INFO: [ view_filter ] --END-- [ RunTime:0.002841s ]
INFO: [ app_end ] --START--
INFO: Run Behavior\ShowPageTraceBehavior [ RunTime:0.002973s ]
INFO: [ app_end ] --END-- [ RunTime:0.003379s ]

[ 2019-10-05T20:49:07+08:00 ] ::1 /xunmi/index.php/Admin/Index/index.html
INFO: [ app_init ] --START--
INFO: Run Behavior\BuildLiteBehavior [ RunTime:0.000089s ]
INFO: [ app_init ] --END-- [ RunTime:0.002423s ]
INFO: [ app_begin ] --START--
INFO: Run Behavior\ReadHtmlCacheBehavior [ RunTime:0.003312s ]
INFO: [ app_begin ] --END-- [ RunTime:0.003788s ]
INFO: [ view_parse ] --START--
INFO: [ template_filter ] --START--
INFO: Run Behavior\ContentReplaceBehavior [ RunTime:0.000334s ]
INFO: [ template_filter ] --END-- [ RunTime:0.000923s ]
NOTIC: [8] Undefined index: admin_id D:\wamp\wamp\www\xunmi\Application\Runtime\Cache\Admin\b595b808c2ebeeeb0478ffc30bb4e87a.php 第 21 行.
INFO: Run Behavior\ParseTemplateBehavior [ RunTime:0.036022s ]
INFO: [ view_parse ] --END-- [ RunTime:0.036578s ]
INFO: [ view_filter ] --START--
INFO: Run Behavior\WriteHtmlCacheBehavior [ RunTime:0.002737s ]
INFO: [ view_filter ] --END-- [ RunTime:0.003119s ]
INFO: [ app_end ] --START--
INFO: Run Behavior\ShowPageTraceBehavior [ RunTime:0.003407s ]
INFO: [ app_end ] --END-- [ RunTime:0.003865s ]

[ 2019-10-05T20:49:08+08:00 ] ::1 /xunmi/index.php/Admin/Index/index.html
INFO: [ app_init ] --START--
INFO: Run Behavior\BuildLiteBehavior [ RunTime:0.000125s ]
INFO: [ app_init ] --END-- [ RunTime:0.002337s ]
INFO: [ app_begin ] --START--
INFO: Run Behavior\ReadHtmlCacheBehavior [ RunTime:0.003357s ]
INFO: [ app_begin ] --END-- [ RunTime:0.003803s ]
INFO: [ view_parse ] --START--
INFO: [ template_filter ] --START--
INFO: Run Behavior\ContentReplaceBehavior [ RunTime:0.000270s ]
INFO: [ template_filter ] --END-- [ RunTime:0.000702s ]
NOTIC: [8] Undefined index: admin_id D:\wamp\wamp\www\xunmi\Application\Runtime\Cache\Admin\b595b808c2ebeeeb0478ffc30bb4e87a.php 第 21 行.
INFO: Run Behavior\ParseTemplateBehavior [ RunTime:0.036732s ]
INFO: [ view_parse ] --END-- [ RunTime:0.037354s ]
INFO: [ view_filter ] --START--
INFO: Run Behavior\WriteHtmlCacheBehavior [ RunTime:0.003382s ]
INFO: [ view_filter ] --END-- [ RunTime:0.004047s ]
INFO: [ app_end ] --START--
INFO: Run Behavior\ShowPageTraceBehavior [ RunTime:0.003441s ]
INFO: [ app_end ] --END-- [ RunTime:0.003890s ]

[ 2019-10-05T20:49:09+08:00 ] ::1 /xunmi/index.php/Admin/Index/index.html
INFO: [ app_init ] --START--
INFO: Run Behavior\BuildLiteBehavior [ RunTime:0.000091s ]
INFO: [ app_init ] --END-- [ RunTime:0.002126s ]
INFO: [ app_begin ] --START--
INFO: Run Behavior\ReadHtmlCacheBehavior [ RunTime:0.003603s ]
INFO: [ app_begin ] --END-- [ RunTime:0.004313s ]
INFO: [ view_parse ] --START--
INFO: [ template_filter ] --START--
INFO: Run Behavior\ContentReplaceBehavior [ RunTime:0.000270s ]
INFO: [ template_filter ] --END-- [ RunTime:0.000698s ]
NOTIC: [8] Undefined index: admin_id D:\wamp\wamp\www\xunmi\Application\Runtime\Cache\Admin\b595b808c2ebeeeb0478ffc30bb4e87a.php 第 21 行.
INFO: Run Behavior\ParseTemplateBehavior [ RunTime:0.040269s ]
INFO: [ view_parse ] --END-- [ RunTime:0.040747s ]
INFO: [ view_filter ] --START--
INFO: Run Behavior\WriteHtmlCacheBehavior [ RunTime:0.002809s ]
INFO: [ view_filter ] --END-- [ RunTime:0.003189s ]
INFO: [ app_end ] --START--
INFO: Run Behavior\ShowPageTraceBehavior [ RunTime:0.003308s ]
INFO: [ app_end ] --END-- [ RunTime:0.003798s ]

[ 2019-10-05T20:51:11+08:00 ] ::1 /xunmi/index.php/Admin/Index/index.html
INFO: [ app_init ] --START--
INFO: Run Behavior\BuildLiteBehavior [ RunTime:0.000299s ]
INFO: [ app_init ] --END-- [ RunTime:0.007137s ]
INFO: [ app_begin ] --START--
INFO: Run Behavior\ReadHtmlCacheBehavior [ RunTime:0.005161s ]
INFO: [ app_begin ] --END-- [ RunTime:0.005890s ]
INFO: [ view_parse ] --START--
INFO: [ template_filter ] --START--
INFO: Run Behavior\ContentReplaceBehavior [ RunTime:0.000436s ]
INFO: [ template_filter ] --END-- [ RunTime:0.001112s ]
NOTIC: [8] Undefined index: admin_id D:\wamp\wamp\www\xunmi\Application\Runtime\Cache\Admin\b595b808c2ebeeeb0478ffc30bb4e87a.php 第 21 行.
INFO: Run Behavior\ParseTemplateBehavior [ RunTime:0.068158s ]
INFO: [ view_parse ] --END-- [ RunTime:0.068788s ]
INFO: [ view_filter ] --START--
INFO: Run Behavior\WriteHtmlCacheBehavior [ RunTime:0.004802s ]
INFO: [ view_filter ] --END-- [ RunTime:0.005416s ]
INFO: [ app_end ] --START--
INFO: Run Behavior\ShowPageTraceBehavior [ RunTime:0.003332s ]
INFO: [ app_end ] --END-- [ RunTime:0.003764s ]

[ 2019-10-05T20:56:45+08:00 ] ::1 /xunmi/index.php/Admin/Index/index.html
INFO: [ app_init ] --START--
INFO: Run Behavior\BuildLiteBehavior [ RunTime:0.000093s ]
INFO: [ app_init ] --END-- [ RunTime:0.002219s ]
INFO: [ app_begin ] --START--
INFO: Run Behavior\ReadHtmlCacheBehavior [ RunTime:0.004534s ]
INFO: [ app_begin ] --END-- [ RunTime:0.005343s ]
INFO: [ view_parse ] --START--
INFO: [ template_filter ] --START--
INFO: Run Behavior\ContentReplaceBehavior [ RunTime:0.000217s ]
INFO: [ template_filter ] --END-- [ RunTime:0.000656s ]
INFO: Run Behavior\ParseTemplateBehavior [ RunTime:0.041969s ]
INFO: [ view_parse ] --END-- [ RunTime:0.042786s ]
INFO: [ view_filter ] --START--
INFO: Run Behavior\WriteHtmlCacheBehavior [ RunTime:0.003232s ]
INFO: [ view_filter ] --END-- [ RunTime:0.003641s ]

[ 2019-10-05T20:56:49+08:00 ] ::1 /xunmi/index.php/Admin/Login/login.html
INFO: [ app_init ] --START--
INFO: Run Behavior\BuildLiteBehavior [ RunTime:0.000089s ]
INFO: [ app_init ] --END-- [ RunTime:0.002247s ]
INFO: [ app_begin ] --START--
INFO: Run Behavior\ReadHtmlCacheBehavior [ RunTime:0.004781s ]
INFO: [ app_begin ] --END-- [ RunTime:0.005331s ]
INFO: [ view_parse ] --START--
INFO: [ template_filter ] --START--
INFO: Run Behavior\ContentReplaceBehavior [ RunTime:0.000247s ]
INFO: [ template_filter ] --END-- [ RunTime:0.000715s ]
INFO: Run Behavior\ParseTemplateBehavior [ RunTime:0.041774s ]
INFO: [ view_parse ] --END-- [ RunTime:0.042248s ]
INFO: [ view_filter ] --START--
INFO: Run Behavior\WriteHtmlCacheBehavior [ RunTime:0.004162s ]
INFO: [ view_filter ] --END-- [ RunTime:0.004582s ]
INFO: [ app_end ] --START--
INFO: Run Behavior\ShowPageTraceBehavior [ RunTime:0.005285s ]
INFO: [ app_end ] --END-- [ RunTime:0.005876s ]

[ 2019-10-05T20:56:49+08:00 ] ::1 /xunmi/index.php/Admin/Login/verify
INFO: [ app_init ] --START--
INFO: Run Behavior\BuildLiteBehavior [ RunTime:0.000239s ]
INFO: [ app_init ] --END-- [ RunTime:0.003685s ]
INFO: [ app_begin ] --START--
INFO: Run Behavior\ReadHtmlCacheBehavior [ RunTime:0.008665s ]
INFO: [ app_begin ] --END-- [ RunTime:0.009257s ]
INFO: [ app_end ] --START--
INFO: Run Behavior\ShowPageTraceBehavior [ RunTime:0.009111s ]
INFO: [ app_end ] --END-- [ RunTime:0.009924s ]

[ 2019-10-05T21:03:56+08:00 ] ::1 /xunmi/index.php/Admin/Login/verify/0.4091735889486263
INFO: [ app_init ] --START--
INFO: Run Behavior\BuildLiteBehavior [ RunTime:0.000148s ]
INFO: [ app_init ] --END-- [ RunTime:0.005562s ]
INFO: [ app_begin ] --START--
INFO: Run Behavior\ReadHtmlCacheBehavior [ RunTime:0.009425s ]
INFO: [ app_begin ] --END-- [ RunTime:0.011081s ]
INFO: [ app_end ] --START--
INFO: Run Behavior\ShowPageTraceBehavior [ RunTime:0.004986s ]
INFO: [ app_end ] --END-- [ RunTime:0.006414s ]

[ 2019-10-05T21:03:58+08:00 ] ::1 /xunmi/index.php/Admin/Login/verify/0.39892052740393735
INFO: [ app_init ] --START--
INFO: Run Behavior\BuildLiteBehavior [ RunTime:0.000139s ]
INFO: [ app_init ] --END-- [ RunTime:0.002596s ]
INFO: [ app_begin ] --START--
INFO: Run Behavior\ReadHtmlCacheBehavior [ RunTime:0.002818s ]
INFO: [ app_begin ] --END-- [ RunTime:0.003303s ]
INFO: [ app_end ] --START--
INFO: Run Behavior\ShowPageTraceBehavior [ RunTime:0.004062s ]
INFO: [ app_end ] --END-- [ RunTime:0.004789s ]

[ 2019-10-05T21:04:01+08:00 ] ::1 /xunmi/index.php/Admin/Login/verify/0.6844174422253848
INFO: [ app_init ] --START--
INFO: Run Behavior\BuildLiteBehavior [ RunTime:0.000240s ]
INFO: [ app_init ] --END-- [ RunTime:0.003539s ]
INFO: [ app_begin ] --START--
INFO: Run Behavior\ReadHtmlCacheBehavior [ RunTime:0.003193s ]
INFO: [ app_begin ] --END-- [ RunTime:0.003697s ]
INFO: [ app_end ] --START--
INFO: Run Behavior\ShowPageTraceBehavior [ RunTime:0.003919s ]
INFO: [ app_end ] --END-- [ RunTime:0.004512s ]

[ 2019-10-05T21:04:07+08:00 ] ::1 /xunmi/index.php/Admin/Login/login.html
INFO: [ app_init ] --START--
INFO: Run Behavior\BuildLiteBehavior [ RunTime:0.000120s ]
INFO: [ app_init ] --END-- [ RunTime:0.003888s ]
INFO: [ app_begin ] --START--
INFO: Run Behavior\ReadHtmlCacheBehavior [ RunTime:0.007787s ]
INFO: [ app_begin ] --END-- [ RunTime:0.008674s ]
SQL: SHOW COLUMNS FROM `xm_admin` [ RunTime:0.0756s ]
SQL: SELECT * FROM `xm_admin` WHERE `admin_name` = 'admin' AND `user_password` = 'admin' LIMIT 1   [ RunTime:0.0021s ]

[ 2019-10-05T21:04:07+08:00 ] ::1 /xunmi/index.php/Admin/Index/index.html
INFO: [ app_init ] --START--
INFO: Run Behavior\BuildLiteBehavior [ RunTime:0.000165s ]
INFO: [ app_init ] --END-- [ RunTime:0.003526s ]
INFO: [ app_begin ] --START--
INFO: Run Behavior\ReadHtmlCacheBehavior [ RunTime:0.004214s ]
INFO: [ app_begin ] --END-- [ RunTime:0.004986s ]
INFO: [ view_parse ] --START--
INFO: [ template_filter ] --START--
INFO: Run Behavior\ContentReplaceBehavior [ RunTime:0.000297s ]
INFO: [ template_filter ] --END-- [ RunTime:0.000738s ]
NOTIC: [8] Undefined index: admin_id D:\wamp\wamp\www\xunmi\Application\Runtime\Cache\Admin\b595b808c2ebeeeb0478ffc30bb4e87a.php 第 21 行.
INFO: Run Behavior\ParseTemplateBehavior [ RunTime:0.054763s ]
INFO: [ view_parse ] --END-- [ RunTime:0.060223s ]
INFO: [ view_filter ] --START--
INFO: Run Behavior\WriteHtmlCacheBehavior [ RunTime:0.002796s ]
INFO: [ view_filter ] --END-- [ RunTime:0.003206s ]
INFO: [ app_end ] --START--
INFO: Run Behavior\ShowPageTraceBehavior [ RunTime:0.004672s ]
INFO: [ app_end ] --END-- [ RunTime:0.005159s ]

[ 2019-10-05T21:04:18+08:00 ] ::1 /xunmi/index.php/Admin/Index/index.html
INFO: [ app_init ] --START--
INFO: Run Behavior\BuildLiteBehavior [ RunTime:0.000115s ]
INFO: [ app_init ] --END-- [ RunTime:0.003876s ]
INFO: [ app_begin ] --START--
INFO: Run Behavior\ReadHtmlCacheBehavior [ RunTime:0.002458s ]
INFO: [ app_begin ] --END-- [ RunTime:0.002925s ]
INFO: [ view_parse ] --START--
INFO: [ template_filter ] --START--
INFO: Run Behavior\ContentReplaceBehavior [ RunTime:0.000316s ]
INFO: [ template_filter ] --END-- [ RunTime:0.000858s ]
NOTIC: [8] Undefined index: admin_id D:\wamp\wamp\www\xunmi\Application\Runtime\Cache\Admin\b595b808c2ebeeeb0478ffc30bb4e87a.php 第 21 行.
INFO: Run Behavior\ParseTemplateBehavior [ RunTime:0.040208s ]
INFO: [ view_parse ] --END-- [ RunTime:0.040832s ]
INFO: [ view_filter ] --START--
INFO: Run Behavior\WriteHtmlCacheBehavior [ RunTime:0.002752s ]
INFO: [ view_filter ] --END-- [ RunTime:0.003282s ]
INFO: [ app_end ] --START--
INFO: Run Behavior\ShowPageTraceBehavior [ RunTime:0.003963s ]
INFO: [ app_end ] --END-- [ RunTime:0.004422s ]

[ 2019-10-05T21:05:51+08:00 ] ::1 /xunmi/index.php/Admin/Index/index.html
INFO: [ app_init ] --START--
INFO: Run Behavior\BuildLiteBehavior [ RunTime:0.000153s ]
INFO: [ app_init ] --END-- [ RunTime:0.002690s ]
INFO: [ app_begin ] --START--
INFO: Run Behavior\ReadHtmlCacheBehavior [ RunTime:0.003485s ]
INFO: [ app_begin ] --END-- [ RunTime:0.004131s ]
INFO: [ view_parse ] --START--
INFO: [ template_filter ] --START--
INFO: Run Behavior\ContentReplaceBehavior [ RunTime:0.000361s ]
INFO: [ template_filter ] --END-- [ RunTime:0.001040s ]
INFO: Run Behavior\ParseTemplateBehavior [ RunTime:0.053440s ]
INFO: [ view_parse ] --END-- [ RunTime:0.054244s ]
INFO: [ view_filter ] --START--
INFO: Run Behavior\WriteHtmlCacheBehavior [ RunTime:0.004474s ]
INFO: [ view_filter ] --END-- [ RunTime:0.004943s ]

[ 2019-10-05T21:05:55+08:00 ] ::1 /xunmi/index.php/Admin/Login/login.html
INFO: [ app_init ] --START--
INFO: Run Behavior\BuildLiteBehavior [ RunTime:0.000096s ]
INFO: [ app_init ] --END-- [ RunTime:0.002223s ]
INFO: [ app_begin ] --START--
INFO: Run Behavior\ReadHtmlCacheBehavior [ RunTime:0.004100s ]
INFO: [ app_begin ] --END-- [ RunTime:0.004595s ]
INFO: [ view_parse ] --START--
INFO: [ template_filter ] --START--
INFO: Run Behavior\ContentReplaceBehavior [ RunTime:0.000415s ]
INFO: [ template_filter ] --END-- [ RunTime:0.000993s ]
INFO: Run Behavior\ParseTemplateBehavior [ RunTime:0.038889s ]
INFO: [ view_parse ] --END-- [ RunTime:0.039327s ]
INFO: [ view_filter ] --START--
INFO: Run Behavior\WriteHtmlCacheBehavior [ RunTime:0.002827s ]
INFO: [ view_filter ] --END-- [ RunTime:0.003318s ]
INFO: [ app_end ] --START--
INFO: Run Behavior\ShowPageTraceBehavior [ RunTime:0.003818s ]
INFO: [ app_end ] --END-- [ RunTime:0.004220s ]

[ 2019-10-05T21:05:55+08:00 ] ::1 /xunmi/index.php/Admin/Login/verify
INFO: [ app_init ] --START--
INFO: Run Behavior\BuildLiteBehavior [ RunTime:0.000156s ]
INFO: [ app_init ] --END-- [ RunTime:0.004616s ]
INFO: [ app_begin ] --START--
INFO: Run Behavior\ReadHtmlCacheBehavior [ RunTime:0.004300s ]
INFO: [ app_begin ] --END-- [ RunTime:0.005412s ]
INFO: [ app_end ] --START--
INFO: Run Behavior\ShowPageTraceBehavior [ RunTime:0.009347s ]
INFO: [ app_end ] --END-- [ RunTime:0.010216s ]

[ 2019-10-05T21:06:03+08:00 ] ::1 /xunmi/index.php/Admin/Login/verify/0.6030625241643115
INFO: [ app_init ] --START--
INFO: Run Behavior\BuildLiteBehavior [ RunTime:0.000147s ]
INFO: [ app_init ] --END-- [ RunTime:0.008502s ]
INFO: [ app_begin ] --START--
INFO: Run Behavior\ReadHtmlCacheBehavior [ RunTime:0.005301s ]
INFO: [ app_begin ] --END-- [ RunTime:0.006278s ]
INFO: [ app_end ] --START--
INFO: Run Behavior\ShowPageTraceBehavior [ RunTime:0.006619s ]
INFO: [ app_end ] --END-- [ RunTime:0.007694s ]

[ 2019-10-05T21:06:08+08:00 ] ::1 /xunmi/index.php/Admin/Login/login.html
INFO: [ app_init ] --START--
INFO: Run Behavior\BuildLiteBehavior [ RunTime:0.000281s ]
INFO: [ app_init ] --END-- [ RunTime:0.004779s ]
INFO: [ app_begin ] --START--
INFO: Run Behavior\ReadHtmlCacheBehavior [ RunTime:0.004919s ]
INFO: [ app_begin ] --END-- [ RunTime:0.005958s ]
SQL: SHOW COLUMNS FROM `xm_admin` [ RunTime:0.1000s ]
SQL: SELECT * FROM `xm_admin` WHERE `admin_name` = 'admin' AND `user_password` = 'admin' LIMIT 1   [ RunTime:0.0012s ]

[ 2019-10-05T21:06:09+08:00 ] ::1 /xunmi/index.php/Admin/Index/index.html
INFO: [ app_init ] --START--
INFO: Run Behavior\BuildLiteBehavior [ RunTime:0.000096s ]
INFO: [ app_init ] --END-- [ RunTime:0.002891s ]
INFO: [ app_begin ] --START--
INFO: Run Behavior\ReadHtmlCacheBehavior [ RunTime:0.004690s ]
INFO: [ app_begin ] --END-- [ RunTime:0.005181s ]
INFO: [ view_parse ] --START--
INFO: [ template_filter ] --START--
INFO: Run Behavior\ContentReplaceBehavior [ RunTime:0.000294s ]
INFO: [ template_filter ] --END-- [ RunTime:0.000733s ]
NOTIC: [8] Undefined index: admin_id D:\wamp\wamp\www\xunmi\Application\Runtime\Cache\Admin\b595b808c2ebeeeb0478ffc30bb4e87a.php 第 21 行.
INFO: Run Behavior\ParseTemplateBehavior [ RunTime:0.042630s ]
INFO: [ view_parse ] --END-- [ RunTime:0.043270s ]
INFO: [ view_filter ] --START--
INFO: Run Behavior\WriteHtmlCacheBehavior [ RunTime:0.004374s ]
INFO: [ view_filter ] --END-- [ RunTime:0.004820s ]
INFO: [ app_end ] --START--
INFO: Run Behavior\ShowPageTraceBehavior [ RunTime:0.005055s ]
INFO: [ app_end ] --END-- [ RunTime:0.006124s ]

[ 2019-10-05T21:06:18+08:00 ] ::1 /xunmi/index.php/Admin/Index/index.html
INFO: [ app_init ] --START--
INFO: Run Behavior\BuildLiteBehavior [ RunTime:0.000092s ]
INFO: [ app_init ] --END-- [ RunTime:0.002580s ]
INFO: [ app_begin ] --START--
INFO: Run Behavior\ReadHtmlCacheBehavior [ RunTime:0.005376s ]
INFO: [ app_begin ] --END-- [ RunTime:0.006215s ]
INFO: [ view_parse ] --START--
INFO: [ template_filter ] --START--
INFO: Run Behavior\ContentReplaceBehavior [ RunTime:0.000265s ]
INFO: [ template_filter ] --END-- [ RunTime:0.000696s ]
NOTIC: [8] Undefined index: admin_id D:\wamp\wamp\www\xunmi\Application\Runtime\Cache\Admin\b595b808c2ebeeeb0478ffc30bb4e87a.php 第 21 行.
INFO: Run Behavior\ParseTemplateBehavior [ RunTime:0.036108s ]
INFO: [ view_parse ] --END-- [ RunTime:0.036587s ]
INFO: [ view_filter ] --START--
INFO: Run Behavior\WriteHtmlCacheBehavior [ RunTime:0.002796s ]
INFO: [ view_filter ] --END-- [ RunTime:0.003180s ]
INFO: [ app_end ] --START--
INFO: Run Behavior\ShowPageTraceBehavior [ RunTime:0.003318s ]
INFO: [ app_end ] --END-- [ RunTime:0.003736s ]

[ 2019-10-05T21:07:44+08:00 ] ::1 /xunmi/index.php/Admin/Index/index.html
INFO: [ app_init ] --START--
INFO: Run Behavior\BuildLiteBehavior [ RunTime:0.000087s ]
INFO: [ app_init ] --END-- [ RunTime:0.002196s ]
INFO: [ app_begin ] --START--
INFO: Run Behavior\ReadHtmlCacheBehavior [ RunTime:0.006186s ]
INFO: [ app_begin ] --END-- [ RunTime:0.007095s ]
INFO: [ view_parse ] --START--
INFO: [ template_filter ] --START--
INFO: Run Behavior\ContentReplaceBehavior [ RunTime:0.000221s ]
INFO: [ template_filter ] --END-- [ RunTime:0.000629s ]
INFO: Run Behavior\ParseTemplateBehavior [ RunTime:0.036611s ]
INFO: [ view_parse ] --END-- [ RunTime:0.037406s ]
INFO: [ view_filter ] --START--
INFO: Run Behavior\WriteHtmlCacheBehavior [ RunTime:0.002863s ]
INFO: [ view_filter ] --END-- [ RunTime:0.003267s ]

[ 2019-10-05T21:07:47+08:00 ] ::1 /xunmi/index.php/Admin/Login/login.html
INFO: [ app_init ] --START--
INFO: Run Behavior\BuildLiteBehavior [ RunTime:0.000093s ]
INFO: [ app_init ] --END-- [ RunTime:0.002732s ]
INFO: [ app_begin ] --START--
INFO: Run Behavior\ReadHtmlCacheBehavior [ RunTime:0.004424s ]
INFO: [ app_begin ] --END-- [ RunTime:0.004960s ]
INFO: [ view_parse ] --START--
INFO: [ template_filter ] --START--
INFO: Run Behavior\ContentReplaceBehavior [ RunTime:0.000438s ]
INFO: [ template_filter ] --END-- [ RunTime:0.001128s ]
INFO: Run Behavior\ParseTemplateBehavior [ RunTime:0.036614s ]
INFO: [ view_parse ] --END-- [ RunTime:0.037137s ]
INFO: [ view_filter ] --START--
INFO: Run Behavior\WriteHtmlCacheBehavior [ RunTime:0.004344s ]
INFO: [ view_filter ] --END-- [ RunTime:0.005058s ]
INFO: [ app_end ] --START--
INFO: Run Behavior\ShowPageTraceBehavior [ RunTime:0.006011s ]
INFO: [ app_end ] --END-- [ RunTime:0.006605s ]

[ 2019-10-05T21:07:48+08:00 ] ::1 /xunmi/index.php/Admin/Login/verify
INFO: [ app_init ] --START--
INFO: Run Behavior\BuildLiteBehavior [ RunTime:0.000384s ]
INFO: [ app_init ] --END-- [ RunTime:0.011199s ]
INFO: [ app_begin ] --START--
INFO: Run Behavior\ReadHtmlCacheBehavior [ RunTime:0.008809s ]
INFO: [ app_begin ] --END-- [ RunTime:0.010382s ]
INFO: [ app_end ] --START--
INFO: Run Behavior\ShowPageTraceBehavior [ RunTime:0.006835s ]
INFO: [ app_end ] --END-- [ RunTime:0.007923s ]

[ 2019-10-05T21:11:22+08:00 ] ::1 /xunmi/index.php/Admin/Login/login.html
INFO: [ app_init ] --START--
INFO: Run Behavior\BuildLiteBehavior [ RunTime:0.000917s ]
INFO: [ app_init ] --END-- [ RunTime:0.008080s ]
INFO: [ app_begin ] --START--
INFO: Run Behavior\ReadHtmlCacheBehavior [ RunTime:0.006426s ]
INFO: [ app_begin ] --END-- [ RunTime:0.007493s ]
INFO: [ view_parse ] --START--
INFO: [ template_filter ] --START--
INFO: Run Behavior\ContentReplaceBehavior [ RunTime:0.000397s ]
INFO: [ template_filter ] --END-- [ RunTime:0.001068s ]
INFO: Run Behavior\ParseTemplateBehavior [ RunTime:0.051046s ]
INFO: [ view_parse ] --END-- [ RunTime:0.051812s ]
INFO: [ view_filter ] --START--
INFO: Run Behavior\WriteHtmlCacheBehavior [ RunTime:0.005987s ]
INFO: [ view_filter ] --END-- [ RunTime:0.006922s ]

[ 2019-10-05T21:11:25+08:00 ] ::1 /xunmi/index.php/Admin/Login/login.html
INFO: [ app_init ] --START--
INFO: Run Behavior\BuildLiteBehavior [ RunTime:0.000114s ]
INFO: [ app_init ] --END-- [ RunTime:0.002344s ]
INFO: [ app_begin ] --START--
INFO: Run Behavior\ReadHtmlCacheBehavior [ RunTime:0.005981s ]
INFO: [ app_begin ] --END-- [ RunTime:0.006691s ]
INFO: [ view_parse ] --START--
INFO: [ template_filter ] --START--
INFO: Run Behavior\ContentReplaceBehavior [ RunTime:0.000261s ]
INFO: [ template_filter ] --END-- [ RunTime:0.000779s ]
INFO: Run Behavior\ParseTemplateBehavior [ RunTime:0.045285s ]
INFO: [ view_parse ] --END-- [ RunTime:0.045733s ]
INFO: [ view_filter ] --START--
INFO: Run Behavior\WriteHtmlCacheBehavior [ RunTime:0.002635s ]
INFO: [ view_filter ] --END-- [ RunTime:0.003027s ]
INFO: [ app_end ] --START--
INFO: Run Behavior\ShowPageTraceBehavior [ RunTime:0.003025s ]
INFO: [ app_end ] --END-- [ RunTime:0.003443s ]

[ 2019-10-05T21:11:26+08:00 ] ::1 /xunmi/index.php/Admin/Login/verify/0.5309776953561924
INFO: [ app_init ] --START--
INFO: Run Behavior\BuildLiteBehavior [ RunTime:0.000099s ]
INFO: [ app_init ] --END-- [ RunTime:0.002392s ]
INFO: [ app_begin ] --START--
INFO: Run Behavior\ReadHtmlCacheBehavior [ RunTime:0.002725s ]
INFO: [ app_begin ] --END-- [ RunTime:0.003208s ]
INFO: [ app_end ] --START--
INFO: Run Behavior\ShowPageTraceBehavior [ RunTime:0.004294s ]
INFO: [ app_end ] --END-- [ RunTime:0.004745s ]

[ 2019-10-05T21:11:34+08:00 ] ::1 /xunmi/index.php/Admin/Login/login.html
INFO: [ app_init ] --START--
INFO: Run Behavior\BuildLiteBehavior [ RunTime:0.000121s ]
INFO: [ app_init ] --END-- [ RunTime:0.003362s ]
INFO: [ app_begin ] --START--
INFO: Run Behavior\ReadHtmlCacheBehavior [ RunTime:0.002628s ]
INFO: [ app_begin ] --END-- [ RunTime:0.003206s ]
SQL: SHOW COLUMNS FROM `xm_admin` [ RunTime:0.0743s ]
SQL: SELECT * FROM `xm_admin` WHERE `admin_name` = 'admin' AND `user_password` = 'admin' LIMIT 1   [ RunTime:0.0013s ]

[ 2019-10-05T21:11:35+08:00 ] ::1 /xunmi/index.php/Admin/Index/index.html
INFO: [ app_init ] --START--
INFO: Run Behavior\BuildLiteBehavior [ RunTime:0.000105s ]
INFO: [ app_init ] --END-- [ RunTime:0.002628s ]
INFO: [ app_begin ] --START--
INFO: Run Behavior\ReadHtmlCacheBehavior [ RunTime:0.003073s ]
INFO: [ app_begin ] --END-- [ RunTime:0.003590s ]
INFO: [ view_parse ] --START--
INFO: [ template_filter ] --START--
INFO: Run Behavior\ContentReplaceBehavior [ RunTime:0.000475s ]
INFO: [ template_filter ] --END-- [ RunTime:0.001855s ]
NOTIC: [8] Undefined index: admin_id D:\wamp\wamp\www\xunmi\Application\Runtime\Cache\Admin\b595b808c2ebeeeb0478ffc30bb4e87a.php 第 21 行.
INFO: Run Behavior\ParseTemplateBehavior [ RunTime:0.048353s ]
INFO: [ view_parse ] --END-- [ RunTime:0.049222s ]
INFO: [ view_filter ] --START--
INFO: Run Behavior\WriteHtmlCacheBehavior [ RunTime:0.002413s ]
INFO: [ view_filter ] --END-- [ RunTime:0.003186s ]
INFO: [ app_end ] --START--
INFO: Run Behavior\ShowPageTraceBehavior [ RunTime:0.004013s ]
INFO: [ app_end ] --END-- [ RunTime:0.004653s ]

[ 2019-10-05T21:11:41+08:00 ] ::1 /xunmi/index.php/Admin/Index/index.html
INFO: [ app_init ] --START--
INFO: Run Behavior\BuildLiteBehavior [ RunTime:0.000169s ]
INFO: [ app_init ] --END-- [ RunTime:0.003446s ]
INFO: [ app_begin ] --START--
INFO: Run Behavior\ReadHtmlCacheBehavior [ RunTime:0.003450s ]
INFO: [ app_begin ] --END-- [ RunTime:0.004068s ]
INFO: [ view_parse ] --START--
INFO: [ template_filter ] --START--
INFO: Run Behavior\ContentReplaceBehavior [ RunTime:0.000895s ]
INFO: [ template_filter ] --END-- [ RunTime:0.001535s ]
NOTIC: [8] Undefined index: admin_id D:\wamp\wamp\www\xunmi\Application\Runtime\Cache\Admin\b595b808c2ebeeeb0478ffc30bb4e87a.php 第 21 行.
INFO: Run Behavior\ParseTemplateBehavior [ RunTime:0.055180s ]
INFO: [ view_parse ] --END-- [ RunTime:0.056301s ]
INFO: [ view_filter ] --START--
INFO: Run Behavior\WriteHtmlCacheBehavior [ RunTime:0.004138s ]
INFO: [ view_filter ] --END-- [ RunTime:0.004868s ]
INFO: [ app_end ] --START--
INFO: Run Behavior\ShowPageTraceBehavior [ RunTime:0.003230s ]
INFO: [ app_end ] --END-- [ RunTime:0.003782s ]

[ 2019-10-05T21:11:42+08:00 ] ::1 /xunmi/index.php/Admin/Index/index.html
INFO: [ app_init ] --START--
INFO: Run Behavior\BuildLiteBehavior [ RunTime:0.000177s ]
INFO: [ app_init ] --END-- [ RunTime:0.002721s ]
INFO: [ app_begin ] --START--
INFO: Run Behavior\ReadHtmlCacheBehavior [ RunTime:0.003142s ]
INFO: [ app_begin ] --END-- [ RunTime:0.003767s ]
INFO: [ view_parse ] --START--
INFO: [ template_filter ] --START--
INFO: Run Behavior\ContentReplaceBehavior [ RunTime:0.000562s ]
INFO: [ template_filter ] --END-- [ RunTime:0.001673s ]
NOTIC: [8] Undefined index: admin_id D:\wamp\wamp\www\xunmi\Application\Runtime\Cache\Admin\b595b808c2ebeeeb0478ffc30bb4e87a.php 第 21 行.
INFO: Run Behavior\ParseTemplateBehavior [ RunTime:0.056053s ]
INFO: [ view_parse ] --END-- [ RunTime:0.056829s ]
INFO: [ view_filter ] --START--
INFO: Run Behavior\WriteHtmlCacheBehavior [ RunTime:0.003313s ]
INFO: [ view_filter ] --END-- [ RunTime:0.003940s ]
INFO: [ app_end ] --START--
INFO: Run Behavior\ShowPageTraceBehavior [ RunTime:0.004095s ]
INFO: [ app_end ] --END-- [ RunTime:0.004783s ]

[ 2019-10-05T21:12:53+08:00 ] ::1 /xunmi/index.php/Admin/Login/logout
INFO: [ app_init ] --START--
INFO: Run Behavior\BuildLiteBehavior [ RunTime:0.000104s ]
INFO: [ app_init ] --END-- [ RunTime:0.002397s ]
INFO: [ app_begin ] --START--
INFO: Run Behavior\ReadHtmlCacheBehavior [ RunTime:0.003564s ]
INFO: [ app_begin ] --END-- [ RunTime:0.004301s ]
INFO: [ view_parse ] --START--
INFO: [ template_filter ] --START--
INFO: Run Behavior\ContentReplaceBehavior [ RunTime:0.000257s ]
INFO: [ template_filter ] --END-- [ RunTime:0.000914s ]
INFO: Run Behavior\ParseTemplateBehavior [ RunTime:0.049363s ]
INFO: [ view_parse ] --END-- [ RunTime:0.050043s ]
INFO: [ view_filter ] --START--
INFO: Run Behavior\WriteHtmlCacheBehavior [ RunTime:0.002689s ]
INFO: [ view_filter ] --END-- [ RunTime:0.003133s ]
INFO: [ app_end ] --START--
INFO: Run Behavior\ShowPageTraceBehavior [ RunTime:0.015880s ]
INFO: [ app_end ] --END-- [ RunTime:0.016483s ]

[ 2019-10-05T21:12:55+08:00 ] ::1 /xunmi/index.php/Admin/Index/index.html
INFO: [ app_init ] --START--
INFO: Run Behavior\BuildLiteBehavior [ RunTime:0.000222s ]
INFO: [ app_init ] --END-- [ RunTime:0.008334s ]
INFO: [ app_begin ] --START--
INFO: Run Behavior\ReadHtmlCacheBehavior [ RunTime:0.003270s ]
INFO: [ app_begin ] --END-- [ RunTime:0.003953s ]
INFO: [ view_parse ] --START--
INFO: [ template_filter ] --START--
INFO: Run Behavior\ContentReplaceBehavior [ RunTime:0.000961s ]
INFO: [ template_filter ] --END-- [ RunTime:0.012497s ]
INFO: Run Behavior\ParseTemplateBehavior [ RunTime:0.129962s ]
INFO: [ view_parse ] --END-- [ RunTime:0.130793s ]
INFO: [ view_filter ] --START--
INFO: Run Behavior\WriteHtmlCacheBehavior [ RunTime:0.004364s ]
INFO: [ view_filter ] --END-- [ RunTime:0.005184s ]

[ 2019-10-05T21:12:59+08:00 ] ::1 /xunmi/index.php/Admin/Login/login.html
INFO: [ app_init ] --START--
INFO: Run Behavior\BuildLiteBehavior [ RunTime:0.000162s ]
INFO: [ app_init ] --END-- [ RunTime:0.004158s ]
INFO: [ app_begin ] --START--
INFO: Run Behavior\ReadHtmlCacheBehavior [ RunTime:0.006413s ]
INFO: [ app_begin ] --END-- [ RunTime:0.007163s ]
INFO: [ view_parse ] --START--
INFO: [ template_filter ] --START--
INFO: Run Behavior\ContentReplaceBehavior [ RunTime:0.000459s ]
INFO: [ template_filter ] --END-- [ RunTime:0.001166s ]
INFO: Run Behavior\ParseTemplateBehavior [ RunTime:0.085549s ]
INFO: [ view_parse ] --END-- [ RunTime:0.086106s ]
INFO: [ view_filter ] --START--
INFO: Run Behavior\WriteHtmlCacheBehavior [ RunTime:0.002649s ]
INFO: [ view_filter ] --END-- [ RunTime:0.003141s ]
INFO: [ app_end ] --START--
INFO: Run Behavior\ShowPageTraceBehavior [ RunTime:0.003161s ]
INFO: [ app_end ] --END-- [ RunTime:0.003711s ]

[ 2019-10-05T21:12:59+08:00 ] ::1 /xunmi/index.php/Admin/Login/verify
INFO: [ app_init ] --START--
INFO: Run Behavior\BuildLiteBehavior [ RunTime:0.000168s ]
INFO: [ app_init ] --END-- [ RunTime:0.010237s ]
INFO: [ app_begin ] --START--
INFO: Run Behavior\ReadHtmlCacheBehavior [ RunTime:0.003210s ]
INFO: [ app_begin ] --END-- [ RunTime:0.003744s ]
INFO: [ app_end ] --START--
INFO: Run Behavior\ShowPageTraceBehavior [ RunTime:0.003176s ]
INFO: [ app_end ] --END-- [ RunTime:0.003680s ]

[ 2019-10-05T21:13:14+08:00 ] ::1 /xunmi/index.php/Admin/Login/login.html
INFO: [ app_init ] --START--
INFO: Run Behavior\BuildLiteBehavior [ RunTime:0.000107s ]
INFO: [ app_init ] --END-- [ RunTime:0.002268s ]
INFO: [ app_begin ] --START--
INFO: Run Behavior\ReadHtmlCacheBehavior [ RunTime:0.003532s ]
INFO: [ app_begin ] --END-- [ RunTime:0.004200s ]
SQL: SHOW COLUMNS FROM `xm_admin` [ RunTime:0.0723s ]
SQL: SELECT * FROM `xm_admin` WHERE `admin_name` = 'admin' AND `user_password` = 'admin' LIMIT 1   [ RunTime:0.0022s ]

[ 2019-10-05T21:13:14+08:00 ] ::1 /xunmi/index.php/Admin/Index/index.html
INFO: [ app_init ] --START--
INFO: Run Behavior\BuildLiteBehavior [ RunTime:0.000102s ]
INFO: [ app_init ] --END-- [ RunTime:0.002407s ]
INFO: [ app_begin ] --START--
INFO: Run Behavior\ReadHtmlCacheBehavior [ RunTime:0.007551s ]
INFO: [ app_begin ] --END-- [ RunTime:0.008341s ]
INFO: [ view_parse ] --START--
INFO: [ template_filter ] --START--
INFO: Run Behavior\ContentReplaceBehavior [ RunTime:0.000330s ]
INFO: [ template_filter ] --END-- [ RunTime:0.000860s ]
INFO: Run Behavior\ParseTemplateBehavior [ RunTime:0.042142s ]
INFO: [ view_parse ] --END-- [ RunTime:0.043292s ]
INFO: [ view_filter ] --START--
INFO: Run Behavior\WriteHtmlCacheBehavior [ RunTime:0.003853s ]
INFO: [ view_filter ] --END-- [ RunTime:0.004548s ]
INFO: [ app_end ] --START--
INFO: Run Behavior\ShowPageTraceBehavior [ RunTime:0.004295s ]
INFO: [ app_end ] --END-- [ RunTime:0.004920s ]

[ 2019-10-05T21:13:23+08:00 ] ::1 /xunmi/index.php/Admin/Index/index.html
INFO: [ app_init ] --START--
INFO: Run Behavior\BuildLiteBehavior [ RunTime:0.000137s ]
INFO: [ app_init ] --END-- [ RunTime:0.002962s ]
INFO: [ app_begin ] --START--
INFO: Run Behavior\ReadHtmlCacheBehavior [ RunTime:0.003165s ]
INFO: [ app_begin ] --END-- [ RunTime:0.003590s ]
INFO: [ view_parse ] --START--
INFO: [ template_filter ] --START--
INFO: Run Behavior\ContentReplaceBehavior [ RunTime:0.000394s ]
INFO: [ template_filter ] --END-- [ RunTime:0.001357s ]
INFO: Run Behavior\ParseTemplateBehavior [ RunTime:0.036761s ]
INFO: [ view_parse ] --END-- [ RunTime:0.037344s ]
INFO: [ view_filter ] --START--
INFO: Run Behavior\WriteHtmlCacheBehavior [ RunTime:0.004827s ]
INFO: [ view_filter ] --END-- [ RunTime:0.005682s ]
INFO: [ app_end ] --START--
INFO: Run Behavior\ShowPageTraceBehavior [ RunTime:0.005744s ]
INFO: [ app_end ] --END-- [ RunTime:0.006714s ]

[ 2019-10-05T21:13:31+08:00 ] ::1 /xunmi/index.php/Admin/Index/index.html
INFO: [ app_init ] --START--
INFO: Run Behavior\BuildLiteBehavior [ RunTime:0.000111s ]
INFO: [ app_init ] --END-- [ RunTime:0.003298s ]
INFO: [ app_begin ] --START--
INFO: Run Behavior\ReadHtmlCacheBehavior [ RunTime:0.007995s ]
INFO: [ app_begin ] --END-- [ RunTime:0.008711s ]
INFO: [ view_parse ] --START--
INFO: [ template_filter ] --START--
INFO: Run Behavior\ContentReplaceBehavior [ RunTime:0.000544s ]
INFO: [ template_filter ] --END-- [ RunTime:0.001650s ]
INFO: Run Behavior\ParseTemplateBehavior [ RunTime:0.045213s ]
INFO: [ view_parse ] --END-- [ RunTime:0.046729s ]
INFO: [ view_filter ] --START--
INFO: Run Behavior\WriteHtmlCacheBehavior [ RunTime:0.003440s ]
INFO: [ view_filter ] --END-- [ RunTime:0.004499s ]
INFO: [ app_end ] --START--
INFO: Run Behavior\ShowPageTraceBehavior [ RunTime:0.003623s ]
INFO: [ app_end ] --END-- [ RunTime:0.004337s ]

[ 2019-10-05T21:13:32+08:00 ] ::1 /xunmi/index.php/Admin/Index/index.html
INFO: [ app_init ] --START--
INFO: Run Behavior\BuildLiteBehavior [ RunTime:0.000089s ]
INFO: [ app_init ] --END-- [ RunTime:0.002134s ]
INFO: [ app_begin ] --START--
INFO: Run Behavior\ReadHtmlCacheBehavior [ RunTime:0.006408s ]
INFO: [ app_begin ] --END-- [ RunTime:0.007563s ]
INFO: [ view_parse ] --START--
INFO: [ template_filter ] --START--
INFO: Run Behavior\ContentReplaceBehavior [ RunTime:0.000275s ]
INFO: [ template_filter ] --END-- [ RunTime:0.001086s ]
INFO: Run Behavior\ParseTemplateBehavior [ RunTime:0.041477s ]
INFO: [ view_parse ] --END-- [ RunTime:0.042019s ]
INFO: [ view_filter ] --START--
INFO: Run Behavior\WriteHtmlCacheBehavior [ RunTime:0.002791s ]
INFO: [ view_filter ] --END-- [ RunTime:0.003176s ]
INFO: [ app_end ] --START--
INFO: Run Behavior\ShowPageTraceBehavior [ RunTime:0.004698s ]
INFO: [ app_end ] --END-- [ RunTime:0.005331s ]

[ 2019-10-05T21:13:32+08:00 ] ::1 /xunmi/index.php/Admin/Index/index.html
INFO: [ app_init ] --START--
INFO: Run Behavior\BuildLiteBehavior [ RunTime:0.000108s ]
INFO: [ app_init ] --END-- [ RunTime:0.002215s ]
INFO: [ app_begin ] --START--
INFO: Run Behavior\ReadHtmlCacheBehavior [ RunTime:0.005179s ]
INFO: [ app_begin ] --END-- [ RunTime:0.005643s ]
INFO: [ view_parse ] --START--
INFO: [ template_filter ] --START--
INFO: Run Behavior\ContentReplaceBehavior [ RunTime:0.000260s ]
INFO: [ template_filter ] --END-- [ RunTime:0.000690s ]
INFO: Run Behavior\ParseTemplateBehavior [ RunTime:0.041109s ]
INFO: [ view_parse ] --END-- [ RunTime:0.041782s ]
INFO: [ view_filter ] --START--
INFO: Run Behavior\WriteHtmlCacheBehavior [ RunTime:0.004343s ]
INFO: [ view_filter ] --END-- [ RunTime:0.004890s ]
INFO: [ app_end ] --START--
INFO: Run Behavior\ShowPageTraceBehavior [ RunTime:0.004171s ]
INFO: [ app_end ] --END-- [ RunTime:0.005032s ]

[ 2019-10-05T21:13:33+08:00 ] ::1 /xunmi/index.php/Admin/Index/index.html
INFO: [ app_init ] --START--
INFO: Run Behavior\BuildLiteBehavior [ RunTime:0.000114s ]
INFO: [ app_init ] --END-- [ RunTime:0.002951s ]
INFO: [ app_begin ] --START--
INFO: Run Behavior\ReadHtmlCacheBehavior [ RunTime:0.003613s ]
INFO: [ app_begin ] --END-- [ RunTime:0.004119s ]
INFO: [ view_parse ] --START--
INFO: [ template_filter ] --START--
INFO: Run Behavior\ContentReplaceBehavior [ RunTime:0.000263s ]
INFO: [ template_filter ] --END-- [ RunTime:0.000705s ]
INFO: Run Behavior\ParseTemplateBehavior [ RunTime:0.041211s ]
INFO: [ view_parse ] --END-- [ RunTime:0.041989s ]
INFO: [ view_filter ] --START--
INFO: Run Behavior\WriteHtmlCacheBehavior [ RunTime:0.003188s ]
INFO: [ view_filter ] --END-- [ RunTime:0.003624s ]
INFO: [ app_end ] --START--
INFO: Run Behavior\ShowPageTraceBehavior [ RunTime:0.004342s ]
INFO: [ app_end ] --END-- [ RunTime:0.004853s ]

[ 2019-10-05T21:13:40+08:00 ] ::1 /xunmi/index.php/Admin/Index/index.html
INFO: [ app_init ] --START--
INFO: Run Behavior\BuildLiteBehavior [ RunTime:0.000124s ]
INFO: [ app_init ] --END-- [ RunTime:0.002967s ]
INFO: [ app_begin ] --START--
INFO: Run Behavior\ReadHtmlCacheBehavior [ RunTime:0.003584s ]
INFO: [ app_begin ] --END-- [ RunTime:0.004092s ]
INFO: [ view_parse ] --START--
INFO: [ template_filter ] --START--
INFO: Run Behavior\ContentReplaceBehavior [ RunTime:0.000272s ]
INFO: [ template_filter ] --END-- [ RunTime:0.000800s ]
INFO: Run Behavior\ParseTemplateBehavior [ RunTime:0.057597s ]
INFO: [ view_parse ] --END-- [ RunTime:0.058621s ]
INFO: [ view_filter ] --START--
INFO: Run Behavior\WriteHtmlCacheBehavior [ RunTime:0.002453s ]
INFO: [ view_filter ] --END-- [ RunTime:0.002938s ]
INFO: [ app_end ] --START--
INFO: Run Behavior\ShowPageTraceBehavior [ RunTime:0.003003s ]
INFO: [ app_end ] --END-- [ RunTime:0.003400s ]

[ 2019-10-05T21:13:47+08:00 ] ::1 /xunmi/index.php/Admin/Login/logout
INFO: [ app_init ] --START--
INFO: Run Behavior\BuildLiteBehavior [ RunTime:0.000104s ]
INFO: [ app_init ] --END-- [ RunTime:0.002331s ]
INFO: [ app_begin ] --START--
INFO: Run Behavior\ReadHtmlCacheBehavior [ RunTime:0.002975s ]
INFO: [ app_begin ] --END-- [ RunTime:0.003512s ]
INFO: [ view_parse ] --START--
INFO: [ template_filter ] --START--
INFO: Run Behavior\ContentReplaceBehavior [ RunTime:0.000263s ]
INFO: [ template_filter ] --END-- [ RunTime:0.001060s ]
INFO: Run Behavior\ParseTemplateBehavior [ RunTime:0.043859s ]
INFO: [ view_parse ] --END-- [ RunTime:0.044428s ]
INFO: [ view_filter ] --START--
INFO: Run Behavior\WriteHtmlCacheBehavior [ RunTime:0.002971s ]
INFO: [ view_filter ] --END-- [ RunTime:0.003424s ]
INFO: [ app_end ] --START--
INFO: Run Behavior\ShowPageTraceBehavior [ RunTime:0.003794s ]
INFO: [ app_end ] --END-- [ RunTime:0.004220s ]

[ 2019-10-05T21:13:48+08:00 ] ::1 /xunmi/index.php/Admin/Index/index.html
INFO: [ app_init ] --START--
INFO: Run Behavior\BuildLiteBehavior [ RunTime:0.000208s ]
INFO: [ app_init ] --END-- [ RunTime:0.004329s ]
INFO: [ app_begin ] --START--
INFO: Run Behavior\ReadHtmlCacheBehavior [ RunTime:0.007851s ]
INFO: [ app_begin ] --END-- [ RunTime:0.009727s ]
INFO: [ view_parse ] --START--
INFO: [ template_filter ] --START--
INFO: Run Behavior\ContentReplaceBehavior [ RunTime:0.000399s ]
INFO: [ template_filter ] --END-- [ RunTime:0.001109s ]
INFO: Run Behavior\ParseTemplateBehavior [ RunTime:0.043811s ]
INFO: [ view_parse ] --END-- [ RunTime:0.044807s ]
INFO: [ view_filter ] --START--
INFO: Run Behavior\WriteHtmlCacheBehavior [ RunTime:0.003588s ]
INFO: [ view_filter ] --END-- [ RunTime:0.004135s ]

[ 2019-10-05T21:13:52+08:00 ] ::1 /xunmi/index.php/Admin/Login/login.html
INFO: [ app_init ] --START--
INFO: Run Behavior\BuildLiteBehavior [ RunTime:0.000114s ]
INFO: [ app_init ] --END-- [ RunTime:0.012579s ]
INFO: [ app_begin ] --START--
INFO: Run Behavior\ReadHtmlCacheBehavior [ RunTime:0.003259s ]
INFO: [ app_begin ] --END-- [ RunTime:0.003783s ]
INFO: [ view_parse ] --START--
INFO: [ template_filter ] --START--
INFO: Run Behavior\ContentReplaceBehavior [ RunTime:0.000240s ]
INFO: [ template_filter ] --END-- [ RunTime:0.000690s ]
INFO: Run Behavior\ParseTemplateBehavior [ RunTime:0.049432s ]
INFO: [ view_parse ] --END-- [ RunTime:0.050119s ]
INFO: [ view_filter ] --START--
INFO: Run Behavior\WriteHtmlCacheBehavior [ RunTime:0.003112s ]
INFO: [ view_filter ] --END-- [ RunTime:0.009446s ]
INFO: [ app_end ] --START--
INFO: Run Behavior\ShowPageTraceBehavior [ RunTime:0.007900s ]
INFO: [ app_end ] --END-- [ RunTime:0.008650s ]

[ 2019-10-05T21:13:53+08:00 ] ::1 /xunmi/index.php/Admin/Login/verify
INFO: [ app_init ] --START--
INFO: Run Behavior\BuildLiteBehavior [ RunTime:0.000120s ]
INFO: [ app_init ] --END-- [ RunTime:0.004867s ]
INFO: [ app_begin ] --START--
INFO: Run Behavior\ReadHtmlCacheBehavior [ RunTime:0.003585s ]
INFO: [ app_begin ] --END-- [ RunTime:0.004395s ]
INFO: [ app_end ] --START--
INFO: Run Behavior\ShowPageTraceBehavior [ RunTime:0.008476s ]
INFO: [ app_end ] --END-- [ RunTime:0.009629s ]

[ 2019-10-05T21:14:06+08:00 ] ::1 /xunmi/index.php/Admin/Login/login.html
INFO: [ app_init ] --START--
INFO: Run Behavior\BuildLiteBehavior [ RunTime:0.000154s ]
INFO: [ app_init ] --END-- [ RunTime:0.002953s ]
INFO: [ app_begin ] --START--
INFO: Run Behavior\ReadHtmlCacheBehavior [ RunTime:0.003529s ]
INFO: [ app_begin ] --END-- [ RunTime:0.004122s ]
INFO: [ view_parse ] --START--
INFO: [ template_filter ] --START--
INFO: Run Behavior\ContentReplaceBehavior [ RunTime:0.000242s ]
INFO: [ template_filter ] --END-- [ RunTime:0.000718s ]
INFO: Run Behavior\ParseTemplateBehavior [ RunTime:0.047564s ]
INFO: [ view_parse ] --END-- [ RunTime:0.048746s ]
INFO: [ view_filter ] --START--
INFO: Run Behavior\WriteHtmlCacheBehavior [ RunTime:0.005245s ]
INFO: [ view_filter ] --END-- [ RunTime:0.005713s ]

[ 2019-10-05T21:14:10+08:00 ] ::1 /xunmi/index.php/Admin/Login/login.html
INFO: [ app_init ] --START--
INFO: Run Behavior\BuildLiteBehavior [ RunTime:0.000180s ]
INFO: [ app_init ] --END-- [ RunTime:0.003511s ]
INFO: [ app_begin ] --START--
INFO: Run Behavior\ReadHtmlCacheBehavior [ RunTime:0.005413s ]
INFO: [ app_begin ] --END-- [ RunTime:0.006261s ]
INFO: [ view_parse ] --START--
INFO: [ template_filter ] --START--
INFO: Run Behavior\ContentReplaceBehavior [ RunTime:0.000675s ]
INFO: [ template_filter ] --END-- [ RunTime:0.001247s ]
INFO: Run Behavior\ParseTemplateBehavior [ RunTime:0.073416s ]
INFO: [ view_parse ] --END-- [ RunTime:0.075160s ]
INFO: [ view_filter ] --START--
INFO: Run Behavior\WriteHtmlCacheBehavior [ RunTime:0.004177s ]
INFO: [ view_filter ] --END-- [ RunTime:0.004909s ]
INFO: [ app_end ] --START--
INFO: Run Behavior\ShowPageTraceBehavior [ RunTime:0.007236s ]
INFO: [ app_end ] --END-- [ RunTime:0.011224s ]

[ 2019-10-05T21:14:10+08:00 ] ::1 /xunmi/index.php/Admin/Login/verify
INFO: [ app_init ] --START--
INFO: Run Behavior\BuildLiteBehavior [ RunTime:0.000171s ]
INFO: [ app_init ] --END-- [ RunTime:0.007467s ]
INFO: [ app_begin ] --START--
INFO: Run Behavior\ReadHtmlCacheBehavior [ RunTime:0.011261s ]
INFO: [ app_begin ] --END-- [ RunTime:0.012925s ]
INFO: [ app_end ] --START--
INFO: Run Behavior\ShowPageTraceBehavior [ RunTime:0.005173s ]
INFO: [ app_end ] --END-- [ RunTime:0.005765s ]

[ 2019-10-05T21:14:20+08:00 ] ::1 /xunmi/index.php/Admin/Login/login.html
INFO: [ app_init ] --START--
INFO: Run Behavior\BuildLiteBehavior [ RunTime:0.000160s ]
INFO: [ app_init ] --END-- [ RunTime:0.003230s ]
INFO: [ app_begin ] --START--
INFO: Run Behavior\ReadHtmlCacheBehavior [ RunTime:0.007703s ]
INFO: [ app_begin ] --END-- [ RunTime:0.008749s ]
INFO: [ view_parse ] --START--
INFO: [ template_filter ] --START--
INFO: Run Behavior\ContentReplaceBehavior [ RunTime:0.000363s ]
INFO: [ template_filter ] --END-- [ RunTime:0.000998s ]
INFO: Run Behavior\ParseTemplateBehavior [ RunTime:0.045586s ]
INFO: [ view_parse ] --END-- [ RunTime:0.046198s ]
INFO: [ view_filter ] --START--
INFO: Run Behavior\WriteHtmlCacheBehavior [ RunTime:0.003269s ]
INFO: [ view_filter ] --END-- [ RunTime:0.003816s ]

[ 2019-10-05T21:14:23+08:00 ] ::1 /xunmi/index.php/Admin/Login/login.html
INFO: [ app_init ] --START--
INFO: Run Behavior\BuildLiteBehavior [ RunTime:0.000183s ]
INFO: [ app_init ] --END-- [ RunTime:0.005398s ]
INFO: [ app_begin ] --START--
INFO: Run Behavior\ReadHtmlCacheBehavior [ RunTime:0.007349s ]
INFO: [ app_begin ] --END-- [ RunTime:0.008006s ]
INFO: [ view_parse ] --START--
INFO: [ template_filter ] --START--
INFO: Run Behavior\ContentReplaceBehavior [ RunTime:0.000527s ]
INFO: [ template_filter ] --END-- [ RunTime:0.002332s ]
INFO: Run Behavior\ParseTemplateBehavior [ RunTime:0.071900s ]
INFO: [ view_parse ] --END-- [ RunTime:0.072544s ]
INFO: [ view_filter ] --START--
INFO: Run Behavior\WriteHtmlCacheBehavior [ RunTime:0.003076s ]
INFO: [ view_filter ] --END-- [ RunTime:0.003785s ]
INFO: [ app_end ] --START--
INFO: Run Behavior\ShowPageTraceBehavior [ RunTime:0.008415s ]
INFO: [ app_end ] --END-- [ RunTime:0.008943s ]

[ 2019-10-05T21:14:25+08:00 ] ::1 /xunmi/index.php/Admin/Login/verify/0.3268855817694378
INFO: [ app_init ] --START--
INFO: Run Behavior\BuildLiteBehavior [ RunTime:0.000096s ]
INFO: [ app_init ] --END-- [ RunTime:0.002162s ]
INFO: [ app_begin ] --START--
INFO: Run Behavior\ReadHtmlCacheBehavior [ RunTime:0.003488s ]
INFO: [ app_begin ] --END-- [ RunTime:0.003918s ]
INFO: [ app_end ] --START--
INFO: Run Behavior\ShowPageTraceBehavior [ RunTime:0.003355s ]
INFO: [ app_end ] --END-- [ RunTime:0.003819s ]

[ 2019-10-05T21:14:26+08:00 ] ::1 /xunmi/index.php/Admin/Login/verify/0.27964204474929266
INFO: [ app_init ] --START--
INFO: Run Behavior\BuildLiteBehavior [ RunTime:0.000137s ]
INFO: [ app_init ] --END-- [ RunTime:0.002262s ]
INFO: [ app_begin ] --START--
INFO: Run Behavior\ReadHtmlCacheBehavior [ RunTime:0.003304s ]
INFO: [ app_begin ] --END-- [ RunTime:0.003731s ]
INFO: [ app_end ] --START--
INFO: Run Behavior\ShowPageTraceBehavior [ RunTime:0.003618s ]
INFO: [ app_end ] --END-- [ RunTime:0.004079s ]

[ 2019-10-05T21:14:36+08:00 ] ::1 /xunmi/index.php/Admin/Login/login.html
INFO: [ app_init ] --START--
INFO: Run Behavior\BuildLiteBehavior [ RunTime:0.000158s ]
INFO: [ app_init ] --END-- [ RunTime:0.008558s ]
INFO: [ app_begin ] --START--
INFO: Run Behavior\ReadHtmlCacheBehavior [ RunTime:0.003201s ]
INFO: [ app_begin ] --END-- [ RunTime:0.003899s ]
SQL: SHOW COLUMNS FROM `xm_admin` [ RunTime:0.0737s ]
SQL: SELECT * FROM `xm_admin` WHERE `admin_name` = 'admin' AND `user_password` = 'admin' LIMIT 1   [ RunTime:0.0012s ]

[ 2019-10-05T21:14:36+08:00 ] ::1 /xunmi/index.php/Admin/Index/index.html
INFO: [ app_init ] --START--
INFO: Run Behavior\BuildLiteBehavior [ RunTime:0.000102s ]
INFO: [ app_init ] --END-- [ RunTime:0.002090s ]
INFO: [ app_begin ] --START--
INFO: Run Behavior\ReadHtmlCacheBehavior [ RunTime:0.003227s ]
INFO: [ app_begin ] --END-- [ RunTime:0.003740s ]
INFO: [ view_parse ] --START--
INFO: [ template_filter ] --START--
INFO: Run Behavior\ContentReplaceBehavior [ RunTime:0.000352s ]
INFO: [ template_filter ] --END-- [ RunTime:0.000932s ]
INFO: Run Behavior\ParseTemplateBehavior [ RunTime:0.041579s ]
INFO: [ view_parse ] --END-- [ RunTime:0.042275s ]
INFO: [ view_filter ] --START--
INFO: Run Behavior\WriteHtmlCacheBehavior [ RunTime:0.004346s ]
INFO: [ view_filter ] --END-- [ RunTime:0.005068s ]
INFO: [ app_end ] --START--
INFO: Run Behavior\ShowPageTraceBehavior [ RunTime:0.009420s ]
INFO: [ app_end ] --END-- [ RunTime:0.010216s ]

[ 2019-10-05T21:14:38+08:00 ] ::1 /xunmi/index.php/Admin/Index/index.html
INFO: [ app_init ] --START--
INFO: Run Behavior\BuildLiteBehavior [ RunTime:0.000694s ]
INFO: [ app_init ] --END-- [ RunTime:0.005873s ]
INFO: [ app_begin ] --START--
INFO: Run Behavior\ReadHtmlCacheBehavior [ RunTime:0.002546s ]
INFO: [ app_begin ] --END-- [ RunTime:0.002975s ]
INFO: [ view_parse ] --START--
INFO: [ template_filter ] --START--
INFO: Run Behavior\ContentReplaceBehavior [ RunTime:0.000274s ]
INFO: [ template_filter ] --END-- [ RunTime:0.000737s ]
INFO: Run Behavior\ParseTemplateBehavior [ RunTime:0.035460s ]
INFO: [ view_parse ] --END-- [ RunTime:0.036077s ]
INFO: [ view_filter ] --START--
INFO: Run Behavior\WriteHtmlCacheBehavior [ RunTime:0.002852s ]
INFO: [ view_filter ] --END-- [ RunTime:0.003341s ]
INFO: [ app_end ] --START--
INFO: Run Behavior\ShowPageTraceBehavior [ RunTime:0.004783s ]
INFO: [ app_end ] --END-- [ RunTime:0.005490s ]

[ 2019-10-05T21:14:47+08:00 ] ::1 /xunmi/index.php/Admin/Index/index.html
INFO: [ app_init ] --START--
INFO: Run Behavior\BuildLiteBehavior [ RunTime:0.000164s ]
INFO: [ app_init ] --END-- [ RunTime:0.004863s ]
INFO: [ app_begin ] --START--
INFO: Run Behavior\ReadHtmlCacheBehavior [ RunTime:0.007769s ]
INFO: [ app_begin ] --END-- [ RunTime:0.008346s ]
INFO: [ view_parse ] --START--
INFO: [ template_filter ] --START--
INFO: Run Behavior\ContentReplaceBehavior [ RunTime:0.000372s ]
INFO: [ template_filter ] --END-- [ RunTime:0.000890s ]
INFO: Run Behavior\ParseTemplateBehavior [ RunTime:0.042204s ]
INFO: [ view_parse ] --END-- [ RunTime:0.042874s ]
INFO: [ view_filter ] --START--
INFO: Run Behavior\WriteHtmlCacheBehavior [ RunTime:0.005344s ]
INFO: [ view_filter ] --END-- [ RunTime:0.006053s ]
INFO: [ app_end ] --START--
INFO: Run Behavior\ShowPageTraceBehavior [ RunTime:0.004003s ]
INFO: [ app_end ] --END-- [ RunTime:0.004624s ]

[ 2019-10-05T21:14:52+08:00 ] ::1 /xunmi/index.php/Admin/Index/index.html
INFO: [ app_init ] --START--
INFO: Run Behavior\BuildLiteBehavior [ RunTime:0.000102s ]
INFO: [ app_init ] --END-- [ RunTime:0.002369s ]
INFO: [ app_begin ] --START--
INFO: Run Behavior\ReadHtmlCacheBehavior [ RunTime:0.003731s ]
INFO: [ app_begin ] --END-- [ RunTime:0.004185s ]
INFO: [ view_parse ] --START--
INFO: [ template_filter ] --START--
INFO: Run Behavior\ContentReplaceBehavior [ RunTime:0.000358s ]
INFO: [ template_filter ] --END-- [ RunTime:0.001528s ]
INFO: Run Behavior\ParseTemplateBehavior [ RunTime:0.051578s ]
INFO: [ view_parse ] --END-- [ RunTime:0.052692s ]
INFO: [ view_filter ] --START--
INFO: Run Behavior\WriteHtmlCacheBehavior [ RunTime:0.004710s ]
INFO: [ view_filter ] --END-- [ RunTime:0.005632s ]

[ 2019-10-05T21:14:56+08:00 ] ::1 /xunmi/index.php/Admin/Login/login.html
INFO: [ app_init ] --START--
INFO: Run Behavior\BuildLiteBehavior [ RunTime:0.000189s ]
INFO: [ app_init ] --END-- [ RunTime:0.003487s ]
INFO: [ app_begin ] --START--
INFO: Run Behavior\ReadHtmlCacheBehavior [ RunTime:0.002415s ]
INFO: [ app_begin ] --END-- [ RunTime:0.002855s ]
INFO: [ view_parse ] --START--
INFO: [ template_filter ] --START--
INFO: Run Behavior\ContentReplaceBehavior [ RunTime:0.000400s ]
INFO: [ template_filter ] --END-- [ RunTime:0.001135s ]
INFO: Run Behavior\ParseTemplateBehavior [ RunTime:0.063808s ]
INFO: [ view_parse ] --END-- [ RunTime:0.064514s ]
INFO: [ view_filter ] --START--
INFO: Run Behavior\WriteHtmlCacheBehavior [ RunTime:0.004147s ]
INFO: [ view_filter ] --END-- [ RunTime:0.004975s ]
INFO: [ app_end ] --START--
INFO: Run Behavior\ShowPageTraceBehavior [ RunTime:0.005107s ]
INFO: [ app_end ] --END-- [ RunTime:0.006085s ]

[ 2019-10-05T21:14:56+08:00 ] ::1 /xunmi/index.php/Admin/Login/verify
INFO: [ app_init ] --START--
INFO: Run Behavior\BuildLiteBehavior [ RunTime:0.000193s ]
INFO: [ app_init ] --END-- [ RunTime:0.011018s ]
INFO: [ app_begin ] --START--
INFO: Run Behavior\ReadHtmlCacheBehavior [ RunTime:0.003310s ]
INFO: [ app_begin ] --END-- [ RunTime:0.003876s ]
INFO: [ app_end ] --START--
INFO: Run Behavior\ShowPageTraceBehavior [ RunTime:0.008724s ]
INFO: [ app_end ] --END-- [ RunTime:0.010628s ]

[ 2019-10-05T21:15:09+08:00 ] ::1 /xunmi/index.php/Admin/Login/verify/0.3419060787567436
INFO: [ app_init ] --START--
INFO: Run Behavior\BuildLiteBehavior [ RunTime:0.000090s ]
INFO: [ app_init ] --END-- [ RunTime:0.003147s ]
INFO: [ app_begin ] --START--
INFO: Run Behavior\ReadHtmlCacheBehavior [ RunTime:0.004973s ]
INFO: [ app_begin ] --END-- [ RunTime:0.005503s ]
INFO: [ app_end ] --START--
INFO: Run Behavior\ShowPageTraceBehavior [ RunTime:0.005422s ]
INFO: [ app_end ] --END-- [ RunTime:0.006895s ]

[ 2019-10-05T21:15:16+08:00 ] ::1 /xunmi/index.php/Admin/Login/login.html
INFO: [ app_init ] --START--
INFO: Run Behavior\BuildLiteBehavior [ RunTime:0.000146s ]
INFO: [ app_init ] --END-- [ RunTime:0.004443s ]
INFO: [ app_begin ] --START--
INFO: Run Behavior\ReadHtmlCacheBehavior [ RunTime:0.004947s ]
INFO: [ app_begin ] --END-- [ RunTime:0.005578s ]
SQL: SHOW COLUMNS FROM `xm_admin` [ RunTime:0.0640s ]
SQL: SELECT * FROM `xm_admin` WHERE `admin_name` = 'admin' AND `user_password` = 'admin' LIMIT 1   [ RunTime:0.0011s ]

[ 2019-10-05T21:15:16+08:00 ] ::1 /xunmi/index.php/Admin/Index/index.html
INFO: [ app_init ] --START--
INFO: Run Behavior\BuildLiteBehavior [ RunTime:0.000088s ]
INFO: [ app_init ] --END-- [ RunTime:0.002204s ]
INFO: [ app_begin ] --START--
INFO: Run Behavior\ReadHtmlCacheBehavior [ RunTime:0.003306s ]
INFO: [ app_begin ] --END-- [ RunTime:0.003740s ]
INFO: [ view_parse ] --START--
INFO: [ template_filter ] --START--
INFO: Run Behavior\ContentReplaceBehavior [ RunTime:0.000281s ]
INFO: [ template_filter ] --END-- [ RunTime:0.000728s ]
INFO: Run Behavior\ParseTemplateBehavior [ RunTime:0.044886s ]
INFO: [ view_parse ] --END-- [ RunTime:0.045539s ]
INFO: [ view_filter ] --START--
INFO: Run Behavior\WriteHtmlCacheBehavior [ RunTime:0.005871s ]
INFO: [ view_filter ] --END-- [ RunTime:0.006264s ]
INFO: [ app_end ] --START--
INFO: Run Behavior\ShowPageTraceBehavior [ RunTime:0.003502s ]
INFO: [ app_end ] --END-- [ RunTime:0.003956s ]

[ 2019-10-05T21:15:22+08:00 ] ::1 /xunmi/index.php/Admin/Index/index.html
INFO: [ app_init ] --START--
INFO: Run Behavior\BuildLiteBehavior [ RunTime:0.000107s ]
INFO: [ app_init ] --END-- [ RunTime:0.004902s ]
INFO: [ app_begin ] --START--
INFO: Run Behavior\ReadHtmlCacheBehavior [ RunTime:0.003355s ]
INFO: [ app_begin ] --END-- [ RunTime:0.003787s ]
INFO: [ view_parse ] --START--
INFO: [ template_filter ] --START--
INFO: Run Behavior\ContentReplaceBehavior [ RunTime:0.000483s ]
INFO: [ template_filter ] --END-- [ RunTime:0.001211s ]
INFO: Run Behavior\ParseTemplateBehavior [ RunTime:0.043289s ]
INFO: [ view_parse ] --END-- [ RunTime:0.043862s ]
INFO: [ view_filter ] --START--
INFO: Run Behavior\WriteHtmlCacheBehavior [ RunTime:0.002991s ]
INFO: [ view_filter ] --END-- [ RunTime:0.003372s ]
INFO: [ app_end ] --START--
INFO: Run Behavior\ShowPageTraceBehavior [ RunTime:0.003491s ]
INFO: [ app_end ] --END-- [ RunTime:0.004021s ]

[ 2019-10-05T21:15:35+08:00 ] ::1 /xunmi/index.php/Admin/Index/index.html
INFO: [ app_init ] --START--
INFO: Run Behavior\BuildLiteBehavior [ RunTime:0.000087s ]
INFO: [ app_init ] --END-- [ RunTime:0.002161s ]
INFO: [ app_begin ] --START--
INFO: Run Behavior\ReadHtmlCacheBehavior [ RunTime:0.003437s ]
INFO: [ app_begin ] --END-- [ RunTime:0.003873s ]
INFO: [ view_parse ] --START--
INFO: [ template_filter ] --START--
INFO: Run Behavior\ContentReplaceBehavior [ RunTime:0.000268s ]
INFO: [ template_filter ] --END-- [ RunTime:0.000694s ]
INFO: Run Behavior\ParseTemplateBehavior [ RunTime:0.039132s ]
INFO: [ view_parse ] --END-- [ RunTime:0.039836s ]
INFO: [ view_filter ] --START--
INFO: Run Behavior\WriteHtmlCacheBehavior [ RunTime:0.002495s ]
INFO: [ view_filter ] --END-- [ RunTime:0.002896s ]
INFO: [ app_end ] --START--
INFO: Run Behavior\ShowPageTraceBehavior [ RunTime:0.003735s ]
INFO: [ app_end ] --END-- [ RunTime:0.004152s ]

[ 2019-10-05T21:15:36+08:00 ] ::1 /xunmi/index.php/Admin/Index/index.html
INFO: [ app_init ] --START--
INFO: Run Behavior\BuildLiteBehavior [ RunTime:0.000090s ]
INFO: [ app_init ] --END-- [ RunTime:0.002074s ]
INFO: [ app_begin ] --START--
INFO: Run Behavior\ReadHtmlCacheBehavior [ RunTime:0.004516s ]
INFO: [ app_begin ] --END-- [ RunTime:0.004955s ]
INFO: [ view_parse ] --START--
INFO: [ template_filter ] --START--
INFO: Run Behavior\ContentReplaceBehavior [ RunTime:0.000306s ]
INFO: [ template_filter ] --END-- [ RunTime:0.001438s ]
INFO: Run Behavior\ParseTemplateBehavior [ RunTime:0.041524s ]
INFO: [ view_parse ] --END-- [ RunTime:0.042046s ]
INFO: [ view_filter ] --START--
INFO: Run Behavior\WriteHtmlCacheBehavior [ RunTime:0.003057s ]
INFO: [ view_filter ] --END-- [ RunTime:0.003644s ]
INFO: [ app_end ] --START--
INFO: Run Behavior\ShowPageTraceBehavior [ RunTime:0.003580s ]
INFO: [ app_end ] --END-- [ RunTime:0.004076s ]

[ 2019-10-05T21:15:48+08:00 ] ::1 /xunmi/index.php/Admin/Login/logout
INFO: [ app_init ] --START--
INFO: Run Behavior\BuildLiteBehavior [ RunTime:0.000112s ]
INFO: [ app_init ] --END-- [ RunTime:0.003152s ]
INFO: [ app_begin ] --START--
INFO: Run Behavior\ReadHtmlCacheBehavior [ RunTime:0.004158s ]
INFO: [ app_begin ] --END-- [ RunTime:0.004792s ]
INFO: [ view_parse ] --START--
INFO: [ template_filter ] --START--
INFO: Run Behavior\ContentReplaceBehavior [ RunTime:0.000252s ]
INFO: [ template_filter ] --END-- [ RunTime:0.000655s ]
INFO: Run Behavior\ParseTemplateBehavior [ RunTime:0.048399s ]
INFO: [ view_parse ] --END-- [ RunTime:0.049026s ]
INFO: [ view_filter ] --START--
INFO: Run Behavior\WriteHtmlCacheBehavior [ RunTime:0.003311s ]
INFO: [ view_filter ] --END-- [ RunTime:0.003864s ]
INFO: [ app_end ] --START--
INFO: Run Behavior\ShowPageTraceBehavior [ RunTime:0.007421s ]
INFO: [ app_end ] --END-- [ RunTime:0.007886s ]

[ 2019-10-05T21:15:49+08:00 ] ::1 /xunmi/index.php/Admin/Index/index.html
INFO: [ app_init ] --START--
INFO: Run Behavior\BuildLiteBehavior [ RunTime:0.000139s ]
INFO: [ app_init ] --END-- [ RunTime:0.003126s ]
INFO: [ app_begin ] --START--
INFO: Run Behavior\ReadHtmlCacheBehavior [ RunTime:0.003436s ]
INFO: [ app_begin ] --END-- [ RunTime:0.003990s ]
INFO: [ view_parse ] --START--
INFO: [ template_filter ] --START--
INFO: Run Behavior\ContentReplaceBehavior [ RunTime:0.000417s ]
INFO: [ template_filter ] --END-- [ RunTime:0.000987s ]
INFO: Run Behavior\ParseTemplateBehavior [ RunTime:0.042300s ]
INFO: [ view_parse ] --END-- [ RunTime:0.042828s ]
INFO: [ view_filter ] --START--
INFO: Run Behavior\WriteHtmlCacheBehavior [ RunTime:0.004171s ]
INFO: [ view_filter ] --END-- [ RunTime:0.004737s ]

[ 2019-10-05T21:15:53+08:00 ] ::1 /xunmi/index.php/Admin/Login/login.html
INFO: [ app_init ] --START--
INFO: Run Behavior\BuildLiteBehavior [ RunTime:0.000102s ]
INFO: [ app_init ] --END-- [ RunTime:0.002156s ]
INFO: [ app_begin ] --START--
INFO: Run Behavior\ReadHtmlCacheBehavior [ RunTime:0.009854s ]
INFO: [ app_begin ] --END-- [ RunTime:0.010731s ]
INFO: [ view_parse ] --START--
INFO: [ template_filter ] --START--
INFO: Run Behavior\ContentReplaceBehavior [ RunTime:0.000244s ]
INFO: [ template_filter ] --END-- [ RunTime:0.000692s ]
INFO: Run Behavior\ParseTemplateBehavior [ RunTime:0.038275s ]
INFO: [ view_parse ] --END-- [ RunTime:0.039765s ]
INFO: [ view_filter ] --START--
INFO: Run Behavior\WriteHtmlCacheBehavior [ RunTime:0.009636s ]
INFO: [ view_filter ] --END-- [ RunTime:0.011284s ]
INFO: [ app_end ] --START--
INFO: Run Behavior\ShowPageTraceBehavior [ RunTime:0.007940s ]
INFO: [ app_end ] --END-- [ RunTime:0.008683s ]

[ 2019-10-05T21:15:53+08:00 ] ::1 /xunmi/index.php/Admin/Login/verify
INFO: [ app_init ] --START--
INFO: Run Behavior\BuildLiteBehavior [ RunTime:0.000606s ]
INFO: [ app_init ] --END-- [ RunTime:0.005445s ]
INFO: [ app_begin ] --START--
INFO: Run Behavior\ReadHtmlCacheBehavior [ RunTime:0.006930s ]
INFO: [ app_begin ] --END-- [ RunTime:0.007707s ]
INFO: [ app_end ] --START--
INFO: Run Behavior\ShowPageTraceBehavior [ RunTime:0.003872s ]
INFO: [ app_end ] --END-- [ RunTime:0.004376s ]

[ 2019-10-05T21:20:50+08:00 ] ::1 /xunmi/index.php/Admin/Login/login.html
INFO: [ app_init ] --START--
INFO: Run Behavior\BuildLiteBehavior [ RunTime:0.000119s ]
INFO: [ app_init ] --END-- [ RunTime:0.003810s ]
INFO: [ app_begin ] --START--
INFO: Run Behavior\ReadHtmlCacheBehavior [ RunTime:0.005654s ]
INFO: [ app_begin ] --END-- [ RunTime:0.006536s ]
INFO: [ view_parse ] --START--
INFO: [ template_filter ] --START--
INFO: Run Behavior\ContentReplaceBehavior [ RunTime:0.000236s ]
INFO: [ template_filter ] --END-- [ RunTime:0.000671s ]
INFO: Run Behavior\ParseTemplateBehavior [ RunTime:0.048423s ]
INFO: [ view_parse ] --END-- [ RunTime:0.049143s ]
INFO: [ view_filter ] --START--
INFO: Run Behavior\WriteHtmlCacheBehavior [ RunTime:0.002572s ]
INFO: [ view_filter ] --END-- [ RunTime:0.003167s ]

[ 2019-10-05T21:20:53+08:00 ] ::1 /xunmi/index.php/Admin/Login/login.html
INFO: [ app_init ] --START--
INFO: Run Behavior\BuildLiteBehavior [ RunTime:0.000181s ]
INFO: [ app_init ] --END-- [ RunTime:0.003221s ]
INFO: [ app_begin ] --START--
INFO: Run Behavior\ReadHtmlCacheBehavior [ RunTime:0.002816s ]
INFO: [ app_begin ] --END-- [ RunTime:0.003452s ]
INFO: [ view_parse ] --START--
INFO: [ template_filter ] --START--
INFO: Run Behavior\ContentReplaceBehavior [ RunTime:0.000398s ]
INFO: [ template_filter ] --END-- [ RunTime:0.001194s ]
INFO: Run Behavior\ParseTemplateBehavior [ RunTime:0.038932s ]
INFO: [ view_parse ] --END-- [ RunTime:0.039863s ]
INFO: [ view_filter ] --START--
INFO: Run Behavior\WriteHtmlCacheBehavior [ RunTime:0.003167s ]
INFO: [ view_filter ] --END-- [ RunTime:0.003805s ]
INFO: [ app_end ] --START--
INFO: Run Behavior\ShowPageTraceBehavior [ RunTime:0.009808s ]
INFO: [ app_end ] --END-- [ RunTime:0.010583s ]

[ 2019-10-05T21:20:57+08:00 ] ::1 /xunmi/index.php/Admin/Login/verify/0.07017473565360555
INFO: [ app_init ] --START--
INFO: Run Behavior\BuildLiteBehavior [ RunTime:0.000165s ]
INFO: [ app_init ] --END-- [ RunTime:0.003131s ]
INFO: [ app_begin ] --START--
INFO: Run Behavior\ReadHtmlCacheBehavior [ RunTime:0.004326s ]
INFO: [ app_begin ] --END-- [ RunTime:0.005301s ]
INFO: [ app_end ] --START--
INFO: Run Behavior\ShowPageTraceBehavior [ RunTime:0.004437s ]
INFO: [ app_end ] --END-- [ RunTime:0.006048s ]

[ 2019-10-05T21:20:59+08:00 ] ::1 /xunmi/index.php/Admin/Login/verify/0.51830322335031
INFO: [ app_init ] --START--
INFO: Run Behavior\BuildLiteBehavior [ RunTime:0.000112s ]
INFO: [ app_init ] --END-- [ RunTime:0.002366s ]
INFO: [ app_begin ] --START--
INFO: Run Behavior\ReadHtmlCacheBehavior [ RunTime:0.003691s ]
INFO: [ app_begin ] --END-- [ RunTime:0.004190s ]
INFO: [ app_end ] --START--
INFO: Run Behavior\ShowPageTraceBehavior [ RunTime:0.004213s ]
INFO: [ app_end ] --END-- [ RunTime:0.004704s ]

[ 2019-10-05T21:21:01+08:00 ] ::1 /xunmi/index.php/Admin/Login/verify/0.7656807086215289
INFO: [ app_init ] --START--
INFO: Run Behavior\BuildLiteBehavior [ RunTime:0.000088s ]
INFO: [ app_init ] --END-- [ RunTime:0.002288s ]
INFO: [ app_begin ] --START--
INFO: Run Behavior\ReadHtmlCacheBehavior [ RunTime:0.003130s ]
INFO: [ app_begin ] --END-- [ RunTime:0.003599s ]
INFO: [ app_end ] --START--
INFO: Run Behavior\ShowPageTraceBehavior [ RunTime:0.003883s ]
INFO: [ app_end ] --END-- [ RunTime:0.004340s ]

[ 2019-10-05T21:21:03+08:00 ] ::1 /xunmi/index.php/Admin/Login/verify/0.0983719050471259
INFO: [ app_init ] --START--
INFO: Run Behavior\BuildLiteBehavior [ RunTime:0.000095s ]
INFO: [ app_init ] --END-- [ RunTime:0.002810s ]
INFO: [ app_begin ] --START--
INFO: Run Behavior\ReadHtmlCacheBehavior [ RunTime:0.003185s ]
INFO: [ app_begin ] --END-- [ RunTime:0.003664s ]
INFO: [ app_end ] --START--
INFO: Run Behavior\ShowPageTraceBehavior [ RunTime:0.004562s ]
INFO: [ app_end ] --END-- [ RunTime:0.005284s ]

[ 2019-10-05T21:21:08+08:00 ] ::1 /xunmi/index.php/Admin/Login/login.html
INFO: [ app_init ] --START--
INFO: Run Behavior\BuildLiteBehavior [ RunTime:0.000712s ]
INFO: [ app_init ] --END-- [ RunTime:0.005418s ]
INFO: [ app_begin ] --START--
INFO: Run Behavior\ReadHtmlCacheBehavior [ RunTime:0.008737s ]
INFO: [ app_begin ] --END-- [ RunTime:0.009521s ]
SQL: SHOW COLUMNS FROM `xm_admin` [ RunTime:0.0679s ]
SQL: SELECT * FROM `xm_admin` WHERE `admin_name` = 'admin' AND `user_password` = 'admin' LIMIT 1   [ RunTime:0.0015s ]

[ 2019-10-05T21:21:08+08:00 ] ::1 /xunmi/index.php/Admin/Index/index.html
INFO: [ app_init ] --START--
INFO: Run Behavior\BuildLiteBehavior [ RunTime:0.000085s ]
INFO: [ app_init ] --END-- [ RunTime:0.002222s ]
INFO: [ app_begin ] --START--
INFO: Run Behavior\ReadHtmlCacheBehavior [ RunTime:0.003538s ]
INFO: [ app_begin ] --END-- [ RunTime:0.004202s ]
INFO: [ view_parse ] --START--
INFO: [ template_filter ] --START--
INFO: Run Behavior\ContentReplaceBehavior [ RunTime:0.000751s ]
INFO: [ template_filter ] --END-- [ RunTime:0.001688s ]
INFO: Run Behavior\ParseTemplateBehavior [ RunTime:0.052193s ]
INFO: [ view_parse ] --END-- [ RunTime:0.052809s ]
INFO: [ view_filter ] --START--
INFO: Run Behavior\WriteHtmlCacheBehavior [ RunTime:0.002998s ]
INFO: [ view_filter ] --END-- [ RunTime:0.003412s ]
INFO: [ app_end ] --START--
INFO: Run Behavior\ShowPageTraceBehavior [ RunTime:0.003909s ]
INFO: [ app_end ] --END-- [ RunTime:0.004341s ]

[ 2019-10-05T21:21:23+08:00 ] ::1 /xunmi/index.php/Admin/Login/logout
INFO: [ app_init ] --START--
INFO: Run Behavior\BuildLiteBehavior [ RunTime:0.000099s ]
INFO: [ app_init ] --END-- [ RunTime:0.002119s ]
INFO: [ app_begin ] --START--
INFO: Run Behavior\ReadHtmlCacheBehavior [ RunTime:0.002550s ]
INFO: [ app_begin ] --END-- [ RunTime:0.002980s ]
INFO: [ view_parse ] --START--
INFO: [ template_filter ] --START--
INFO: Run Behavior\ContentReplaceBehavior [ RunTime:0.000230s ]
INFO: [ template_filter ] --END-- [ RunTime:0.000729s ]
INFO: Run Behavior\ParseTemplateBehavior [ RunTime:0.040777s ]
INFO: [ view_parse ] --END-- [ RunTime:0.041366s ]
INFO: [ view_filter ] --START--
INFO: Run Behavior\WriteHtmlCacheBehavior [ RunTime:0.003924s ]
INFO: [ view_filter ] --END-- [ RunTime:0.004522s ]
INFO: [ app_end ] --START--
INFO: Run Behavior\ShowPageTraceBehavior [ RunTime:0.003568s ]
INFO: [ app_end ] --END-- [ RunTime:0.004213s ]

[ 2019-10-05T21:21:24+08:00 ] ::1 /xunmi/index.php/Admin/Index/index.html
INFO: [ app_init ] --START--
INFO: Run Behavior\BuildLiteBehavior [ RunTime:0.000178s ]
INFO: [ app_init ] --END-- [ RunTime:0.004270s ]
INFO: [ app_begin ] --START--
INFO: Run Behavior\ReadHtmlCacheBehavior [ RunTime:0.006258s ]
INFO: [ app_begin ] --END-- [ RunTime:0.007145s ]
INFO: [ view_parse ] --START--
INFO: [ template_filter ] --START--
INFO: Run Behavior\ContentReplaceBehavior [ RunTime:0.000241s ]
INFO: [ template_filter ] --END-- [ RunTime:0.000690s ]
INFO: Run Behavior\ParseTemplateBehavior [ RunTime:0.042305s ]
INFO: [ view_parse ] --END-- [ RunTime:0.043232s ]
INFO: [ view_filter ] --START--
INFO: Run Behavior\WriteHtmlCacheBehavior [ RunTime:0.004709s ]
INFO: [ view_filter ] --END-- [ RunTime:0.005736s ]

[ 2019-10-05T21:21:28+08:00 ] ::1 /xunmi/index.php/Admin/Login/login.html
INFO: [ app_init ] --START--
INFO: Run Behavior\BuildLiteBehavior [ RunTime:0.000100s ]
INFO: [ app_init ] --END-- [ RunTime:0.002172s ]
INFO: [ app_begin ] --START--
INFO: Run Behavior\ReadHtmlCacheBehavior [ RunTime:0.004223s ]
INFO: [ app_begin ] --END-- [ RunTime:0.004925s ]
INFO: [ view_parse ] --START--
INFO: [ template_filter ] --START--
INFO: Run Behavior\ContentReplaceBehavior [ RunTime:0.000240s ]
INFO: [ template_filter ] --END-- [ RunTime:0.000656s ]
INFO: Run Behavior\ParseTemplateBehavior [ RunTime:0.031315s ]
INFO: [ view_parse ] --END-- [ RunTime:0.031780s ]
INFO: [ view_filter ] --START--
INFO: Run Behavior\WriteHtmlCacheBehavior [ RunTime:0.004558s ]
INFO: [ view_filter ] --END-- [ RunTime:0.006402s ]
INFO: [ app_end ] --START--
INFO: Run Behavior\ShowPageTraceBehavior [ RunTime:0.015515s ]
INFO: [ app_end ] --END-- [ RunTime:0.016548s ]

[ 2019-10-05T21:21:29+08:00 ] ::1 /xunmi/index.php/Admin/Login/verify
INFO: [ app_init ] --START--
INFO: Run Behavior\BuildLiteBehavior [ RunTime:0.000123s ]
INFO: [ app_init ] --END-- [ RunTime:0.004965s ]
INFO: [ app_begin ] --START--
INFO: Run Behavior\ReadHtmlCacheBehavior [ RunTime:0.005270s ]
INFO: [ app_begin ] --END-- [ RunTime:0.006395s ]
INFO: [ app_end ] --START--
INFO: Run Behavior\ShowPageTraceBehavior [ RunTime:0.004182s ]
INFO: [ app_end ] --END-- [ RunTime:0.004783s ]

[ 2019-10-05T21:21:33+08:00 ] ::1 /xunmi/index.php/Admin/Login/login.html
INFO: [ app_init ] --START--
INFO: Run Behavior\BuildLiteBehavior [ RunTime:0.000089s ]
INFO: [ app_init ] --END-- [ RunTime:0.002184s ]
INFO: [ app_begin ] --START--
INFO: Run Behavior\ReadHtmlCacheBehavior [ RunTime:0.004901s ]
INFO: [ app_begin ] --END-- [ RunTime:0.005438s ]
INFO: [ view_parse ] --START--
INFO: [ template_filter ] --START--
INFO: Run Behavior\ContentReplaceBehavior [ RunTime:0.000239s ]
INFO: [ template_filter ] --END-- [ RunTime:0.000649s ]
INFO: Run Behavior\ParseTemplateBehavior [ RunTime:0.040022s ]
INFO: [ view_parse ] --END-- [ RunTime:0.040504s ]
INFO: [ view_filter ] --START--
INFO: Run Behavior\WriteHtmlCacheBehavior [ RunTime:0.003495s ]
INFO: [ view_filter ] --END-- [ RunTime:0.003887s ]
INFO: [ app_end ] --START--
INFO: Run Behavior\ShowPageTraceBehavior [ RunTime:0.004475s ]
INFO: [ app_end ] --END-- [ RunTime:0.005030s ]

[ 2019-10-05T21:21:33+08:00 ] ::1 /xunmi/index.php/Admin/Login/verify
INFO: [ app_init ] --START--
INFO: Run Behavior\BuildLiteBehavior [ RunTime:0.000110s ]
INFO: [ app_init ] --END-- [ RunTime:0.014822s ]
INFO: [ app_begin ] --START--
INFO: Run Behavior\ReadHtmlCacheBehavior [ RunTime:0.006597s ]
INFO: [ app_begin ] --END-- [ RunTime:0.007719s ]
INFO: [ app_end ] --START--
INFO: Run Behavior\ShowPageTraceBehavior [ RunTime:0.005177s ]
INFO: [ app_end ] --END-- [ RunTime:0.005677s ]

[ 2019-10-05T21:24:54+08:00 ] ::1 /xunmi/index.php/Admin/Login/login.html
INFO: [ app_init ] --START--
INFO: Run Behavior\BuildLiteBehavior [ RunTime:0.000179s ]
INFO: [ app_init ] --END-- [ RunTime:0.002725s ]
INFO: [ app_begin ] --START--
INFO: Run Behavior\ReadHtmlCacheBehavior [ RunTime:0.003470s ]
INFO: [ app_begin ] --END-- [ RunTime:0.003901s ]
INFO: [ view_parse ] --START--
INFO: [ template_filter ] --START--
INFO: Run Behavior\ContentReplaceBehavior [ RunTime:0.000248s ]
INFO: [ template_filter ] --END-- [ RunTime:0.000663s ]
INFO: Run Behavior\ParseTemplateBehavior [ RunTime:0.041742s ]
INFO: [ view_parse ] --END-- [ RunTime:0.042411s ]
INFO: [ view_filter ] --START--
INFO: Run Behavior\WriteHtmlCacheBehavior [ RunTime:0.002956s ]
INFO: [ view_filter ] --END-- [ RunTime:0.003485s ]
INFO: [ app_end ] --START--
INFO: Run Behavior\ShowPageTraceBehavior [ RunTime:0.004642s ]
INFO: [ app_end ] --END-- [ RunTime:0.005083s ]

[ 2019-10-05T21:24:55+08:00 ] ::1 /xunmi/index.php/Admin/Login/verify
INFO: [ app_init ] --START--
INFO: Run Behavior\BuildLiteBehavior [ RunTime:0.000091s ]
INFO: [ app_init ] --END-- [ RunTime:0.002740s ]
INFO: [ app_begin ] --START--
INFO: Run Behavior\ReadHtmlCacheBehavior [ RunTime:0.005514s ]
INFO: [ app_begin ] --END-- [ RunTime:0.006010s ]
INFO: [ app_end ] --START--
INFO: Run Behavior\ShowPageTraceBehavior [ RunTime:0.003534s ]
INFO: [ app_end ] --END-- [ RunTime:0.003984s ]

[ 2019-10-05T21:25:03+08:00 ] ::1 /xunmi/index.php/Admin/Login/login.html
INFO: [ app_init ] --START--
INFO: Run Behavior\BuildLiteBehavior [ RunTime:0.000295s ]
INFO: [ app_init ] --END-- [ RunTime:0.003499s ]
INFO: [ app_begin ] --START--
INFO: Run Behavior\ReadHtmlCacheBehavior [ RunTime:0.005235s ]
INFO: [ app_begin ] --END-- [ RunTime:0.005912s ]
SQL: SHOW COLUMNS FROM `xm_admin` [ RunTime:0.0733s ]
SQL: SELECT * FROM `xm_admin` WHERE `admin_name` = 'admin' AND `user_password` = 'admin' LIMIT 1   [ RunTime:0.0016s ]

[ 2019-10-05T21:25:03+08:00 ] ::1 /xunmi/index.php/Admin/Index/index.html
INFO: [ app_init ] --START--
INFO: Run Behavior\BuildLiteBehavior [ RunTime:0.000108s ]
INFO: [ app_init ] --END-- [ RunTime:0.002493s ]
INFO: [ app_begin ] --START--
INFO: Run Behavior\ReadHtmlCacheBehavior [ RunTime:0.003357s ]
INFO: [ app_begin ] --END-- [ RunTime:0.003939s ]
INFO: [ view_parse ] --START--
INFO: [ template_filter ] --START--
INFO: Run Behavior\ContentReplaceBehavior [ RunTime:0.000344s ]
INFO: [ template_filter ] --END-- [ RunTime:0.001086s ]
INFO: Run Behavior\ParseTemplateBehavior [ RunTime:0.050949s ]
INFO: [ view_parse ] --END-- [ RunTime:0.051468s ]
INFO: [ view_filter ] --START--
INFO: Run Behavior\WriteHtmlCacheBehavior [ RunTime:0.002624s ]
INFO: [ view_filter ] --END-- [ RunTime:0.003012s ]
INFO: [ app_end ] --START--
INFO: Run Behavior\ShowPageTraceBehavior [ RunTime:0.004015s ]
INFO: [ app_end ] --END-- [ RunTime:0.004971s ]

[ 2019-10-05T21:25:17+08:00 ] ::1 /xunmi/index.php/Admin/Index/index.html
INFO: [ app_init ] --START--
INFO: Run Behavior\BuildLiteBehavior [ RunTime:0.000120s ]
INFO: [ app_init ] --END-- [ RunTime:0.003069s ]
INFO: [ app_begin ] --START--
INFO: Run Behavior\ReadHtmlCacheBehavior [ RunTime:0.004323s ]
INFO: [ app_begin ] --END-- [ RunTime:0.005021s ]
INFO: [ view_parse ] --START--
INFO: [ template_filter ] --START--
INFO: Run Behavior\ContentReplaceBehavior [ RunTime:0.000416s ]
INFO: [ template_filter ] --END-- [ RunTime:0.001274s ]
INFO: Run Behavior\ParseTemplateBehavior [ RunTime:0.057275s ]
INFO: [ view_parse ] --END-- [ RunTime:0.058043s ]
INFO: [ view_filter ] --START--
INFO: Run Behavior\WriteHtmlCacheBehavior [ RunTime:0.005653s ]
INFO: [ view_filter ] --END-- [ RunTime:0.006310s ]
INFO: [ app_end ] --START--
INFO: Run Behavior\ShowPageTraceBehavior [ RunTime:0.004567s ]
INFO: [ app_end ] --END-- [ RunTime:0.005265s ]

[ 2019-10-05T21:25:28+08:00 ] ::1 /xunmi/index.php/Admin/Index/index.html
INFO: [ app_init ] --START--
INFO: Run Behavior\BuildLiteBehavior [ RunTime:0.000101s ]
INFO: [ app_init ] --END-- [ RunTime:0.002122s ]
INFO: [ app_begin ] --START--
INFO: Run Behavior\ReadHtmlCacheBehavior [ RunTime:0.002668s ]
INFO: [ app_begin ] --END-- [ RunTime:0.003152s ]
INFO: [ view_parse ] --START--
INFO: [ template_filter ] --START--
INFO: Run Behavior\ContentReplaceBehavior [ RunTime:0.000490s ]
INFO: [ template_filter ] --END-- [ RunTime:0.001650s ]
INFO: Run Behavior\ParseTemplateBehavior [ RunTime:0.045347s ]
INFO: [ view_parse ] --END-- [ RunTime:0.045908s ]
INFO: [ view_filter ] --START--
INFO: Run Behavior\WriteHtmlCacheBehavior [ RunTime:0.002498s ]
INFO: [ view_filter ] --END-- [ RunTime:0.002997s ]
INFO: [ app_end ] --START--
INFO: Run Behavior\ShowPageTraceBehavior [ RunTime:0.003323s ]
INFO: [ app_end ] --END-- [ RunTime:0.003743s ]

[ 2019-10-05T21:25:29+08:00 ] ::1 /xunmi/index.php/Admin/Index/index.html
INFO: [ app_init ] --START--
INFO: Run Behavior\BuildLiteBehavior [ RunTime:0.000101s ]
INFO: [ app_init ] --END-- [ RunTime:0.002413s ]
INFO: [ app_begin ] --START--
INFO: Run Behavior\ReadHtmlCacheBehavior [ RunTime:0.002855s ]
INFO: [ app_begin ] --END-- [ RunTime:0.003332s ]
INFO: [ view_parse ] --START--
INFO: [ template_filter ] --START--
INFO: Run Behavior\ContentReplaceBehavior [ RunTime:0.000274s ]
INFO: [ template_filter ] --END-- [ RunTime:0.000781s ]
INFO: Run Behavior\ParseTemplateBehavior [ RunTime:0.035066s ]
INFO: [ view_parse ] --END-- [ RunTime:0.035728s ]
INFO: [ view_filter ] --START--
INFO: Run Behavior\WriteHtmlCacheBehavior [ RunTime:0.002518s ]
INFO: [ view_filter ] --END-- [ RunTime:0.002914s ]
INFO: [ app_end ] --START--
INFO: Run Behavior\ShowPageTraceBehavior [ RunTime:0.003999s ]
INFO: [ app_end ] --END-- [ RunTime:0.004460s ]

[ 2019-10-05T21:25:39+08:00 ] ::1 /xunmi/index.php/Admin/Login/logout
INFO: [ app_init ] --START--
INFO: Run Behavior\BuildLiteBehavior [ RunTime:0.000103s ]
INFO: [ app_init ] --END-- [ RunTime:0.002164s ]
INFO: [ app_begin ] --START--
INFO: Run Behavior\ReadHtmlCacheBehavior [ RunTime:0.002749s ]
INFO: [ app_begin ] --END-- [ RunTime:0.003381s ]
INFO: [ view_parse ] --START--
INFO: [ template_filter ] --START--
INFO: Run Behavior\ContentReplaceBehavior [ RunTime:0.000234s ]
INFO: [ template_filter ] --END-- [ RunTime:0.000723s ]
INFO: Run Behavior\ParseTemplateBehavior [ RunTime:0.031034s ]
INFO: [ view_parse ] --END-- [ RunTime:0.031561s ]
INFO: [ view_filter ] --START--
INFO: Run Behavior\WriteHtmlCacheBehavior [ RunTime:0.002802s ]
INFO: [ view_filter ] --END-- [ RunTime:0.003336s ]
INFO: [ app_end ] --START--
INFO: Run Behavior\ShowPageTraceBehavior [ RunTime:0.003721s ]
INFO: [ app_end ] --END-- [ RunTime:0.004154s ]

[ 2019-10-05T21:25:40+08:00 ] ::1 /xunmi/index.php/Admin/Index/index.html
INFO: [ app_init ] --START--
INFO: Run Behavior\BuildLiteBehavior [ RunTime:0.000105s ]
INFO: [ app_init ] --END-- [ RunTime:0.002638s ]
INFO: [ app_begin ] --START--
INFO: Run Behavior\ReadHtmlCacheBehavior [ RunTime:0.002847s ]
INFO: [ app_begin ] --END-- [ RunTime:0.003373s ]
INFO: [ view_parse ] --START--
INFO: [ template_filter ] --START--
INFO: Run Behavior\ContentReplaceBehavior [ RunTime:0.000288s ]
INFO: [ template_filter ] --END-- [ RunTime:0.000974s ]
INFO: Run Behavior\ParseTemplateBehavior [ RunTime:0.054879s ]
INFO: [ view_parse ] --END-- [ RunTime:0.055927s ]
INFO: [ view_filter ] --START--
INFO: Run Behavior\WriteHtmlCacheBehavior [ RunTime:0.006972s ]
INFO: [ view_filter ] --END-- [ RunTime:0.008026s ]

[ 2019-10-05T21:25:43+08:00 ] ::1 /xunmi/index.php/Admin/Login/login.html
INFO: [ app_init ] --START--
INFO: Run Behavior\BuildLiteBehavior [ RunTime:0.000104s ]
INFO: [ app_init ] --END-- [ RunTime:0.002196s ]
INFO: [ app_begin ] --START--
INFO: Run Behavior\ReadHtmlCacheBehavior [ RunTime:0.002423s ]
INFO: [ app_begin ] --END-- [ RunTime:0.002857s ]
INFO: [ view_parse ] --START--
INFO: [ template_filter ] --START--
INFO: Run Behavior\ContentReplaceBehavior [ RunTime:0.000247s ]
INFO: [ template_filter ] --END-- [ RunTime:0.000722s ]
INFO: Run Behavior\ParseTemplateBehavior [ RunTime:0.029428s ]
INFO: [ view_parse ] --END-- [ RunTime:0.030087s ]
INFO: [ view_filter ] --START--
INFO: Run Behavior\WriteHtmlCacheBehavior [ RunTime:0.005999s ]
INFO: [ view_filter ] --END-- [ RunTime:0.006537s ]
INFO: [ app_end ] --START--
INFO: Run Behavior\ShowPageTraceBehavior [ RunTime:0.003091s ]
INFO: [ app_end ] --END-- [ RunTime:0.003487s ]

[ 2019-10-05T21:25:44+08:00 ] ::1 /xunmi/index.php/Admin/Login/verify
INFO: [ app_init ] --START--
INFO: Run Behavior\BuildLiteBehavior [ RunTime:0.000116s ]
INFO: [ app_init ] --END-- [ RunTime:0.005389s ]
INFO: [ app_begin ] --START--
INFO: Run Behavior\ReadHtmlCacheBehavior [ RunTime:0.007526s ]
INFO: [ app_begin ] --END-- [ RunTime:0.008325s ]
INFO: [ app_end ] --START--
INFO: Run Behavior\ShowPageTraceBehavior [ RunTime:0.003326s ]
INFO: [ app_end ] --END-- [ RunTime:0.003908s ]

