[ 2019-10-16T11:49:30+08:00 ] ::1 /xunmi/index.php/Admin/Index/index
INFO: [ app_init ] --START--
INFO: Run Behavior\BuildLiteBehavior [ RunTime:0.000094s ]
INFO: [ app_init ] --END-- [ RunTime:0.143459s ]
INFO: [ app_begin ] --START--
INFO: Run Behavior\ReadHtmlCacheBehavior [ RunTime:0.177007s ]
INFO: [ app_begin ] --END-- [ RunTime:0.177654s ]
INFO: [ view_parse ] --START--
INFO: [ template_filter ] --START--
INFO: Run Behavior\ContentReplaceBehavior [ RunTime:0.000271s ]
INFO: [ template_filter ] --END-- [ RunTime:0.000751s ]
INFO: Run Behavior\ParseTemplateBehavior [ RunTime:0.678923s ]
INFO: [ view_parse ] --END-- [ RunTime:0.679456s ]
INFO: [ view_filter ] --START--
INFO: Run Behavior\WriteHtmlCacheBehavior [ RunTime:0.064361s ]
INFO: [ view_filter ] --END-- [ RunTime:0.064795s ]

[ 2019-10-16T11:49:34+08:00 ] ::1 /xunmi/index.php/Admin/Login/login.html
INFO: [ app_init ] --START--
INFO: Run Behavior\BuildLiteBehavior [ RunTime:0.000095s ]
INFO: [ app_init ] --END-- [ RunTime:0.002670s ]
INFO: [ app_begin ] --START--
INFO: Run Behavior\ReadHtmlCacheBehavior [ RunTime:0.005454s ]
INFO: [ app_begin ] --END-- [ RunTime:0.005959s ]
INFO: [ view_parse ] --START--
INFO: [ template_filter ] --START--
INFO: Run Behavior\ContentReplaceBehavior [ RunTime:0.000246s ]
INFO: [ template_filter ] --END-- [ RunTime:0.000683s ]
INFO: Run Behavior\ParseTemplateBehavior [ RunTime:0.114723s ]
INFO: [ view_parse ] --END-- [ RunTime:0.115168s ]
INFO: [ view_filter ] --START--
INFO: Run Behavior\WriteHtmlCacheBehavior [ RunTime:0.003995s ]
INFO: [ view_filter ] --END-- [ RunTime:0.004431s ]
INFO: [ app_end ] --START--
INFO: Run Behavior\ShowPageTraceBehavior [ RunTime:0.027200s ]
INFO: [ app_end ] --END-- [ RunTime:0.027602s ]

[ 2019-10-16T11:49:34+08:00 ] ::1 /xunmi/index.php/Admin/Login/verify
INFO: [ app_init ] --START--
INFO: Run Behavior\BuildLiteBehavior [ RunTime:0.000105s ]
INFO: [ app_init ] --END-- [ RunTime:0.004128s ]
INFO: [ app_begin ] --START--
INFO: Run Behavior\ReadHtmlCacheBehavior [ RunTime:0.004741s ]
INFO: [ app_begin ] --END-- [ RunTime:0.005353s ]
INFO: [ app_end ] --START--
INFO: Run Behavior\ShowPageTraceBehavior [ RunTime:0.005074s ]
INFO: [ app_end ] --END-- [ RunTime:0.005599s ]

[ 2019-10-16T11:50:03+08:00 ] ::1 /xunmi/index.php/Admin/Login/login.html
INFO: [ app_init ] --START--
INFO: Run Behavior\BuildLiteBehavior [ RunTime:0.000101s ]
INFO: [ app_init ] --END-- [ RunTime:0.003925s ]
INFO: [ app_begin ] --START--
INFO: Run Behavior\ReadHtmlCacheBehavior [ RunTime:0.005429s ]
INFO: [ app_begin ] --END-- [ RunTime:0.006713s ]
SQL: SHOW COLUMNS FROM `xm_admin` [ RunTime:0.1023s ]
SQL: SELECT * FROM `xm_admin` WHERE `admin_name` = 'admin' AND `user_password` = 'admin' LIMIT 1   [ RunTime:0.0012s ]

[ 2019-10-16T11:50:04+08:00 ] ::1 /xunmi/index.php/Admin/Index/index.html
INFO: [ app_init ] --START--
INFO: Run Behavior\BuildLiteBehavior [ RunTime:0.000091s ]
INFO: [ app_init ] --END-- [ RunTime:0.002540s ]
INFO: [ app_begin ] --START--
INFO: Run Behavior\ReadHtmlCacheBehavior [ RunTime:0.004601s ]
INFO: [ app_begin ] --END-- [ RunTime:0.005080s ]
INFO: [ view_parse ] --START--
INFO: [ template_filter ] --START--
INFO: Run Behavior\ContentReplaceBehavior [ RunTime:0.000267s ]
INFO: [ template_filter ] --END-- [ RunTime:0.000758s ]
INFO: Run Behavior\ParseTemplateBehavior [ RunTime:0.198327s ]
INFO: [ view_parse ] --END-- [ RunTime:0.198917s ]
INFO: [ view_filter ] --START--
INFO: Run Behavior\WriteHtmlCacheBehavior [ RunTime:0.004083s ]
INFO: [ view_filter ] --END-- [ RunTime:0.004469s ]
INFO: [ app_end ] --START--
INFO: Run Behavior\ShowPageTraceBehavior [ RunTime:0.005569s ]
INFO: [ app_end ] --END-- [ RunTime:0.006194s ]

[ 2019-10-16T11:50:06+08:00 ] ::1 /xunmi/index.php/Admin/Check/lst
INFO: [ app_init ] --START--
INFO: Run Behavior\BuildLiteBehavior [ RunTime:0.000087s ]
INFO: [ app_init ] --END-- [ RunTime:0.002631s ]
INFO: [ app_begin ] --START--
INFO: Run Behavior\ReadHtmlCacheBehavior [ RunTime:0.010326s ]
INFO: [ app_begin ] --END-- [ RunTime:0.010995s ]
SQL: SHOW COLUMNS FROM `xm_share` [ RunTime:0.0827s ]
SQL: SELECT * FROM `xm_share`  [ RunTime:0.0016s ]
SQL: SELECT `s_id` FROM `xm_share`  [ RunTime:0.0009s ]
INFO: [ view_parse ] --START--
INFO: [ template_filter ] --START--
INFO: Run Behavior\ContentReplaceBehavior [ RunTime:0.000341s ]
INFO: [ template_filter ] --END-- [ RunTime:0.000821s ]
INFO: Run Behavior\ParseTemplateBehavior [ RunTime:0.166319s ]
INFO: [ view_parse ] --END-- [ RunTime:0.166817s ]
INFO: [ view_filter ] --START--
INFO: Run Behavior\WriteHtmlCacheBehavior [ RunTime:0.005352s ]
INFO: [ view_filter ] --END-- [ RunTime:0.005824s ]
INFO: [ app_end ] --START--
INFO: Run Behavior\ShowPageTraceBehavior [ RunTime:0.010301s ]
INFO: [ app_end ] --END-- [ RunTime:0.013408s ]

[ 2019-10-16T11:50:19+08:00 ] ::1 /xunmi/index.php/Admin/Check/lst
INFO: [ app_init ] --START--
INFO: Run Behavior\BuildLiteBehavior [ RunTime:0.000094s ]
INFO: [ app_init ] --END-- [ RunTime:0.002556s ]
INFO: [ app_begin ] --START--
INFO: Run Behavior\ReadHtmlCacheBehavior [ RunTime:0.004858s ]
INFO: [ app_begin ] --END-- [ RunTime:0.005312s ]
SQL: SHOW COLUMNS FROM `xm_share` [ RunTime:0.0503s ]
SQL: SELECT * FROM `xm_share`  [ RunTime:0.0020s ]
SQL: SELECT `s_id` FROM `xm_share`  [ RunTime:0.0014s ]
INFO: [ view_parse ] --START--
INFO: [ template_filter ] --START--
INFO: Run Behavior\ContentReplaceBehavior [ RunTime:0.000437s ]
INFO: [ template_filter ] --END-- [ RunTime:0.001074s ]
INFO: Run Behavior\ParseTemplateBehavior [ RunTime:0.150350s ]
INFO: [ view_parse ] --END-- [ RunTime:0.150911s ]
INFO: [ view_filter ] --START--
INFO: Run Behavior\WriteHtmlCacheBehavior [ RunTime:0.005265s ]
INFO: [ view_filter ] --END-- [ RunTime:0.006322s ]
INFO: [ app_end ] --START--
INFO: Run Behavior\ShowPageTraceBehavior [ RunTime:0.004773s ]
INFO: [ app_end ] --END-- [ RunTime:0.005176s ]

[ 2019-10-16T11:50:22+08:00 ] ::1 /xunmi/index.php/Admin/Check/content/id/1
INFO: [ app_init ] --START--
INFO: Run Behavior\BuildLiteBehavior [ RunTime:0.000096s ]
INFO: [ app_init ] --END-- [ RunTime:0.002624s ]
INFO: [ app_begin ] --START--
INFO: Run Behavior\ReadHtmlCacheBehavior [ RunTime:0.004634s ]
INFO: [ app_begin ] --END-- [ RunTime:0.005119s ]
NOTIC: [8] Undefined index: user_id D:\wamp\wamp\www\xunmi\Application\Admin\Controller\CheckController.class.php 第 23 行.
SQL: SHOW COLUMNS FROM `xm_share` [ RunTime:0.0484s ]
SQL: SELECT * FROM `xm_share` WHERE `s_id` = 1 LIMIT 1   [ RunTime:0.0223s ]
ERR: 模板不存在:./Application/Admin/View/Check/content.html

[ 2019-10-16T11:53:34+08:00 ] ::1 /xunmi/index.php/Admin/Check/lst
INFO: [ app_init ] --START--
INFO: Run Behavior\BuildLiteBehavior [ RunTime:0.000122s ]
INFO: [ app_init ] --END-- [ RunTime:0.002146s ]
INFO: [ app_begin ] --START--
INFO: Run Behavior\ReadHtmlCacheBehavior [ RunTime:0.005601s ]
INFO: [ app_begin ] --END-- [ RunTime:0.006339s ]
SQL: SHOW COLUMNS FROM `xm_share` [ RunTime:0.0928s ]
SQL: SELECT * FROM `xm_share`  [ RunTime:0.0012s ]
SQL: SELECT `s_id` FROM `xm_share`  [ RunTime:0.0009s ]
INFO: [ view_parse ] --START--
INFO: [ template_filter ] --START--
INFO: Run Behavior\ContentReplaceBehavior [ RunTime:0.000355s ]
INFO: [ template_filter ] --END-- [ RunTime:0.000772s ]
INFO: Run Behavior\ParseTemplateBehavior [ RunTime:0.046922s ]
INFO: [ view_parse ] --END-- [ RunTime:0.047454s ]
INFO: [ view_filter ] --START--
INFO: Run Behavior\WriteHtmlCacheBehavior [ RunTime:0.002533s ]
INFO: [ view_filter ] --END-- [ RunTime:0.002965s ]
INFO: [ app_end ] --START--
INFO: Run Behavior\ShowPageTraceBehavior [ RunTime:0.003453s ]
INFO: [ app_end ] --END-- [ RunTime:0.003896s ]

[ 2019-10-16T11:53:37+08:00 ] ::1 /xunmi/index.php/Admin/Check/content/id/1
INFO: [ app_init ] --START--
INFO: Run Behavior\BuildLiteBehavior [ RunTime:0.000114s ]
INFO: [ app_init ] --END-- [ RunTime:0.002960s ]
INFO: [ app_begin ] --START--
INFO: Run Behavior\ReadHtmlCacheBehavior [ RunTime:0.002886s ]
INFO: [ app_begin ] --END-- [ RunTime:0.003323s ]
NOTIC: [8] Undefined index: user_id D:\wamp\wamp\www\xunmi\Application\Admin\Controller\CheckController.class.php 第 23 行.
SQL: SHOW COLUMNS FROM `xm_share` [ RunTime:0.0775s ]
SQL: SELECT * FROM `xm_share` WHERE `s_id` = 1 LIMIT 1   [ RunTime:0.0013s ]
ERR: 模板不存在:./Application/Admin/View/Check/content.html

[ 2019-10-16T11:54:03+08:00 ] ::1 /xunmi/index.php/Admin/Check/lst
INFO: [ app_init ] --START--
INFO: Run Behavior\BuildLiteBehavior [ RunTime:0.000092s ]
INFO: [ app_init ] --END-- [ RunTime:0.003388s ]
INFO: [ app_begin ] --START--
INFO: Run Behavior\ReadHtmlCacheBehavior [ RunTime:0.002777s ]
INFO: [ app_begin ] --END-- [ RunTime:0.003211s ]
SQL: SHOW COLUMNS FROM `xm_share` [ RunTime:0.0512s ]
SQL: SELECT * FROM `xm_share`  [ RunTime:0.0011s ]
SQL: SELECT `s_id` FROM `xm_share`  [ RunTime:0.0011s ]
INFO: [ view_parse ] --START--
INFO: [ template_filter ] --START--
INFO: Run Behavior\ContentReplaceBehavior [ RunTime:0.000557s ]
INFO: [ template_filter ] --END-- [ RunTime:0.001130s ]
INFO: Run Behavior\ParseTemplateBehavior [ RunTime:0.051224s ]
INFO: [ view_parse ] --END-- [ RunTime:0.051827s ]
INFO: [ view_filter ] --START--
INFO: Run Behavior\WriteHtmlCacheBehavior [ RunTime:0.002421s ]
INFO: [ view_filter ] --END-- [ RunTime:0.002806s ]
INFO: [ app_end ] --START--
INFO: Run Behavior\ShowPageTraceBehavior [ RunTime:0.003243s ]
INFO: [ app_end ] --END-- [ RunTime:0.003764s ]

[ 2019-10-16T11:54:05+08:00 ] ::1 /xunmi/index.php/Admin/Check/content/id/1
INFO: [ app_init ] --START--
INFO: Run Behavior\BuildLiteBehavior [ RunTime:0.000118s ]
INFO: [ app_init ] --END-- [ RunTime:0.003304s ]
INFO: [ app_begin ] --START--
INFO: Run Behavior\ReadHtmlCacheBehavior [ RunTime:0.005791s ]
INFO: [ app_begin ] --END-- [ RunTime:0.006812s ]
NOTIC: [8] Undefined index: user_id D:\wamp\wamp\www\xunmi\Application\Admin\Controller\CheckController.class.php 第 23 行.
SQL: SHOW COLUMNS FROM `xm_share` [ RunTime:0.0605s ]
SQL: SELECT * FROM `xm_share` WHERE `s_id` = 1 LIMIT 1   [ RunTime:0.0012s ]
INFO: [ view_parse ] --START--
INFO: [ template_filter ] --START--
INFO: Run Behavior\ContentReplaceBehavior [ RunTime:0.000251s ]
INFO: [ template_filter ] --END-- [ RunTime:0.000676s ]
INFO: Run Behavior\ParseTemplateBehavior [ RunTime:0.220276s ]
INFO: [ view_parse ] --END-- [ RunTime:0.221011s ]
INFO: [ view_filter ] --START--
INFO: Run Behavior\WriteHtmlCacheBehavior [ RunTime:0.002466s ]
INFO: [ view_filter ] --END-- [ RunTime:0.002852s ]
INFO: [ app_end ] --START--
INFO: Run Behavior\ShowPageTraceBehavior [ RunTime:0.003207s ]
INFO: [ app_end ] --END-- [ RunTime:0.003640s ]

[ 2019-10-16T11:56:07+08:00 ] ::1 /xunmi/index.php/Admin/Check/content/id/1
INFO: [ app_init ] --START--
INFO: Run Behavior\BuildLiteBehavior [ RunTime:0.000089s ]
INFO: [ app_init ] --END-- [ RunTime:0.002296s ]
INFO: [ app_begin ] --START--
INFO: Run Behavior\ReadHtmlCacheBehavior [ RunTime:0.004368s ]
INFO: [ app_begin ] --END-- [ RunTime:0.005383s ]
NOTIC: [8] Undefined index: user_id D:\wamp\wamp\www\xunmi\Application\Admin\Controller\CheckController.class.php 第 23 行.
SQL: SHOW COLUMNS FROM `xm_share` [ RunTime:0.0917s ]
SQL: SELECT * FROM `xm_share` WHERE `s_id` = 1 LIMIT 1   [ RunTime:0.0015s ]
INFO: [ view_parse ] --START--
INFO: [ template_filter ] --START--
INFO: Run Behavior\ContentReplaceBehavior [ RunTime:0.000410s ]
INFO: [ template_filter ] --END-- [ RunTime:0.000849s ]
NOTIC: [8] Undefined index: username D:\wamp\wamp\www\xunmi\Application\Runtime\Cache\Admin\4cd6c48595fa24cc5c0bc07a331dffdd.php 第 134 行.
INFO: Run Behavior\ParseTemplateBehavior [ RunTime:0.149970s ]
INFO: [ view_parse ] --END-- [ RunTime:0.150383s ]
INFO: [ view_filter ] --START--
INFO: Run Behavior\WriteHtmlCacheBehavior [ RunTime:0.002477s ]
INFO: [ view_filter ] --END-- [ RunTime:0.002874s ]
INFO: [ app_end ] --START--
INFO: Run Behavior\ShowPageTraceBehavior [ RunTime:0.006091s ]
INFO: [ app_end ] --END-- [ RunTime:0.006941s ]

[ 2019-10-16T11:56:32+08:00 ] ::1 /xunmi/index.php/Admin/Check/pass/id/1
INFO: [ app_init ] --START--
INFO: Run Behavior\BuildLiteBehavior [ RunTime:0.000155s ]
INFO: [ app_init ] --END-- [ RunTime:0.004014s ]
INFO: [ app_begin ] --START--
INFO: Run Behavior\ReadHtmlCacheBehavior [ RunTime:0.005515s ]
INFO: [ app_begin ] --END-- [ RunTime:0.006526s ]
SQL: SHOW COLUMNS FROM `xm_share` [ RunTime:0.0753s ]
SQL: UPDATE `xm_share` SET `s_pass`=s_pass+1 WHERE ( s_id=1 ) [ RunTime:0.0921s ]
ERR: 模板不存在:./Application/Admin/View/Check/pass.html

[ 2019-10-16T11:57:20+08:00 ] ::1 /xunmi/index.php/Admin/Check/lst
INFO: [ app_init ] --START--
INFO: Run Behavior\BuildLiteBehavior [ RunTime:0.000098s ]
INFO: [ app_init ] --END-- [ RunTime:0.002837s ]
INFO: [ app_begin ] --START--
INFO: Run Behavior\ReadHtmlCacheBehavior [ RunTime:0.004789s ]
INFO: [ app_begin ] --END-- [ RunTime:0.005261s ]
SQL: SHOW COLUMNS FROM `xm_share` [ RunTime:0.0549s ]
SQL: SELECT * FROM `xm_share`  [ RunTime:0.0012s ]
SQL: SELECT `s_id` FROM `xm_share`  [ RunTime:0.0008s ]
INFO: [ view_parse ] --START--
INFO: [ template_filter ] --START--
INFO: Run Behavior\ContentReplaceBehavior [ RunTime:0.000355s ]
INFO: [ template_filter ] --END-- [ RunTime:0.000852s ]
INFO: Run Behavior\ParseTemplateBehavior [ RunTime:0.056609s ]
INFO: [ view_parse ] --END-- [ RunTime:0.057087s ]
INFO: [ view_filter ] --START--
INFO: Run Behavior\WriteHtmlCacheBehavior [ RunTime:0.004300s ]
INFO: [ view_filter ] --END-- [ RunTime:0.004682s ]
INFO: [ app_end ] --START--
INFO: Run Behavior\ShowPageTraceBehavior [ RunTime:0.007187s ]
INFO: [ app_end ] --END-- [ RunTime:0.008052s ]

