[ 2019-10-11T15:33:35+08:00 ] ::1 /xunmi/index.php/Admin/Index/index
INFO: [ app_init ] --START--
INFO: Run Behavior\BuildLiteBehavior [ RunTime:0.000090s ]
INFO: [ app_init ] --END-- [ RunTime:0.002370s ]
INFO: [ app_begin ] --START--
INFO: Run Behavior\ReadHtmlCacheBehavior [ RunTime:0.008574s ]
INFO: [ app_begin ] --END-- [ RunTime:0.009713s ]
INFO: [ view_parse ] --START--
INFO: [ template_filter ] --START--
INFO: Run Behavior\ContentReplaceBehavior [ RunTime:0.000318s ]
INFO: [ template_filter ] --END-- [ RunTime:0.001161s ]
INFO: Run Behavior\ParseTemplateBehavior [ RunTime:0.548929s ]
INFO: [ view_parse ] --END-- [ RunTime:0.549863s ]
INFO: [ view_filter ] --START--
INFO: Run Behavior\WriteHtmlCacheBehavior [ RunTime:0.003045s ]
INFO: [ view_filter ] --END-- [ RunTime:0.003746s ]

[ 2019-10-11T15:33:39+08:00 ] ::1 /xunmi/index.php/Admin/Login/login.html
INFO: [ app_init ] --START--
INFO: Run Behavior\BuildLiteBehavior [ RunTime:0.000087s ]
INFO: [ app_init ] --END-- [ RunTime:0.002132s ]
INFO: [ app_begin ] --START--
INFO: Run Behavior\ReadHtmlCacheBehavior [ RunTime:0.004969s ]
INFO: [ app_begin ] --END-- [ RunTime:0.005525s ]
INFO: [ view_parse ] --START--
INFO: [ template_filter ] --START--
INFO: Run Behavior\ContentReplaceBehavior [ RunTime:0.000244s ]
INFO: [ template_filter ] --END-- [ RunTime:0.000717s ]
INFO: Run Behavior\ParseTemplateBehavior [ RunTime:0.150300s ]
INFO: [ view_parse ] --END-- [ RunTime:0.150759s ]
INFO: [ view_filter ] --START--
INFO: Run Behavior\WriteHtmlCacheBehavior [ RunTime:0.003343s ]
INFO: [ view_filter ] --END-- [ RunTime:0.003943s ]
INFO: [ app_end ] --START--
INFO: Run Behavior\ShowPageTraceBehavior [ RunTime:0.003919s ]
INFO: [ app_end ] --END-- [ RunTime:0.004600s ]

[ 2019-10-11T15:33:39+08:00 ] ::1 /xunmi/index.php/Admin/Login/verify
INFO: [ app_init ] --START--
INFO: Run Behavior\BuildLiteBehavior [ RunTime:0.000151s ]
INFO: [ app_init ] --END-- [ RunTime:0.002993s ]
INFO: [ app_begin ] --START--
INFO: Run Behavior\ReadHtmlCacheBehavior [ RunTime:0.003979s ]
INFO: [ app_begin ] --END-- [ RunTime:0.004601s ]
INFO: [ app_end ] --START--
INFO: Run Behavior\ShowPageTraceBehavior [ RunTime:0.003077s ]
INFO: [ app_end ] --END-- [ RunTime:0.003590s ]

[ 2019-10-11T15:34:09+08:00 ] ::1 /xunmi/index.php/Admin/Login/verify/0.39685326859012204
INFO: [ app_init ] --START--
INFO: Run Behavior\BuildLiteBehavior [ RunTime:0.000098s ]
INFO: [ app_init ] --END-- [ RunTime:0.003154s ]
INFO: [ app_begin ] --START--
INFO: Run Behavior\ReadHtmlCacheBehavior [ RunTime:0.002922s ]
INFO: [ app_begin ] --END-- [ RunTime:0.003454s ]
INFO: [ app_end ] --START--
INFO: Run Behavior\ShowPageTraceBehavior [ RunTime:0.003048s ]
INFO: [ app_end ] --END-- [ RunTime:0.003513s ]

[ 2019-10-11T15:34:16+08:00 ] ::1 /xunmi/index.php/Admin/Login/login.html
INFO: [ app_init ] --START--
INFO: Run Behavior\BuildLiteBehavior [ RunTime:0.000089s ]
INFO: [ app_init ] --END-- [ RunTime:0.002828s ]
INFO: [ app_begin ] --START--
INFO: Run Behavior\ReadHtmlCacheBehavior [ RunTime:0.003567s ]
INFO: [ app_begin ] --END-- [ RunTime:0.004169s ]
SQL: SHOW COLUMNS FROM `xm_admin` [ RunTime:0.0980s ]
SQL: SELECT * FROM `xm_admin` WHERE `admin_name` = 'admin' AND `user_password` = 'admin' LIMIT 1   [ RunTime:0.0023s ]

[ 2019-10-11T15:34:17+08:00 ] ::1 /xunmi/index.php/Admin/Index/index.html
INFO: [ app_init ] --START--
INFO: Run Behavior\BuildLiteBehavior [ RunTime:0.000146s ]
INFO: [ app_init ] --END-- [ RunTime:0.003462s ]
INFO: [ app_begin ] --START--
INFO: Run Behavior\ReadHtmlCacheBehavior [ RunTime:0.005259s ]
INFO: [ app_begin ] --END-- [ RunTime:0.006103s ]
INFO: [ view_parse ] --START--
INFO: [ template_filter ] --START--
INFO: Run Behavior\ContentReplaceBehavior [ RunTime:0.000455s ]
INFO: [ template_filter ] --END-- [ RunTime:0.001434s ]
INFO: Run Behavior\ParseTemplateBehavior [ RunTime:0.392672s ]
INFO: [ view_parse ] --END-- [ RunTime:0.394090s ]
INFO: [ view_filter ] --START--
INFO: Run Behavior\WriteHtmlCacheBehavior [ RunTime:0.002979s ]
INFO: [ view_filter ] --END-- [ RunTime:0.003534s ]
INFO: [ app_end ] --START--
INFO: Run Behavior\ShowPageTraceBehavior [ RunTime:0.003138s ]
INFO: [ app_end ] --END-- [ RunTime:0.003619s ]

[ 2019-10-11T15:34:21+08:00 ] ::1 /xunmi/index.php/Admin/Game/lst
INFO: [ app_init ] --START--
INFO: Run Behavior\BuildLiteBehavior [ RunTime:0.000091s ]
INFO: [ app_init ] --END-- [ RunTime:0.002335s ]
INFO: [ app_begin ] --START--
INFO: Run Behavior\ReadHtmlCacheBehavior [ RunTime:0.003342s ]
INFO: [ app_begin ] --END-- [ RunTime:0.003800s ]
SQL: SHOW COLUMNS FROM `xm_game` [ RunTime:0.1233s ]
SQL: SELECT * FROM `xm_game`  [ RunTime:0.0038s ]
INFO: [ view_parse ] --START--
INFO: [ template_filter ] --START--
INFO: Run Behavior\ContentReplaceBehavior [ RunTime:0.000605s ]
INFO: [ template_filter ] --END-- [ RunTime:0.001393s ]
INFO: Run Behavior\ParseTemplateBehavior [ RunTime:0.336166s ]
INFO: [ view_parse ] --END-- [ RunTime:0.336912s ]
INFO: [ view_filter ] --START--
INFO: Run Behavior\WriteHtmlCacheBehavior [ RunTime:0.010526s ]
INFO: [ view_filter ] --END-- [ RunTime:0.011911s ]
INFO: [ app_end ] --START--
INFO: Run Behavior\ShowPageTraceBehavior [ RunTime:0.010367s ]
INFO: [ app_end ] --END-- [ RunTime:0.014649s ]

[ 2019-10-11T15:34:22+08:00 ] ::1 /xunmi/index.php/Admin/Hot/lst
INFO: [ app_init ] --START--
INFO: Run Behavior\BuildLiteBehavior [ RunTime:0.000108s ]
INFO: [ app_init ] --END-- [ RunTime:0.004506s ]
INFO: [ app_begin ] --START--
INFO: Run Behavior\ReadHtmlCacheBehavior [ RunTime:0.004563s ]
INFO: [ app_begin ] --END-- [ RunTime:0.005335s ]
SQL: SHOW COLUMNS FROM `xm_hot` [ RunTime:0.0753s ]
SQL: SELECT * FROM `xm_hot`  [ RunTime:0.0041s ]
INFO: [ view_parse ] --START--
INFO: [ template_filter ] --START--
INFO: Run Behavior\ContentReplaceBehavior [ RunTime:0.000360s ]
INFO: [ template_filter ] --END-- [ RunTime:0.000791s ]
INFO: Run Behavior\ParseTemplateBehavior [ RunTime:0.174460s ]
INFO: [ view_parse ] --END-- [ RunTime:0.175013s ]
INFO: [ view_filter ] --START--
INFO: Run Behavior\WriteHtmlCacheBehavior [ RunTime:0.003063s ]
INFO: [ view_filter ] --END-- [ RunTime:0.003484s ]
INFO: [ app_end ] --START--
INFO: Run Behavior\ShowPageTraceBehavior [ RunTime:0.017243s ]
INFO: [ app_end ] --END-- [ RunTime:0.019370s ]

[ 2019-10-11T15:34:23+08:00 ] ::1 /xunmi/index.php/Admin/Hot/lst
INFO: [ app_init ] --START--
INFO: Run Behavior\BuildLiteBehavior [ RunTime:0.000342s ]
INFO: [ app_init ] --END-- [ RunTime:0.017839s ]
INFO: [ app_begin ] --START--
INFO: Run Behavior\ReadHtmlCacheBehavior [ RunTime:0.017506s ]
INFO: [ app_begin ] --END-- [ RunTime:0.018332s ]
SQL: SHOW COLUMNS FROM `xm_hot` [ RunTime:0.2021s ]
SQL: SELECT * FROM `xm_hot`  [ RunTime:0.0055s ]
INFO: [ view_parse ] --START--
INFO: [ template_filter ] --START--
INFO: Run Behavior\ContentReplaceBehavior [ RunTime:0.000587s ]
INFO: [ template_filter ] --END-- [ RunTime:0.001383s ]
INFO: Run Behavior\ParseTemplateBehavior [ RunTime:0.119567s ]
INFO: [ view_parse ] --END-- [ RunTime:0.120497s ]
INFO: [ view_filter ] --START--
INFO: Run Behavior\WriteHtmlCacheBehavior [ RunTime:0.006522s ]
INFO: [ view_filter ] --END-- [ RunTime:0.007333s ]
INFO: [ app_end ] --START--
INFO: Run Behavior\ShowPageTraceBehavior [ RunTime:0.020648s ]
INFO: [ app_end ] --END-- [ RunTime:0.022315s ]

[ 2019-10-11T15:34:27+08:00 ] ::1 /xunmi/index.php/Admin/Hot/edit/id/12
INFO: [ app_init ] --START--
INFO: Run Behavior\BuildLiteBehavior [ RunTime:0.000197s ]
INFO: [ app_init ] --END-- [ RunTime:0.002807s ]
INFO: [ app_begin ] --START--
INFO: Run Behavior\ReadHtmlCacheBehavior [ RunTime:0.005934s ]
INFO: [ app_begin ] --END-- [ RunTime:0.006636s ]
SQL: SHOW COLUMNS FROM `xm_hot` [ RunTime:0.0535s ]
SQL: SELECT * FROM `xm_hot` WHERE `h_id` = 12 LIMIT 1   [ RunTime:0.0032s ]
INFO: [ view_parse ] --START--
INFO: [ template_filter ] --START--
INFO: Run Behavior\ContentReplaceBehavior [ RunTime:0.000344s ]
INFO: [ template_filter ] --END-- [ RunTime:0.000768s ]
INFO: Run Behavior\ParseTemplateBehavior [ RunTime:0.753943s ]
INFO: [ view_parse ] --END-- [ RunTime:0.754472s ]
INFO: [ view_filter ] --START--
INFO: Run Behavior\WriteHtmlCacheBehavior [ RunTime:0.002787s ]
INFO: [ view_filter ] --END-- [ RunTime:0.003174s ]
INFO: [ app_end ] --START--
INFO: Run Behavior\ShowPageTraceBehavior [ RunTime:0.008043s ]
INFO: [ app_end ] --END-- [ RunTime:0.008922s ]

[ 2019-10-11T15:34:46+08:00 ] ::1 /xunmi/index.php/Admin/Hot/edit/id/12
INFO: [ app_init ] --START--
INFO: Run Behavior\BuildLiteBehavior [ RunTime:0.000103s ]
INFO: [ app_init ] --END-- [ RunTime:0.003405s ]
INFO: [ app_begin ] --START--
INFO: Run Behavior\ReadHtmlCacheBehavior [ RunTime:0.007061s ]
INFO: [ app_begin ] --END-- [ RunTime:0.007686s ]
SQL: SHOW COLUMNS FROM `xm_hot` [ RunTime:0.0737s ]
NOTIC: [8] Undefined index: validate D:\wamp\wamp\www\xunmi\ThinkPHP\Library\Think\Model.class.php 第 1185 行.
NOTIC: [8] Undefined index: auto D:\wamp\wamp\www\xunmi\ThinkPHP\Library\Think\Model.class.php 第 1128 行.
SQL: UPDATE `xm_hot` SET `h_title`='■ 和平精英',`h_author`='呆呆',`h_content`='&lt;section data-role=&quot;outer&quot; label=&quot;Powered by 135editor.com&quot; style=&quot;font-size: 16px; margin-top: 50px;&quot;&gt;&lt;section class=&quot;_135editor&quot; data-tools=&quot;135编辑器&quot; data-id=&quot;95084&quot;&gt;&lt;section style=&quot;width: 100%;&quot; data-width=&quot;100%&quot;&gt;&lt;section style=&quot;display: flex;justify-content: center;align-items: center;&quot;&gt;&lt;section style=&quot;display: inline-block;color: #333;&quot;&gt;&lt;section style=&quot;padding: 5px 1em; text-align: center; box-sizing: border-box;&quot;&gt;0&lt;span class=&quot;autonum&quot; data-original-title=&quot;&quot; title=&quot;&quot;&gt;1&lt;/span&gt;&lt;/section&gt;&lt;section style=&quot;border-bottom: 1px solid rgb(153, 153, 153); width: 3em; margin: 0px auto; box-sizing: border-box;&quot;&gt;&lt;/section&gt;&lt;section class=&quot;135brush&quot; data-brushtype=&quot;text&quot; style=&quot;font-size: 14px; letter-spacing: 1.5px; padding: 6px 1em 0px; box-sizing: border-box;&quot;&gt;&lt;strong&gt;&lt;span style=&quot;font-size: 15px;&quot;&gt;枪械的选择&lt;/span&gt;&lt;/strong&gt;&lt;/section&gt;&lt;section style=&quot;border-bottom: 12px solid rgb(203, 203, 239); margin: -8px 0px; box-sizing: border-box;&quot;&gt;&lt;/section&gt;&lt;/section&gt;&lt;section style=&quot;flex: 1 1 0%; padding-left: 10px; box-sizing: border-box;&quot;&gt;&lt;section style=&quot;width: 1.2em; height: 1.2em; border-top: 1px solid rgb(153, 153, 153); border-left: 1px solid rgb(153, 153, 153); box-sizing: border-box;&quot;&gt;&lt;/section&gt;&lt;section style=&quot;width: 100%;margin: -15px 0px;&quot; data-width=&quot;100%&quot;&gt;&amp;nbsp; &amp;nbsp; &amp;nbsp;&lt;span style=&quot;color: rgb(51, 51, 51); text-indent: 32px; font-size: 15px; display: inline !important; font-family: &amp;quot;Microsoft YaHei&amp;quot;;&quot;&gt;新手一般就配一把步枪和狙击枪，但是步枪要&amp;nbsp; &amp;nbsp;选M4A1或者Scar-L步枪，他们适合中距离作&amp;nbsp; &amp;nbsp;战，后坐力很小。千万不要轻易触碰AKM，它的后坐力会让你怀疑人生的。&lt;/span&gt;&lt;/section&gt;&lt;section style=&quot;float: right; width: 1.2em; height: 1.2em; border-bottom: 1px solid rgb(153, 153, 153); border-right: 1px solid rgb(153, 153, 153); box-sizing: border-box;&quot;&gt;&lt;/section&gt;&lt;section style=&quot;clear: both;&quot;&gt;&lt;/section&gt;&lt;/section&gt;&lt;/section&gt;&lt;/section&gt;&lt;/section&gt;&lt;p&gt;&lt;br/&gt;&lt;/p&gt;&lt;section class=&quot;_135editor&quot; data-tools=&quot;135编辑器&quot; data-id=&quot;95084&quot;&gt;&lt;section style=&quot;width: 100%;&quot; data-width=&quot;100%&quot;&gt;&lt;section style=&quot;display: flex;justify-content: center;align-items: center;&quot;&gt;&lt;section style=&quot;display: inline-block;color: #333;&quot;&gt;&lt;section style=&quot;padding: 5px 1em; text-align: center; box-sizing: border-box;&quot;&gt;0&lt;span class=&quot;autonum&quot; data-original-title=&quot;&quot; title=&quot;&quot; data-num=&quot;2&quot;&gt;2&lt;/span&gt;&lt;/section&gt;&lt;section style=&quot;border-bottom: 1px solid rgb(153, 153, 153); width: 3em; margin: 0px auto; box-sizing: border-box;&quot;&gt;&lt;/section&gt;&lt;section class=&quot;135brush&quot; data-brushtype=&quot;text&quot; style=&quot;font-size: 14px; letter-spacing: 1.5px; padding: 6px 1em 0px; text-align: center; box-sizing: border-box;&quot;&gt;&lt;strong style=&quot;padding: 0px; margin: 0px; color: rgb(51, 51, 51); font-size: 16px; text-indent: 32px; font-family: &amp;quot;Microsoft YaHei&amp;quot;;&quot;&gt;&amp;nbsp; &amp;nbsp;&lt;span style=&quot;font-size: 15px;&quot;&gt;跑毒&lt;/span&gt;&amp;nbsp; &amp;nbsp; &amp;nbsp;&lt;/strong&gt;&lt;/section&gt;&lt;section style=&quot;border-bottom: 12px solid rgb(203, 203, 239); margin: -8px 0px; box-sizing: border-box;&quot;&gt;&lt;/section&gt;&lt;/section&gt;&lt;section style=&quot;flex: 1 1 0%; padding-left: 10px; box-sizing: border-box;&quot;&gt;&lt;section style=&quot;width: 1.2em; height: 1.2em; border-top: 1px solid rgb(153, 153, 153); border-left: 1px solid rgb(153, 153, 153); box-sizing: border-box;&quot;&gt;&lt;/section&gt;&lt;section style=&quot;width: 100%;margin: -15px 0px;&quot; data-width=&quot;100%&quot;&gt;&amp;nbsp; &amp;nbsp; &amp;nbsp;&lt;span style=&quot;color: rgb(51, 51, 51); text-indent: 32px; font-size: 15px; display: inline !important; font-family: &amp;quot;Microsoft YaHei&amp;quot;;&quot;&gt;随着后面圈越来越小，跑毒是无法避免的，但是切记一定要沿着毒圈跑，不要在空旷的地段跑，不要直接进入安全区中心。否则会被四面八方的人打靶，成为众矢之的。&lt;/span&gt;&lt;/section&gt;&lt;section style=&quot;float: right; width: 1.2em; height: 1.2em; border-bottom: 1px solid rgb(153, 153, 153); border-right: 1px solid rgb(153, 153, 153); box-sizing: border-box;&quot;&gt;&lt;br/&gt;&lt;/section&gt;&lt;/section&gt;&lt;/section&gt;&lt;/section&gt;&lt;/section&gt;&lt;section class=&quot;_135editor&quot; data-role=&quot;paragraph&quot;&gt;&lt;p&gt;&lt;br/&gt;&lt;/p&gt;&lt;/section&gt;&lt;section class=&quot;_135editor&quot; data-tools=&quot;135编辑器&quot; data-id=&quot;95084&quot;&gt;&lt;section style=&quot;width: 100%;&quot; data-width=&quot;100%&quot;&gt;&lt;section style=&quot;display: flex;justify-content: center;align-items: center;&quot;&gt;&lt;section style=&quot;display: inline-block;color: #333;&quot;&gt;&lt;section style=&quot;padding: 5px 1em; text-align: center; box-sizing: border-box;&quot;&gt;0&lt;span class=&quot;autonum&quot; data-original-title=&quot;&quot; title=&quot;&quot; data-num=&quot;3&quot;&gt;3&lt;/span&gt;&lt;/section&gt;&lt;section style=&quot;border-bottom: 1px solid rgb(153, 153, 153); width: 3em; margin: 0px auto; box-sizing: border-box;&quot;&gt;&lt;/section&gt;&lt;section class=&quot;135brush&quot; data-brushtype=&quot;text&quot; style=&quot;font-size: 14px; letter-spacing: 1.5px; padding: 6px 1em 0px; box-sizing: border-box;&quot;&gt;&lt;span style=&quot;font-size: 15px;&quot;&gt;&lt;strong&gt;收集小物资&lt;/strong&gt;&lt;/span&gt;&lt;/section&gt;&lt;section style=&quot;border-bottom: 12px solid rgb(203, 203, 239); margin: -8px 0px; box-sizing: border-box;&quot;&gt;&lt;/section&gt;&lt;/section&gt;&lt;section style=&quot;flex: 1 1 0%; padding-left: 10px; box-sizing: border-box;&quot;&gt;&lt;section style=&quot;width: 1.2em; height: 1.2em; border-top: 1px solid rgb(153, 153, 153); border-left: 1px solid rgb(153, 153, 153); box-sizing: border-box;&quot;&gt;&lt;/section&gt;&lt;p style=&quot;width: 100%;margin: -15px 0px;&quot;&gt;&amp;nbsp; &amp;nbsp; &amp;nbsp;&lt;span style=&quot;font-size: 15px; color: rgb(51, 51, 51); text-indent: 2em; caret-color: red; font-family: &amp;quot;Microsoft YaHei&amp;quot;;&quot;&gt;和平精英里面不仅有各式各样的枪械，还有很多小东西。比如止疼药、饮料等必需品，但是还有一些经常被人们忽视，就像烟雾弹、闪光弹、燃烧瓶等。&lt;/span&gt;&lt;/p&gt;&lt;p style=&quot;width: 100%;margin: -15px 0px;&quot;&gt;&lt;br/&gt;&lt;/p&gt;&lt;p style=&quot;width: 100%;margin: -15px 0px;&quot;&gt;&lt;span style=&quot;font-size: 15px; color: rgb(51, 51, 51); text-indent: 2em; caret-color: red; font-family: &amp;quot;Microsoft YaHei&amp;quot;;&quot;&gt;&amp;nbsp;&amp;nbsp;&lt;/span&gt;&lt;/p&gt;&lt;p style=&quot;width: 100%;margin: -15px 0px;&quot;&gt;&lt;span style=&quot;font-size: 15px; color: rgb(51, 51, 51); text-indent: 2em; caret-color: red; font-family: &amp;quot;Microsoft YaHei&amp;quot;;&quot;&gt;&amp;nbsp; &amp;nbsp; &amp;nbsp;他们作用其实是很大的，烟雾弹无论是在平原转移，还是在救人的时候都可以充当掩体的作用，而闪光弹在突进、贴脸打时有奇效，几秒的时间足够你将敌人击杀了。而手雷、燃烧瓶则是对付有掩体敌人的神器了。&lt;/span&gt;&lt;/p&gt;&lt;section style=&quot;float: right; width: 1.2em; height: 1.2em; border-bottom: 1px solid rgb(153, 153, 153); border-right: 1px solid rgb(153, 153, 153); box-sizing: border-box;&quot;&gt;&lt;/section&gt;&lt;section style=&quot;clear: both;&quot;&gt;&lt;/section&gt;&lt;/section&gt;&lt;/section&gt;&lt;/section&gt;&lt;/section&gt;&lt;section class=&quot;_135editor&quot; data-role=&quot;paragraph&quot;&gt;&lt;p&gt;&lt;br/&gt;&lt;/p&gt;&lt;/section&gt;&lt;section class=&quot;_135editor&quot; data-tools=&quot;135编辑器&quot; data-id=&quot;95084&quot;&gt;&lt;section style=&quot;width: 100%;&quot; data-width=&quot;100%&quot;&gt;&lt;section style=&quot;display: flex;justify-content: center;align-items: center;&quot;&gt;&lt;section style=&quot;display: inline-block;color: #333;&quot;&gt;&lt;section style=&quot;padding: 5px 1em; text-align: center; box-sizing: border-box;&quot;&gt;0&lt;span class=&quot;autonum&quot; data-original-title=&quot;&quot; title=&quot;&quot; data-num=&quot;4&quot;&gt;4&lt;/span&gt;&lt;/section&gt;&lt;section style=&quot;border-bottom: 1px solid rgb(153, 153, 153); width: 3em; margin: 0px auto; box-sizing: border-box;&quot;&gt;&lt;/section&gt;&lt;section class=&quot;135brush&quot; data-brushtype=&quot;text&quot; style=&quot;font-size: 14px; letter-spacing: 1.5px; padding: 6px 1em 0px; box-sizing: border-box;&quot;&gt;&lt;span style=&quot;font-size: 15px;&quot;&gt;&lt;strong style=&quot;padding: 0px; margin: 0px; color: rgb(51, 51, 51); font-size: 16px; text-indent: 32px; font-family: &amp;quot;Microsoft YaHei&amp;quot;;&quot;&gt;配件的选择&lt;/strong&gt;&lt;strong style=&quot;padding: 0px; margin: 0px; color: rgb(51, 51, 51); font-size: 16px; text-indent: 32px; font-family: &amp;quot;Microsoft YaHei&amp;quot;;&quot;&gt;&lt;/strong&gt;&lt;strong style=&quot;padding: 0px; margin: 0px; color: rgb(51, 51, 51); font-size: 16px; text-indent: 32px; font-family: &amp;quot;Microsoft YaHei&amp;quot;;&quot;&gt;&lt;/strong&gt;&lt;/span&gt;&lt;/section&gt;&lt;section style=&quot;border-bottom: 12px solid rgb(203, 203, 239); margin: -8px 0px; box-sizing: border-box;&quot;&gt;&lt;/section&gt;&lt;/section&gt;&lt;section style=&quot;flex: 1 1 0%; padding-left: 10px; box-sizing: border-box;&quot;&gt;&lt;section style=&quot;width: 1.2em; height: 1.2em; border-top: 1px solid rgb(153, 153, 153); border-left: 1px solid rgb(153, 153, 153); box-sizing: border-box;&quot;&gt;&lt;/section&gt;&lt;p style=&quot;width: 100%;margin: -15px 0px;&quot;&gt;&amp;nbsp; &amp;nbsp; &lt;span style=&quot;font-size: 15px; color: rgb(51, 51, 51); text-indent: 2em; caret-color: red; font-family: &amp;quot;Microsoft YaHei&amp;quot;;&quot;&gt;和平精英里有各种各样的配件，但是很多玩家都盲目的选择。就比如水平握把和垂直握把，一个减少水平后坐力，一个减少垂直后坐力。&lt;/span&gt;&lt;/p&gt;&lt;p style=&quot;width: 100%;margin: -15px 0px;&quot;&gt;&lt;br/&gt;&lt;/p&gt;&lt;p style=&quot;width: 100%;margin: -15px 0px;&quot;&gt;&lt;br/&gt;&lt;/p&gt;&lt;p style=&quot;width: 100%;margin: -15px 0px;&quot;&gt;&lt;br/&gt;&lt;/p&gt;&lt;p style=&quot;width: 100%;margin: -15px 0px;&quot;&gt;&lt;span style=&quot;font-size: 15px; color: rgb(51, 51, 51); text-indent: 2em; caret-color: red; font-family: &amp;quot;Microsoft YaHei&amp;quot;;&quot;&gt;&amp;nbsp; &amp;nbsp; 一般垂直后坐力是比水平后坐力好控制的，所以不要盲目的选择垂直握把。而像轻型握把适合单点，对于SKS这种单点的狙击枪最适合不过了&lt;/span&gt;&lt;/p&gt;&lt;p style=&quot;width: 100%;margin: -15px 0px;&quot;&gt;&lt;br/&gt;&lt;/p&gt;&lt;p style=&quot;width: 100%;margin: -15px 0px;&quot;&gt;&lt;br/&gt;&lt;/p&gt;&lt;section style=&quot;float: right; width: 1.2em; height: 1.2em; border-bottom: 1px solid rgb(153, 153, 153); border-right: 1px solid rgb(153, 153, 153); box-sizing: border-box;&quot;&gt;&lt;/section&gt;&lt;section style=&quot;clear: both;&quot;&gt;&lt;/section&gt;&lt;/section&gt;&lt;/section&gt;&lt;/section&gt;&lt;/section&gt;&lt;/section&gt;',`h_fabu`='娱乐' WHERE `h_id` = 12 [ RunTime:0.1665s ]
NOTIC: [8] Use of undefined constant lst - assumed 'lst' D:\wamp\wamp\www\xunmi\Application\Admin\Controller\HotController.class.php 第 114 行.
INFO: [ view_parse ] --START--
INFO: [ template_filter ] --START--
INFO: Run Behavior\ContentReplaceBehavior [ RunTime:0.000460s ]
INFO: [ template_filter ] --END-- [ RunTime:0.001271s ]
INFO: Run Behavior\ParseTemplateBehavior [ RunTime:0.050060s ]
INFO: [ view_parse ] --END-- [ RunTime:0.050912s ]
INFO: [ view_filter ] --START--
INFO: Run Behavior\WriteHtmlCacheBehavior [ RunTime:0.004125s ]
INFO: [ view_filter ] --END-- [ RunTime:0.004815s ]
INFO: [ app_end ] --START--
INFO: Run Behavior\ShowPageTraceBehavior [ RunTime:0.007443s ]
INFO: [ app_end ] --END-- [ RunTime:0.009772s ]

[ 2019-10-11T15:34:48+08:00 ] ::1 /xunmi/index.php/Admin/Hot/lst.html
INFO: [ app_init ] --START--
INFO: Run Behavior\BuildLiteBehavior [ RunTime:0.000092s ]
INFO: [ app_init ] --END-- [ RunTime:0.003171s ]
INFO: [ app_begin ] --START--
INFO: Run Behavior\ReadHtmlCacheBehavior [ RunTime:0.003507s ]
INFO: [ app_begin ] --END-- [ RunTime:0.004086s ]
SQL: SHOW COLUMNS FROM `xm_hot` [ RunTime:0.0530s ]
SQL: SELECT * FROM `xm_hot`  [ RunTime:0.0050s ]
INFO: [ view_parse ] --START--
INFO: [ template_filter ] --START--
INFO: Run Behavior\ContentReplaceBehavior [ RunTime:0.000388s ]
INFO: [ template_filter ] --END-- [ RunTime:0.001066s ]
INFO: Run Behavior\ParseTemplateBehavior [ RunTime:0.054869s ]
INFO: [ view_parse ] --END-- [ RunTime:0.055577s ]
INFO: [ view_filter ] --START--
INFO: Run Behavior\WriteHtmlCacheBehavior [ RunTime:0.006628s ]
INFO: [ view_filter ] --END-- [ RunTime:0.007281s ]
INFO: [ app_end ] --START--
INFO: Run Behavior\ShowPageTraceBehavior [ RunTime:0.004831s ]
INFO: [ app_end ] --END-- [ RunTime:0.005539s ]

[ 2019-10-11T15:34:54+08:00 ] ::1 /xunmi/index.php/Admin/Hot/edit/id/6
INFO: [ app_init ] --START--
INFO: Run Behavior\BuildLiteBehavior [ RunTime:0.000106s ]
INFO: [ app_init ] --END-- [ RunTime:0.003087s ]
INFO: [ app_begin ] --START--
INFO: Run Behavior\ReadHtmlCacheBehavior [ RunTime:0.004724s ]
INFO: [ app_begin ] --END-- [ RunTime:0.005816s ]
SQL: SHOW COLUMNS FROM `xm_hot` [ RunTime:0.0931s ]
SQL: SELECT * FROM `xm_hot` WHERE `h_id` = 6 LIMIT 1   [ RunTime:0.0027s ]
INFO: [ view_parse ] --START--
INFO: [ template_filter ] --START--
INFO: Run Behavior\ContentReplaceBehavior [ RunTime:0.000452s ]
INFO: [ template_filter ] --END-- [ RunTime:0.000909s ]
INFO: Run Behavior\ParseTemplateBehavior [ RunTime:0.045411s ]
INFO: [ view_parse ] --END-- [ RunTime:0.045917s ]
INFO: [ view_filter ] --START--
INFO: Run Behavior\WriteHtmlCacheBehavior [ RunTime:0.002560s ]
INFO: [ view_filter ] --END-- [ RunTime:0.002998s ]
INFO: [ app_end ] --START--
INFO: Run Behavior\ShowPageTraceBehavior [ RunTime:0.005133s ]
INFO: [ app_end ] --END-- [ RunTime:0.005876s ]

[ 2019-10-11T15:35:00+08:00 ] ::1 /xunmi/index.php/Admin/Hot/edit/id/6
INFO: [ app_init ] --START--
INFO: Run Behavior\BuildLiteBehavior [ RunTime:0.000134s ]
INFO: [ app_init ] --END-- [ RunTime:0.004031s ]
INFO: [ app_begin ] --START--
INFO: Run Behavior\ReadHtmlCacheBehavior [ RunTime:0.007677s ]
INFO: [ app_begin ] --END-- [ RunTime:0.008468s ]
SQL: SHOW COLUMNS FROM `xm_hot` [ RunTime:0.0820s ]
NOTIC: [8] Undefined index: validate D:\wamp\wamp\www\xunmi\ThinkPHP\Library\Think\Model.class.php 第 1185 行.
NOTIC: [8] Undefined index: auto D:\wamp\wamp\www\xunmi\ThinkPHP\Library\Think\Model.class.php 第 1128 行.
SQL: UPDATE `xm_hot` SET `h_title`='■ 王者荣耀新人教学',`h_author`='wendy',`h_content`='&lt;section data-role=&quot;outer&quot; label=&quot;Powered by 135editor.com&quot; style=&quot;font-size: 16px; margin-top: 50px;&quot;&gt;&lt;section class=&quot;_135editor&quot; data-tools=&quot;135编辑器&quot; data-id=&quot;89010&quot;&gt;&lt;section style=&quot;width:100%; max-width:640px;&quot; data-width=&quot;100%&quot;&gt;&lt;section style=&quot;width: 95%; height: auto; margin: 0px auto; border-left: 3px solid rgb(164, 3, 3); padding-top: 20px; box-sizing: border-box;&quot; data-width=&quot;95%&quot;&gt;&lt;section style=&quot;padding: 0px; width: 100%; height: 30px; box-sizing: border-box;&quot; data-width=&quot;100%&quot;&gt;&lt;section style=&quot;width: 15px; height: 15px; border-radius: 100%; background-color: rgb(164, 3, 3); margin-left: -9.5px; display: inline-block; box-sizing: border-box;&quot;&gt;&lt;/section&gt;&lt;section style=&quot; display:inline-block; clear:both; width:22px; height:22px;&quot;&gt;&lt;section style=&quot; display:inline-block; clear:both; width:19px; height:19px; overflow:hidden;&quot;&gt;&lt;section style=&quot;border:solid 2px #a40303; width:20px; height:20px; margin-left:6px; clear:both;transform: rotate(44deg);-webkit-transform: rotate(44deg);-moz-transform: rotate(44deg);-ms-transform: rotate(44deg);-o-transform: rotate(44deg);&quot;&gt;&lt;/section&gt;&lt;/section&gt;&lt;/section&gt;&lt;section style=&quot;border: 2px solid rgb(164, 3, 3); display: inline-block; height: 30px; line-height: 30px; margin-left: -10px; box-sizing: border-box;&quot;&gt;&lt;p class=&quot;135brush&quot; data-brushtype=&quot;text&quot; style=&quot;font-size:16px; color:#a40303; padding-top:0px; margin-top:0px; padding-left:5px; padding-right:5px;&quot;&gt;&lt;span style=&quot;color: rgb(51, 51, 51); font-weight: 700; text-align: justify; font-size: 16px; display: inline !important; font-family: arial;&quot;&gt;一、英雄所带技能的推荐：&lt;/span&gt;&lt;/p&gt;&lt;/section&gt;&lt;/section&gt;&lt;section class=&quot;135brush&quot; style=&quot;padding: 10px 20px; margin: 0px auto; font-size: 16px; color: rgb(164, 3, 3); box-sizing: border-box;&quot;&gt;&lt;p style=&quot;text-align:justify; margin: 22px 0px 0px; padding: 0px; font-size: 16px; line-height: 24px; color: rgb(51, 51, 51); font-family: arial;&quot;&gt;&lt;span style=&quot;color: #544443;&quot;&gt;关于新手玩家刚开始拥有的英雄技能有&amp;quot;惩戒&amp;quot;、&amp;quot;斩杀&amp;quot;还有&amp;quot;狂暴&amp;quot;，我建议先带&amp;quot;斩杀&amp;quot;还有&amp;quot;狂暴&amp;quot;玩一玩，这样可以很容易取得人头，获得更多的经济。 &amp;quot;惩戒&amp;quot;的话，比较适合打野的英雄，但是在新手时期，我觉得还是注重于对技能的培养吧。打野可以后期在练习。&lt;/span&gt;&lt;/p&gt;&lt;p style=&quot;text-align:justify; margin: 22px 0px 0px; padding: 0px; font-size: 16px; line-height: 24px; color: rgb(51, 51, 51); font-family: arial;&quot;&gt;&lt;span style=&quot;color: #544443;&quot;&gt;随着等级的提高，还会解锁解锁&amp;quot;幽灵疾步&amp;quot;、&amp;quot;治疗术&amp;quot;和&amp;quot;干扰&amp;quot;，这个技能都很适合新手使用。&amp;quot;幽灵疾步&amp;quot;可以增加移动速度， &amp;quot;治疗术&amp;quot;有回复自己与周围队友的最大生命值的能力，&amp;quot;干扰&amp;quot;有着沉默防御塔或者水晶几秒的能力，再之后还会解锁&amp;quot;眩晕&amp;quot;、&amp;quot;净化&amp;quot;、&amp;quot;弱化&amp;quot;这三个技能。&lt;/span&gt;&lt;/p&gt;&lt;p style=&quot;text-align:center; margin: 22px 0px 0px; padding: 0px; font-size: 16px; line-height: 24px; color: rgb(51, 51, 51); font-family: arial;&quot;&gt;&lt;span style=&quot;color: #544443;&quot;&gt;&lt;img src=&quot;https://image.135editor.com/files/users/689/6897714/201910/FVZVTWsL_t99t.jpg&quot; data-ratio=&quot;1&quot; alt=&quot;jineng.jpg&quot;/&gt;&lt;/span&gt;&lt;/p&gt;&lt;/section&gt;&lt;/section&gt;&lt;/section&gt;&lt;/section&gt;&lt;section class=&quot;_135editor&quot; data-tools=&quot;135编辑器&quot; data-id=&quot;89010&quot;&gt;&lt;section style=&quot;width:100%; max-width:640px;&quot; data-width=&quot;100%&quot;&gt;&lt;section style=&quot;width: 95%; height: auto; margin: 0px auto; border-left: 3px solid rgb(164, 3, 3); padding-top: 20px; box-sizing: border-box;&quot; data-width=&quot;95%&quot;&gt;&lt;section style=&quot;padding: 0px; width: 100%; height: 30px; box-sizing: border-box;&quot; data-width=&quot;100%&quot;&gt;&lt;section style=&quot;width: 15px; height: 15px; border-radius: 100%; background-color: rgb(164, 3, 3); margin-left: -9.5px; display: inline-block; box-sizing: border-box;&quot;&gt;&lt;/section&gt;&lt;section style=&quot; display:inline-block; clear:both; width:22px; height:22px;&quot;&gt;&lt;section style=&quot; display:inline-block; clear:both; width:19px; height:19px; overflow:hidden;&quot;&gt;&lt;section style=&quot;border:solid 2px #a40303; width:20px; height:20px; margin-left:6px; clear:both;transform: rotate(44deg);-webkit-transform: rotate(44deg);-moz-transform: rotate(44deg);-ms-transform: rotate(44deg);-o-transform: rotate(44deg);&quot;&gt;&lt;/section&gt;&lt;/section&gt;&lt;/section&gt;&lt;section style=&quot;border: 2px solid rgb(164, 3, 3); display: inline-block; height: 30px; line-height: 30px; margin-left: -10px; box-sizing: border-box;&quot;&gt;&lt;p class=&quot;135brush&quot; data-brushtype=&quot;text&quot; style=&quot;font-size:16px; color:#a40303; padding-top:0px; margin-top:0px; padding-left:5px; padding-right:5px;&quot;&gt;&lt;span style=&quot;color: rgb(51, 51, 51); font-weight: 700; text-align: justify; font-size: 16px; display: inline !important; font-family: arial;&quot;&gt;二、各类&lt;/span&gt;&lt;span style=&quot;color: rgb(51, 51, 51); font-weight: 700; text-align: justify; font-size: 16px; display: inline !important; font-family: arial;&quot;&gt;英雄的推荐路线：&lt;/span&gt;&lt;/p&gt;&lt;/section&gt;&lt;/section&gt;&lt;section class=&quot;135brush&quot; style=&quot;padding: 10px 20px; margin: 0px auto; font-size: 16px; color: rgb(164, 3, 3); box-sizing: border-box;&quot;&gt;&lt;p style=&quot;text-align:justify; margin: 22px 0px 0px; padding: 0px; font-size: 16px; line-height: 24px; color: rgb(51, 51, 51); font-family: arial;&quot;&gt;&lt;span class=&quot;bjh-p&quot;&gt;上路：广大人群都是觉得坦克类的英雄走上路比较合适，我方的上路相对的是对面的下野区，同时就是红Buff所在的野区，作为一个上单，必然要面对拿了红BUFF的射手，前期更难受，处理不好，分分送一血，而坦克英雄的血比较厚，对阵带有红Buff的敌人对线时不会轻易被击杀。&lt;/span&gt;&lt;/p&gt;&lt;p style=&quot;text-align:justify; margin: 22px 0px 0px; padding: 0px; font-size: 16px; line-height: 24px; color: rgb(51, 51, 51); font-family: arial;&quot;&gt;&lt;span class=&quot;bjh-p&quot;&gt;下路：战士、刺客、辅助、射手类英雄推荐走下路，而需要走下路的英雄应该尽量地辅助射手，因为射手前期比较脆皮。下路对应的是对面上野区，是蓝Buff存在的野区，射手被辅助的好的话，我方下路被辅助的射手就可以对敌方造成高额的伤害。中路：法师类英雄最好是选择中路。&lt;/span&gt;&lt;/p&gt;&lt;/section&gt;&lt;/section&gt;&lt;/section&gt;&lt;/section&gt;&lt;section class=&quot;_135editor&quot; data-tools=&quot;135编辑器&quot; data-id=&quot;89010&quot;&gt;&lt;section style=&quot;width:100%; max-width:640px;&quot; data-width=&quot;100%&quot;&gt;&lt;section style=&quot;width: 95%; height: auto; margin: 0px auto; border-left: 3px solid rgb(164, 3, 3); padding-top: 20px; box-sizing: border-box;&quot; data-width=&quot;95%&quot;&gt;&lt;section style=&quot;padding: 0px; width: 100%; height: 30px; box-sizing: border-box;&quot; data-width=&quot;100%&quot;&gt;&lt;section style=&quot;width: 15px; height: 15px; border-radius: 100%; background-color: rgb(164, 3, 3); margin-left: -9.5px; display: inline-block; box-sizing: border-box;&quot;&gt;&lt;/section&gt;&lt;section style=&quot; display:inline-block; clear:both; width:22px; height:22px;&quot;&gt;&lt;section style=&quot; display:inline-block; clear:both; width:19px; height:19px; overflow:hidden;&quot;&gt;&lt;section style=&quot;border:solid 2px #a40303; width:20px; height:20px; margin-left:6px; clear:both;transform: rotate(44deg);-webkit-transform: rotate(44deg);-moz-transform: rotate(44deg);-ms-transform: rotate(44deg);-o-transform: rotate(44deg);&quot;&gt;&lt;/section&gt;&lt;/section&gt;&lt;/section&gt;&lt;section style=&quot;border: 2px solid rgb(164, 3, 3); display: inline-block; height: 30px; line-height: 30px; margin-left: -10px; box-sizing: border-box;&quot;&gt;&lt;p class=&quot;135brush&quot; data-brushtype=&quot;text&quot; style=&quot;font-size:16px; color:#a40303; padding-top:0px; margin-top:0px; padding-left:5px; padding-right:5px;&quot;&gt;&lt;span style=&quot;color: rgb(51, 51, 51); font-weight: 700; text-align: justify; font-size: 16px; display: inline !important; font-family: arial;&quot;&gt;三、注意和队友的配合&lt;/span&gt;&lt;/p&gt;&lt;/section&gt;&lt;/section&gt;&lt;section class=&quot;135brush&quot; style=&quot;padding: 10px 20px; margin: 0px auto; font-size: 16px; color: rgb(164, 3, 3); box-sizing: border-box;&quot;&gt;&lt;span style=&quot;color: rgb(51, 51, 51); font-size: 16px; text-align: justify; display: inline !important; font-family: arial;&quot;&gt;这个游戏是团战游戏，推塔游戏，所以，游戏中很需要与队友团结，要和队友共同承担，同时沟通也是很重要的，遇到问题和队友沟通，互相配合。以达到利益最大化。从而赢得游戏。&lt;/span&gt;&lt;/section&gt;&lt;/section&gt;&lt;/section&gt;&lt;/section&gt;&lt;section class=&quot;_135editor&quot; data-tools=&quot;135编辑器&quot; data-id=&quot;89010&quot;&gt;&lt;section style=&quot;width:100%; max-width:640px;&quot; data-width=&quot;100%&quot;&gt;&lt;section style=&quot;width: 95%; height: auto; margin: 0px auto; border-left: 3px solid rgb(164, 3, 3); padding-top: 20px; box-sizing: border-box;&quot; data-width=&quot;95%&quot;&gt;&lt;section style=&quot;padding: 0px; width: 100%; height: 30px; box-sizing: border-box;&quot; data-width=&quot;100%&quot;&gt;&lt;section style=&quot;width: 15px; height: 15px; border-radius: 100%; background-color: rgb(164, 3, 3); margin-left: -9.5px; display: inline-block; box-sizing: border-box;&quot;&gt;&lt;/section&gt;&lt;section style=&quot; display:inline-block; clear:both; width:22px; height:22px;&quot;&gt;&lt;section style=&quot; display:inline-block; clear:both; width:19px; height:19px; overflow:hidden;&quot;&gt;&lt;section style=&quot;border:solid 2px #a40303; width:20px; height:20px; margin-left:6px; clear:both;transform: rotate(44deg);-webkit-transform: rotate(44deg);-moz-transform: rotate(44deg);-ms-transform: rotate(44deg);-o-transform: rotate(44deg);&quot;&gt;&lt;/section&gt;&lt;/section&gt;&lt;/section&gt;&lt;section style=&quot;border: 2px solid rgb(164, 3, 3); display: inline-block; height: 30px; line-height: 30px; margin-left: -10px; box-sizing: border-box;&quot;&gt;&lt;p class=&quot;135brush&quot; data-brushtype=&quot;text&quot; style=&quot;font-size:16px; color:#a40303; padding-top:0px; margin-top:0px; padding-left:5px; padding-right:5px;&quot;&gt;&lt;span style=&quot;color: rgb(51, 51, 51); font-weight: 700; text-align: justify; font-size: 16px; display: inline !important; font-family: arial;&quot;&gt;四、学会支援&lt;/span&gt;&lt;/p&gt;&lt;/section&gt;&lt;/section&gt;&lt;p style=&quot;padding: 10px 20px;margin:0 auto;font-size:16px;color:#a40303;&quot;&gt;&lt;span style=&quot;color: rgb(51, 51, 51); font-size: 16px; text-align: justify; display: inline !important; font-family: arial;&quot;&gt;新手和老司机的明显区别之一，老司机在清理兵线和打野的同时，还能够照看小地图，随时支援近处的队友，可消耗对手或直接收取人头。所以值得新手学习。&lt;/span&gt;&lt;/p&gt;&lt;p style=&quot;text-align:center;padding: 10px 20px; margin: 0px auto; font-size: 16px; color: rgb(164, 3, 3);&quot;&gt;&lt;img src=&quot;https://image.135editor.com/files/users/689/6897714/201910/3nwtHWBc_ROTv.jpg&quot; data-ratio=&quot;1&quot; alt=&quot;wz.jpg&quot;/&gt;&lt;/p&gt;&lt;/section&gt;&lt;/section&gt;&lt;/section&gt;&lt;p&gt;&lt;br/&gt;&lt;/p&gt;&lt;/section&gt;',`h_fabu`='娱乐' WHERE `h_id` = 6 [ RunTime:0.0453s ]
NOTIC: [8] Use of undefined constant lst - assumed 'lst' D:\wamp\wamp\www\xunmi\Application\Admin\Controller\HotController.class.php 第 114 行.
INFO: [ view_parse ] --START--
INFO: [ template_filter ] --START--
INFO: Run Behavior\ContentReplaceBehavior [ RunTime:0.000400s ]
INFO: [ template_filter ] --END-- [ RunTime:0.000975s ]
INFO: Run Behavior\ParseTemplateBehavior [ RunTime:0.038773s ]
INFO: [ view_parse ] --END-- [ RunTime:0.039654s ]
INFO: [ view_filter ] --START--
INFO: Run Behavior\WriteHtmlCacheBehavior [ RunTime:0.003894s ]
INFO: [ view_filter ] --END-- [ RunTime:0.004414s ]
INFO: [ app_end ] --START--
INFO: Run Behavior\ShowPageTraceBehavior [ RunTime:0.004462s ]
INFO: [ app_end ] --END-- [ RunTime:0.004925s ]

[ 2019-10-11T15:35:01+08:00 ] ::1 /xunmi/index.php/Admin/Hot/lst.html
INFO: [ app_init ] --START--
INFO: Run Behavior\BuildLiteBehavior [ RunTime:0.000092s ]
INFO: [ app_init ] --END-- [ RunTime:0.003000s ]
INFO: [ app_begin ] --START--
INFO: Run Behavior\ReadHtmlCacheBehavior [ RunTime:0.003521s ]
INFO: [ app_begin ] --END-- [ RunTime:0.004018s ]
SQL: SHOW COLUMNS FROM `xm_hot` [ RunTime:0.0679s ]
SQL: SELECT * FROM `xm_hot`  [ RunTime:0.0036s ]
INFO: [ view_parse ] --START--
INFO: [ template_filter ] --START--
INFO: Run Behavior\ContentReplaceBehavior [ RunTime:0.000382s ]
INFO: [ template_filter ] --END-- [ RunTime:0.000863s ]
INFO: Run Behavior\ParseTemplateBehavior [ RunTime:0.079879s ]
INFO: [ view_parse ] --END-- [ RunTime:0.080756s ]
INFO: [ view_filter ] --START--
INFO: Run Behavior\WriteHtmlCacheBehavior [ RunTime:0.003442s ]
INFO: [ view_filter ] --END-- [ RunTime:0.004048s ]
INFO: [ app_end ] --START--
INFO: Run Behavior\ShowPageTraceBehavior [ RunTime:0.007479s ]
INFO: [ app_end ] --END-- [ RunTime:0.008974s ]

